Start : 1598436901370
End : 1598437061465
(6152L, 241096133951234L, 'create')
(6213L, 241148186425824L, 'park_end')
(6212L, 241148186380937L, 'stop')
(6212L, 241148186332280L, 'unpark')
(6213L, 241096135537140L, 'start')
(6213L, 241096136334149L, 'park_begin')
(6212L, 241096134070244L, 'start')
(6152L, 241096133668228L, 'create')
tid: 6212 ::: thread start time 2448954 ::: thread end time 54501264
	mutex 140096599017000 ::: start 2448644.95us ::: wait 8.04us ::: hold 8.52us
	mutex 140096600084520 ::: start 2448668.94us ::: wait 6.85us ::: hold 216.00us
	mutex 140096727017824 ::: start 2449617.62us ::: wait 10.04us ::: hold 7.67us
	mutex 140096727017824 ::: start 2449707.09us ::: wait 7.92us ::: hold 6.42us
	mutex 140096727017824 ::: start 2449732.89us ::: wait 5.71us ::: hold 4.79us
	mutex 140096727017824 ::: start 2449750.66us ::: wait 5.44us ::: hold 5.39us
	mutex 140096727017824 ::: start 2449768.23us ::: wait 5.47us ::: hold 5.00us
	mutex 140096727017824 ::: start 2449788.15us ::: wait 5.49us ::: hold 5.05us
	mutex 140096726920896 ::: start 2450198.12us ::: wait 10.94us ::: hold 35.87us
	mutex 140096741947656 ::: start 2450217.86us ::: wait 8.16us ::: hold 11.52us
	mutex 140096599824424 ::: start 2450602.84us ::: wait 11.96us ::: hold 16.02us
	mutex 140096599824424 ::: start 2453640.00us ::: wait 9.86us ::: hold 17.16us
	mutex 140096599824424 ::: start 2454160.57us ::: wait 9.16us ::: hold 15.28us
	mutex 140096599824424 ::: start 2456996.09us ::: wait 10.45us ::: hold 28.69us
	mutex 140096599824424 ::: start 2472423.75us ::: wait 24.83us ::: hold 50.00us
	mutex 140096599824424 ::: start 2480190.16us ::: wait 10.11us ::: hold 21.71us
	mutex 140096599824424 ::: start 2487589.70us ::: wait 10.52us ::: hold 19.83us
	mutex 140096727017824 ::: start 2492902.68us ::: wait 10.02us ::: hold 8.33us
	mutex 140096727017824 ::: start 2492930.61us ::: wait 5.48us ::: hold 4.06us
	mutex 140096727017824 ::: start 2492949.49us ::: wait 5.49us ::: hold 4.01us
	mutex 140096727017824 ::: start 2492993.38us ::: wait 13.16us ::: hold 8.46us
	mutex 140096599565352 ::: start 2573802.98us ::: wait 2439.07us ::: hold 4453.53us
	mutex 140096600084520 ::: start 2573855.67us ::: wait 1164.00us ::: hold 112960.40us
	mutex 140096599605800 ::: start 2575945.99us ::: wait 8.99us ::: hold 11.82us
	mutex 140096600084520 ::: start 2576279.76us ::: wait 14.14us ::: hold 52.27us
	mutex 140096599565352 ::: start 2576355.16us ::: wait 7.33us ::: hold 13.82us
	mutex 140096600084520 ::: start 2576384.53us ::: wait 7.51us ::: hold 81.84us
	mutex 140096727017824 ::: start 19712803.16us ::: wait 29.97us ::: hold 26.13us
	mutex 140096727017824 ::: start 19712851.18us ::: wait 20.26us ::: hold 13.94us
	mutex 140096727017824 ::: start 19712871.04us ::: wait 11.31us ::: hold 8.30us
	mutex 140096727017824 ::: start 19712920.32us ::: wait 15.81us ::: hold 10.72us
	mutex 140096599824424 ::: start 19726144.10us ::: wait 15.21us ::: hold 30.86us
	mutex 140096727017824 ::: start 19736847.34us ::: wait 9.94us ::: hold 9.04us
	mutex 140096727017824 ::: start 19736877.10us ::: wait 5.55us ::: hold 4.07us
	mutex 140096727017824 ::: start 19736896.26us ::: wait 5.52us ::: hold 4.05us
	mutex 140096599565352 ::: start 19754858.85us ::: wait 4785.91us ::: hold 8678.24us
	mutex 140096600084520 ::: start 19754908.68us ::: wait 2358.68us ::: hold 217958.58us
	mutex 140096600094104 ::: start 54501223.07us ::: wait 12.46us ::: hold 15.69us
	mutex 140096599565352 ::: start 54501294.11us ::: wait 11.06us ::: hold 11.95us
	mutex 140096600084520 ::: start 54501328.23us ::: wait 7.55us ::: hold 6975.43us
	mutex 140096727017824 ::: start 54508351.30us ::: wait 8.17us ::: hold 5.28us
	---------------------------
	start time 2448954 ::: end time 2448644
	start time 2448652 ::: end time 2448668
	start time 2448675 ::: end time 2449617
	start time 2449627 ::: end time 2449707
	start time 2449715 ::: end time 2449732
	start time 2449738 ::: end time 2449750
	start time 2449756 ::: end time 2449768
	start time 2449773 ::: end time 2449788
	start time 2449793 ::: end time 2450198
	start time 2450209 ::: end time 2450217
	start time 2450226 ::: end time 2450602
	start time 2450614 ::: end time 2453640
	start time 2453649 ::: end time 2454160
	start time 2454169 ::: end time 2456996
	start time 2457006 ::: end time 2472423
	start time 2472448 ::: end time 2480190
	start time 2480200 ::: end time 2487589
	start time 2487600 ::: end time 2492902
	start time 2492912 ::: end time 2492930
	start time 2492936 ::: end time 2492949
	start time 2492954 ::: end time 2492993
	start time 2493006 ::: end time 2573802
	start time 2576242 ::: end time 2576279
	start time 2576293 ::: end time 2576355
	start time 2576362 ::: end time 2576384
	start time 2576392 ::: end time 19712803
	start time 19712833 ::: end time 19712851
	start time 19712882 ::: end time 19712920
	start time 19712936 ::: end time 19726144
	start time 19726159 ::: end time 19736847
	start time 19736857 ::: end time 19736877
	start time 19736882 ::: end time 19736896
	start time 19736901 ::: end time 19754858
	start time 19759644 ::: end time 54501223
	start time 54501235 ::: end time 54501294
	start time 54501305 ::: end time 54501328
	start time 54501335 ::: end time 54508351
	start time 54508359 ::: end time 54508364
tid: 6213 ::: thread start time 2450421 ::: thread end time -241093685115
	mutex 140096599017000 ::: start 2449032.68us ::: wait 11.30us ::: hold 9.91us
	mutex 140096600092968 ::: start 2449061.88us ::: wait 7.22us ::: hold 1295.16us
	mutex 140096727017824 ::: start 2450614.00us ::: wait 9.84us ::: hold 6.98us
	mutex 140096727017824 ::: start 2450749.49us ::: wait 11.66us ::: hold 7.67us
	mutex 140096727017824 ::: start 2450783.99us ::: wait 7.71us ::: hold 5.99us
	mutex 140096727017824 ::: start 2450815.08us ::: wait 7.12us ::: hold 5.90us
	mutex 140096727017824 ::: start 2450837.16us ::: wait 9.81us ::: hold 6.14us
	mutex 140096727017824 ::: start 2450871.61us ::: wait 7.46us ::: hold 6.08us
	mutex 140096727017824 ::: start 2450959.80us ::: wait 10.26us ::: hold 8.04us
	mutex 140096727017824 ::: start 2451089.51us ::: wait 11.09us ::: hold 7.92us
	mutex 140096599877160 ::: start 54501920.84us ::: wait 9.56us ::: hold 16.37us
	mutex 140096599565352 ::: start 54507170.21us ::: wait 8.23us ::: hold 10.67us
	mutex 140096600092968 ::: start 54507197.82us ::: wait 7.92us ::: hold 150.19us
	mutex 140096599824424 ::: start 54514716.23us ::: wait 11.17us ::: hold 19.14us
	mutex 140096599565352 ::: start 54516213.45us ::: wait 11.41us ::: hold 24.12us
	mutex 140096600092968 ::: start 54516259.20us ::: wait 7.85us ::: hold 725.84us
	mutex 140096727017824 ::: start 54527586.18us ::: wait 11.75us ::: hold 9.69us
	mutex 140096727017824 ::: start 54527627.25us ::: wait 22.55us ::: hold 6.55us
	mutex 140096727017824 ::: start 54527673.27us ::: wait 51.65us ::: hold 6.49us
	mutex 140096727017824 ::: start 54527798.10us ::: wait 81.82us ::: hold 6.85us
	mutex 140096599565352 ::: start 54637999.52us ::: wait 14450.09us ::: hold 27002.31us
	mutex 140096600092968 ::: start 54638063.65us ::: wait 7118.14us ::: hold 652440.01us
	mutex 140096599877160 ::: start 107471580.92us ::: wait 19.75us ::: hold 22.64us
	park start time 241096136334 ::: park end time 241148186425
	---------------------------
	start time 2450421 ::: end time 2449032
	start time 2449043 ::: end time 2449061
	start time 2449069 ::: end time 2450613
	start time 2450623 ::: end time 2450749
	start time 2450761 ::: end time 2450783
	start time 2450791 ::: end time 2450815
	start time 2450822 ::: end time 2450837
	start time 2450846 ::: end time 2450871
	start time 2450879 ::: end time 2450959
	start time 2450970 ::: end time 2451089
	start time 2451100 ::: end time 2451219
	start time 54501310 ::: end time 54501920
	start time 54501930 ::: end time 54507170
	start time 54507178 ::: end time 54507197
	start time 54507205 ::: end time 54514716
	start time 54514727 ::: end time 54516213
	start time 54516224 ::: end time 54516259
	start time 54516267 ::: end time 54527586
	start time 54527597 ::: end time 54527627
	start time 54527649 ::: end time 54527673
	start time 54527724 ::: end time 54527798
	start time 54527879 ::: end time 54637999
	start time 54652449 ::: end time 107471580
	start time 107471600 ::: end time 107471623
tid: 6152 ::: thread start time -241093685115 ::: thread end time -241093685115
	mutex 140096727017824 ::: start 2447980.50us ::: wait 12.17us ::: hold 9.74us
	mutex 140096727017824 ::: start 2448009.14us ::: wait 29.47us ::: hold 8.03us
	mutex 140096727017824 ::: start 2448106.95us ::: wait 8.56us ::: hold 5.32us
	mutex 140096727017824 ::: start 2448177.60us ::: wait 6.09us ::: hold 4.45us
	mutex 140096727017824 ::: start 2448194.93us ::: wait 5.43us ::: hold 4.25us
	mutex 140096727017824 ::: start 2448227.64us ::: wait 6.06us ::: hold 4.00us
	mutex 140096599877160 ::: start 2448326.39us ::: wait 7.80us ::: hold 16.05us
	mutex 140096727017824 ::: start 2448424.28us ::: wait 16.59us ::: hold 11.09us
	mutex 140096727017824 ::: start 2448448.09us ::: wait 15.11us ::: hold 9.15us
	mutex 140096599017000 ::: start 2448614.67us ::: wait 20.47us ::: hold 1256.26us
	mutex 140096600084520 ::: start 2448698.51us ::: wait 8.35us ::: hold 9.27us
	mutex 140096600092968 ::: start 2450096.15us ::: wait 8.76us ::: hold 10.78us
	mutex 140096727017824 ::: start 2450182.54us ::: wait 10.74us ::: hold 5.95us
	mutex 140096727017824 ::: start 2450214.56us ::: wait 8.69us ::: hold 5.15us
	mutex 140096727017824 ::: start 2450243.56us ::: wait 8.45us ::: hold 4.40us
	mutex 140096727017824 ::: start 2450264.38us ::: wait 6.86us ::: hold 4.57us
	mutex 140096599016488 ::: start 2450339.76us ::: wait 11.25us ::: hold 0.00us
	---------------------------
	start time 2447992 ::: end time 2448009
	start time 2448038 ::: end time 2448106
	start time 2448115 ::: end time 2448177
	start time 2448183 ::: end time 2448194
	start time 2448200 ::: end time 2448227
	start time 2448233 ::: end time 2448326
	start time 2448334 ::: end time 2448424
	start time 2448440 ::: end time 2448448
	start time 2448463 ::: end time 2448614
	start time 2448635 ::: end time 2448698
	start time 2448706 ::: end time 2450096
	start time 2450104 ::: end time 2450182
	start time 2450193 ::: end time 2450214
	start time 2450223 ::: end time 2450243
	start time 2450252 ::: end time 2450264
	start time 2450271 ::: end time 2450339
	start time 2450351 ::: end time 2450351
tid: 6154 ::: thread start time -241093685115 ::: thread end time -241093685115
	mutex 140096599101992 ::: start 2574055.86us ::: wait 5967.40us ::: hold 10462.02us
	mutex 140096727017824 ::: start 2574863.33us ::: wait 11.59us ::: hold 7.75us
	mutex 140096727017824 ::: start 2574918.60us ::: wait 17.39us ::: hold 9.54us
	mutex 140096599101992 ::: start 2574980.66us ::: wait 43.78us ::: hold 7.06us
	mutex 140096727017824 ::: start 2575046.82us ::: wait 8.09us ::: hold 5.36us
	mutex 140096599565352 ::: start 2575607.37us ::: wait 5571.29us ::: hold 6812.88us
	mutex 140096599101992 ::: start 2575641.25us ::: wait 62624.55us ::: hold 8732.72us
	mutex 140096599094312 ::: start 2575666.75us ::: wait 60692.87us ::: hold 157093175.66us
	mutex 140096599101992 ::: start 2803816.16us ::: wait 4522.20us ::: hold 5633.34us
	mutex 140096599094312 ::: start 3709383.08us ::: wait 7008.12us ::: hold 8794.73us
	mutex 140096599094312 ::: start 4951359.22us ::: wait 16.79us ::: hold 11.23us
	mutex 140096599094312 ::: start 31155177.00us ::: wait 68.59us ::: hold 19.83us
	mutex 140096599094312 ::: start 32070544.19us ::: wait 59.85us ::: hold 197.03us
	mutex 140096599101992 ::: start 43923245.79us ::: wait 8.29us ::: hold 15.06us
	---------------------------
	start time 2638265 ::: end time 2803816
	start time 2808338 ::: end time 3709383
	start time 3716391 ::: end time 4951359
	start time 4951376 ::: end time 31155176
	start time 31155245 ::: end time 32070544
	start time 32070604 ::: end time 43923245
	start time 43923254 ::: end time 43923269
tid: 6155 ::: thread start time -241093685115 ::: thread end time -241093685115
	mutex 140096727017824 ::: start 2574902.28us ::: wait 9.66us ::: hold 6.67us
	mutex 140096727017824 ::: start 2574946.99us ::: wait 7.61us ::: hold 5.02us
	mutex 140096599101992 ::: start 2574980.23us ::: wait 8.84us ::: hold 5.41us
	mutex 140096599101992 ::: start 2575607.37us ::: wait 61769.54us ::: hold 157087538.68us
	mutex 140096599094312 ::: start 2575934.85us ::: wait 4681.30us ::: hold 6066.57us
	mutex 140096599094312 ::: start 2689214.86us ::: wait 6037.79us ::: hold 10882.17us
	mutex 140096599565352 ::: start 2803511.61us ::: wait 5463.75us ::: hold 6816.03us
	mutex 140096599094312 ::: start 2803542.87us ::: wait 65487.28us ::: hold 8734.03us
	mutex 140096599101992 ::: start 3371097.04us ::: wait 7033.92us ::: hold 8948.60us
	mutex 140096599101992 ::: start 43923197.17us ::: wait 8.73us ::: hold 71.65us
	mutex 140096599565352 ::: start 146871517.59us ::: wait 7.82us ::: hold 14.70us
	---------------------------
	start time 2574911 ::: end time 2574946
	start time 2574954 ::: end time 2574980
	start time 2574989 ::: end time 2575934
	start time 2580616 ::: end time 2689214
	start time 2695252 ::: end time 2803511
	start time 2869030 ::: end time 3371097
	start time 3378130 ::: end time 43923197
	start time 43923205 ::: end time 146871517
	start time 146871525 ::: end time 146871540
tid: 6161 ::: thread start time -241093685115 ::: thread end time -241093685115
	mutex 140096599565352 ::: start 739870.20us ::: wait 11381.37us ::: hold 158370830.86us
	mutex 140096599094312 ::: start 2573987.12us ::: wait 6691.74us ::: hold 13033.69us
	mutex 140096727017824 ::: start 2574047.63us ::: wait 8.28us ::: hold 7.11us
	mutex 140096599565352 ::: start 2574074.33us ::: wait 11807.71us ::: hold 304015.16us
	mutex 140096727017824 ::: start 2575822.30us ::: wait 10449.30us ::: hold 7104.07us
	mutex 140096600084520 ::: start 2575872.96us ::: wait 4104.47us ::: hold 6130.49us
	mutex 140096600084520 ::: start 2576305.86us ::: wait 8.16us ::: hold 9.68us
	mutex 140096599565352 ::: start 2576332.03us ::: wait 17.15us ::: hold 121.97us
	mutex 140096600084520 ::: start 2576429.16us ::: wait 8.03us ::: hold 12.52us
	mutex 140096599626024 ::: start 2576460.35us ::: wait 7.24us ::: hold 8.68us
	mutex 140096599101992 ::: start 2689143.36us ::: wait 6827.58us ::: hold 13457.73us
	mutex 140096727017824 ::: start 2689186.67us ::: wait 3654.45us ::: hold 3155.72us
	mutex 140096599094312 ::: start 3030928.64us ::: wait 5398.12us ::: hold 6508.97us
	mutex 140096599101992 ::: start 3597004.53us ::: wait 5145.85us ::: hold 6569.06us
	mutex 140096599094312 ::: start 4273977.75us ::: wait 306.67us ::: hold 112.80us
	mutex 140096599101992 ::: start 13311654.70us ::: wait 30.33us ::: hold 44.05us
	mutex 140096599877160 ::: start 54507271.08us ::: wait 16.64us ::: hold 28.04us
	mutex 140096727017824 ::: start 54516443.34us ::: wait 7612.79us ::: hold 6390.37us
	mutex 140096600092968 ::: start 54516948.55us ::: wait 8316.47us ::: hold 12374.78us
	mutex 140096599565352 ::: start 146871468.33us ::: wait 8.87us ::: hold 80.36us
	---------------------------
	start time 2586271 ::: end time 2689143
	start time 2695970 ::: end time 3030928
	start time 3036326 ::: end time 3597004
	start time 3602150 ::: end time 4273977
	start time 4274284 ::: end time 13311654
	start time 13311685 ::: end time 54507271
	start time 54507287 ::: end time 54516443
	start time 54525265 ::: end time 146871468
	start time 146871477 ::: end time 146871557
tid: 6162 ::: thread start time -241093685115 ::: thread end time -241093685115
	mutex 140096599625256 ::: start 2576073.68us ::: wait 9.75us ::: hold 11.55us
	mutex 140096599605800 ::: start 2576115.98us ::: wait 8.12us ::: hold 0.00us
	---------------------------
	start time 2576083 ::: end time 2576115
	start time 2576124 ::: end time 2576124
tid: 6164 ::: thread start time -241093685115 ::: thread end time -241093685115
	mutex 140096599565352 ::: start 2576207.94us ::: wait 9.36us ::: hold 11.03us
	mutex 140096599626024 ::: start 2576237.95us ::: wait 7.48us ::: hold 256.86us
	mutex 140096599625256 ::: start 2576539.65us ::: wait 9.03us ::: hold 0.00us
	---------------------------
	start time 2576217 ::: end time 2576237
	start time 2576245 ::: end time 2576539
	start time 2576548 ::: end time 2576548
tid: 6168 ::: thread start time -241093685115 ::: thread end time -241093685115
	mutex 140096599824424 ::: start 2447724.66us ::: wait 381.59us ::: hold 154992283.07us
	mutex 140096599877160 ::: start 2451394.16us ::: wait 42.37us ::: hold 56.30us
	mutex 140096599877160 ::: start 2454220.21us ::: wait 41.68us ::: hold 52.56us
	mutex 140096727017824 ::: start 2454256.05us ::: wait 47.24us ::: hold 28.63us
	mutex 140096727017824 ::: start 2454276.99us ::: wait 45.15us ::: hold 28.56us
	mutex 140096727017824 ::: start 2454307.66us ::: wait 46.58us ::: hold 29.94us
	mutex 140096727017824 ::: start 2454330.73us ::: wait 43.89us ::: hold 26.36us
	mutex 140096727017824 ::: start 2454350.61us ::: wait 43.49us ::: hold 25.90us
	mutex 140096727017824 ::: start 2454370.52us ::: wait 44.68us ::: hold 25.12us
	mutex 140096727017824 ::: start 2454391.74us ::: wait 43.80us ::: hold 26.78us
	mutex 140096727017824 ::: start 2454457.00us ::: wait 45.52us ::: hold 27.83us
	mutex 140096727017824 ::: start 2454484.15us ::: wait 44.05us ::: hold 29.11us
	mutex 140096727017824 ::: start 2454507.35us ::: wait 56.95us ::: hold 27.65us
	mutex 140096727017824 ::: start 2454689.12us ::: wait 11.48us ::: hold 7.16us
	mutex 140096727017824 ::: start 2454932.11us ::: wait 11.32us ::: hold 6.51us
	mutex 140096727017824 ::: start 2454970.19us ::: wait 31.15us ::: hold 20.43us
	mutex 140096727017824 ::: start 2455082.32us ::: wait 53.50us ::: hold 31.83us
	mutex 140096727017824 ::: start 2455130.10us ::: wait 45.08us ::: hold 28.88us
	mutex 140096727017824 ::: start 2455151.84us ::: wait 44.00us ::: hold 27.50us
	mutex 140096727017824 ::: start 2455185.63us ::: wait 260.92us ::: hold 173.69us
	mutex 140096727017824 ::: start 2455224.60us ::: wait 324.23us ::: hold 189.89us
	mutex 140096727017824 ::: start 2455356.06us ::: wait 186.21us ::: hold 106.45us
	mutex 140096727017824 ::: start 2455447.30us ::: wait 16.02us ::: hold 10.51us
	mutex 140096727017824 ::: start 2455473.81us ::: wait 23.05us ::: hold 14.56us
	mutex 140096727017824 ::: start 2455499.69us ::: wait 7.26us ::: hold 5.12us
	mutex 140096727017824 ::: start 2455589.04us ::: wait 19.50us ::: hold 10.92us
	mutex 140096727017824 ::: start 2455611.20us ::: wait 7.42us ::: hold 4.83us
	mutex 140096727017824 ::: start 2455632.85us ::: wait 48.94us ::: hold 29.24us
	mutex 140096727017824 ::: start 2455652.53us ::: wait 43.66us ::: hold 25.79us
	mutex 140096727017824 ::: start 2455677.44us ::: wait 37.15us ::: hold 22.83us
	mutex 140096727017824 ::: start 2455767.60us ::: wait 66.39us ::: hold 37.75us
	mutex 140096727017824 ::: start 2455788.42us ::: wait 37.52us ::: hold 23.01us
	mutex 140096727017824 ::: start 2455940.90us ::: wait 43.75us ::: hold 27.11us
	mutex 140096727017824 ::: start 2455963.24us ::: wait 77.59us ::: hold 35.51us
	mutex 140096727017824 ::: start 2455983.21us ::: wait 29.32us ::: hold 18.11us
	mutex 140096727017824 ::: start 2456117.35us ::: wait 9.02us ::: hold 6.01us
	mutex 140096727017824 ::: start 2456155.83us ::: wait 16.51us ::: hold 10.70us
	mutex 140096727017824 ::: start 2456177.25us ::: wait 22.06us ::: hold 12.91us
	mutex 140096727017824 ::: start 2456196.85us ::: wait 14.30us ::: hold 9.58us
	mutex 140096727017824 ::: start 2456289.06us ::: wait 9.57us ::: hold 5.70us
	mutex 140096727017824 ::: start 2456438.15us ::: wait 74.68us ::: hold 39.92us
	mutex 140096727017824 ::: start 2456459.42us ::: wait 43.52us ::: hold 26.72us
	mutex 140096727017824 ::: start 2456478.81us ::: wait 44.61us ::: hold 26.23us
	mutex 140096727017824 ::: start 2456615.97us ::: wait 57.08us ::: hold 36.71us
	mutex 140096727017824 ::: start 2456668.00us ::: wait 107.87us ::: hold 57.34us
	mutex 140096727017824 ::: start 2456708.35us ::: wait 159.74us ::: hold 73.16us
	mutex 140096727017824 ::: start 2456747.88us ::: wait 148.55us ::: hold 55.69us
	mutex 140096727017824 ::: start 2456790.68us ::: wait 195.55us ::: hold 78.86us
	mutex 140096727017824 ::: start 2456837.28us ::: wait 191.08us ::: hold 108.83us
	mutex 140096727017824 ::: start 2457666.68us ::: wait 38.01us ::: hold 31.23us
	mutex 140096727017824 ::: start 2458138.73us ::: wait 44.65us ::: hold 28.03us
	mutex 140096727017824 ::: start 2458184.25us ::: wait 95.04us ::: hold 86.17us
	mutex 140096727017824 ::: start 2458312.97us ::: wait 8.63us ::: hold 6.03us
	mutex 140096727017824 ::: start 2459409.04us ::: wait 64.86us ::: hold 37.26us
	mutex 140096727017824 ::: start 2459576.98us ::: wait 9.04us ::: hold 6.02us
	mutex 140096727017824 ::: start 2487913.74us ::: wait 24.05us ::: hold 17.02us
	mutex 140096727017824 ::: start 2487937.29us ::: wait 22.03us ::: hold 13.93us
	mutex 140096727017824 ::: start 2488311.46us ::: wait 21.80us ::: hold 13.79us
	mutex 140096727017824 ::: start 2488488.53us ::: wait 36.96us ::: hold 21.67us
	mutex 140096727017824 ::: start 2488846.57us ::: wait 11.19us ::: hold 7.71us
	mutex 140096727017824 ::: start 2488876.64us ::: wait 19.22us ::: hold 12.39us
	mutex 140096727017824 ::: start 2488981.92us ::: wait 27.66us ::: hold 17.27us
	mutex 140096727017824 ::: start 2489060.50us ::: wait 8.95us ::: hold 6.06us
	mutex 140096727017824 ::: start 2489213.64us ::: wait 54.96us ::: hold 22.26us
	mutex 140096727017824 ::: start 2489238.89us ::: wait 14.82us ::: hold 9.76us
	mutex 140096727017824 ::: start 2489282.66us ::: wait 7.87us ::: hold 5.54us
	mutex 140096727017824 ::: start 2489304.84us ::: wait 23.54us ::: hold 15.48us
	mutex 140096727017824 ::: start 2489371.85us ::: wait 33.13us ::: hold 34.72us
	mutex 140096727017824 ::: start 2489394.30us ::: wait 14.70us ::: hold 9.90us
	mutex 140096727017824 ::: start 2489443.09us ::: wait 7.83us ::: hold 5.60us
	mutex 140096727017824 ::: start 2489475.65us ::: wait 23.60us ::: hold 14.72us
	mutex 140096727017824 ::: start 2489634.73us ::: wait 9.87us ::: hold 5.99us
	mutex 140096727017824 ::: start 2489783.64us ::: wait 48.46us ::: hold 27.40us
	mutex 140096727017824 ::: start 2489898.29us ::: wait 7.25us ::: hold 5.06us
	mutex 140096727017824 ::: start 2490227.39us ::: wait 32.47us ::: hold 21.20us
	mutex 140096727017824 ::: start 2490333.81us ::: wait 7.41us ::: hold 5.34us
	mutex 140096727017824 ::: start 2490535.52us ::: wait 7.56us ::: hold 5.49us
	mutex 140096727017824 ::: start 2491103.61us ::: wait 8.84us ::: hold 6.60us
	mutex 140096727017824 ::: start 2491344.77us ::: wait 8.39us ::: hold 6.58us
	mutex 140096727017824 ::: start 2491782.04us ::: wait 10.32us ::: hold 6.25us
	mutex 140096727017824 ::: start 19727411.05us ::: wait 11.53us ::: hold 9.41us
	mutex 140096727017824 ::: start 19727466.87us ::: wait 8.26us ::: hold 6.87us
	mutex 140096727017824 ::: start 19727683.76us ::: wait 10.20us ::: hold 7.89us
	mutex 140096727017824 ::: start 19728099.04us ::: wait 11.32us ::: hold 9.20us
	mutex 140096727017824 ::: start 19728177.72us ::: wait 17.45us ::: hold 12.58us
	mutex 140096727017824 ::: start 19728230.85us ::: wait 17.89us ::: hold 11.22us
	mutex 140096727017824 ::: start 19728297.56us ::: wait 7.83us ::: hold 5.78us
	mutex 140096727017824 ::: start 19728606.90us ::: wait 13.30us ::: hold 8.18us
	mutex 140096727017824 ::: start 19728886.40us ::: wait 11.48us ::: hold 8.15us
	mutex 140096727017824 ::: start 19728954.46us ::: wait 9.01us ::: hold 7.08us
	mutex 140096727017824 ::: start 19728981.69us ::: wait 16.89us ::: hold 11.40us
	mutex 140096727017824 ::: start 19729050.88us ::: wait 18.59us ::: hold 11.34us
	mutex 140096727017824 ::: start 19729319.16us ::: wait 16.04us ::: hold 11.12us
	mutex 140096727017824 ::: start 19729468.05us ::: wait 8.89us ::: hold 7.08us
	mutex 140096727017824 ::: start 19729629.05us ::: wait 15.79us ::: hold 10.66us
	mutex 140096727017824 ::: start 19729727.92us ::: wait 7.69us ::: hold 5.72us
	mutex 140096727017824 ::: start 19729800.07us ::: wait 17.56us ::: hold 10.45us
	mutex 140096727017824 ::: start 19729938.51us ::: wait 19.81us ::: hold 12.97us
	mutex 140096727017824 ::: start 19730112.15us ::: wait 10.01us ::: hold 7.00us
	mutex 140096727017824 ::: start 19730152.90us ::: wait 16.22us ::: hold 11.81us
	mutex 140096727017824 ::: start 19730365.07us ::: wait 26.44us ::: hold 16.00us
	mutex 140096727017824 ::: start 19730522.57us ::: wait 7.34us ::: hold 5.54us
	mutex 140096727017824 ::: start 19730632.61us ::: wait 7.33us ::: hold 5.11us
	mutex 140096727017824 ::: start 19731252.35us ::: wait 8.23us ::: hold 5.99us
	mutex 140096727017824 ::: start 19731395.66us ::: wait 16.88us ::: hold 10.69us
	mutex 140096727017824 ::: start 19731681.85us ::: wait 7.46us ::: hold 6.00us
	mutex 140096727017824 ::: start 19731726.45us ::: wait 7.72us ::: hold 5.01us
	mutex 140096727017824 ::: start 19731807.05us ::: wait 7.61us ::: hold 5.34us
	mutex 140096727017824 ::: start 19732038.24us ::: wait 9.09us ::: hold 6.94us
	mutex 140096727017824 ::: start 19732200.90us ::: wait 16.44us ::: hold 10.71us
	mutex 140096727017824 ::: start 19732511.04us ::: wait 14.84us ::: hold 9.99us
	mutex 140096727017824 ::: start 19732769.19us ::: wait 19.18us ::: hold 12.57us
	mutex 140096727017824 ::: start 19733081.75us ::: wait 7.61us ::: hold 5.64us
	mutex 140096727017824 ::: start 19733208.20us ::: wait 10.38us ::: hold 6.41us
	mutex 140096727017824 ::: start 19733577.02us ::: wait 10.70us ::: hold 6.87us
	mutex 140096727017824 ::: start 19733720.48us ::: wait 7.22us ::: hold 5.39us
	mutex 140096727017824 ::: start 19733993.62us ::: wait 9.26us ::: hold 6.91us
	mutex 140096727017824 ::: start 19734859.80us ::: wait 8.99us ::: hold 7.36us
	mutex 140096727017824 ::: start 19734908.79us ::: wait 33.80us ::: hold 21.59us
	mutex 140096727017824 ::: start 19734962.58us ::: wait 8.73us ::: hold 5.73us
	mutex 140096727017824 ::: start 19735098.26us ::: wait 9.91us ::: hold 6.46us
	mutex 140096727017824 ::: start 19735131.87us ::: wait 15.65us ::: hold 12.05us
	mutex 140096727017824 ::: start 19735247.87us ::: wait 17.13us ::: hold 10.52us
	mutex 140096727017824 ::: start 54515903.01us ::: wait 11.62us ::: hold 8.25us
	mutex 140096727017824 ::: start 54515940.18us ::: wait 7.66us ::: hold 5.95us
	mutex 140096727017824 ::: start 54516162.76us ::: wait 10.78us ::: hold 7.18us
	mutex 140096599824424 ::: start 54516313.21us ::: wait 15.77us ::: hold 680.14us
	mutex 140096727017824 ::: start 54517067.02us ::: wait 10.30us ::: hold 7.13us
	mutex 140096727017824 ::: start 54517295.15us ::: wait 11.39us ::: hold 7.27us
	mutex 140096727017824 ::: start 54517465.32us ::: wait 10.96us ::: hold 7.36us
	mutex 140096727017824 ::: start 54517582.69us ::: wait 8.76us ::: hold 5.93us
	mutex 140096727017824 ::: start 54517632.61us ::: wait 8.08us ::: hold 5.55us
	mutex 140096727017824 ::: start 54517724.10us ::: wait 16.46us ::: hold 5.52us
	mutex 140096727017824 ::: start 54517880.41us ::: wait 10.08us ::: hold 6.81us
	mutex 140096727017824 ::: start 54518038.00us ::: wait 22.89us ::: hold 16.76us
	mutex 140096727017824 ::: start 54518469.73us ::: wait 10.23us ::: hold 6.43us
	mutex 140096727017824 ::: start 54518550.28us ::: wait 9.28us ::: hold 5.82us
	mutex 140096727017824 ::: start 54518785.45us ::: wait 8.11us ::: hold 5.95us
	mutex 140096727017824 ::: start 54519041.40us ::: wait 7.58us ::: hold 5.36us
	mutex 140096727017824 ::: start 54519106.55us ::: wait 8.35us ::: hold 5.79us
	mutex 140096727017824 ::: start 54519423.51us ::: wait 8.10us ::: hold 5.40us
	mutex 140096727017824 ::: start 54519952.25us ::: wait 8.93us ::: hold 6.19us
	mutex 140096727017824 ::: start 54520190.24us ::: wait 8.31us ::: hold 6.17us
	mutex 140096727017824 ::: start 54520426.83us ::: wait 7.89us ::: hold 5.65us
	mutex 140096727017824 ::: start 54520579.41us ::: wait 7.43us ::: hold 5.14us
	mutex 140096727017824 ::: start 54520739.19us ::: wait 8.91us ::: hold 6.03us
	mutex 140096727017824 ::: start 54520816.61us ::: wait 7.45us ::: hold 6.47us
	mutex 140096727017824 ::: start 54521518.61us ::: wait 7.56us ::: hold 4.96us
	mutex 140096727017824 ::: start 54521790.47us ::: wait 7.88us ::: hold 5.52us
	mutex 140096727017824 ::: start 54522175.84us ::: wait 8.57us ::: hold 6.17us
	mutex 140096727017824 ::: start 54522439.51us ::: wait 7.67us ::: hold 5.78us
	mutex 140096727017824 ::: start 54522478.62us ::: wait 7.59us ::: hold 4.91us
	mutex 140096727017824 ::: start 54522582.04us ::: wait 8.61us ::: hold 5.95us
	mutex 140096727017824 ::: start 54523200.11us ::: wait 9.24us ::: hold 6.29us
	mutex 140096727017824 ::: start 54523224.80us ::: wait 7.40us ::: hold 6.00us
	mutex 140096727017824 ::: start 54523323.82us ::: wait 8.45us ::: hold 5.69us
	mutex 140096727017824 ::: start 54523488.32us ::: wait 9.41us ::: hold 6.28us
	mutex 140096727017824 ::: start 54523747.73us ::: wait 8.52us ::: hold 6.30us
	mutex 140096727017824 ::: start 54524156.08us ::: wait 8.88us ::: hold 6.83us
	mutex 140096727017824 ::: start 54524769.79us ::: wait 9.07us ::: hold 5.78us
	mutex 140096727017824 ::: start 54526954.64us ::: wait 9.14us ::: hold 6.36us
	mutex 140096727017824 ::: start 54527154.01us ::: wait 10.68us ::: hold 6.90us
	mutex 140096727017824 ::: start 54527230.81us ::: wait 7.58us ::: hold 5.32us
	---------------------------
	start time 2451436 ::: end time 2454220
	start time 2454435 ::: end time 2454457
	start time 2454564 ::: end time 2454689
	start time 2454700 ::: end time 2454932
	start time 2454943 ::: end time 2454970
	start time 2455001 ::: end time 2455082
	start time 2455548 ::: end time 2455589
	start time 2455608 ::: end time 2455611
	start time 2455618 ::: end time 2455632
	start time 2455714 ::: end time 2455767
	start time 2455833 ::: end time 2455940
	start time 2456040 ::: end time 2456117
	start time 2456126 ::: end time 2456155
	start time 2456172 ::: end time 2456177
	start time 2456211 ::: end time 2456289
	start time 2456298 ::: end time 2456438
	start time 2456523 ::: end time 2456615
	start time 2457028 ::: end time 2457666
	start time 2457704 ::: end time 2458138
	start time 2458183 ::: end time 2458184
	start time 2458279 ::: end time 2458312
	start time 2458321 ::: end time 2459409
	start time 2459473 ::: end time 2459576
	start time 2459586 ::: end time 2487913
	start time 2487959 ::: end time 2488311
	start time 2488333 ::: end time 2488488
	start time 2488525 ::: end time 2488846
	start time 2488857 ::: end time 2488876
	start time 2488895 ::: end time 2488981
	start time 2489009 ::: end time 2489060
	start time 2489069 ::: end time 2489213
	start time 2489268 ::: end time 2489282
	start time 2489290 ::: end time 2489304
	start time 2489328 ::: end time 2489371
	start time 2489409 ::: end time 2489443
	start time 2489450 ::: end time 2489475
	start time 2489499 ::: end time 2489634
	start time 2489644 ::: end time 2489783
	start time 2489832 ::: end time 2489898
	start time 2489905 ::: end time 2490227
	start time 2490259 ::: end time 2490333
	start time 2490341 ::: end time 2490535
	start time 2490543 ::: end time 2491103
	start time 2491112 ::: end time 2491344
	start time 2491353 ::: end time 2491782
	start time 2491792 ::: end time 19727411
	start time 19727422 ::: end time 19727466
	start time 19727475 ::: end time 19727683
	start time 19727693 ::: end time 19728099
	start time 19728110 ::: end time 19728177
	start time 19728195 ::: end time 19728230
	start time 19728248 ::: end time 19728297
	start time 19728305 ::: end time 19728606
	start time 19728620 ::: end time 19728886
	start time 19728897 ::: end time 19728954
	start time 19728963 ::: end time 19728981
	start time 19728998 ::: end time 19729050
	start time 19729069 ::: end time 19729319
	start time 19729335 ::: end time 19729468
	start time 19729476 ::: end time 19729629
	start time 19729644 ::: end time 19729727
	start time 19729735 ::: end time 19729800
	start time 19729817 ::: end time 19729938
	start time 19729958 ::: end time 19730112
	start time 19730122 ::: end time 19730152
	start time 19730169 ::: end time 19730365
	start time 19730391 ::: end time 19730522
	start time 19730529 ::: end time 19730632
	start time 19730639 ::: end time 19731252
	start time 19731260 ::: end time 19731395
	start time 19731412 ::: end time 19731681
	start time 19731689 ::: end time 19731726
	start time 19731734 ::: end time 19731807
	start time 19731814 ::: end time 19732038
	start time 19732047 ::: end time 19732200
	start time 19732217 ::: end time 19732511
	start time 19732525 ::: end time 19732769
	start time 19732788 ::: end time 19733081
	start time 19733089 ::: end time 19733208
	start time 19733218 ::: end time 19733577
	start time 19733587 ::: end time 19733720
	start time 19733727 ::: end time 19733993
	start time 19734002 ::: end time 19734859
	start time 19734868 ::: end time 19734908
	start time 19734942 ::: end time 19734962
	start time 19734971 ::: end time 19735098
	start time 19735108 ::: end time 19735131
	start time 19735147 ::: end time 19735247
	start time 19735264 ::: end time 54515903
	start time 54515914 ::: end time 54515940
	start time 54515947 ::: end time 54516162
	start time 54516173 ::: end time 54516313
	start time 54516328 ::: end time 54517067
	start time 54517077 ::: end time 54517295
	start time 54517306 ::: end time 54517465
	start time 54517476 ::: end time 54517582
	start time 54517591 ::: end time 54517632
	start time 54517640 ::: end time 54517724
	start time 54517740 ::: end time 54517880
	start time 54517890 ::: end time 54518037
	start time 54518060 ::: end time 54518469
	start time 54518479 ::: end time 54518550
	start time 54518559 ::: end time 54518785
	start time 54518793 ::: end time 54519041
	start time 54519048 ::: end time 54519106
	start time 54519114 ::: end time 54519423
	start time 54519431 ::: end time 54519952
	start time 54519961 ::: end time 54520190
	start time 54520198 ::: end time 54520426
	start time 54520434 ::: end time 54520579
	start time 54520586 ::: end time 54520739
	start time 54520748 ::: end time 54520816
	start time 54520824 ::: end time 54521518
	start time 54521526 ::: end time 54521790
	start time 54521798 ::: end time 54522175
	start time 54522184 ::: end time 54522439
	start time 54522447 ::: end time 54522478
	start time 54522486 ::: end time 54522582
	start time 54522590 ::: end time 54523200
	start time 54523209 ::: end time 54523224
	start time 54523232 ::: end time 54523323
	start time 54523332 ::: end time 54523488
	start time 54523497 ::: end time 54523747
	start time 54523756 ::: end time 54524156
	start time 54524164 ::: end time 54524769
	start time 54524778 ::: end time 54526954
	start time 54526963 ::: end time 54527154
	start time 54527164 ::: end time 54527230
	start time 54527238 ::: end time 54527243
tid: 6169 ::: thread start time -241093685115 ::: thread end time -241093685115
	mutex 140096599877160 ::: start 2447670.56us ::: wait 420.74us ::: hold 154995030.61us
	mutex 140096599824424 ::: start 2448395.65us ::: wait 26.78us ::: hold 37.07us
	mutex 140096727017824 ::: start 2448448.07us ::: wait 154.67us ::: hold 65.98us
	mutex 140096727017824 ::: start 2448509.39us ::: wait 97.47us ::: hold 58.21us
	mutex 140096727017824 ::: start 2448552.79us ::: wait 99.90us ::: hold 62.26us
	mutex 140096727017824 ::: start 2448694.16us ::: wait 119.53us ::: hold 68.61us
	mutex 140096727017824 ::: start 2448872.59us ::: wait 1155.54us ::: hold 583.55us
	mutex 140096727017824 ::: start 2448924.27us ::: wait 267.02us ::: hold 146.33us
	mutex 140096727017824 ::: start 2451613.47us ::: wait 19.30us ::: hold 18.61us
	mutex 140096727017824 ::: start 2451969.53us ::: wait 18.61us ::: hold 12.03us
	mutex 140096727017824 ::: start 2452106.33us ::: wait 9.60us ::: hold 6.81us
	mutex 140096727017824 ::: start 2452459.74us ::: wait 10.23us ::: hold 8.00us
	mutex 140096727017824 ::: start 2452558.85us ::: wait 10.48us ::: hold 6.57us
	mutex 140096727017824 ::: start 2453110.53us ::: wait 9.48us ::: hold 6.44us
	mutex 140096727017824 ::: start 2453415.74us ::: wait 40.19us ::: hold 24.45us
	mutex 140096727017824 ::: start 2472930.68us ::: wait 76.61us ::: hold 50.81us
	mutex 140096727017824 ::: start 2473086.27us ::: wait 41.50us ::: hold 29.47us
	mutex 140096727017824 ::: start 2473227.46us ::: wait 39.66us ::: hold 26.60us
	mutex 140096727017824 ::: start 2473451.61us ::: wait 12.87us ::: hold 8.76us
	mutex 140096727017824 ::: start 2473496.25us ::: wait 7.58us ::: hold 5.65us
	mutex 140096727017824 ::: start 2473527.18us ::: wait 7.55us ::: hold 6.22us
	mutex 140096727017824 ::: start 2473548.91us ::: wait 7.30us ::: hold 6.01us
	mutex 140096727017824 ::: start 2473570.44us ::: wait 7.48us ::: hold 6.21us
	mutex 140096727017824 ::: start 2473591.93us ::: wait 14.63us ::: hold 11.01us
	mutex 140096727017824 ::: start 2473613.05us ::: wait 7.20us ::: hold 5.88us
	mutex 140096727017824 ::: start 2473654.26us ::: wait 7.44us ::: hold 5.99us
	mutex 140096727017824 ::: start 2473675.66us ::: wait 7.29us ::: hold 5.52us
	mutex 140096727017824 ::: start 2473697.96us ::: wait 36.85us ::: hold 27.15us
	mutex 140096727017824 ::: start 2473719.94us ::: wait 29.20us ::: hold 22.82us
	mutex 140096727017824 ::: start 2473741.88us ::: wait 29.26us ::: hold 21.83us
	mutex 140096727017824 ::: start 2473860.12us ::: wait 34.68us ::: hold 15.51us
	mutex 140096727017824 ::: start 2473964.42us ::: wait 39.58us ::: hold 27.89us
	mutex 140096727017824 ::: start 2474332.11us ::: wait 31.13us ::: hold 21.51us
	mutex 140096727017824 ::: start 2474472.80us ::: wait 29.32us ::: hold 20.53us
	mutex 140096727017824 ::: start 2474653.01us ::: wait 33.03us ::: hold 21.61us
	mutex 140096727017824 ::: start 2474687.50us ::: wait 22.05us ::: hold 16.24us
	mutex 140096727017824 ::: start 2474712.36us ::: wait 22.45us ::: hold 16.88us
	mutex 140096727017824 ::: start 2474858.13us ::: wait 29.22us ::: hold 26.39us
	mutex 140096727017824 ::: start 2474988.35us ::: wait 28.81us ::: hold 19.23us
	mutex 140096727017824 ::: start 2475189.17us ::: wait 42.26us ::: hold 25.05us
	mutex 140096727017824 ::: start 2475483.18us ::: wait 10.74us ::: hold 6.59us
	mutex 140096727017824 ::: start 2475579.29us ::: wait 8.53us ::: hold 6.01us
	mutex 140096727017824 ::: start 2475662.92us ::: wait 25.74us ::: hold 17.72us
	mutex 140096727017824 ::: start 2475766.03us ::: wait 25.80us ::: hold 16.72us
	mutex 140096727017824 ::: start 2475857.69us ::: wait 25.61us ::: hold 17.52us
	mutex 140096727017824 ::: start 2475927.43us ::: wait 25.24us ::: hold 16.91us
	mutex 140096727017824 ::: start 2475995.02us ::: wait 23.92us ::: hold 16.23us
	mutex 140096727017824 ::: start 2476118.90us ::: wait 52.14us ::: hold 31.59us
	mutex 140096727017824 ::: start 2476249.59us ::: wait 32.23us ::: hold 21.67us
	mutex 140096727017824 ::: start 2476437.30us ::: wait 37.04us ::: hold 38.99us
	mutex 140096727017824 ::: start 2476689.76us ::: wait 23.50us ::: hold 17.60us
	mutex 140096727017824 ::: start 2476816.02us ::: wait 32.55us ::: hold 21.97us
	mutex 140096727017824 ::: start 2477244.32us ::: wait 27.03us ::: hold 18.38us
	mutex 140096727017824 ::: start 2477449.69us ::: wait 36.74us ::: hold 24.13us
	mutex 140096727017824 ::: start 2477726.49us ::: wait 30.69us ::: hold 19.88us
	mutex 140096727017824 ::: start 2477980.92us ::: wait 30.37us ::: hold 19.45us
	mutex 140096727017824 ::: start 2478602.91us ::: wait 39.20us ::: hold 35.50us
	mutex 140096727017824 ::: start 2481235.88us ::: wait 10.36us ::: hold 7.35us
	mutex 140096727017824 ::: start 2481349.19us ::: wait 29.36us ::: hold 18.89us
	mutex 140096727017824 ::: start 2481450.73us ::: wait 9.09us ::: hold 6.58us
	mutex 140096727017824 ::: start 2481783.57us ::: wait 10.79us ::: hold 7.06us
	mutex 140096727017824 ::: start 2482101.76us ::: wait 9.24us ::: hold 6.51us
	mutex 140096727017824 ::: start 2482172.29us ::: wait 8.48us ::: hold 6.14us
	mutex 140096727017824 ::: start 2482312.55us ::: wait 9.98us ::: hold 6.23us
	mutex 140096727017824 ::: start 2482368.76us ::: wait 8.03us ::: hold 5.45us
	mutex 140096727017824 ::: start 2482431.02us ::: wait 7.96us ::: hold 6.70us
	mutex 140096727017824 ::: start 2482510.28us ::: wait 8.28us ::: hold 6.18us
	mutex 140096727017824 ::: start 2482564.71us ::: wait 8.20us ::: hold 5.46us
	mutex 140096727017824 ::: start 2482607.89us ::: wait 15.88us ::: hold 11.24us
	mutex 140096727017824 ::: start 2482684.19us ::: wait 8.46us ::: hold 5.90us
	mutex 140096727017824 ::: start 2482741.90us ::: wait 8.08us ::: hold 6.00us
	mutex 140096727017824 ::: start 2483340.32us ::: wait 7.75us ::: hold 5.91us
	mutex 140096727017824 ::: start 2483588.62us ::: wait 8.96us ::: hold 6.33us
	mutex 140096727017824 ::: start 2484025.80us ::: wait 8.84us ::: hold 6.75us
	mutex 140096727017824 ::: start 2484241.86us ::: wait 10.67us ::: hold 6.74us
	mutex 140096727017824 ::: start 2484819.05us ::: wait 10.35us ::: hold 7.36us
	mutex 140096727017824 ::: start 19714512.43us ::: wait 19.16us ::: hold 16.93us
	mutex 140096727017824 ::: start 19715922.33us ::: wait 10.36us ::: hold 7.04us
	mutex 140096727017824 ::: start 19715995.99us ::: wait 8.52us ::: hold 5.99us
	mutex 140096727017824 ::: start 54504263.08us ::: wait 10.78us ::: hold 8.14us
	mutex 140096599877160 ::: start 54507244.27us ::: wait 12.13us ::: hold 62.20us
	mutex 140096600092968 ::: start 54507328.67us ::: wait 8.29us ::: hold 11.09us
	mutex 140096599877160 ::: start 54516368.54us ::: wait 8.32us ::: hold 580.10us
	mutex 140096599824424 ::: start 54516966.29us ::: wait 8.07us ::: hold 8.49us
	---------------------------
	start time 2448422 ::: end time 2448448
	start time 2448652 ::: end time 2448694
	start time 2448813 ::: end time 2448872
	start time 2450028 ::: end time 2451613
	start time 2451632 ::: end time 2451969
	start time 2451988 ::: end time 2452106
	start time 2452115 ::: end time 2452459
	start time 2452469 ::: end time 2452558
	start time 2452569 ::: end time 2453110
	start time 2453120 ::: end time 2453415
	start time 2453455 ::: end time 2472930
	start time 2473007 ::: end time 2473086
	start time 2473127 ::: end time 2473227
	start time 2473267 ::: end time 2473451
	start time 2473464 ::: end time 2473496
	start time 2473503 ::: end time 2473527
	start time 2473534 ::: end time 2473548
	start time 2473556 ::: end time 2473570
	start time 2473577 ::: end time 2473591
	start time 2473606 ::: end time 2473613
	start time 2473620 ::: end time 2473654
	start time 2473661 ::: end time 2473675
	start time 2473682 ::: end time 2473697
	start time 2473771 ::: end time 2473860
	start time 2473894 ::: end time 2473964
	start time 2474003 ::: end time 2474332
	start time 2474363 ::: end time 2474472
	start time 2474502 ::: end time 2474653
	start time 2474686 ::: end time 2474687
	start time 2474709 ::: end time 2474712
	start time 2474734 ::: end time 2474858
	start time 2474887 ::: end time 2474988
	start time 2475017 ::: end time 2475189
	start time 2475231 ::: end time 2475483
	start time 2475493 ::: end time 2475579
	start time 2475587 ::: end time 2475662
	start time 2475688 ::: end time 2475766
	start time 2475791 ::: end time 2475857
	start time 2475883 ::: end time 2475927
	start time 2475952 ::: end time 2475995
	start time 2476018 ::: end time 2476118
	start time 2476171 ::: end time 2476249
	start time 2476281 ::: end time 2476437
	start time 2476474 ::: end time 2476689
	start time 2476713 ::: end time 2476816
	start time 2476848 ::: end time 2477244
	start time 2477271 ::: end time 2477449
	start time 2477486 ::: end time 2477726
	start time 2477757 ::: end time 2477980
	start time 2478011 ::: end time 2478602
	start time 2478642 ::: end time 2481235
	start time 2481246 ::: end time 2481349
	start time 2481378 ::: end time 2481450
	start time 2481459 ::: end time 2481783
	start time 2481794 ::: end time 2482101
	start time 2482111 ::: end time 2482172
	start time 2482180 ::: end time 2482312
	start time 2482322 ::: end time 2482368
	start time 2482376 ::: end time 2482431
	start time 2482438 ::: end time 2482510
	start time 2482518 ::: end time 2482564
	start time 2482572 ::: end time 2482607
	start time 2482623 ::: end time 2482684
	start time 2482692 ::: end time 2482741
	start time 2482749 ::: end time 2483340
	start time 2483348 ::: end time 2483588
	start time 2483597 ::: end time 2484025
	start time 2484034 ::: end time 2484241
	start time 2484252 ::: end time 2484819
	start time 2484829 ::: end time 19714512
	start time 19714531 ::: end time 19715922
	start time 19715932 ::: end time 19715995
	start time 19716004 ::: end time 54504263
	start time 54504273 ::: end time 54507244
	start time 54507256 ::: end time 54507328
	start time 54507336 ::: end time 54516368
	start time 54516376 ::: end time 54516966
	start time 54516974 ::: end time 54516982
tid: 6171 ::: thread start time -241093685115 ::: thread end time -241093685115
	mutex 140096599898152 ::: start 0.00us ::: wait 40055.04us ::: hold 159879687.49us
	mutex 140096599565352 ::: start 1433443.63us ::: wait 10.13us ::: hold 21.79us
	mutex 140096727017824 ::: start 2436687.66us ::: wait 400.50us ::: hold 314.52us
	mutex 140096727017824 ::: start 2436710.02us ::: wait 250.47us ::: hold 162.31us
	mutex 140096727017824 ::: start 2436725.26us ::: wait 234.89us ::: hold 166.25us
	mutex 140096727017824 ::: start 2436740.29us ::: wait 232.20us ::: hold 141.20us
	---------------------------
	start time 1433453 ::: end time 2436687
	start time 2437088 ::: end time 2437402
tid 6152 ::: ans 1119.96
tid 6154 ::: ans 6882229.75
tid 6155 ::: ans 46353070.78
tid 6161 ::: ans 46360791.06
tid 6162 ::: ans 10.85
tid 6164 ::: ans 82.86
tid 6168 ::: ans 9060890.46
tid 6169 ::: ans 9058902.08
tid 6171 ::: ans 1003548.42
tid 6212 ::: ans 9056204.47
tid 6213 ::: ans 17650163.64
stack info count: 375 
8
(6152L, 241096133951234L, 'create', 0L, 140096741869456L)
(6213L, 241148186425824L, 'park_end', 0L, 0L)
(6212L, 241148186380937L, 'stop', 140095659191072L, 0L)
(6212L, 241148186332280L, 'unpark', 0L, 0L)
(6213L, 241096135537140L, 'start', 140096600090080L, 0L)
(6213L, 241096136334149L, 'park_begin', 0L, 0L)
(6212L, 241096134070244L, 'start', 140095659191072L, 0L)
(6152L, 241096133668228L, 'create', 0L, 140096741869456L)
Finish : 1598437061920
