C2 CompilerThre;[unknown];[unknown];[unknown];[unknown];[unknown];[unknown];[unknown];[unknown];[unknown];[unknown];[unknown];[unknown];[unknown];[unknown];[unknown] 1
C2 CompilerThre;[unknown];[unknown];[unknown];[unknown];[unknown];[unknown];[unknown];[unknown];[unknown];[unknown];[unknown];[unknown];[unknown];[unknown] 1
C2 CompilerThre;[unknown];[unknown];[unknown];[unknown];[unknown];[unknown];[unknown];[unknown];[unknown];[unknown];[unknown];[unknown];[unknown];[unknown] 1
C2 CompilerThre;[unknown];[unknown];[unknown];[unknown];[unknown];[unknown];[unknown];[unknown];[unknown];[unknown];[unknown];[unknown] 1
C2 CompilerThre;[unknown];[unknown];[unknown];[unknown];[unknown];[unknown];[unknown];[unknown];[unknown];[unknown];[unknown];[unknown];[unknown];[unknown] 1
C2 CompilerThre;[unknown];[unknown];[unknown];[unknown];[unknown];[unknown];[unknown];[unknown];[unknown];[unknown];[unknown];[unknown];[unknown] 1
C2 CompilerThre;[unknown];[unknown];[unknown];[unknown];[unknown];[unknown];[unknown];[unknown];[unknown];[unknown];[unknown];[unknown];[unknown];[unknown] 1
C2 CompilerThre;[unknown];[unknown];[unknown];[unknown];[unknown];[unknown];[unknown];[unknown];[unknown];[unknown];[unknown];[unknown] 1
C2 CompilerThre;[unknown];[unknown];[unknown];[unknown];[unknown];[unknown];[unknown];[unknown];[unknown];[unknown];[unknown];[unknown] 1
C2 CompilerThre;[unknown];[unknown];[unknown];[unknown];[unknown];[unknown];[unknown];[unknown];[unknown];[unknown];[unknown];[unknown];[unknown];[unknown];[unknown];[unknown] 1
C2 CompilerThre;[unknown];[unknown];[unknown];[unknown];[unknown];[unknown];[unknown];[unknown];[unknown];[unknown];[unknown];[unknown];[unknown];[unknown];[unknown];[unknown];[unknown];[unknown];[unknown];[unknown];[unknown];[unknown] 1
C2 CompilerThre;[unknown];[unknown];[unknown];[unknown];[unknown];[unknown];[unknown];[unknown];[unknown];[unknown];[unknown];[unknown];[unknown];[unknown];[unknown];[unknown] 1
C2 CompilerThre;[unknown];[unknown];[unknown];[unknown];[unknown];[unknown];[unknown];[unknown];[unknown];[unknown];[unknown];[unknown];[unknown];[unknown];[unknown] 1
C2 CompilerThre;[unknown];[unknown];[unknown];[unknown];[unknown];[unknown];[unknown];[unknown];[unknown];[unknown];[unknown];[unknown];[unknown];[unknown];[unknown];[unknown];[unknown];[unknown];[unknown];[unknown];[unknown];[unknown];[unknown] 1
C2 CompilerThre;[unknown];[unknown];[unknown];[unknown];[unknown];[unknown];[unknown];[unknown];[unknown];[unknown];[unknown];[unknown];[unknown];[unknown];[unknown];[unknown];[unknown];[unknown] 1
C2 CompilerThre;[unknown];[unknown];[unknown];[unknown];[unknown];[unknown];[unknown];[unknown];[unknown];[unknown];[unknown];[unknown];[unknown];[unknown];[unknown] 1
C2 CompilerThre;[unknown];[unknown];[unknown];[unknown];[unknown];[unknown];[unknown];[unknown];[unknown];[unknown];[unknown];[unknown];[unknown] 1
C2 CompilerThre;[unknown];[unknown];[unknown];[unknown];[unknown];[unknown];[unknown];[unknown];[unknown];[unknown];[unknown];[unknown];[unknown];[unknown];[unknown];[unknown];[unknown];[unknown];[unknown];[unknown];[unknown];[unknown] 1
C2 CompilerThre;[unknown];[unknown];[unknown];[unknown];[unknown];[unknown];[unknown];[unknown];[unknown];[unknown];[unknown];[unknown];[unknown];[unknown];[unknown] 1
C2 CompilerThre;[unknown];[unknown];[unknown];[unknown];[unknown];[unknown];[unknown];[unknown];[unknown];[unknown];[unknown];[unknown] 1
C2 CompilerThre;[unknown];[unknown];[unknown];[unknown];[unknown];[unknown];[unknown];[unknown];[unknown];[unknown];[unknown];[unknown];[unknown];[unknown];[unknown];[unknown];[unknown];[unknown] 1
C2 CompilerThre;[unknown];[unknown];[unknown];[unknown];[unknown];[unknown];[unknown];[unknown];[unknown];[unknown];[unknown];[unknown];[unknown];[unknown];[unknown] 1
C2 CompilerThre;[unknown];[unknown];[unknown];[unknown];[unknown];[unknown];[unknown];[unknown];[unknown];[unknown];[unknown];[unknown];[unknown] 1
C2 CompilerThre;[unknown];[unknown];[unknown];[unknown];[unknown];[unknown];[unknown];[unknown];[unknown];[unknown];[unknown];[unknown];[unknown];[unknown];[unknown];[unknown];[unknown];[unknown];[unknown];[unknown];[unknown];[unknown] 1
C2 CompilerThre;[unknown];[unknown];[unknown];[unknown];[unknown];[unknown];[unknown];[unknown];[unknown];[unknown];[unknown];[unknown];[unknown];[unknown];[unknown];[unknown];[unknown];[unknown];[unknown];[unknown];[unknown];[unknown];[unknown];[unknown];[unknown];[unknown];[unknown] 1
C2 CompilerThre;[unknown];[unknown];[unknown];[unknown];[unknown];[unknown];[unknown];[unknown] 1
C2 CompilerThre;[unknown];[unknown];[unknown];[unknown];[unknown];[unknown];[unknown];[unknown];[unknown];[unknown] 1
C2 CompilerThre;[unknown];[unknown];[unknown];[unknown];[unknown];[unknown];[unknown];[unknown];[unknown];[unknown];[unknown];[unknown];[unknown];[unknown];[unknown] 1
C2 CompilerThre;[unknown];[unknown];[unknown];[unknown];[unknown];[unknown];[unknown];[unknown];[unknown];[unknown];[unknown];[unknown];[unknown] 1
C2 CompilerThre;[unknown];[unknown];[unknown];[unknown];[unknown];[unknown];[unknown];[unknown];[unknown];[unknown];[unknown];[unknown];[unknown] 1
C2 CompilerThre;[unknown];[unknown];[unknown];[unknown];[unknown];[unknown];[unknown];[unknown];[unknown];[unknown];[unknown];[unknown];[unknown];[unknown];[unknown];[unknown];[unknown];[unknown];[unknown] 1
C2 CompilerThre;[unknown];[unknown];[unknown];[unknown];[unknown];[unknown];[unknown];[unknown];[unknown];[unknown];[unknown];[unknown];[unknown];[unknown] 1
C2 CompilerThre;[unknown];[unknown];[unknown];[unknown];[unknown];[unknown];[unknown];[unknown];[unknown];[unknown];[unknown];[unknown];[unknown];[unknown] 1
C2 CompilerThre;[unknown];[unknown];[unknown];[unknown];[unknown];[unknown];[unknown];[unknown];[unknown];[unknown];[unknown];[unknown];[unknown] 1
C2 CompilerThre;[unknown];[unknown];[unknown];[unknown];[unknown];[unknown];[unknown];[unknown];[unknown];[unknown];[unknown];[unknown];[unknown];[unknown];[unknown];[unknown];[unknown];[unknown];[unknown];[unknown];[unknown];[unknown];[unknown] 1
C2 CompilerThre;[unknown];[unknown];[unknown];[unknown];[unknown];[unknown];[unknown];[unknown];[unknown];[unknown];[unknown];[unknown];[unknown] 1
C2 CompilerThre;[unknown];[unknown];[unknown];[unknown];[unknown];[unknown];[unknown];[unknown];[unknown];[unknown];[unknown];[unknown];[unknown];[unknown];[unknown];[unknown];[unknown] 1
C2 CompilerThre;[unknown];[unknown];[unknown];[unknown];[unknown];[unknown];[unknown];[unknown];[unknown];[unknown];[unknown];[unknown];[unknown] 1
C2 CompilerThre;[unknown];[unknown];[unknown];[unknown];[unknown];[unknown];[unknown];[unknown];[unknown];[unknown];[unknown];[unknown];[unknown];[unknown] 1
C2 CompilerThre;[unknown];[unknown];[unknown];[unknown];[unknown];[unknown];[unknown];[unknown];[unknown];[unknown];[unknown];[unknown] 1
C2 CompilerThre;[unknown];[unknown];[unknown];[unknown];[unknown];[unknown];[unknown];[unknown];[unknown];[unknown];[unknown];[unknown];[unknown] 1
C2 CompilerThre;[unknown];[unknown];[unknown];[unknown];[unknown];[unknown];[unknown];[unknown];[unknown];[unknown];[unknown];[unknown];[unknown];[unknown];[unknown];[unknown];[unknown];[unknown];[unknown];[unknown];[unknown];[unknown];[unknown];[unknown];[unknown];[unknown];[unknown];[unknown] 1
C2 CompilerThre;[unknown];[unknown];[unknown];[unknown];[unknown];[unknown];[unknown];[unknown];[unknown];[unknown];[unknown];[unknown];[unknown];[unknown];[unknown];[unknown];[unknown];[unknown];[unknown];[unknown];[unknown] 1
C2 CompilerThre;[unknown];[unknown];[unknown];[unknown];[unknown];[unknown];[unknown];[unknown];[unknown];[unknown];[unknown];[unknown];[unknown];[unknown] 1
C2 CompilerThre;[unknown];[unknown];[unknown];[unknown];[unknown];[unknown];[unknown];[unknown];[unknown];[unknown];[unknown];[unknown];[unknown];[unknown];[unknown] 1
C2 CompilerThre;[unknown];[unknown];[unknown];[unknown];[unknown];[unknown];[unknown];[unknown];[unknown];[unknown];[unknown];[unknown];[unknown] 1
C2 CompilerThre;[unknown];[unknown];[unknown];[unknown];[unknown];[unknown];[unknown];[unknown];[unknown];[unknown];[unknown];[unknown] 1
C2 CompilerThre;[unknown];[unknown];[unknown];[unknown];[unknown];[unknown];[unknown];[unknown];[unknown];[unknown];[unknown];[unknown] 1
C2 CompilerThre;[unknown];[unknown];[unknown];[unknown];[unknown];[unknown];[unknown];[unknown];[unknown];[unknown];[unknown];[unknown];[unknown];[unknown] 1
C2 CompilerThre;[unknown];[unknown];[unknown];[unknown];[unknown];[unknown];[unknown];[unknown];[unknown];[unknown];[unknown];[unknown];[unknown];[unknown] 1
C2 CompilerThre;[unknown];[unknown];[unknown];[unknown];[unknown];[unknown];[unknown];[unknown];[unknown];[unknown];[unknown] 1
C2 CompilerThre;[unknown];[unknown];[unknown];[unknown];[unknown];[unknown];[unknown];[unknown];[unknown];[unknown];[unknown];[unknown];[unknown];[unknown];[unknown];[unknown];[unknown] 1
C2 CompilerThre;[unknown];[unknown];[unknown];[unknown];[unknown];[unknown];[unknown];[unknown];[unknown];[unknown];[unknown];[unknown];[unknown];[unknown];[unknown];[unknown];[unknown];[unknown];[unknown];[unknown];[unknown] 1
C2 CompilerThre;[unknown];[unknown];[unknown];[unknown];[unknown];[unknown];[unknown];[unknown];[unknown];[unknown];[unknown];[unknown];[unknown];[unknown];[unknown];[unknown] 1
C2 CompilerThre;[unknown];[unknown];[unknown];[unknown];[unknown];[unknown];[unknown];[unknown];[unknown];[unknown];[unknown];[unknown];[unknown];[unknown] 1
C2 CompilerThre;[unknown];[unknown];[unknown];[unknown];[unknown];[unknown];[unknown];[unknown];[unknown];[unknown];[unknown];[unknown];[unknown];[unknown] 1
C2 CompilerThre;[unknown];[unknown];[unknown];[unknown];[unknown];[unknown];[unknown];[unknown];[unknown];[unknown];[unknown];[unknown];[unknown];[unknown];[unknown];[unknown] 1
C2 CompilerThre;[unknown];[unknown];[unknown];[unknown];[unknown];[unknown];[unknown];[unknown];[unknown];[unknown];[unknown];[unknown];[unknown];[unknown] 1
C2 CompilerThre;[unknown];[unknown];[unknown];[unknown];[unknown];[unknown];[unknown];[unknown];[unknown];[unknown];[unknown];[unknown];[unknown];[unknown] 1
C2 CompilerThre;[unknown];[unknown];[unknown];[unknown];[unknown];[unknown];[unknown];[unknown];[unknown];[unknown];[unknown];[unknown];[unknown];[unknown];[unknown] 1
C2 CompilerThre;[unknown];[unknown];[unknown];[unknown];[unknown];[unknown];[unknown];[unknown] 1
C2 CompilerThre;[unknown];[unknown];[unknown];[unknown];[unknown];[unknown];[unknown];[unknown];[unknown];[unknown];[unknown];[unknown];[unknown];[unknown] 1
C2 CompilerThre;[unknown];[unknown];[unknown];[unknown];[unknown];[unknown];[unknown];[unknown];[unknown];[unknown];[unknown];[unknown];[unknown] 1
C2 CompilerThre;[unknown];[unknown];[unknown];[unknown];[unknown];[unknown];[unknown];[unknown];[unknown];[unknown];[unknown];[unknown];[unknown];[unknown] 1
C2 CompilerThre;[unknown];[unknown];[unknown];[unknown];[unknown];[unknown];[unknown];[unknown];[unknown];[unknown];[unknown];[unknown];[unknown];[unknown] 1
C2 CompilerThre;[unknown];[unknown];[unknown];[unknown];[unknown];[unknown];[unknown];[unknown];[unknown];[unknown];[unknown];[unknown];[unknown];[unknown];[unknown] 1
C2 CompilerThre;[unknown];[unknown];[unknown];[unknown];[unknown];[unknown];[unknown];[unknown];[unknown];[unknown];[unknown];[unknown];[unknown];[unknown];[unknown];[unknown] 1
C2 CompilerThre;[unknown];[unknown];[unknown];[unknown];[unknown];[unknown];[unknown];[unknown];[unknown];[unknown];[unknown];[unknown];[unknown];[unknown] 1
C2 CompilerThre;[unknown];[unknown];[unknown];[unknown];[unknown];[unknown];[unknown];[unknown];[unknown];[unknown];[unknown];[unknown];[unknown];[unknown] 1
C2 CompilerThre;[unknown];[unknown];[unknown];[unknown];[unknown];[unknown];[unknown];[unknown];[unknown];[unknown];[unknown];[unknown];[unknown];[unknown] 1
C2 CompilerThre;[unknown];[unknown];[unknown];[unknown];[unknown];[unknown];[unknown];[unknown];[unknown];[unknown];[unknown];[unknown];[unknown];[unknown];[unknown];[unknown];[unknown] 1
C2 CompilerThre;[unknown];[unknown];[unknown];[unknown];[unknown];[unknown];[unknown];[unknown];[unknown];[unknown];[unknown];[unknown];[unknown];[unknown];[unknown];[unknown];[unknown];[unknown];[unknown] 1
C2 CompilerThre;[unknown];[unknown];[unknown];[unknown];[unknown];[unknown];[unknown];[unknown];[unknown];[unknown];[unknown];[unknown];[unknown];[unknown];[unknown];[unknown];[unknown];[unknown];[unknown] 1
C2 CompilerThre;[unknown];[unknown];[unknown];[unknown];[unknown];[unknown];[unknown];[unknown];[unknown];[unknown];[unknown];[unknown];[unknown];[unknown];[unknown];[unknown];[unknown] 1
C2 CompilerThre;[unknown];[unknown];[unknown];[unknown];[unknown];[unknown];[unknown];[unknown];[unknown];[unknown];[unknown];[unknown];[unknown];[unknown] 1
C2 CompilerThre;[unknown];[unknown];[unknown];[unknown];[unknown];[unknown];[unknown];[unknown];[unknown];[unknown];[unknown];[unknown];[unknown];[unknown];[unknown] 1
C2 CompilerThre;[unknown];[unknown];[unknown];[unknown];[unknown];[unknown];[unknown];[unknown];[unknown];[unknown];[unknown];[unknown];[unknown] 1
C2 CompilerThre;[unknown];[unknown];[unknown];[unknown];[unknown];[unknown];[unknown];[unknown];[unknown];[unknown];[unknown];[unknown];[unknown];[unknown];[unknown];[unknown];[unknown];[unknown];[unknown];[unknown];[unknown] 1
C2 CompilerThre;[unknown];[unknown];[unknown];[unknown];[unknown];[unknown];[unknown];[unknown];[unknown];[unknown];[unknown];[unknown];[unknown] 1
C2 CompilerThre;[unknown];[unknown];[unknown];[unknown];[unknown];[unknown];[unknown];[unknown];[unknown];[unknown];[unknown];[unknown];[unknown];[unknown];[unknown];[unknown];[unknown];[unknown];[unknown] 1
C2 CompilerThre;[unknown];[unknown];[unknown];[unknown];[unknown];[unknown];[unknown];[unknown];[unknown];[unknown];[unknown];[unknown];[unknown];[unknown];[unknown];[unknown];[unknown];[unknown];[unknown] 1
C2 CompilerThre;[unknown];[unknown];[unknown];[unknown];[unknown];[unknown];[unknown];[unknown];[unknown];[unknown];[unknown];[unknown];[unknown];[unknown] 1
C2 CompilerThre;[unknown];[unknown];[unknown];[unknown];[unknown];[unknown];[unknown];[unknown];[unknown];[unknown];[unknown];[unknown];[unknown] 1
C2 CompilerThre;[unknown];[unknown];[unknown];[unknown];[unknown];[unknown];[unknown];[unknown];[unknown];[unknown];[unknown];[unknown];[unknown];[unknown] 1
C2 CompilerThre;[unknown];[unknown];[unknown];[unknown];[unknown];[unknown];[unknown];[unknown];[unknown];[unknown];[unknown];[unknown];[unknown] 1
C2 CompilerThre;[unknown];[unknown];[unknown];[unknown];[unknown];[unknown];[unknown];[unknown];[unknown];[unknown];[unknown];[unknown];[unknown] 2
C2 CompilerThre;[unknown];[unknown];[unknown];[unknown];[unknown];[unknown];[unknown];[unknown];[unknown];[unknown];[unknown];[unknown];[unknown];[unknown];[unknown];[unknown];[unknown] 2
C2 CompilerThre;[unknown];[unknown];[unknown];[unknown];[unknown];[unknown];[unknown];[unknown];[unknown];[unknown];[unknown];[unknown];[unknown] 2
C2 CompilerThre;[unknown];[unknown];[unknown];[unknown];[unknown];[unknown];[unknown];[unknown];[unknown];[unknown];[unknown];[unknown];[unknown];[unknown];[unknown] 2
C2 CompilerThre;[unknown];[unknown];[unknown];[unknown];[unknown];[unknown];[unknown];[unknown];[unknown];[unknown];[unknown];[unknown];[unknown];[unknown];[unknown];[unknown] 2
C2 CompilerThre;[unknown];[unknown];[unknown];[unknown];[unknown];[unknown];[unknown];[unknown];[unknown];[unknown];[unknown];[unknown];[unknown];[unknown];[unknown] 2
C2 CompilerThre;[unknown];[unknown];[unknown];[unknown];[unknown];[unknown];[unknown];[unknown];[unknown];[unknown];[unknown];[unknown];[unknown];[unknown];[unknown] 2
C2 CompilerThre;[unknown];[unknown];[unknown];[unknown];[unknown];[unknown];[unknown];[unknown];[unknown];[unknown];[unknown];[unknown];[unknown] 2
C2 CompilerThre;[unknown];[unknown];[unknown];[unknown];[unknown];[unknown] 2
C2 CompilerThre;[unknown];[unknown];[unknown];[unknown];[unknown];[unknown];[unknown];[unknown];[unknown];[unknown];[unknown];[unknown];[unknown];[unknown];[unknown];[unknown];[unknown];[unknown];[unknown];[unknown] 2
C2 CompilerThre;[unknown];[unknown];[unknown];[unknown];[unknown];[unknown];[unknown];[unknown];[unknown];[unknown];[unknown];[unknown] 2
C2 CompilerThre;[unknown];[unknown];[unknown];[unknown];[unknown];[unknown];[unknown];[unknown];[unknown];[unknown];[unknown];[unknown];[unknown];[unknown];[unknown];[unknown];[unknown];[unknown] 2
C2 CompilerThre;[unknown];[unknown];[unknown];[unknown];[unknown];[unknown];[unknown];[unknown];[unknown];[unknown];[unknown];[unknown];[unknown];[unknown] 2
C2 CompilerThre;[unknown];[unknown];[unknown];[unknown];[unknown];[unknown];[unknown];[unknown];[unknown];[unknown];[unknown];[unknown];[unknown];[unknown] 2
C2 CompilerThre;[unknown];[unknown];[unknown];[unknown];[unknown];[unknown];[unknown];[unknown];[unknown];[unknown];[unknown];[unknown];[unknown];[unknown] 2
C2 CompilerThre;[unknown];[unknown];[unknown];[unknown];[unknown];[unknown];[unknown];[unknown];[unknown];[unknown];[unknown];[unknown] 2
C2 CompilerThre;[unknown];[unknown];[unknown];[unknown];[unknown];[unknown];[unknown];[unknown];[unknown];[unknown];[unknown] 2
C2 CompilerThre;[unknown];[unknown];[unknown];[unknown];[unknown];[unknown];[unknown];[unknown];[unknown];[unknown];[unknown];[unknown] 2
C2 CompilerThre;[unknown];[unknown];[unknown];[unknown];[unknown];[unknown];[unknown];[unknown];[unknown];[unknown];[unknown];[unknown];[unknown] 2
C2 CompilerThre;[unknown];[unknown];[unknown];[unknown];[unknown];[unknown];[unknown];[unknown];[unknown];[unknown];[unknown];[unknown];[unknown] 2
C2 CompilerThre;[unknown];[unknown];[unknown];[unknown];[unknown];[unknown];[unknown];[unknown];[unknown];[unknown];[unknown];[unknown];[unknown] 2
C2 CompilerThre;[unknown];[unknown];[unknown];[unknown];[unknown];[unknown];[unknown];[unknown];[unknown];[unknown];[unknown];[unknown];[unknown];[unknown] 2
C2 CompilerThre;[unknown];[unknown];[unknown];[unknown];[unknown];[unknown];[unknown];[unknown];[unknown];[unknown];[unknown];[unknown];[unknown];[unknown];[unknown] 2
C2 CompilerThre;[unknown];[unknown];[unknown];[unknown];[unknown];[unknown];[unknown];[unknown];[unknown];[unknown];[unknown];[unknown];[unknown];[unknown] 2
C2 CompilerThre;[unknown];[unknown];[unknown];[unknown];[unknown];[unknown];[unknown];[unknown];[unknown];[unknown];[unknown];[unknown] 2
C2 CompilerThre;[unknown];[unknown];[unknown];[unknown];[unknown];[unknown];[unknown];[unknown];[unknown];[unknown];[unknown];[unknown];[unknown] 2
C2 CompilerThre;[unknown];[unknown];[unknown];[unknown];[unknown];[unknown];[unknown];[unknown];[unknown];[unknown];[unknown];[unknown];[unknown] 3
C2 CompilerThre;[unknown];[unknown];[unknown];[unknown];[unknown];[unknown];[unknown];[unknown];[unknown];[unknown];[unknown] 3
C2 CompilerThre;[unknown];[unknown];[unknown];[unknown];[unknown];[unknown];[unknown];[unknown];[unknown];[unknown];[unknown];[unknown];[unknown] 3
C2 CompilerThre;[unknown];[unknown];[unknown];[unknown];[unknown];[unknown];[unknown];[unknown] 3
C2 CompilerThre;[unknown];[unknown];[unknown];[unknown];[unknown];[unknown];[unknown];[unknown];[unknown];[unknown];[unknown];[unknown];[unknown];[unknown] 3
C2 CompilerThre;[unknown];[unknown];[unknown];[unknown];[unknown];[unknown];[unknown];[unknown];[unknown];[unknown];[unknown];[unknown];[unknown];[unknown] 3
C2 CompilerThre;[unknown];[unknown];[unknown];[unknown];[unknown];[unknown];[unknown];[unknown];[unknown];[unknown] 3
C2 CompilerThre;[unknown];[unknown];[unknown];[unknown];[unknown];[unknown];[unknown];[unknown];[unknown];[unknown];[unknown];[unknown];[unknown] 3
C2 CompilerThre;[unknown];[unknown];[unknown];[unknown];[unknown];[unknown];[unknown];[unknown];[unknown];[unknown];[unknown];[unknown];[unknown];[unknown];[unknown];[unknown] 3
C2 CompilerThre;[unknown];[unknown];[unknown];[unknown];[unknown];[unknown];[unknown];[unknown];[unknown];[unknown];[unknown];[unknown];[unknown] 3
C2 CompilerThre;[unknown];[unknown];[unknown];[unknown];[unknown];[unknown];[unknown];[unknown];[unknown];[unknown];[unknown];[unknown];[unknown] 3
C2 CompilerThre;[unknown];[unknown];[unknown];[unknown];[unknown];[unknown];[unknown];[unknown];[unknown];[unknown];[unknown];[unknown];[unknown] 3
C2 CompilerThre;[unknown];[unknown];[unknown];[unknown];[unknown];[unknown];[unknown];[unknown];[unknown];[unknown];[unknown];[unknown] 3
C2 CompilerThre;[unknown];[unknown];[unknown];[unknown];[unknown];[unknown];[unknown];[unknown];[unknown];[unknown];[unknown];[unknown] 4
C2 CompilerThre;[unknown];[unknown];[unknown];[unknown];[unknown];[unknown];[unknown];[unknown];[unknown];[unknown];[unknown];[unknown] 4
C2 CompilerThre;[unknown];[unknown];[unknown];[unknown];[unknown];[unknown];[unknown];[unknown];[unknown];[unknown];[unknown] 4
C2 CompilerThre;[unknown];[unknown];[unknown];[unknown];[unknown];[unknown];[unknown];[unknown];[unknown];[unknown];[unknown];[unknown] 4
C2 CompilerThre;[unknown];[unknown];[unknown];[unknown];[unknown];[unknown];[unknown];[unknown];[unknown];[unknown];[unknown];[unknown];[unknown] 4
C2 CompilerThre;[unknown];[unknown];[unknown];[unknown];[unknown];[unknown];[unknown];[unknown];[unknown];[unknown];[unknown];[unknown] 4
C2 CompilerThre;[unknown];[unknown];[unknown];[unknown];[unknown];[unknown];[unknown];[unknown];[unknown];[unknown];[unknown];[unknown] 4
C2 CompilerThre;[unknown];[unknown];[unknown];[unknown];[unknown];[unknown];[unknown];[unknown];[unknown];[unknown];[unknown] 5
C2 CompilerThre;[unknown];[unknown];[unknown];[unknown];[unknown];[unknown];[unknown];[unknown];[unknown];[unknown];[unknown] 5
C2 CompilerThre;[unknown];[unknown];[unknown];[unknown];[unknown];[unknown];[unknown];[unknown];[unknown];[unknown];[unknown];[unknown];[unknown] 5
C2 CompilerThre;[unknown];[unknown];[unknown];[unknown];[unknown];[unknown];[unknown];[unknown];[unknown];[unknown];[unknown];[unknown];[unknown];[unknown];[unknown] 5
C2 CompilerThre;[unknown];[unknown];[unknown];[unknown];[unknown];[unknown];[unknown];[unknown];[unknown];[unknown];[unknown];[unknown];[unknown];[unknown];[unknown] 5
C2 CompilerThre;[unknown];[unknown];[unknown];[unknown];[unknown];[unknown];[unknown];[unknown];[unknown];[unknown];[unknown];[unknown] 5
C2 CompilerThre;[unknown];[unknown];[unknown];[unknown];[unknown];[unknown];[unknown];[unknown];[unknown];[unknown];[unknown];[unknown];[unknown];[unknown];[unknown] 5
C2 CompilerThre;[unknown];[unknown];[unknown];[unknown];[unknown];[unknown];[unknown];[unknown];[unknown];[unknown];[unknown];[unknown];[unknown];[unknown] 6
C2 CompilerThre;[unknown];[unknown];[unknown];[unknown];[unknown];[unknown];[unknown];[unknown];[unknown];[unknown];[unknown];[unknown];[unknown] 7
C2 CompilerThre;[unknown];[unknown];[unknown];[unknown];[unknown];[unknown];[unknown];[unknown];[unknown];[unknown];[unknown];[unknown];[unknown];[unknown];[unknown];[unknown];[unknown] 7
C2 CompilerThre;[unknown];[unknown];[unknown];[unknown];[unknown];[unknown];[unknown];[unknown];[unknown];[unknown];[unknown];[unknown] 7
C2 CompilerThre;[unknown];[unknown];[unknown];[unknown];[unknown];[unknown];[unknown];[unknown];[unknown];[unknown] 7
C2 CompilerThre;[unknown];[unknown];[unknown];[unknown];[unknown];[unknown];[unknown];[unknown];[unknown];[unknown];[unknown];[unknown] 7
C2 CompilerThre;[unknown];[unknown];[unknown];[unknown];[unknown];[unknown];[unknown];[unknown];[unknown];[unknown] 7
C2 CompilerThre;[unknown];[unknown];[unknown];[unknown];[unknown];[unknown];[unknown];[unknown];[unknown];[unknown];[unknown];[unknown] 7
C2 CompilerThre;[unknown];[unknown];[unknown];[unknown];[unknown];[unknown];[unknown];[unknown];[unknown];[unknown];[unknown];[unknown];[unknown] 7
C2 CompilerThre;[unknown];[unknown];[unknown];[unknown];[unknown];[unknown];[unknown];[unknown];[unknown];[unknown];[unknown] 7
C2 CompilerThre;[unknown];[unknown];[unknown];[unknown];[unknown];[unknown];[unknown];[unknown];[unknown];[unknown];[unknown];[unknown] 7
C2 CompilerThre;[unknown];[unknown];[unknown];[unknown];[unknown];[unknown];[unknown];[unknown];[unknown];[unknown];[unknown] 7
C2 CompilerThre;[unknown];[unknown];[unknown];[unknown];[unknown];[unknown];[unknown];[unknown];[unknown];[unknown];[unknown];[unknown] 7
C2 CompilerThre;[unknown];[unknown];[unknown];[unknown];[unknown];[unknown];[unknown];[unknown];[unknown];[unknown];[unknown];[unknown];[unknown];[unknown] 7
C2 CompilerThre;[unknown];[unknown];[unknown];[unknown];[unknown];[unknown];[unknown];[unknown];[unknown];[unknown];[unknown];[unknown] 7
C2 CompilerThre;[unknown];[unknown];[unknown];[unknown];[unknown];[unknown];[unknown];[unknown];[unknown];[unknown];[unknown];[unknown] 7
C2 CompilerThre;[unknown];[unknown];[unknown];[unknown];[unknown];[unknown];[unknown];[unknown];[unknown];[unknown];[unknown];[unknown] 7
C2 CompilerThre;[unknown];[unknown];[unknown];[unknown];[unknown];[unknown];[unknown];[unknown];[unknown];[unknown];[unknown] 7
C2 CompilerThre;[unknown];[unknown];[unknown];[unknown];[unknown];[unknown];[unknown];[unknown];[unknown];[unknown];[unknown] 7
C2 CompilerThre;[unknown];[unknown];[unknown];[unknown];[unknown];[unknown];[unknown];[unknown];[unknown];[unknown];[unknown];[unknown] 7
C2 CompilerThre;[unknown];[unknown];[unknown];[unknown];[unknown];[unknown];[unknown];[unknown];[unknown];[unknown] 7
C2 CompilerThre;[unknown];[unknown];[unknown];[unknown];[unknown];[unknown];[unknown];[unknown];[unknown];[unknown] 7
C2 CompilerThre;[unknown];[unknown];[unknown];[unknown];[unknown];[unknown];[unknown];[unknown];[unknown];[unknown];[unknown];[unknown];[unknown];[unknown];[unknown] 8
C2 CompilerThre;[unknown];[unknown];[unknown];[unknown];[unknown];[unknown];[unknown];[unknown];[unknown];[unknown];[unknown];[unknown] 9
C2 CompilerThre;[unknown];[unknown];[unknown];[unknown];[unknown];[unknown];[unknown];[unknown];[unknown] 9
C2 CompilerThre;[unknown];[unknown];[unknown];[unknown];[unknown];[unknown];[unknown];[unknown];[unknown];[unknown];[unknown] 10
C2 CompilerThre;[unknown];[unknown];[unknown];[unknown];[unknown];[unknown];[unknown];[unknown];[unknown];[unknown];[unknown] 10
C2 CompilerThre;[unknown];[unknown];[unknown];[unknown];[unknown];[unknown];[unknown];[unknown];[unknown];[unknown];[unknown] 11
C2 CompilerThre;[unknown];[unknown];[unknown];[unknown];[unknown];[unknown];[unknown];[unknown];[unknown];[unknown];[unknown] 11
C2 CompilerThre;[unknown];[unknown];[unknown];[unknown];[unknown];[unknown];[unknown];[unknown];[unknown];[unknown];[unknown];[unknown] 13
C2 CompilerThre;[unknown];[unknown];[unknown];[unknown];[unknown];[unknown];[unknown];[unknown];[unknown] 17
C2 CompilerThre;[unknown];[unknown];[unknown];[unknown];[unknown];[unknown];[unknown];[unknown];[unknown] 17
C2 CompilerThre;[unknown];[unknown];[unknown];[unknown];[unknown];[unknown];[unknown];[unknown] 19
C2 CompilerThre;[unknown];[unknown];[unknown];[unknown];[unknown];[unknown];[unknown];[unknown];[unknown] 19
C2 CompilerThre;[unknown];[unknown];[unknown];[unknown];[unknown];[unknown];[unknown];[unknown];[unknown];[unknown];[unknown] 28
C2 CompilerThre;[unknown];[unknown];[unknown];[unknown];[unknown];[unknown];[unknown] 29
C2 CompilerThre;[unknown];[unknown];[unknown];[unknown];[unknown];[unknown];[unknown];[unknown];[unknown];[unknown];[unknown];[unknown];[unknown];[unknown];[unknown];[unknown] 36
C2 CompilerThre;[unknown];[unknown];[unknown];[unknown];[unknown];[unknown];[unknown];[unknown] 41
C2 CompilerThre;[unknown];[unknown];[unknown];[unknown];[unknown];[unknown];[unknown];[unknown];[unknown];[unknown];[unknown];[unknown];[unknown] 49
