C1 CompilerThre;[unknown];[unknown];[unknown];[unknown];[unknown];[unknown];[unknown];[unknown];[unknown];[unknown];[unknown];[unknown];[unknown];[unknown];[unknown];[unknown];[unknown];[unknown];[unknown];[unknown];[unknown];[unknown] 1
C1 CompilerThre;[unknown];[unknown];[unknown];[unknown];[unknown];[unknown];[unknown];[unknown];[unknown];[unknown];[unknown];[unknown];[unknown];[unknown];[unknown] 1
C1 CompilerThre;[unknown];[unknown];[unknown];[unknown];[unknown];[unknown];[unknown];[unknown];[unknown];[unknown];[unknown];[unknown];[unknown];[unknown];[unknown];[unknown];[unknown];[unknown] 1
C1 CompilerThre;[unknown];[unknown];[unknown];[unknown];[unknown];[unknown];[unknown];[unknown];[unknown];[unknown];[unknown];[unknown];[unknown];[unknown];[unknown];[unknown];[unknown];[unknown];[unknown];[unknown];[unknown];[unknown];[unknown] 1
C1 CompilerThre;[unknown];[unknown];[unknown];[unknown];[unknown];[unknown];[unknown];[unknown];[unknown];[unknown];[unknown];[unknown];[unknown];[unknown];[unknown];[unknown];[unknown];[unknown];[unknown];[unknown];[unknown];[unknown];[unknown];[unknown];[unknown];[unknown];[unknown];[unknown] 1
C1 CompilerThre;[unknown];[unknown];[unknown];[unknown];[unknown];[unknown];[unknown];[unknown];[unknown];[unknown];[unknown];[unknown] 1
C1 CompilerThre;[unknown];[unknown];[unknown];[unknown];[unknown];[unknown];[unknown];[unknown];[unknown];[unknown];[unknown];[unknown];[unknown];[unknown];[unknown];[unknown] 1
C1 CompilerThre;[unknown];[unknown];[unknown];[unknown];[unknown];[unknown];[unknown];[unknown];[unknown];[unknown];[unknown];[unknown];[unknown];[unknown];[unknown];[unknown] 1
C1 CompilerThre;[unknown];[unknown];[unknown];[unknown];[unknown];[unknown];[unknown];[unknown];[unknown];[unknown];[unknown];[unknown];[unknown];[unknown];[unknown];[unknown] 1
C1 CompilerThre;[unknown];[unknown];[unknown];[unknown];[unknown];[unknown];[unknown];[unknown];[unknown];[unknown];[unknown];[unknown];[unknown];[unknown];[unknown];[unknown];[unknown] 1
C1 CompilerThre;[unknown];[unknown];[unknown];[unknown];[unknown];[unknown];[unknown];[unknown];[unknown];[unknown];[unknown];[unknown];[unknown];[unknown];[unknown];[unknown];[unknown] 1
C1 CompilerThre;[unknown];[unknown];[unknown];[unknown];[unknown];[unknown];[unknown];[unknown];[unknown];[unknown];[unknown];[unknown];[unknown];[unknown];[unknown];[unknown];[unknown];[unknown];[unknown];[unknown];[unknown] 1
C1 CompilerThre;[unknown];[unknown];[unknown];[unknown];[unknown];[unknown];[unknown];[unknown];[unknown];[unknown];[unknown];[unknown];[unknown];[unknown];[unknown];[unknown];[unknown];[unknown] 1
C1 CompilerThre;[unknown];[unknown];[unknown];[unknown];[unknown];[unknown];[unknown];[unknown];[unknown];[unknown];[unknown];[unknown];[unknown];[unknown];[unknown];[unknown];[unknown];[unknown];[unknown];[unknown];[unknown];[unknown];[unknown];[unknown];[unknown];[unknown] 1
C1 CompilerThre;[unknown];[unknown];[unknown];[unknown];[unknown];[unknown];[unknown];[unknown];[unknown];[unknown];[unknown];[unknown];[unknown];[unknown];[unknown];[unknown];[unknown];[unknown];[unknown];[unknown];[unknown];[unknown];[unknown];[unknown];[unknown];[unknown];[unknown];[unknown] 1
C1 CompilerThre;[unknown];[unknown];[unknown];[unknown];[unknown];[unknown];[unknown];[unknown];[unknown];[unknown];[unknown];[unknown];[unknown];[unknown];[unknown];[unknown];[unknown];[unknown];[unknown];[unknown];[unknown];[unknown];[unknown];[unknown];[unknown];[unknown];[unknown];[unknown];[unknown];[unknown] 1
C1 CompilerThre;[unknown];[unknown];[unknown];[unknown];[unknown];[unknown];[unknown];[unknown];[unknown];[unknown];[unknown];[unknown];[unknown];[unknown];[unknown];[unknown];[unknown] 1
C1 CompilerThre;[unknown];[unknown];[unknown];[unknown];[unknown];[unknown];[unknown];[unknown];[unknown];[unknown];[unknown];[unknown];[unknown];[unknown];[unknown] 1
C1 CompilerThre;[unknown];[unknown];[unknown];[unknown];[unknown];[unknown];[unknown];[unknown];[unknown];[unknown];[unknown];[unknown];[unknown];[unknown];[unknown];[unknown] 1
C1 CompilerThre;[unknown];[unknown];[unknown];[unknown];[unknown];[unknown];[unknown];[unknown];[unknown];[unknown];[unknown];[unknown];[unknown];[unknown];[unknown];[unknown];[unknown];[unknown];[unknown];[unknown];[unknown];[unknown];[unknown];[unknown];[unknown];[unknown];[unknown];[unknown];[unknown];[unknown];[unknown];[unknown] 1
C1 CompilerThre;[unknown];[unknown];[unknown];[unknown];[unknown];[unknown];[unknown];[unknown];[unknown];[unknown];[unknown];[unknown];[unknown];[unknown];[unknown];[unknown];[unknown];[unknown];[unknown];[unknown];[unknown];[unknown];[unknown];[unknown] 1
C1 CompilerThre;[unknown];[unknown];[unknown];[unknown];[unknown];[unknown];[unknown];[unknown];[unknown];[unknown];[unknown];[unknown];[unknown];[unknown];[unknown];[unknown];[unknown];[unknown];[unknown];[unknown];[unknown];[unknown] 1
C1 CompilerThre;[unknown];[unknown];[unknown];[unknown];[unknown];[unknown];[unknown];[unknown];[unknown];[unknown];[unknown];[unknown];[unknown];[unknown];[unknown];[unknown];[unknown];[unknown];[unknown];[unknown];[unknown];[unknown] 1
C1 CompilerThre;[unknown];[unknown];[unknown];[unknown];[unknown];[unknown];[unknown];[unknown];[unknown];[unknown];[unknown];[unknown];[unknown];[unknown];[unknown];[unknown];[unknown];[unknown];[unknown];[unknown];[unknown];[unknown];[unknown];[unknown];[unknown] 2
C1 CompilerThre;[unknown];[unknown];[unknown];[unknown];[unknown];[unknown];[unknown];[unknown];[unknown];[unknown];[unknown];[unknown];[unknown];[unknown];[unknown];[unknown];[unknown];[unknown];[unknown];[unknown];[unknown];[unknown];[unknown];[unknown] 2
C1 CompilerThre;[unknown];[unknown];[unknown];[unknown] 2
C1 CompilerThre;[unknown];[unknown];[unknown];[unknown];[unknown];[unknown];[unknown];[unknown];[unknown];[unknown];[unknown];[unknown];[unknown];[unknown];[unknown];[unknown];[unknown] 2
C1 CompilerThre;[unknown];[unknown];[unknown];[unknown];[unknown];[unknown];[unknown];[unknown];[unknown];[unknown];[unknown];[unknown];[unknown];[unknown];[unknown];[unknown] 2
C1 CompilerThre;[unknown];[unknown];[unknown];[unknown];[unknown];[unknown];[unknown];[unknown];[unknown];[unknown];[unknown];[unknown];[unknown];[unknown];[unknown];[unknown];[unknown];[unknown];[unknown];[unknown];[unknown];[unknown] 2
C1 CompilerThre;[unknown];[unknown];[unknown];[unknown];[unknown];[unknown];[unknown];[unknown];[unknown];[unknown];[unknown];[unknown];[unknown];[unknown];[unknown];[unknown];[unknown];[unknown];[unknown] 2
C1 CompilerThre;[unknown];[unknown];[unknown];[unknown];[unknown];[unknown];[unknown];[unknown];[unknown];[unknown];[unknown];[unknown];[unknown];[unknown];[unknown];[unknown];[unknown] 2
C1 CompilerThre;[unknown];[unknown];[unknown];[unknown];[unknown];[unknown];[unknown];[unknown];[unknown];[unknown];[unknown];[unknown];[unknown];[unknown];[unknown];[unknown];[unknown];[unknown] 2
C1 CompilerThre;[unknown];[unknown];[unknown];[unknown];[unknown];[unknown];[unknown];[unknown];[unknown];[unknown];[unknown];[unknown];[unknown];[unknown];[unknown];[unknown];[unknown];[unknown];[unknown];[unknown];[unknown];[unknown];[unknown];[unknown];[unknown] 2
C1 CompilerThre;[unknown];[unknown];[unknown];[unknown];[unknown];[unknown];[unknown];[unknown];[unknown];[unknown];[unknown];[unknown];[unknown];[unknown];[unknown];[unknown];[unknown];[unknown] 2
C1 CompilerThre;[unknown];[unknown];[unknown];[unknown];[unknown];[unknown];[unknown];[unknown];[unknown];[unknown];[unknown];[unknown];[unknown];[unknown];[unknown];[unknown];[unknown] 2
C1 CompilerThre;[unknown];[unknown];[unknown];[unknown];[unknown];[unknown];[unknown];[unknown];[unknown];[unknown];[unknown];[unknown];[unknown];[unknown];[unknown];[unknown];[unknown] 2
C1 CompilerThre;[unknown];[unknown];[unknown];[unknown];[unknown];[unknown];[unknown];[unknown];[unknown];[unknown];[unknown];[unknown];[unknown];[unknown];[unknown];[unknown];[unknown];[unknown];[unknown];[unknown] 2
C1 CompilerThre;[unknown];[unknown];[unknown];[unknown];[unknown];[unknown];[unknown];[unknown];[unknown];[unknown];[unknown];[unknown];[unknown];[unknown];[unknown];[unknown];[unknown] 2
C1 CompilerThre;[unknown];[unknown];[unknown];[unknown];[unknown];[unknown];[unknown];[unknown];[unknown];[unknown];[unknown];[unknown];[unknown];[unknown];[unknown];[unknown];[unknown];[unknown];[unknown];[unknown];[unknown];[unknown];[unknown];[unknown];[unknown];[unknown];[unknown] 3
C1 CompilerThre;[unknown];[unknown];[unknown];[unknown];[unknown];[unknown];[unknown];[unknown];[unknown];[unknown];[unknown];[unknown];[unknown];[unknown];[unknown];[unknown];[unknown];[unknown];[unknown] 3
C1 CompilerThre;[unknown];[unknown];[unknown];[unknown];[unknown];[unknown];[unknown];[unknown] 3
C1 CompilerThre;[unknown];[unknown];[unknown];[unknown];[unknown];[unknown];[unknown];[unknown];[unknown];[unknown];[unknown];[unknown];[unknown];[unknown];[unknown];[unknown] 3
C1 CompilerThre;[unknown];[unknown];[unknown];[unknown];[unknown];[unknown];[unknown];[unknown];[unknown];[unknown];[unknown];[unknown];[unknown];[unknown];[unknown] 3
C1 CompilerThre;[unknown];[unknown];[unknown];[unknown];[unknown];[unknown];[unknown];[unknown];[unknown];[unknown];[unknown];[unknown];[unknown];[unknown];[unknown];[unknown];[unknown];[unknown];[unknown];[unknown];[unknown];[unknown];[unknown];[unknown];[unknown];[unknown];[unknown];[unknown];[unknown];[unknown];[unknown];[unknown] 3
C1 CompilerThre;[unknown];[unknown];[unknown];[unknown];[unknown];[unknown];[unknown];[unknown];[unknown];[unknown];[unknown];[unknown];[unknown];[unknown];[unknown];[unknown];[unknown];[unknown];[unknown];[unknown] 3
C1 CompilerThre;[unknown];[unknown];[unknown];[unknown];[unknown];[unknown];[unknown];[unknown];[unknown];[unknown];[unknown];[unknown];[unknown];[unknown];[unknown];[unknown];[unknown];[unknown];[unknown];[unknown] 3
C1 CompilerThre;[unknown];[unknown];[unknown];[unknown];[unknown];[unknown] 4
C1 CompilerThre;[unknown];[unknown];[unknown];[unknown];[unknown];[unknown];[unknown];[unknown];[unknown];[unknown];[unknown];[unknown];[unknown];[unknown];[unknown] 4
C1 CompilerThre;[unknown];[unknown];[unknown];[unknown];[unknown];[unknown];[unknown];[unknown];[unknown];[unknown];[unknown];[unknown];[unknown];[unknown];[unknown];[unknown];[unknown];[unknown];[unknown];[unknown];[unknown];[unknown] 4
C1 CompilerThre;[unknown];[unknown];[unknown];[unknown];[unknown];[unknown];[unknown];[unknown];[unknown];[unknown];[unknown];[unknown];[unknown];[unknown];[unknown];[unknown];[unknown] 4
C1 CompilerThre;[unknown];[unknown];[unknown];[unknown];[unknown];[unknown];[unknown];[unknown];[unknown] 12
C1 CompilerThre;[unknown];[unknown];[unknown];[unknown];[unknown];[unknown];[unknown];[unknown];[unknown];[unknown];[unknown] 12
C1 CompilerThre;[unknown];[unknown];[unknown];[unknown];[unknown];[unknown];[unknown];[unknown];[unknown];[unknown];[unknown];[unknown];[unknown] 12
C1 CompilerThre;[unknown];[unknown];[unknown];[unknown];[unknown];[unknown];[unknown];[unknown] 27
C1 CompilerThre;[unknown];[unknown];[unknown];[unknown];[unknown];[unknown];[unknown];[unknown] 41
C1 CompilerThre;[unknown];[unknown];[unknown];[unknown];[unknown];[unknown];[unknown];[unknown] 91
