java;[unknown];[unknown];[unknown];[unknown];[unknown];[unknown];[unknown];[unknown] 1
C2 CompilerThre;[unknown];[unknown];[unknown];[unknown];[unknown];[unknown];[unknown];[unknown];[unknown];[unknown];[unknown];[unknown];[unknown];[unknown];[unknown] 1
C2 CompilerThre;[unknown];[unknown];[unknown];[unknown];[unknown];[unknown];[unknown];[unknown];[unknown];[unknown];[unknown];[unknown];[unknown];[unknown] 1
Thread-1;[unknown];[unknown];[unknown];[unknown];[unknown];[unknown];[unknown];[unknown];[unknown];[unknown];[unknown];[unknown];[unknown];[unknown];[unknown];[unknown];[unknown];[unknown];[unknown];[unknown] 1
C2 CompilerThre;[unknown];[unknown];[unknown];[unknown];[unknown];[unknown];[unknown];[unknown];[unknown];[unknown];[unknown];[unknown];[unknown];[unknown] 1
Thread-1;[unknown];[unknown];[unknown];[unknown];[unknown];[unknown];[unknown];[unknown];[unknown];[unknown];[unknown];[unknown];[unknown];[unknown] 1
java;[unknown];[unknown];[unknown];[unknown];[unknown];[unknown];[unknown];[unknown];[unknown];[unknown];[unknown];[unknown];[unknown];[unknown];[unknown];[unknown];[unknown] 1
Finalizer;[unknown];[unknown];[unknown];[unknown];[unknown];[unknown];[unknown];[unknown];[unknown];[unknown];[unknown];[unknown];[unknown];[unknown];[unknown];[unknown] 1
Thread-1;[unknown];[unknown];[unknown];[unknown];[unknown];[unknown];[unknown];[unknown];[unknown];[unknown];[unknown];[unknown];[unknown];[unknown];[unknown];[unknown];[unknown];[unknown];[unknown];[unknown];[unknown];[unknown];[unknown];[unknown];[unknown];[unknown];[unknown];[unknown];[unknown];[unknown];[unknown] 1
Thread-1;[unknown];[unknown];[unknown];[unknown];[unknown];[unknown];[unknown];[unknown];[unknown];[unknown];[unknown];[unknown];[unknown];[unknown];[unknown];[unknown];[unknown];[unknown];[unknown];[unknown];[unknown];[unknown];[unknown];[unknown];[unknown];[unknown];[unknown];[unknown] 1
C2 CompilerThre;[unknown];[unknown];[unknown];[unknown];[unknown];[unknown];[unknown];[unknown];[unknown];[unknown];[unknown];[unknown] 1
Thread-1;[unknown];[unknown];[unknown];[unknown];[unknown];[unknown];[unknown];[unknown];[unknown];[unknown];[unknown];[unknown];[unknown];[unknown];[unknown];[unknown] 1
Thread-1;[unknown];[unknown];[unknown];[unknown];[unknown];[unknown];[unknown];[unknown];[unknown];[unknown];[unknown];[unknown];[unknown];[unknown];[unknown];[unknown];[unknown];[unknown];[unknown] 1
Thread-0;[unknown];[unknown];[unknown];[unknown];[unknown];[unknown];[unknown];[unknown];[unknown];[unknown];[unknown];[unknown];[unknown];[unknown];[unknown];[unknown];[unknown];[unknown];[unknown] 1
C2 CompilerThre;[unknown];[unknown];[unknown];[unknown];[unknown];[unknown];[unknown];[unknown];[unknown];[unknown];[unknown];[unknown];[unknown];[unknown] 1
C2 CompilerThre;[unknown];[unknown];[unknown];[unknown];[unknown];[unknown];[unknown];[unknown];[unknown];[unknown];[unknown];[unknown];[unknown] 1
java;[unknown];[unknown];[unknown];[unknown];[unknown];[unknown];[unknown];[unknown];[unknown];[unknown] 1
java;[unknown] 1
C2 CompilerThre;[unknown];[unknown];[unknown];[unknown];[unknown];[unknown];[unknown];[unknown];[unknown];[unknown];[unknown];[unknown];[unknown];[unknown] 1
Thread-0;[unknown];[unknown];[unknown];[unknown];[unknown];[unknown];[unknown];[unknown];[unknown];[unknown];[unknown];[unknown];[unknown];[unknown];[unknown] 1
Thread-1;[unknown];[unknown];[unknown];[unknown];[unknown];[unknown];[unknown];[unknown];[unknown];[unknown];[unknown];[unknown];[unknown];[unknown];[unknown];[unknown];[unknown];[unknown];[unknown];[unknown] 1
Thread-0;[unknown];[unknown];[unknown];[unknown];[unknown];[unknown];[unknown];[unknown];[unknown];[unknown];[unknown];[unknown];[unknown];[unknown];[unknown] 1
Thread-0;[unknown];[unknown];[unknown];[unknown];[unknown];[unknown];[unknown];[unknown];[unknown];[unknown];[unknown];[unknown];[unknown];[unknown];[unknown];[unknown];[unknown];[unknown] 1
C1 CompilerThre;[unknown];[unknown];[unknown];[unknown];[unknown];[unknown];[unknown];[unknown];[unknown];[unknown];[unknown];[unknown];[unknown];[unknown];[unknown];[unknown];[unknown];[unknown];[unknown];[unknown];[unknown];[unknown] 1
Thread-0;[unknown];[unknown];[unknown];[unknown];[unknown];[unknown];[unknown];[unknown];[unknown];[unknown];[unknown];[unknown];[unknown];[unknown];[unknown];[unknown];[unknown];[unknown];[unknown] 1
java;[unknown];[unknown];[unknown];[unknown];[unknown];[unknown];[unknown];[unknown];[unknown];[unknown];[unknown];[unknown];[unknown];[unknown];[unknown];[unknown];[unknown];[unknown];[unknown];[unknown] 1
Thread-0;[unknown];[unknown];[unknown];[unknown];[unknown];[unknown];[unknown];[unknown];[unknown];[unknown];[unknown];[unknown];[unknown];[unknown];[unknown];[unknown];[unknown];[unknown] 1
Thread-1;[unknown];[unknown];[unknown];[unknown];[unknown];[unknown];[unknown];[unknown];[unknown];[unknown];[unknown];[unknown];[unknown];[unknown];[unknown];[unknown];[unknown];[unknown] 1
java;[unknown];[unknown];[unknown];[unknown];[unknown];[unknown];[unknown];[unknown];[unknown] 1
C2 CompilerThre;[unknown];[unknown];[unknown];[unknown];[unknown];[unknown];[unknown];[unknown];[unknown];[unknown];[unknown];[unknown] 1
C2 CompilerThre;[unknown];[unknown];[unknown];[unknown];[unknown];[unknown];[unknown];[unknown];[unknown];[unknown];[unknown];[unknown] 1
java;[unknown];[unknown];[unknown];[unknown];[unknown];[unknown];[unknown] 1
Thread-0;[unknown];[unknown];[unknown];[unknown];[unknown];[unknown];[unknown];[unknown];[unknown];[unknown];[unknown];[unknown];[unknown];[unknown];[unknown];[unknown] 1
Thread-1;[unknown];[unknown];[unknown];[unknown];[unknown];[unknown];[unknown];[unknown];[unknown];[unknown];[unknown];[unknown];[unknown];[unknown];[unknown];[unknown];[unknown];[unknown];[unknown];[unknown];[unknown];[unknown];[unknown];[unknown];[unknown];[unknown];[unknown];[unknown];[unknown];[unknown];[unknown];[unknown];[unknown];[unknown];[unknown];[unknown] 1
Thread-0;[unknown];[unknown];[unknown];[unknown];[unknown];[unknown];[unknown];[unknown];[unknown];[unknown];[unknown];[unknown];[unknown];[unknown];[unknown];[unknown];[unknown] 1
Thread-1;[unknown];[unknown];[unknown];[unknown];[unknown];[unknown];[unknown];[unknown];[unknown];[unknown];[unknown];[unknown];[unknown];[unknown];[unknown] 1
C2 CompilerThre;[unknown];[unknown];[unknown];[unknown];[unknown];[unknown];[unknown];[unknown];[unknown];[unknown];[unknown];[unknown];[unknown];[unknown];[unknown];[unknown] 1
C2 CompilerThre;[unknown];[unknown];[unknown];[unknown];[unknown];[unknown];[unknown];[unknown];[unknown];[unknown];[unknown];[unknown];[unknown];[unknown];[unknown];[unknown];[unknown];[unknown];[unknown];[unknown];[unknown];[unknown] 1
C2 CompilerThre;[unknown];[unknown];[unknown];[unknown];[unknown];[unknown];[unknown];[unknown];[unknown];[unknown];[unknown];[unknown];[unknown];[unknown];[unknown];[unknown] 1
Thread-1;[unknown];[unknown];[unknown];[unknown];[unknown];[unknown];[unknown];[unknown];[unknown];[unknown];[unknown];[unknown];[unknown];[unknown] 1
VM Periodic Tas;[unknown];[unknown];[unknown];[unknown] 1
java;[unknown];[unknown];[unknown];[unknown];[unknown];[unknown];[unknown];[unknown] 1
Thread-1;[unknown];[unknown];[unknown];[unknown];[unknown];[unknown];[unknown];[unknown];[unknown];[unknown];[unknown];[unknown];[unknown];[unknown];[unknown];[unknown];[unknown];[unknown];[unknown];[unknown];[unknown];[unknown];[unknown];[unknown];[unknown];[unknown];[unknown];[unknown];[unknown];[unknown];[unknown];[unknown];[unknown] 1
java;[unknown];[unknown];[unknown];[unknown];[unknown];[unknown] 1
Thread-0;[unknown];[unknown];[unknown];[unknown];[unknown];[unknown];[unknown];[unknown];[unknown];[unknown];[unknown];[unknown];[unknown];[unknown] 1
Thread-0;[unknown];[unknown];[unknown];[unknown];[unknown];[unknown];[unknown];[unknown];[unknown];[unknown];[unknown];[unknown];[unknown];[unknown];[unknown];[unknown] 1
Thread-1;[unknown];[unknown];[unknown];[unknown];[unknown];[unknown];[unknown];[unknown];[unknown];[unknown];[unknown];[unknown];[unknown];[unknown];[unknown];[unknown];[unknown];[unknown];[unknown] 1
Thread-1;[unknown];[unknown];[unknown];[unknown];[unknown];[unknown];[unknown];[unknown];[unknown];[unknown];[unknown];[unknown];[unknown];[unknown];[unknown];[unknown];[unknown];[unknown];[unknown];[unknown];[unknown];[unknown];[unknown];[unknown];[unknown];[unknown];[unknown];[unknown];[unknown];[unknown];[unknown] 1
Thread-0;[unknown];[unknown];[unknown];[unknown];[unknown];[unknown];[unknown];[unknown];[unknown];[unknown];[unknown];[unknown];[unknown];[unknown];[unknown];[unknown];[unknown];[unknown];[unknown];[unknown];[unknown];[unknown];[unknown];[unknown];[unknown];[unknown];[unknown];[unknown];[unknown];[unknown];[unknown];[unknown];[unknown];[unknown];[unknown];[unknown];[unknown];[unknown] 1
C2 CompilerThre;[unknown];[unknown];[unknown];[unknown];[unknown];[unknown];[unknown];[unknown];[unknown];[unknown];[unknown];[unknown];[unknown];[unknown];[unknown] 1
Thread-0;[unknown];[unknown];[unknown];[unknown];[unknown];[unknown];[unknown];[unknown];[unknown];[unknown];[unknown];[unknown];[unknown];[unknown];[unknown] 1
Thread-1;[unknown];[unknown];[unknown];[unknown];[unknown];[unknown];[unknown];[unknown];[unknown];[unknown];[unknown];[unknown];[unknown];[unknown];[unknown];[unknown];[unknown];[unknown];[unknown];[unknown];[unknown];[unknown];[unknown];[unknown];[unknown];[unknown];[unknown] 1
Thread-0;[unknown];[unknown];[unknown];[unknown];[unknown];[unknown];[unknown];[unknown];[unknown];[unknown] 1
C1 CompilerThre;[unknown];[unknown];[unknown];[unknown];[unknown];[unknown];[unknown];[unknown];[unknown];[unknown];[unknown];[unknown];[unknown];[unknown];[unknown] 1
Thread-0;[unknown];[unknown];[unknown];[unknown];[unknown];[unknown];[unknown];[unknown];[unknown];[unknown];[unknown];[unknown];[unknown];[unknown];[unknown];[unknown];[unknown];[unknown];[unknown];[unknown];[unknown];[unknown];[unknown];[unknown];[unknown];[unknown];[unknown];[unknown];[unknown];[unknown];[unknown];[unknown];[unknown];[unknown];[unknown];[unknown];[unknown];[unknown];[unknown];[unknown];[unknown];[unknown] 1
java;[unknown];[unknown];[unknown];[unknown];[unknown];[unknown];[unknown];[unknown];[unknown];[unknown];[unknown];[unknown];[unknown];[unknown];[unknown];[unknown];[unknown];[unknown];[unknown] 1
C1 CompilerThre;[unknown];[unknown];[unknown];[unknown];[unknown];[unknown];[unknown];[unknown];[unknown];[unknown];[unknown];[unknown];[unknown];[unknown];[unknown];[unknown];[unknown];[unknown] 1
C2 CompilerThre;[unknown];[unknown];[unknown];[unknown];[unknown];[unknown];[unknown];[unknown];[unknown];[unknown];[unknown];[unknown];[unknown];[unknown];[unknown];[unknown];[unknown];[unknown];[unknown];[unknown];[unknown];[unknown];[unknown] 1
C2 CompilerThre;[unknown];[unknown];[unknown];[unknown];[unknown];[unknown];[unknown];[unknown];[unknown];[unknown];[unknown];[unknown];[unknown];[unknown];[unknown];[unknown];[unknown];[unknown] 1
C2 CompilerThre;[unknown];[unknown];[unknown];[unknown];[unknown];[unknown];[unknown];[unknown];[unknown];[unknown];[unknown];[unknown];[unknown];[unknown];[unknown] 1
java;[unknown];[unknown];[unknown];[unknown];[unknown];[unknown];[unknown];[unknown];[unknown] 1
C2 CompilerThre;[unknown];[unknown];[unknown];[unknown];[unknown];[unknown];[unknown];[unknown];[unknown];[unknown];[unknown];[unknown];[unknown] 1
Thread-1;[unknown];[unknown];[unknown];[unknown];[unknown];[unknown];[unknown];[unknown];[unknown];[unknown];[unknown];[unknown];[unknown];[unknown] 1
C1 CompilerThre;[unknown];[unknown];[unknown];[unknown];[unknown];[unknown];[unknown];[unknown];[unknown];[unknown];[unknown];[unknown];[unknown];[unknown];[unknown];[unknown];[unknown];[unknown];[unknown];[unknown];[unknown];[unknown];[unknown] 1
C1 CompilerThre;[unknown];[unknown];[unknown];[unknown];[unknown];[unknown];[unknown];[unknown];[unknown];[unknown];[unknown];[unknown];[unknown];[unknown];[unknown];[unknown];[unknown];[unknown];[unknown];[unknown];[unknown];[unknown];[unknown];[unknown];[unknown];[unknown];[unknown];[unknown] 1
C2 CompilerThre;[unknown];[unknown];[unknown];[unknown];[unknown];[unknown];[unknown];[unknown];[unknown];[unknown];[unknown];[unknown];[unknown];[unknown];[unknown];[unknown];[unknown];[unknown];[unknown];[unknown];[unknown];[unknown] 1
java;[unknown];[unknown];[unknown];[unknown];[unknown] 1
Thread-1;[unknown];[unknown];[unknown];[unknown];[unknown];[unknown];[unknown];[unknown];[unknown];[unknown];[unknown];[unknown];[unknown];[unknown];[unknown];[unknown];[unknown];[unknown] 1
C2 CompilerThre;[unknown];[unknown];[unknown];[unknown];[unknown];[unknown];[unknown];[unknown];[unknown];[unknown];[unknown];[unknown];[unknown];[unknown];[unknown] 1
C2 CompilerThre;[unknown];[unknown];[unknown];[unknown];[unknown];[unknown];[unknown];[unknown];[unknown];[unknown];[unknown];[unknown] 1
Thread-1;[unknown];[unknown];[unknown];[unknown];[unknown];[unknown];[unknown];[unknown];[unknown];[unknown];[unknown];[unknown];[unknown];[unknown] 1
C2 CompilerThre;[unknown];[unknown];[unknown];[unknown];[unknown];[unknown];[unknown];[unknown];[unknown];[unknown];[unknown];[unknown];[unknown];[unknown];[unknown];[unknown];[unknown];[unknown] 1
C2 CompilerThre;[unknown];[unknown];[unknown];[unknown];[unknown];[unknown];[unknown];[unknown];[unknown];[unknown];[unknown];[unknown];[unknown];[unknown];[unknown] 1
C2 CompilerThre;[unknown];[unknown];[unknown];[unknown];[unknown];[unknown];[unknown];[unknown];[unknown];[unknown];[unknown];[unknown];[unknown] 1
Thread-0;[unknown];[unknown];[unknown];[unknown];[unknown];[unknown];[unknown];[unknown];[unknown];[unknown];[unknown];[unknown];[unknown];[unknown];[unknown] 1
Thread-1;[unknown];[unknown];[unknown];[unknown];[unknown];[unknown];[unknown];[unknown];[unknown];[unknown];[unknown];[unknown];[unknown];[unknown];[unknown];[unknown];[unknown];[unknown];[unknown];[unknown];[unknown];[unknown];[unknown];[unknown];[unknown];[unknown];[unknown];[unknown];[unknown];[unknown];[unknown];[unknown];[unknown];[unknown] 1
Thread-1;[unknown];[unknown];[unknown];[unknown];[unknown];[unknown];[unknown];[unknown];[unknown];[unknown];[unknown];[unknown];[unknown];[unknown];[unknown];[unknown];[unknown];[unknown] 1
Thread-0;[unknown];[unknown];[unknown];[unknown];[unknown];[unknown];[unknown];[unknown];[unknown];[unknown];[unknown];[unknown];[unknown];[unknown];[unknown];[unknown];[unknown];[unknown] 1
Thread-1;[unknown];[unknown];[unknown];[unknown];[unknown];[unknown];[unknown];[unknown];[unknown];[unknown];[unknown];[unknown];[unknown];[unknown];[unknown];[unknown] 1
Thread-1;[unknown];[unknown];[unknown];[unknown];[unknown];[unknown];[unknown];[unknown];[unknown];[unknown];[unknown];[unknown];[unknown];[unknown];[unknown];[unknown];[unknown] 1
Thread-1;[unknown];[unknown];[unknown];[unknown];[unknown];[unknown];[unknown];[unknown];[unknown];[unknown];[unknown];[unknown];[unknown];[unknown];[unknown];[unknown];[unknown];[unknown];[unknown];[unknown];[unknown] 1
Thread-0;[unknown];[unknown];[unknown];[unknown];[unknown];[unknown];[unknown];[unknown];[unknown];[unknown];[unknown];[unknown];[unknown];[unknown] 1
Thread-1;[unknown];[unknown];[unknown];[unknown];[unknown];[unknown];[unknown];[unknown];[unknown];[unknown];[unknown];[unknown];[unknown];[unknown];[unknown];[unknown] 1
C2 CompilerThre;[unknown];[unknown];[unknown];[unknown];[unknown];[unknown];[unknown];[unknown];[unknown];[unknown];[unknown];[unknown];[unknown];[unknown];[unknown];[unknown];[unknown];[unknown];[unknown];[unknown];[unknown];[unknown] 1
C1 CompilerThre;[unknown];[unknown];[unknown];[unknown];[unknown];[unknown];[unknown];[unknown];[unknown];[unknown];[unknown];[unknown] 1
Thread-0;[unknown];[unknown];[unknown];[unknown];[unknown];[unknown];[unknown];[unknown];[unknown];[unknown];[unknown];[unknown];[unknown];[unknown];[unknown];[unknown];[unknown];[unknown] 1
java;[unknown];[unknown];[unknown];[unknown];[unknown];[unknown];[unknown];[unknown];[unknown];[unknown];[unknown];[unknown];[unknown];[unknown];[unknown] 1
C2 CompilerThre;[unknown];[unknown];[unknown];[unknown];[unknown];[unknown];[unknown];[unknown];[unknown];[unknown];[unknown];[unknown];[unknown];[unknown];[unknown];[unknown];[unknown];[unknown];[unknown];[unknown];[unknown];[unknown];[unknown];[unknown];[unknown];[unknown];[unknown] 1
C1 CompilerThre;[unknown];[unknown];[unknown];[unknown];[unknown];[unknown];[unknown];[unknown];[unknown];[unknown];[unknown];[unknown];[unknown];[unknown];[unknown];[unknown] 1
C2 CompilerThre;[unknown];[unknown];[unknown];[unknown];[unknown];[unknown];[unknown];[unknown] 1
Thread-1;[unknown];[unknown];[unknown];[unknown];[unknown];[unknown];[unknown];[unknown];[unknown];[unknown] 1
Thread-1;[unknown];[unknown];[unknown];[unknown];[unknown];[unknown];[unknown];[unknown];[unknown];[unknown];[unknown];[unknown];[unknown];[unknown];[unknown];[unknown] 1
C1 CompilerThre;[unknown];[unknown];[unknown];[unknown];[unknown];[unknown];[unknown];[unknown];[unknown];[unknown];[unknown];[unknown];[unknown];[unknown];[unknown];[unknown] 1
java;[unknown];[unknown];[unknown];[unknown];[unknown];[unknown];[unknown];[unknown];[unknown];[unknown];[unknown];[unknown];[unknown];[unknown];[unknown];[unknown];[unknown];[unknown] 1
java;[unknown];[unknown];[unknown];[unknown];[unknown];[unknown];[unknown];[unknown];[unknown];[unknown];[unknown];[unknown];[unknown];[unknown];[unknown];[unknown];[unknown] 1
Thread-0;[unknown];[unknown];[unknown];[unknown];[unknown];[unknown];[unknown];[unknown];[unknown];[unknown];[unknown];[unknown];[unknown];[unknown] 1
java;[unknown];[unknown];[unknown];[unknown];[unknown];[unknown];[unknown];[unknown];[unknown];[unknown];[unknown];[unknown];[unknown];[unknown] 1
C1 CompilerThre;[unknown];[unknown];[unknown];[unknown];[unknown];[unknown];[unknown];[unknown];[unknown];[unknown];[unknown];[unknown];[unknown];[unknown];[unknown];[unknown] 1
C2 CompilerThre;[unknown];[unknown];[unknown];[unknown];[unknown];[unknown];[unknown];[unknown];[unknown];[unknown] 1
Thread-0;[unknown];[unknown];[unknown];[unknown];[unknown];[unknown];[unknown];[unknown];[unknown];[unknown];[unknown];[unknown];[unknown];[unknown];[unknown];[unknown] 1
java;[unknown];[unknown];[unknown];[unknown];[unknown];[unknown];[unknown];[unknown];[unknown];[unknown];[unknown];[unknown];[unknown];[unknown] 1
C2 CompilerThre;[unknown];[unknown];[unknown];[unknown];[unknown];[unknown];[unknown];[unknown];[unknown];[unknown];[unknown];[unknown];[unknown];[unknown];[unknown] 1
C1 CompilerThre;[unknown];[unknown];[unknown];[unknown];[unknown];[unknown];[unknown];[unknown];[unknown];[unknown];[unknown];[unknown];[unknown];[unknown];[unknown];[unknown];[unknown] 1
C2 CompilerThre;[unknown];[unknown];[unknown];[unknown];[unknown];[unknown];[unknown];[unknown];[unknown];[unknown];[unknown];[unknown];[unknown] 1
Thread-1;[unknown];[unknown];[unknown];[unknown];[unknown];[unknown] 1
VM Periodic Tas;[unknown];[unknown];[unknown];[unknown];[unknown];[unknown];[unknown] 1
C2 CompilerThre;[unknown];[unknown];[unknown];[unknown];[unknown];[unknown];[unknown];[unknown];[unknown];[unknown];[unknown];[unknown];[unknown] 1
Thread-1;[unknown];[unknown];[unknown];[unknown];[unknown];[unknown];[unknown];[unknown];[unknown];[unknown];[unknown];[unknown];[unknown];[unknown];[unknown];[unknown];[unknown];[unknown];[unknown];[unknown];[unknown];[unknown];[unknown];[unknown];[unknown];[unknown];[unknown];[unknown];[unknown];[unknown];[unknown];[unknown];[unknown];[unknown];[unknown] 1
Thread-0;[unknown];[unknown];[unknown];[unknown];[unknown];[unknown];[unknown];[unknown];[unknown];[unknown];[unknown];[unknown];[unknown];[unknown] 1
Thread-1;[unknown];[unknown];[unknown];[unknown];[unknown];[unknown];[unknown];[unknown];[unknown];[unknown];[unknown];[unknown];[unknown];[unknown];[unknown] 1
C2 CompilerThre;[unknown];[unknown];[unknown];[unknown];[unknown];[unknown];[unknown];[unknown];[unknown];[unknown];[unknown];[unknown];[unknown];[unknown];[unknown];[unknown];[unknown];[unknown];[unknown] 1
C2 CompilerThre;[unknown];[unknown];[unknown];[unknown];[unknown];[unknown];[unknown];[unknown];[unknown];[unknown];[unknown];[unknown];[unknown];[unknown] 1
Finalizer;[unknown];[unknown];[unknown];[unknown];[unknown];[unknown];[unknown];[unknown];[unknown];[unknown];[unknown];[unknown];[unknown];[unknown];[unknown];[unknown];[unknown];[unknown];[unknown] 1
Thread-0;[unknown];[unknown];[unknown];[unknown];[unknown];[unknown];[unknown];[unknown];[unknown];[unknown];[unknown];[unknown];[unknown];[unknown];[unknown] 1
VM Thread;[unknown];[unknown];[unknown];[unknown];[unknown];[unknown];[unknown];[unknown];[unknown];[unknown];[unknown];[unknown];[unknown] 1
Thread-1;[unknown];[unknown];[unknown];[unknown];[unknown];[unknown];[unknown];[unknown];[unknown];[unknown];[unknown];[unknown];[unknown];[unknown];[unknown];[unknown];[unknown];[unknown];[unknown] 1
Thread-0;[unknown];[unknown];[unknown];[unknown];[unknown];[unknown];[unknown];[unknown];[unknown];[unknown];[unknown] 1
C2 CompilerThre;[unknown];[unknown];[unknown];[unknown];[unknown];[unknown];[unknown];[unknown];[unknown];[unknown];[unknown];[unknown];[unknown];[unknown] 1
C2 CompilerThre;[unknown];[unknown];[unknown];[unknown];[unknown];[unknown];[unknown];[unknown];[unknown];[unknown];[unknown];[unknown];[unknown] 1
Thread-1;[unknown];[unknown];[unknown];[unknown];[unknown];[unknown];[unknown];[unknown];[unknown];[unknown];[unknown];[unknown];[unknown];[unknown];[unknown];[unknown];[unknown];[unknown];[unknown];[unknown];[unknown];[unknown];[unknown];[unknown];[unknown];[unknown];[unknown];[unknown];[unknown];[unknown];[unknown];[unknown];[unknown] 1
C2 CompilerThre;[unknown];[unknown];[unknown];[unknown];[unknown];[unknown];[unknown];[unknown];[unknown];[unknown];[unknown];[unknown];[unknown];[unknown];[unknown];[unknown];[unknown];[unknown];[unknown];[unknown];[unknown];[unknown];[unknown] 1
C2 CompilerThre;[unknown];[unknown];[unknown];[unknown];[unknown];[unknown];[unknown];[unknown];[unknown];[unknown];[unknown];[unknown];[unknown] 1
Thread-1;[unknown];[unknown];[unknown];[unknown];[unknown];[unknown];[unknown];[unknown] 1
C1 CompilerThre;[unknown];[unknown];[unknown];[unknown];[unknown];[unknown];[unknown];[unknown];[unknown];[unknown];[unknown];[unknown];[unknown];[unknown];[unknown];[unknown];[unknown] 1
Thread-1;[unknown];[unknown];[unknown];[unknown];[unknown];[unknown];[unknown];[unknown];[unknown];[unknown];[unknown];[unknown];[unknown];[unknown];[unknown];[unknown] 1
Thread-1;[unknown];[unknown];[unknown];[unknown];[unknown];[unknown];[unknown];[unknown];[unknown];[unknown];[unknown];[unknown];[unknown];[unknown];[unknown];[unknown];[unknown];[unknown];[unknown];[unknown];[unknown];[unknown];[unknown];[unknown];[unknown];[unknown];[unknown] 1
Thread-0;[unknown];[unknown];[unknown];[unknown];[unknown];[unknown];[unknown];[unknown];[unknown];[unknown];[unknown];[unknown];[unknown];[unknown];[unknown] 1
Thread-0;[unknown];[unknown];[unknown];[unknown];[unknown];[unknown];[unknown];[unknown];[unknown];[unknown];[unknown];[unknown];[unknown];[unknown];[unknown];[unknown];[unknown];[unknown];[unknown];[unknown];[unknown];[unknown];[unknown];[unknown];[unknown];[unknown];[unknown];[unknown];[unknown];[unknown];[unknown];[unknown];[unknown];[unknown];[unknown];[unknown];[unknown];[unknown];[unknown] 1
C2 CompilerThre;[unknown];[unknown];[unknown];[unknown];[unknown];[unknown];[unknown];[unknown];[unknown];[unknown];[unknown];[unknown];[unknown];[unknown];[unknown];[unknown];[unknown] 1
Thread-1;[unknown];[unknown];[unknown];[unknown];[unknown];[unknown];[unknown];[unknown];[unknown];[unknown];[unknown];[unknown];[unknown];[unknown];[unknown];[unknown];[unknown];[unknown];[unknown];[unknown];[unknown];[unknown];[unknown];[unknown];[unknown];[unknown];[unknown];[unknown];[unknown];[unknown] 1
java;[unknown];[unknown];[unknown];[unknown];[unknown];[unknown];[unknown];[unknown];[unknown];[unknown];[unknown];[unknown];[unknown];[unknown];[unknown];[unknown];[unknown];[unknown];[unknown];[unknown];[unknown] 1
C2 CompilerThre;[unknown];[unknown];[unknown];[unknown];[unknown];[unknown];[unknown];[unknown];[unknown];[unknown];[unknown];[unknown];[unknown] 1
Thread-1;[unknown];[unknown];[unknown];[unknown];[unknown];[unknown];[unknown];[unknown];[unknown];[unknown];[unknown];[unknown];[unknown];[unknown];[unknown];[unknown] 1
java;[unknown];[unknown];[unknown];[unknown];[unknown];[unknown];[unknown];[unknown];[unknown];[unknown];[unknown];[unknown];[unknown] 1
Thread-0;[unknown];[unknown];[unknown];[unknown];[unknown];[unknown];[unknown];[unknown];[unknown];[unknown];[unknown];[unknown];[unknown];[unknown];[unknown];[unknown];[unknown];[unknown];[unknown];[unknown];[unknown];[unknown];[unknown];[unknown];[unknown];[unknown];[unknown];[unknown];[unknown];[unknown];[unknown];[unknown];[unknown];[unknown] 1
java;[unknown];[unknown];[unknown];[unknown];[unknown];[unknown];[unknown];[unknown];[unknown];[unknown];[unknown];[unknown];[unknown] 1
Thread-0;[unknown];[unknown];[unknown];[unknown];[unknown];[unknown];[unknown];[unknown];[unknown];[unknown];[unknown];[unknown];[unknown];[unknown];[unknown];[unknown];[unknown];[unknown];[unknown];[unknown] 1
C2 CompilerThre;[unknown];[unknown];[unknown];[unknown];[unknown];[unknown];[unknown];[unknown];[unknown];[unknown];[unknown];[unknown];[unknown];[unknown] 1
Thread-0;[unknown];[unknown];[unknown];[unknown];[unknown];[unknown];[unknown];[unknown];[unknown];[unknown];[unknown];[unknown];[unknown] 1
Thread-0;[unknown];[unknown];[unknown];[unknown];[unknown];[unknown];[unknown];[unknown];[unknown];[unknown];[unknown];[unknown];[unknown];[unknown] 1
Thread-0;[unknown];[unknown];[unknown];[unknown];[unknown];[unknown];[unknown];[unknown];[unknown];[unknown];[unknown];[unknown];[unknown];[unknown];[unknown];[unknown];[unknown];[unknown];[unknown];[unknown] 1
java;[unknown];[unknown];[unknown];[unknown];[unknown];[unknown];[unknown];[unknown];[unknown];[unknown] 1
java;[unknown];[unknown];[unknown];[unknown];[unknown];[unknown];[unknown];[unknown];[unknown];[unknown];[unknown];[unknown];[unknown];[unknown];[unknown];[unknown];[unknown];[unknown];[unknown];[unknown];[unknown];[unknown];[unknown];[unknown];[unknown];[unknown];[unknown];[unknown];[unknown];[unknown];[unknown];[unknown];[unknown];[unknown];[unknown];[unknown];[unknown];[unknown];[unknown];[unknown] 1
java;[unknown];[unknown];[unknown];[unknown];[unknown];[unknown];[unknown] 1
Thread-0;[unknown];[unknown];[unknown];[unknown];[unknown];[unknown];[unknown];[unknown];[unknown];[unknown];[unknown];[unknown];[unknown];[unknown];[unknown];[unknown];[unknown] 1
Thread-1;[unknown];[unknown];[unknown];[unknown];[unknown];[unknown];[unknown];[unknown];[unknown];[unknown];[unknown];[unknown];[unknown];[unknown];[unknown];[unknown];[unknown] 1
C2 CompilerThre;[unknown];[unknown];[unknown];[unknown];[unknown];[unknown];[unknown];[unknown];[unknown];[unknown];[unknown];[unknown] 1
C2 CompilerThre;[unknown];[unknown];[unknown];[unknown];[unknown];[unknown];[unknown];[unknown];[unknown];[unknown];[unknown];[unknown];[unknown] 1
VM Thread;[unknown];[unknown];[unknown];[unknown];[unknown];[unknown];[unknown] 1
Thread-0;[unknown];[unknown];[unknown];[unknown];[unknown];[unknown];[unknown];[unknown];[unknown];[unknown];[unknown];[unknown];[unknown];[unknown];[unknown];[unknown];[unknown];[unknown];[unknown] 1
C2 CompilerThre;[unknown];[unknown];[unknown];[unknown];[unknown];[unknown];[unknown];[unknown];[unknown];[unknown];[unknown];[unknown];[unknown];[unknown];[unknown];[unknown];[unknown];[unknown];[unknown];[unknown];[unknown];[unknown];[unknown];[unknown];[unknown];[unknown];[unknown];[unknown] 1
Thread-1;[unknown];[unknown];[unknown];[unknown];[unknown];[unknown];[unknown];[unknown];[unknown];[unknown];[unknown];[unknown];[unknown];[unknown];[unknown];[unknown];[unknown];[unknown] 1
Thread-1;[unknown];[unknown];[unknown];[unknown];[unknown];[unknown];[unknown];[unknown];[unknown];[unknown];[unknown];[unknown];[unknown];[unknown];[unknown];[unknown] 1
C2 CompilerThre;[unknown];[unknown];[unknown];[unknown];[unknown];[unknown];[unknown];[unknown];[unknown];[unknown];[unknown];[unknown];[unknown];[unknown];[unknown];[unknown];[unknown];[unknown];[unknown];[unknown];[unknown] 1
C1 CompilerThre;[unknown];[unknown];[unknown];[unknown];[unknown];[unknown];[unknown];[unknown];[unknown];[unknown];[unknown];[unknown];[unknown];[unknown];[unknown];[unknown];[unknown];[unknown];[unknown];[unknown];[unknown] 1
C1 CompilerThre;[unknown];[unknown];[unknown];[unknown];[unknown];[unknown];[unknown];[unknown];[unknown];[unknown];[unknown];[unknown];[unknown];[unknown];[unknown];[unknown];[unknown];[unknown] 1
Reference Handl;[unknown];[unknown];[unknown];[unknown];[unknown];[unknown];[unknown];[unknown];[unknown];[unknown];[unknown];[unknown];[unknown];[unknown] 1
Thread-0;[unknown];[unknown];[unknown];[unknown];[unknown];[unknown];[unknown];[unknown];[unknown];[unknown];[unknown];[unknown];[unknown];[unknown];[unknown];[unknown];[unknown] 1
Thread-1;[unknown];[unknown];[unknown];[unknown];[unknown];[unknown];[unknown];[unknown];[unknown];[unknown];[unknown];[unknown];[unknown];[unknown];[unknown];[unknown];[unknown];[unknown];[unknown];[unknown];[unknown];[unknown] 1
java;[unknown];[unknown];[unknown];[unknown];[unknown];[unknown];[unknown];[unknown];[unknown];[unknown] 1
C1 CompilerThre;[unknown];[unknown];[unknown];[unknown];[unknown];[unknown];[unknown];[unknown];[unknown];[unknown];[unknown];[unknown];[unknown];[unknown];[unknown];[unknown];[unknown];[unknown];[unknown];[unknown];[unknown];[unknown];[unknown];[unknown];[unknown];[unknown] 1
java;[unknown];[unknown];[unknown];[unknown];[unknown];[unknown];[unknown];[unknown];[unknown];[unknown];[unknown];[unknown];[unknown];[unknown] 1
C2 CompilerThre;[unknown];[unknown];[unknown];[unknown];[unknown];[unknown];[unknown];[unknown];[unknown];[unknown];[unknown];[unknown];[unknown];[unknown] 1
Thread-1;[unknown];[unknown];[unknown];[unknown];[unknown];[unknown];[unknown];[unknown];[unknown];[unknown];[unknown];[unknown];[unknown];[unknown];[unknown];[unknown];[unknown];[unknown];[unknown];[unknown];[unknown];[unknown];[unknown];[unknown];[unknown];[unknown] 1
Thread-0;[unknown];[unknown];[unknown];[unknown];[unknown];[unknown];[unknown];[unknown];[unknown];[unknown] 1
Thread-0;[unknown];[unknown];[unknown];[unknown];[unknown];[unknown];[unknown];[unknown] 1
java;[unknown];[unknown];[unknown];[unknown];[unknown];[unknown];[unknown];[unknown];[unknown];[unknown];[unknown];[unknown];[unknown] 1
C1 CompilerThre;[unknown];[unknown];[unknown];[unknown];[unknown];[unknown];[unknown];[unknown];[unknown];[unknown];[unknown];[unknown];[unknown];[unknown];[unknown];[unknown];[unknown];[unknown];[unknown];[unknown];[unknown];[unknown];[unknown];[unknown];[unknown];[unknown];[unknown];[unknown] 1
C2 CompilerThre;[unknown];[unknown];[unknown];[unknown];[unknown];[unknown];[unknown];[unknown];[unknown];[unknown];[unknown];[unknown];[unknown];[unknown];[unknown] 1
Thread-1;[unknown];[unknown];[unknown];[unknown];[unknown];[unknown];[unknown];[unknown];[unknown];[unknown];[unknown];[unknown];[unknown];[unknown];[unknown];[unknown] 1
C2 CompilerThre;[unknown];[unknown];[unknown];[unknown];[unknown];[unknown];[unknown];[unknown];[unknown];[unknown];[unknown];[unknown];[unknown] 1
Thread-0;[unknown];[unknown];[unknown];[unknown];[unknown];[unknown];[unknown];[unknown];[unknown];[unknown];[unknown];[unknown];[unknown];[unknown];[unknown];[unknown];[unknown];[unknown];[unknown];[unknown];[unknown];[unknown];[unknown];[unknown];[unknown];[unknown];[unknown];[unknown];[unknown];[unknown];[unknown];[unknown];[unknown];[unknown];[unknown];[unknown];[unknown];[unknown];[unknown] 1
java;[unknown];[unknown];[unknown];[unknown];[unknown];[unknown];[unknown];[unknown];[unknown];[unknown] 1
C2 CompilerThre;[unknown];[unknown];[unknown];[unknown];[unknown];[unknown];[unknown];[unknown];[unknown];[unknown];[unknown];[unknown] 1
Thread-1;[unknown];[unknown];[unknown];[unknown];[unknown];[unknown];[unknown];[unknown];[unknown];[unknown];[unknown];[unknown];[unknown];[unknown];[unknown] 1
Thread-1;[unknown];[unknown];[unknown];[unknown];[unknown];[unknown];[unknown];[unknown];[unknown];[unknown];[unknown];[unknown];[unknown];[unknown];[unknown];[unknown];[unknown] 1
java;[unknown];[unknown];[unknown];[unknown];[unknown];[unknown];[unknown];[unknown];[unknown];[unknown];[unknown];[unknown];[unknown];[unknown];[unknown];[unknown];[unknown];[unknown];[unknown];[unknown];[unknown];[unknown] 1
Thread-0;[unknown];[unknown];[unknown];[unknown];[unknown];[unknown];[unknown];[unknown];[unknown];[unknown];[unknown];[unknown];[unknown];[unknown];[unknown];[unknown];[unknown];[unknown];[unknown];[unknown];[unknown] 1
C2 CompilerThre;[unknown];[unknown];[unknown];[unknown];[unknown];[unknown];[unknown];[unknown];[unknown];[unknown];[unknown];[unknown] 1
Thread-1;[unknown];[unknown];[unknown];[unknown];[unknown];[unknown];[unknown];[unknown];[unknown];[unknown];[unknown];[unknown];[unknown];[unknown];[unknown];[unknown];[unknown];[unknown] 1
java;[unknown];[unknown];[unknown];[unknown];[unknown];[unknown];[unknown];[unknown];[unknown] 1
Thread-1;[unknown] 1
C2 CompilerThre;[unknown];[unknown];[unknown];[unknown];[unknown];[unknown];[unknown];[unknown];[unknown];[unknown];[unknown];[unknown];[unknown];[unknown] 1
Thread-1;[unknown];[unknown];[unknown];[unknown];[unknown];[unknown];[unknown];[unknown];[unknown];[unknown];[unknown];[unknown];[unknown];[unknown] 1
Thread-0;[unknown];[unknown];[unknown];[unknown];[unknown];[unknown];[unknown];[unknown];[unknown];[unknown];[unknown];[unknown];[unknown];[unknown];[unknown];[unknown];[unknown];[unknown];[unknown];[unknown];[unknown];[unknown];[unknown];[unknown];[unknown];[unknown];[unknown];[unknown];[unknown];[unknown];[unknown];[unknown];[unknown];[unknown];[unknown];[unknown];[unknown];[unknown];[unknown] 1
C2 CompilerThre;[unknown];[unknown];[unknown];[unknown];[unknown];[unknown];[unknown];[unknown];[unknown];[unknown];[unknown];[unknown];[unknown];[unknown] 1
java;[unknown];[unknown];[unknown];[unknown];[unknown] 1
java;[unknown];[unknown];[unknown];[unknown];[unknown];[unknown];[unknown];[unknown];[unknown];[unknown];[unknown];[unknown];[unknown];[unknown];[unknown];[unknown];[unknown];[unknown];[unknown];[unknown];[unknown];[unknown] 1
Thread-1;[unknown];[unknown];[unknown];[unknown];[unknown];[unknown];[unknown];[unknown] 1
Thread-1;[unknown];[unknown];[unknown];[unknown];[unknown];[unknown];[unknown];[unknown];[unknown];[unknown];[unknown];[unknown];[unknown];[unknown];[unknown];[unknown] 1
C2 CompilerThre;[unknown];[unknown];[unknown];[unknown];[unknown];[unknown];[unknown];[unknown];[unknown];[unknown];[unknown] 1
Thread-0;[unknown];[unknown];[unknown];[unknown];[unknown];[unknown];[unknown];[unknown];[unknown];[unknown];[unknown];[unknown];[unknown];[unknown];[unknown] 1
Reference Handl;[unknown];[unknown];[unknown];[unknown];[unknown];[unknown];[unknown];[unknown];[unknown];[unknown];[unknown];[unknown];[unknown];[unknown];[unknown];[unknown] 1
Thread-0;[unknown];[unknown];[unknown];[unknown];[unknown];[unknown];[unknown];[unknown];[unknown];[unknown];[unknown];[unknown];[unknown];[unknown];[unknown];[unknown] 1
Thread-1;[unknown];[unknown];[unknown];[unknown];[unknown];[unknown];[unknown];[unknown];[unknown];[unknown];[unknown];[unknown];[unknown];[unknown] 1
java;[unknown];[unknown];[unknown];[unknown];[unknown];[unknown];[unknown];[unknown] 1
C2 CompilerThre;[unknown];[unknown];[unknown];[unknown];[unknown];[unknown];[unknown];[unknown];[unknown];[unknown];[unknown];[unknown];[unknown];[unknown];[unknown];[unknown];[unknown] 1
C2 CompilerThre;[unknown];[unknown];[unknown];[unknown];[unknown];[unknown];[unknown];[unknown];[unknown];[unknown];[unknown];[unknown];[unknown];[unknown];[unknown];[unknown];[unknown];[unknown];[unknown];[unknown];[unknown] 1
java;[unknown];[unknown];[unknown];[unknown];[unknown];[unknown];[unknown];[unknown];[unknown];[unknown];[unknown];[unknown];[unknown];[unknown];[unknown];[unknown];[unknown] 1
C2 CompilerThre;[unknown];[unknown];[unknown];[unknown];[unknown];[unknown];[unknown];[unknown];[unknown];[unknown];[unknown];[unknown];[unknown];[unknown];[unknown];[unknown] 1
C2 CompilerThre;[unknown];[unknown];[unknown];[unknown];[unknown];[unknown];[unknown];[unknown];[unknown];[unknown];[unknown];[unknown];[unknown];[unknown] 1
Thread-1;[unknown];[unknown];[unknown];[unknown];[unknown];[unknown];[unknown];[unknown];[unknown];[unknown];[unknown];[unknown];[unknown];[unknown];[unknown];[unknown];[unknown];[unknown];[unknown] 1
Thread-1;[unknown];[unknown];[unknown];[unknown];[unknown];[unknown];[unknown];[unknown];[unknown];[unknown];[unknown];[unknown];[unknown];[unknown];[unknown];[unknown];[unknown];[unknown];[unknown];[unknown];[unknown];[unknown];[unknown];[unknown];[unknown];[unknown];[unknown];[unknown];[unknown];[unknown];[unknown] 1
C2 CompilerThre;[unknown];[unknown];[unknown];[unknown];[unknown];[unknown];[unknown];[unknown];[unknown];[unknown];[unknown];[unknown];[unknown];[unknown] 1
C2 CompilerThre;[unknown];[unknown];[unknown];[unknown];[unknown];[unknown];[unknown];[unknown];[unknown];[unknown];[unknown];[unknown];[unknown];[unknown];[unknown];[unknown] 1
Thread-0;[unknown];[unknown];[unknown];[unknown];[unknown];[unknown];[unknown];[unknown];[unknown];[unknown];[unknown];[unknown];[unknown];[unknown];[unknown];[unknown];[unknown];[unknown] 1
Thread-0;[unknown];[unknown];[unknown];[unknown];[unknown];[unknown];[unknown];[unknown];[unknown];[unknown];[unknown];[unknown];[unknown];[unknown];[unknown];[unknown];[unknown];[unknown];[unknown];[unknown];[unknown];[unknown];[unknown];[unknown];[unknown];[unknown];[unknown];[unknown];[unknown];[unknown];[unknown];[unknown];[unknown];[unknown];[unknown];[unknown];[unknown];[unknown];[unknown];[unknown];[unknown];[unknown];[unknown] 1
Thread-1;[unknown];[unknown];[unknown];[unknown];[unknown];[unknown];[unknown];[unknown];[unknown];[unknown];[unknown];[unknown];[unknown];[unknown] 1
Thread-1;[unknown];[unknown];[unknown];[unknown];[unknown];[unknown];[unknown];[unknown];[unknown];[unknown];[unknown];[unknown];[unknown];[unknown];[unknown];[unknown];[unknown];[unknown];[unknown];[unknown];[unknown] 1
C2 CompilerThre;[unknown];[unknown];[unknown];[unknown];[unknown];[unknown];[unknown];[unknown];[unknown];[unknown];[unknown];[unknown];[unknown];[unknown] 1
C2 CompilerThre;[unknown];[unknown];[unknown];[unknown];[unknown];[unknown];[unknown];[unknown];[unknown];[unknown];[unknown];[unknown];[unknown];[unknown] 1
C1 CompilerThre;[unknown];[unknown];[unknown];[unknown];[unknown];[unknown];[unknown];[unknown];[unknown];[unknown];[unknown];[unknown];[unknown];[unknown];[unknown];[unknown];[unknown];[unknown];[unknown];[unknown];[unknown];[unknown];[unknown];[unknown];[unknown];[unknown];[unknown];[unknown];[unknown];[unknown] 1
Thread-0;[unknown];[unknown];[unknown];[unknown];[unknown];[unknown];[unknown];[unknown];[unknown];[unknown];[unknown];[unknown];[unknown];[unknown];[unknown];[unknown];[unknown] 1
C2 CompilerThre;[unknown];[unknown];[unknown];[unknown];[unknown];[unknown];[unknown];[unknown];[unknown];[unknown];[unknown];[unknown];[unknown];[unknown];[unknown] 1
C1 CompilerThre;[unknown];[unknown];[unknown];[unknown];[unknown];[unknown];[unknown];[unknown];[unknown];[unknown];[unknown];[unknown];[unknown];[unknown];[unknown];[unknown];[unknown] 1
Thread-1;[unknown];[unknown];[unknown];[unknown];[unknown];[unknown];[unknown];[unknown];[unknown];[unknown];[unknown];[unknown];[unknown];[unknown];[unknown];[unknown];[unknown];[unknown];[unknown] 1
Thread-0;[unknown];[unknown];[unknown];[unknown];[unknown];[unknown];[unknown];[unknown] 1
Thread-1;[unknown];[unknown];[unknown];[unknown];[unknown];[unknown];[unknown];[unknown];[unknown];[unknown];[unknown];[unknown];[unknown];[unknown];[unknown];[unknown];[unknown] 1
java;[unknown];[unknown];[unknown];[unknown];[unknown];[unknown];[unknown];[unknown];[unknown];[unknown] 1
C2 CompilerThre;[unknown];[unknown];[unknown];[unknown];[unknown];[unknown];[unknown];[unknown] 1
C2 CompilerThre;[unknown];[unknown];[unknown];[unknown];[unknown];[unknown];[unknown];[unknown];[unknown];[unknown];[unknown];[unknown];[unknown];[unknown] 1
C2 CompilerThre;[unknown];[unknown];[unknown];[unknown];[unknown];[unknown];[unknown];[unknown];[unknown];[unknown];[unknown];[unknown];[unknown] 1
C2 CompilerThre;[unknown];[unknown];[unknown];[unknown];[unknown];[unknown];[unknown];[unknown];[unknown];[unknown];[unknown];[unknown];[unknown];[unknown] 1
C2 CompilerThre;[unknown];[unknown];[unknown];[unknown];[unknown];[unknown];[unknown];[unknown];[unknown];[unknown];[unknown];[unknown];[unknown];[unknown] 1
Thread-1;[unknown];[unknown];[unknown];[unknown];[unknown];[unknown];[unknown];[unknown];[unknown];[unknown];[unknown];[unknown];[unknown];[unknown];[unknown];[unknown];[unknown];[unknown];[unknown] 1
Thread-0;[unknown];[unknown];[unknown];[unknown];[unknown];[unknown];[unknown];[unknown];[unknown];[unknown];[unknown];[unknown];[unknown];[unknown];[unknown];[unknown] 1
Signal Dispatch;[unknown];[unknown];[unknown];[unknown];[unknown];[unknown];[unknown];[unknown] 1
Thread-0;[unknown];[unknown];[unknown];[unknown];[unknown];[unknown];[unknown];[unknown] 1
C1 CompilerThre;[unknown];[unknown];[unknown];[unknown];[unknown];[unknown];[unknown];[unknown];[unknown];[unknown];[unknown];[unknown];[unknown];[unknown];[unknown] 1
java;[unknown];[unknown];[unknown];[unknown];[unknown] 1
C1 CompilerThre;[unknown];[unknown];[unknown];[unknown];[unknown];[unknown];[unknown];[unknown];[unknown];[unknown];[unknown];[unknown];[unknown];[unknown];[unknown];[unknown] 1
C2 CompilerThre;[unknown];[unknown];[unknown];[unknown];[unknown];[unknown];[unknown];[unknown];[unknown];[unknown];[unknown];[unknown];[unknown];[unknown];[unknown] 1
C2 CompilerThre;[unknown];[unknown];[unknown];[unknown];[unknown];[unknown];[unknown];[unknown];[unknown];[unknown];[unknown];[unknown];[unknown];[unknown];[unknown];[unknown] 1
java;[unknown];[unknown];[unknown];[unknown];[unknown];[unknown];[unknown];[unknown];[unknown];[unknown];[unknown];[unknown];[unknown];[unknown];[unknown];[unknown];[unknown];[unknown];[unknown];[unknown];[unknown];[unknown];[unknown];[unknown];[unknown] 1
Thread-1;[unknown];[unknown];[unknown];[unknown];[unknown];[unknown];[unknown];[unknown];[unknown];[unknown];[unknown];[unknown];[unknown];[unknown];[unknown];[unknown];[unknown];[unknown];[unknown] 1
C2 CompilerThre;[unknown];[unknown];[unknown];[unknown];[unknown];[unknown];[unknown];[unknown];[unknown];[unknown];[unknown];[unknown];[unknown];[unknown] 1
Thread-1;[unknown];[unknown];[unknown];[unknown];[unknown];[unknown];[unknown];[unknown];[unknown];[unknown];[unknown];[unknown];[unknown];[unknown];[unknown];[unknown];[unknown];[unknown];[unknown];[unknown];[unknown];[unknown] 1
Thread-1;[unknown];[unknown];[unknown];[unknown];[unknown];[unknown];[unknown];[unknown];[unknown];[unknown];[unknown];[unknown];[unknown];[unknown];[unknown];[unknown];[unknown];[unknown];[unknown];[unknown] 1
C1 CompilerThre;[unknown];[unknown];[unknown];[unknown];[unknown];[unknown];[unknown];[unknown];[unknown];[unknown];[unknown];[unknown];[unknown];[unknown];[unknown];[unknown];[unknown];[unknown];[unknown];[unknown];[unknown];[unknown];[unknown];[unknown];[unknown];[unknown];[unknown];[unknown];[unknown];[unknown];[unknown];[unknown] 1
C2 CompilerThre;[unknown];[unknown];[unknown];[unknown];[unknown];[unknown];[unknown];[unknown];[unknown];[unknown];[unknown];[unknown];[unknown];[unknown] 1
C2 CompilerThre;[unknown];[unknown];[unknown];[unknown];[unknown];[unknown];[unknown];[unknown];[unknown];[unknown];[unknown];[unknown];[unknown];[unknown] 1
Thread-0;[unknown];[unknown];[unknown];[unknown];[unknown];[unknown];[unknown];[unknown];[unknown];[unknown];[unknown];[unknown];[unknown];[unknown];[unknown];[unknown];[unknown] 1
C2 CompilerThre;[unknown];[unknown];[unknown];[unknown];[unknown];[unknown];[unknown];[unknown];[unknown];[unknown];[unknown];[unknown];[unknown];[unknown];[unknown];[unknown];[unknown] 1
C2 CompilerThre;[unknown];[unknown];[unknown];[unknown];[unknown];[unknown];[unknown];[unknown];[unknown];[unknown];[unknown];[unknown];[unknown];[unknown];[unknown];[unknown];[unknown];[unknown];[unknown] 1
Thread-1;[unknown];[unknown];[unknown];[unknown];[unknown];[unknown];[unknown];[unknown];[unknown];[unknown];[unknown];[unknown];[unknown];[unknown];[unknown] 1
C2 CompilerThre;[unknown];[unknown];[unknown];[unknown];[unknown];[unknown];[unknown];[unknown];[unknown];[unknown];[unknown];[unknown];[unknown];[unknown];[unknown];[unknown];[unknown];[unknown];[unknown] 1
Thread-1;[unknown];[unknown];[unknown];[unknown];[unknown];[unknown];[unknown];[unknown];[unknown];[unknown];[unknown];[unknown];[unknown];[unknown];[unknown];[unknown];[unknown];[unknown];[unknown];[unknown];[unknown];[unknown];[unknown];[unknown];[unknown];[unknown];[unknown];[unknown];[unknown];[unknown];[unknown];[unknown];[unknown];[unknown];[unknown];[unknown];[unknown];[unknown] 1
java;[unknown];[unknown];[unknown] 1
Thread-0;[unknown];[unknown];[unknown];[unknown];[unknown];[unknown];[unknown];[unknown];[unknown];[unknown];[unknown];[unknown];[unknown];[unknown];[unknown];[unknown];[unknown];[unknown];[unknown] 1
VM Thread;[unknown];[unknown];[unknown];[unknown] 1
java;[unknown];[unknown];[unknown] 1
Thread-1;[unknown];[unknown];[unknown];[unknown];[unknown];[unknown];[unknown];[unknown];[unknown];[unknown];[unknown];[unknown];[unknown];[unknown];[unknown];[unknown];[unknown];[unknown];[unknown];[unknown] 1
Thread-0;[unknown];[unknown];[unknown];[unknown];[unknown];[unknown];[unknown];[unknown];[unknown];[unknown];[unknown];[unknown];[unknown];[unknown];[unknown];[unknown];[unknown] 1
Finalizer;[unknown];[unknown];[unknown];[unknown];[unknown];[unknown];[unknown];[unknown];[unknown];[unknown];[unknown];[unknown];[unknown];[unknown];[unknown];[unknown];[unknown];[unknown];[unknown];[unknown];[unknown] 1
C2 CompilerThre;[unknown];[unknown];[unknown];[unknown];[unknown];[unknown];[unknown];[unknown];[unknown];[unknown];[unknown];[unknown];[unknown];[unknown];[unknown];[unknown];[unknown] 1
C2 CompilerThre;[unknown];[unknown];[unknown];[unknown];[unknown];[unknown];[unknown];[unknown];[unknown];[unknown];[unknown];[unknown];[unknown];[unknown] 1
C2 CompilerThre;[unknown];[unknown];[unknown];[unknown];[unknown];[unknown];[unknown];[unknown];[unknown];[unknown];[unknown];[unknown];[unknown];[unknown];[unknown] 1
C2 CompilerThre;[unknown];[unknown];[unknown];[unknown];[unknown];[unknown];[unknown];[unknown];[unknown];[unknown];[unknown];[unknown];[unknown] 1
java;[unknown];[unknown];[unknown];[unknown];[unknown];[unknown];[unknown];[unknown];[unknown];[unknown];[unknown];[unknown];[unknown];[unknown];[unknown];[unknown];[unknown];[unknown];[unknown];[unknown];[unknown] 1
C2 CompilerThre;[unknown];[unknown];[unknown];[unknown];[unknown];[unknown];[unknown];[unknown];[unknown];[unknown];[unknown];[unknown];[unknown];[unknown];[unknown];[unknown];[unknown];[unknown];[unknown];[unknown];[unknown] 1
Thread-0;[unknown];[unknown];[unknown];[unknown];[unknown];[unknown];[unknown];[unknown];[unknown];[unknown];[unknown];[unknown];[unknown];[unknown];[unknown] 1
Thread-0;[unknown];[unknown];[unknown];[unknown];[unknown];[unknown];[unknown];[unknown];[unknown];[unknown];[unknown];[unknown];[unknown];[unknown];[unknown];[unknown];[unknown] 1
C2 CompilerThre;[unknown];[unknown];[unknown];[unknown];[unknown];[unknown];[unknown];[unknown];[unknown];[unknown];[unknown];[unknown];[unknown] 1
java;[unknown];[unknown];[unknown];[unknown];[unknown];[unknown];[unknown];[unknown];[unknown];[unknown];[unknown];[unknown];[unknown];[unknown];[unknown] 1
Thread-0;[unknown];[unknown];[unknown];[unknown];[unknown];[unknown];[unknown];[unknown];[unknown];[unknown];[unknown];[unknown];[unknown];[unknown];[unknown];[unknown];[unknown];[unknown] 1
C2 CompilerThre;[unknown];[unknown];[unknown];[unknown];[unknown];[unknown];[unknown];[unknown];[unknown];[unknown];[unknown];[unknown];[unknown];[unknown];[unknown];[unknown];[unknown];[unknown];[unknown] 1
Thread-1;[unknown];[unknown];[unknown];[unknown];[unknown];[unknown];[unknown];[unknown] 1
C1 CompilerThre;[unknown];[unknown];[unknown];[unknown];[unknown];[unknown];[unknown];[unknown];[unknown];[unknown];[unknown];[unknown];[unknown];[unknown];[unknown];[unknown];[unknown];[unknown];[unknown];[unknown];[unknown];[unknown];[unknown];[unknown] 1
Signal Dispatch;[unknown];[unknown];[unknown];[unknown];[unknown];[unknown];[unknown];[unknown] 1
C1 CompilerThre;[unknown];[unknown];[unknown];[unknown];[unknown];[unknown];[unknown];[unknown];[unknown];[unknown];[unknown];[unknown];[unknown];[unknown];[unknown];[unknown];[unknown];[unknown];[unknown];[unknown];[unknown];[unknown] 1
C2 CompilerThre;[unknown];[unknown];[unknown];[unknown];[unknown];[unknown];[unknown];[unknown];[unknown];[unknown];[unknown];[unknown];[unknown];[unknown];[unknown];[unknown];[unknown];[unknown];[unknown] 1
Thread-0;[unknown];[unknown];[unknown];[unknown];[unknown];[unknown];[unknown];[unknown];[unknown];[unknown];[unknown];[unknown];[unknown];[unknown];[unknown];[unknown];[unknown];[unknown];[unknown];[unknown] 1
C2 CompilerThre;[unknown];[unknown];[unknown];[unknown];[unknown];[unknown];[unknown];[unknown];[unknown];[unknown];[unknown];[unknown];[unknown];[unknown] 1
java;[unknown];[unknown];[unknown];[unknown];[unknown];[unknown];[unknown];[unknown] 1
C1 CompilerThre;[unknown];[unknown];[unknown];[unknown];[unknown];[unknown];[unknown];[unknown];[unknown];[unknown];[unknown];[unknown];[unknown];[unknown];[unknown];[unknown];[unknown];[unknown];[unknown];[unknown];[unknown];[unknown] 1
java;[unknown];[unknown];[unknown];[unknown];[unknown] 1
Thread-1;[unknown];[unknown];[unknown];[unknown];[unknown];[unknown];[unknown];[unknown];[unknown];[unknown];[unknown];[unknown];[unknown];[unknown];[unknown];[unknown];[unknown] 1
Thread-1;[unknown];[unknown];[unknown];[unknown];[unknown];[unknown];[unknown];[unknown];[unknown];[unknown];[unknown];[unknown];[unknown];[unknown];[unknown];[unknown];[unknown];[unknown];[unknown];[unknown];[unknown];[unknown];[unknown];[unknown];[unknown];[unknown];[unknown];[unknown] 1
java;[unknown];[unknown];[unknown];[unknown];[unknown];[unknown];[unknown] 1
Thread-1;[unknown];[unknown];[unknown];[unknown];[unknown];[unknown];[unknown];[unknown];[unknown];[unknown];[unknown];[unknown];[unknown];[unknown];[unknown];[unknown] 1
Thread-0;[unknown];[unknown];[unknown];[unknown];[unknown];[unknown];[unknown];[unknown];[unknown];[unknown];[unknown];[unknown];[unknown];[unknown];[unknown];[unknown];[unknown];[unknown];[unknown];[unknown];[unknown];[unknown];[unknown];[unknown];[unknown];[unknown];[unknown];[unknown];[unknown];[unknown];[unknown] 1
C2 CompilerThre;[unknown];[unknown];[unknown];[unknown];[unknown];[unknown];[unknown];[unknown];[unknown];[unknown];[unknown];[unknown];[unknown] 1
Thread-0;[unknown];[unknown];[unknown];[unknown];[unknown];[unknown];[unknown];[unknown];[unknown];[unknown];[unknown];[unknown];[unknown];[unknown];[unknown];[unknown] 1
Thread-1;[unknown];[unknown];[unknown];[unknown];[unknown];[unknown];[unknown];[unknown];[unknown];[unknown];[unknown];[unknown];[unknown];[unknown];[unknown];[unknown];[unknown];[unknown];[unknown] 1
Thread-1;[unknown];[unknown];[unknown];[unknown];[unknown];[unknown];[unknown];[unknown];[unknown];[unknown];[unknown];[unknown];[unknown];[unknown];[unknown];[unknown];[unknown] 1
C2 CompilerThre;[unknown];[unknown];[unknown];[unknown];[unknown];[unknown];[unknown];[unknown];[unknown];[unknown];[unknown];[unknown];[unknown];[unknown] 1
Thread-1;[unknown];[unknown];[unknown];[unknown];[unknown];[unknown];[unknown];[unknown];[unknown];[unknown];[unknown];[unknown];[unknown];[unknown];[unknown];[unknown];[unknown];[unknown];[unknown] 1
C2 CompilerThre;[unknown];[unknown];[unknown];[unknown];[unknown];[unknown];[unknown];[unknown];[unknown];[unknown];[unknown];[unknown];[unknown] 1
C2 CompilerThre;[unknown];[unknown];[unknown];[unknown];[unknown];[unknown];[unknown];[unknown];[unknown];[unknown];[unknown];[unknown];[unknown] 2
C1 CompilerThre;[unknown];[unknown];[unknown];[unknown];[unknown];[unknown];[unknown];[unknown];[unknown];[unknown];[unknown];[unknown];[unknown];[unknown];[unknown];[unknown];[unknown];[unknown];[unknown];[unknown];[unknown];[unknown];[unknown];[unknown];[unknown] 2
C2 CompilerThre;[unknown];[unknown];[unknown];[unknown];[unknown];[unknown];[unknown];[unknown];[unknown];[unknown];[unknown];[unknown];[unknown];[unknown];[unknown];[unknown];[unknown] 2
Thread-0;[unknown];[unknown];[unknown];[unknown];[unknown];[unknown];[unknown];[unknown];[unknown];[unknown];[unknown];[unknown];[unknown];[unknown];[unknown];[unknown];[unknown];[unknown];[unknown];[unknown] 2
Thread-0;[unknown];[unknown];[unknown];[unknown];[unknown];[unknown];[unknown];[unknown];[unknown];[unknown];[unknown];[unknown];[unknown];[unknown];[unknown];[unknown] 2
C2 CompilerThre;[unknown];[unknown];[unknown];[unknown];[unknown];[unknown];[unknown];[unknown];[unknown];[unknown];[unknown];[unknown];[unknown] 2
Thread-1;[unknown];[unknown];[unknown];[unknown];[unknown];[unknown];[unknown];[unknown];[unknown];[unknown];[unknown];[unknown];[unknown];[unknown] 2
C1 CompilerThre;[unknown];[unknown];[unknown];[unknown];[unknown];[unknown];[unknown];[unknown];[unknown];[unknown];[unknown];[unknown];[unknown];[unknown];[unknown];[unknown];[unknown];[unknown];[unknown];[unknown];[unknown];[unknown];[unknown];[unknown] 2
C2 CompilerThre;[unknown];[unknown];[unknown];[unknown];[unknown];[unknown];[unknown];[unknown];[unknown];[unknown];[unknown];[unknown];[unknown];[unknown];[unknown] 2
C2 CompilerThre;[unknown];[unknown];[unknown];[unknown];[unknown];[unknown];[unknown];[unknown];[unknown];[unknown];[unknown];[unknown];[unknown];[unknown];[unknown];[unknown] 2
Thread-1;[unknown];[unknown];[unknown];[unknown];[unknown];[unknown];[unknown];[unknown];[unknown];[unknown];[unknown];[unknown];[unknown];[unknown] 2
java;[unknown];[unknown];[unknown];[unknown];[unknown];[unknown];[unknown];[unknown];[unknown];[unknown];[unknown];[unknown];[unknown];[unknown];[unknown];[unknown];[unknown];[unknown];[unknown];[unknown];[unknown];[unknown];[unknown];[unknown] 2
C2 CompilerThre;[unknown];[unknown];[unknown];[unknown];[unknown];[unknown];[unknown];[unknown];[unknown];[unknown];[unknown];[unknown];[unknown];[unknown];[unknown] 2
Thread-1;[unknown];[unknown];[unknown];[unknown];[unknown];[unknown];[unknown];[unknown];[unknown];[unknown];[unknown];[unknown];[unknown];[unknown];[unknown];[unknown] 2
Thread-1;[unknown];[unknown];[unknown];[unknown];[unknown];[unknown];[unknown];[unknown];[unknown];[unknown];[unknown];[unknown];[unknown];[unknown];[unknown];[unknown] 2
C1 CompilerThre;[unknown];[unknown];[unknown];[unknown] 2
C1 CompilerThre;[unknown];[unknown];[unknown];[unknown];[unknown];[unknown];[unknown];[unknown];[unknown];[unknown];[unknown];[unknown];[unknown];[unknown];[unknown];[unknown];[unknown] 2
java;[unknown];[unknown];[unknown];[unknown];[unknown];[unknown];[unknown];[unknown];[unknown];[unknown];[unknown];[unknown];[unknown];[unknown];[unknown] 2
C1 CompilerThre;[unknown];[unknown];[unknown];[unknown];[unknown];[unknown];[unknown];[unknown];[unknown];[unknown];[unknown];[unknown];[unknown];[unknown];[unknown];[unknown] 2
java;[unknown];[unknown];[unknown];[unknown];[unknown];[unknown];[unknown];[unknown];[unknown];[unknown];[unknown];[unknown];[unknown];[unknown];[unknown];[unknown];[unknown];[unknown];[unknown];[unknown];[unknown];[unknown];[unknown];[unknown];[unknown] 2
C2 CompilerThre;[unknown];[unknown];[unknown];[unknown];[unknown];[unknown];[unknown];[unknown];[unknown];[unknown];[unknown];[unknown];[unknown];[unknown];[unknown] 2
C2 CompilerThre;[unknown];[unknown];[unknown];[unknown];[unknown];[unknown];[unknown];[unknown];[unknown];[unknown];[unknown];[unknown];[unknown] 2
C2 CompilerThre;[unknown];[unknown];[unknown];[unknown];[unknown];[unknown] 2
C2 CompilerThre;[unknown];[unknown];[unknown];[unknown];[unknown];[unknown];[unknown];[unknown];[unknown];[unknown];[unknown];[unknown];[unknown];[unknown];[unknown];[unknown];[unknown];[unknown];[unknown];[unknown] 2
Thread-0;[unknown];[unknown];[unknown];[unknown];[unknown];[unknown];[unknown];[unknown];[unknown];[unknown];[unknown];[unknown];[unknown];[unknown];[unknown];[unknown];[unknown] 2
C2 CompilerThre;[unknown];[unknown];[unknown];[unknown];[unknown];[unknown];[unknown];[unknown];[unknown];[unknown];[unknown];[unknown] 2
Thread-0;[unknown];[unknown];[unknown];[unknown];[unknown];[unknown];[unknown];[unknown];[unknown];[unknown];[unknown];[unknown];[unknown];[unknown];[unknown];[unknown];[unknown];[unknown] 2
C2 CompilerThre;[unknown];[unknown];[unknown];[unknown];[unknown];[unknown];[unknown];[unknown];[unknown];[unknown];[unknown];[unknown];[unknown];[unknown];[unknown];[unknown];[unknown];[unknown] 2
C2 CompilerThre;[unknown];[unknown];[unknown];[unknown];[unknown];[unknown];[unknown];[unknown];[unknown];[unknown];[unknown];[unknown];[unknown];[unknown] 2
C1 CompilerThre;[unknown];[unknown];[unknown];[unknown];[unknown];[unknown];[unknown];[unknown];[unknown];[unknown];[unknown];[unknown];[unknown];[unknown];[unknown];[unknown];[unknown];[unknown];[unknown];[unknown];[unknown];[unknown] 2
C2 CompilerThre;[unknown];[unknown];[unknown];[unknown];[unknown];[unknown];[unknown];[unknown];[unknown];[unknown];[unknown];[unknown];[unknown];[unknown] 2
java;[unknown];[unknown];[unknown];[unknown];[unknown] 2
Thread-0;[unknown];[unknown];[unknown];[unknown];[unknown];[unknown];[unknown];[unknown];[unknown];[unknown];[unknown];[unknown];[unknown];[unknown];[unknown] 2
C2 CompilerThre;[unknown];[unknown];[unknown];[unknown];[unknown];[unknown];[unknown];[unknown];[unknown];[unknown];[unknown];[unknown];[unknown];[unknown] 2
java;[unknown];[unknown];[unknown];[unknown];[unknown];[unknown];[unknown];[unknown];[unknown];[unknown];[unknown];[unknown];[unknown];[unknown];[unknown] 2
Thread-1;[unknown];[unknown];[unknown];[unknown];[unknown];[unknown];[unknown];[unknown];[unknown];[unknown];[unknown];[unknown];[unknown];[unknown];[unknown] 2
Thread-0;[unknown];[unknown];[unknown];[unknown];[unknown];[unknown];[unknown];[unknown];[unknown];[unknown];[unknown];[unknown];[unknown];[unknown];[unknown];[unknown];[unknown] 2
C2 CompilerThre;[unknown];[unknown];[unknown];[unknown];[unknown];[unknown];[unknown];[unknown];[unknown];[unknown];[unknown];[unknown] 2
C2 CompilerThre;[unknown];[unknown];[unknown];[unknown];[unknown];[unknown];[unknown];[unknown];[unknown];[unknown];[unknown] 2
C1 CompilerThre;[unknown];[unknown];[unknown];[unknown];[unknown];[unknown];[unknown];[unknown];[unknown];[unknown];[unknown];[unknown];[unknown];[unknown];[unknown];[unknown];[unknown];[unknown];[unknown] 2
C2 CompilerThre;[unknown];[unknown];[unknown];[unknown];[unknown];[unknown];[unknown];[unknown];[unknown];[unknown];[unknown];[unknown] 2
Thread-1;[unknown];[unknown];[unknown];[unknown];[unknown];[unknown];[unknown];[unknown];[unknown];[unknown];[unknown];[unknown];[unknown];[unknown] 2
C2 CompilerThre;[unknown];[unknown];[unknown];[unknown];[unknown];[unknown];[unknown];[unknown];[unknown];[unknown];[unknown];[unknown];[unknown] 2
Thread-1;[unknown];[unknown];[unknown];[unknown];[unknown];[unknown];[unknown];[unknown];[unknown];[unknown];[unknown];[unknown];[unknown];[unknown];[unknown];[unknown] 2
Thread-1;[unknown];[unknown];[unknown];[unknown];[unknown];[unknown];[unknown];[unknown];[unknown];[unknown];[unknown];[unknown];[unknown];[unknown];[unknown];[unknown];[unknown];[unknown] 2
C1 CompilerThre;[unknown];[unknown];[unknown];[unknown];[unknown];[unknown];[unknown];[unknown];[unknown];[unknown];[unknown];[unknown];[unknown];[unknown];[unknown];[unknown];[unknown] 2
Thread-1;[unknown];[unknown];[unknown];[unknown];[unknown];[unknown];[unknown];[unknown];[unknown];[unknown];[unknown];[unknown];[unknown];[unknown];[unknown];[unknown];[unknown];[unknown];[unknown] 2
C1 CompilerThre;[unknown];[unknown];[unknown];[unknown];[unknown];[unknown];[unknown];[unknown];[unknown];[unknown];[unknown];[unknown];[unknown];[unknown];[unknown];[unknown];[unknown];[unknown] 2
C2 CompilerThre;[unknown];[unknown];[unknown];[unknown];[unknown];[unknown];[unknown];[unknown];[unknown];[unknown];[unknown];[unknown];[unknown] 2
Thread-1;[unknown];[unknown];[unknown];[unknown];[unknown];[unknown];[unknown];[unknown];[unknown];[unknown];[unknown];[unknown];[unknown];[unknown];[unknown];[unknown] 2
C2 CompilerThre;[unknown];[unknown];[unknown];[unknown];[unknown];[unknown];[unknown];[unknown];[unknown];[unknown];[unknown];[unknown];[unknown] 2
C2 CompilerThre;[unknown];[unknown];[unknown];[unknown];[unknown];[unknown];[unknown];[unknown];[unknown];[unknown];[unknown];[unknown];[unknown];[unknown] 2
Thread-0;[unknown];[unknown];[unknown];[unknown];[unknown];[unknown];[unknown];[unknown];[unknown];[unknown];[unknown];[unknown];[unknown];[unknown];[unknown];[unknown];[unknown] 2
C1 CompilerThre;[unknown];[unknown];[unknown];[unknown];[unknown];[unknown];[unknown];[unknown];[unknown];[unknown];[unknown];[unknown];[unknown];[unknown];[unknown];[unknown];[unknown];[unknown];[unknown];[unknown];[unknown];[unknown];[unknown];[unknown];[unknown] 2
Thread-0;[unknown];[unknown];[unknown];[unknown];[unknown];[unknown];[unknown];[unknown];[unknown];[unknown];[unknown];[unknown];[unknown];[unknown];[unknown];[unknown];[unknown] 2
C2 CompilerThre;[unknown];[unknown];[unknown];[unknown];[unknown];[unknown];[unknown];[unknown];[unknown];[unknown];[unknown];[unknown];[unknown];[unknown];[unknown] 2
C1 CompilerThre;[unknown];[unknown];[unknown];[unknown];[unknown];[unknown];[unknown];[unknown];[unknown];[unknown];[unknown];[unknown];[unknown];[unknown];[unknown];[unknown];[unknown];[unknown] 2
Thread-1;[unknown];[unknown];[unknown];[unknown];[unknown];[unknown];[unknown];[unknown];[unknown];[unknown];[unknown];[unknown];[unknown];[unknown];[unknown];[unknown];[unknown];[unknown];[unknown];[unknown];[unknown] 2
Thread-1;[unknown];[unknown];[unknown];[unknown];[unknown];[unknown];[unknown];[unknown];[unknown];[unknown];[unknown];[unknown];[unknown];[unknown];[unknown];[unknown] 2
Thread-1;[unknown];[unknown];[unknown];[unknown];[unknown];[unknown];[unknown];[unknown];[unknown];[unknown];[unknown] 2
C1 CompilerThre;[unknown];[unknown];[unknown];[unknown];[unknown];[unknown];[unknown];[unknown];[unknown];[unknown];[unknown];[unknown];[unknown];[unknown];[unknown];[unknown];[unknown] 2
C1 CompilerThre;[unknown];[unknown];[unknown];[unknown];[unknown];[unknown];[unknown];[unknown];[unknown];[unknown];[unknown];[unknown];[unknown];[unknown];[unknown];[unknown];[unknown] 2
Thread-1;[unknown];[unknown];[unknown];[unknown];[unknown];[unknown];[unknown];[unknown];[unknown];[unknown];[unknown];[unknown];[unknown];[unknown];[unknown] 2
Thread-1;[unknown];[unknown];[unknown];[unknown];[unknown];[unknown];[unknown];[unknown];[unknown];[unknown];[unknown];[unknown];[unknown];[unknown];[unknown];[unknown];[unknown] 2
java;[unknown];[unknown];[unknown];[unknown];[unknown];[unknown];[unknown];[unknown];[unknown];[unknown];[unknown];[unknown];[unknown] 2
C2 CompilerThre;[unknown];[unknown];[unknown];[unknown];[unknown];[unknown];[unknown];[unknown];[unknown];[unknown];[unknown];[unknown];[unknown];[unknown] 2
Thread-0;[unknown];[unknown];[unknown];[unknown];[unknown];[unknown];[unknown];[unknown];[unknown];[unknown];[unknown];[unknown];[unknown];[unknown];[unknown];[unknown];[unknown];[unknown] 2
java;[unknown];[unknown];[unknown];[unknown];[unknown];[unknown];[unknown];[unknown];[unknown];[unknown];[unknown];[unknown];[unknown];[unknown] 2
C1 CompilerThre;[unknown];[unknown];[unknown];[unknown];[unknown];[unknown];[unknown];[unknown];[unknown];[unknown];[unknown];[unknown];[unknown];[unknown];[unknown];[unknown];[unknown];[unknown];[unknown];[unknown] 2
C2 CompilerThre;[unknown];[unknown];[unknown];[unknown];[unknown];[unknown];[unknown];[unknown];[unknown];[unknown];[unknown];[unknown] 2
Thread-1;[unknown];[unknown];[unknown];[unknown];[unknown];[unknown];[unknown];[unknown];[unknown];[unknown];[unknown];[unknown];[unknown];[unknown];[unknown];[unknown];[unknown];[unknown] 2
Thread-0;[unknown];[unknown];[unknown];[unknown];[unknown];[unknown];[unknown];[unknown];[unknown];[unknown];[unknown];[unknown];[unknown];[unknown];[unknown];[unknown];[unknown] 2
C2 CompilerThre;[unknown];[unknown];[unknown];[unknown];[unknown];[unknown];[unknown];[unknown];[unknown];[unknown];[unknown];[unknown];[unknown] 2
C1 CompilerThre;[unknown];[unknown];[unknown];[unknown];[unknown];[unknown];[unknown];[unknown];[unknown];[unknown];[unknown];[unknown];[unknown];[unknown];[unknown];[unknown];[unknown] 2
Thread-0;[unknown];[unknown];[unknown];[unknown];[unknown];[unknown];[unknown];[unknown];[unknown];[unknown];[unknown] 2
C2 CompilerThre;[unknown];[unknown];[unknown];[unknown];[unknown];[unknown];[unknown];[unknown];[unknown];[unknown];[unknown];[unknown];[unknown] 3
Thread-0;[unknown];[unknown];[unknown];[unknown];[unknown];[unknown];[unknown];[unknown];[unknown];[unknown];[unknown];[unknown];[unknown];[unknown];[unknown];[unknown] 3
C2 CompilerThre;[unknown];[unknown];[unknown];[unknown];[unknown];[unknown];[unknown];[unknown];[unknown];[unknown];[unknown] 3
C1 CompilerThre;[unknown];[unknown];[unknown];[unknown];[unknown];[unknown];[unknown];[unknown];[unknown];[unknown];[unknown];[unknown];[unknown];[unknown];[unknown];[unknown];[unknown];[unknown];[unknown];[unknown];[unknown];[unknown];[unknown];[unknown];[unknown];[unknown];[unknown] 3
C2 CompilerThre;[unknown];[unknown];[unknown];[unknown];[unknown];[unknown];[unknown];[unknown];[unknown];[unknown];[unknown];[unknown];[unknown] 3
C2 CompilerThre;[unknown];[unknown];[unknown];[unknown];[unknown];[unknown];[unknown];[unknown] 3
C1 CompilerThre;[unknown];[unknown];[unknown];[unknown];[unknown];[unknown];[unknown];[unknown];[unknown];[unknown];[unknown];[unknown];[unknown];[unknown];[unknown];[unknown];[unknown];[unknown];[unknown] 3
C2 CompilerThre;[unknown];[unknown];[unknown];[unknown];[unknown];[unknown];[unknown];[unknown];[unknown];[unknown];[unknown];[unknown];[unknown];[unknown] 3
C2 CompilerThre;[unknown];[unknown];[unknown];[unknown];[unknown];[unknown];[unknown];[unknown];[unknown];[unknown];[unknown];[unknown];[unknown];[unknown] 3
C1 CompilerThre;[unknown];[unknown];[unknown];[unknown];[unknown];[unknown];[unknown];[unknown] 3
Thread-0;[unknown];[unknown];[unknown];[unknown];[unknown];[unknown];[unknown];[unknown];[unknown];[unknown];[unknown];[unknown];[unknown];[unknown];[unknown];[unknown] 3
C2 CompilerThre;[unknown];[unknown];[unknown];[unknown];[unknown];[unknown];[unknown];[unknown];[unknown];[unknown] 3
C2 CompilerThre;[unknown];[unknown];[unknown];[unknown];[unknown];[unknown];[unknown];[unknown];[unknown];[unknown];[unknown];[unknown];[unknown] 3
VM Thread;[unknown];[unknown];[unknown];[unknown];[unknown];[unknown];[unknown];[unknown] 3
C2 CompilerThre;[unknown];[unknown];[unknown];[unknown];[unknown];[unknown];[unknown];[unknown];[unknown];[unknown];[unknown];[unknown];[unknown];[unknown];[unknown];[unknown] 3
C1 CompilerThre;[unknown];[unknown];[unknown];[unknown];[unknown];[unknown];[unknown];[unknown];[unknown];[unknown];[unknown];[unknown];[unknown];[unknown];[unknown];[unknown] 3
Thread-0;[unknown];[unknown];[unknown];[unknown];[unknown];[unknown];[unknown];[unknown];[unknown];[unknown];[unknown];[unknown];[unknown];[unknown] 3
java;[unknown];[unknown];[unknown];[unknown];[unknown];[unknown];[unknown] 3
C2 CompilerThre;[unknown];[unknown];[unknown];[unknown];[unknown];[unknown];[unknown];[unknown];[unknown];[unknown];[unknown];[unknown];[unknown] 3
C2 CompilerThre;[unknown];[unknown];[unknown];[unknown];[unknown];[unknown];[unknown];[unknown];[unknown];[unknown];[unknown];[unknown];[unknown] 3
C2 CompilerThre;[unknown];[unknown];[unknown];[unknown];[unknown];[unknown];[unknown];[unknown];[unknown];[unknown];[unknown];[unknown];[unknown] 3
C1 CompilerThre;[unknown];[unknown];[unknown];[unknown];[unknown];[unknown];[unknown];[unknown];[unknown];[unknown];[unknown];[unknown];[unknown];[unknown];[unknown] 3
C1 CompilerThre;[unknown];[unknown];[unknown];[unknown];[unknown];[unknown];[unknown];[unknown];[unknown];[unknown];[unknown];[unknown];[unknown];[unknown];[unknown];[unknown];[unknown];[unknown];[unknown];[unknown];[unknown];[unknown];[unknown];[unknown];[unknown];[unknown];[unknown];[unknown];[unknown];[unknown];[unknown];[unknown] 3
C2 CompilerThre;[unknown];[unknown];[unknown];[unknown];[unknown];[unknown];[unknown];[unknown];[unknown];[unknown];[unknown];[unknown] 3
C1 CompilerThre;[unknown];[unknown];[unknown];[unknown];[unknown];[unknown];[unknown];[unknown];[unknown];[unknown];[unknown];[unknown];[unknown];[unknown];[unknown];[unknown];[unknown];[unknown];[unknown];[unknown] 3
C1 CompilerThre;[unknown];[unknown];[unknown];[unknown];[unknown];[unknown];[unknown];[unknown];[unknown];[unknown];[unknown];[unknown];[unknown];[unknown];[unknown];[unknown];[unknown];[unknown];[unknown];[unknown] 3
C2 CompilerThre;[unknown];[unknown];[unknown];[unknown];[unknown];[unknown];[unknown];[unknown];[unknown];[unknown];[unknown];[unknown] 4
C2 CompilerThre;[unknown];[unknown];[unknown];[unknown];[unknown];[unknown];[unknown];[unknown];[unknown];[unknown];[unknown];[unknown] 4
C1 CompilerThre;[unknown];[unknown];[unknown];[unknown];[unknown];[unknown] 4
C1 CompilerThre;[unknown];[unknown];[unknown];[unknown];[unknown];[unknown];[unknown];[unknown];[unknown];[unknown];[unknown];[unknown];[unknown];[unknown];[unknown] 4
C2 CompilerThre;[unknown];[unknown];[unknown];[unknown];[unknown];[unknown];[unknown];[unknown];[unknown];[unknown];[unknown] 4
C1 CompilerThre;[unknown];[unknown];[unknown];[unknown];[unknown];[unknown];[unknown];[unknown];[unknown];[unknown];[unknown];[unknown];[unknown];[unknown];[unknown];[unknown];[unknown];[unknown];[unknown];[unknown];[unknown];[unknown] 4
C2 CompilerThre;[unknown];[unknown];[unknown];[unknown];[unknown];[unknown];[unknown];[unknown];[unknown];[unknown];[unknown];[unknown] 4
java;[unknown];[unknown];[unknown];[unknown];[unknown];[unknown];[unknown] 4
C2 CompilerThre;[unknown];[unknown];[unknown];[unknown];[unknown];[unknown];[unknown];[unknown];[unknown];[unknown];[unknown];[unknown];[unknown] 4
C1 CompilerThre;[unknown];[unknown];[unknown];[unknown];[unknown];[unknown];[unknown];[unknown];[unknown];[unknown];[unknown];[unknown];[unknown];[unknown];[unknown];[unknown];[unknown] 4
Thread-1;[unknown];[unknown];[unknown];[unknown];[unknown];[unknown];[unknown];[unknown];[unknown];[unknown];[unknown];[unknown];[unknown];[unknown];[unknown];[unknown];[unknown];[unknown];[unknown] 4
C2 CompilerThre;[unknown];[unknown];[unknown];[unknown];[unknown];[unknown];[unknown];[unknown];[unknown];[unknown];[unknown];[unknown] 4
C2 CompilerThre;[unknown];[unknown];[unknown];[unknown];[unknown];[unknown];[unknown];[unknown];[unknown];[unknown];[unknown];[unknown] 4
C2 CompilerThre;[unknown];[unknown];[unknown];[unknown];[unknown];[unknown];[unknown];[unknown];[unknown];[unknown];[unknown] 5
C2 CompilerThre;[unknown];[unknown];[unknown];[unknown];[unknown];[unknown];[unknown];[unknown];[unknown];[unknown];[unknown] 5
C2 CompilerThre;[unknown];[unknown];[unknown];[unknown];[unknown];[unknown];[unknown];[unknown];[unknown];[unknown];[unknown];[unknown];[unknown] 5
Thread-1;[unknown];[unknown];[unknown];[unknown];[unknown];[unknown];[unknown];[unknown];[unknown];[unknown];[unknown];[unknown];[unknown];[unknown];[unknown];[unknown];[unknown];[unknown];[unknown] 5
C2 CompilerThre;[unknown];[unknown];[unknown];[unknown];[unknown];[unknown];[unknown];[unknown];[unknown];[unknown];[unknown];[unknown];[unknown];[unknown];[unknown] 5
C2 CompilerThre;[unknown];[unknown];[unknown];[unknown];[unknown];[unknown];[unknown];[unknown];[unknown];[unknown];[unknown];[unknown];[unknown];[unknown];[unknown] 5
C2 CompilerThre;[unknown];[unknown];[unknown];[unknown];[unknown];[unknown];[unknown];[unknown];[unknown];[unknown];[unknown];[unknown] 5
C2 CompilerThre;[unknown];[unknown];[unknown];[unknown];[unknown];[unknown];[unknown];[unknown];[unknown];[unknown];[unknown];[unknown];[unknown];[unknown];[unknown] 5
Thread-1;[unknown];[unknown];[unknown];[unknown];[unknown];[unknown];[unknown];[unknown];[unknown];[unknown];[unknown];[unknown];[unknown];[unknown];[unknown];[unknown];[unknown] 5
Thread-0;[unknown];[unknown];[unknown];[unknown];[unknown];[unknown];[unknown];[unknown];[unknown];[unknown];[unknown];[unknown];[unknown];[unknown];[unknown];[unknown];[unknown];[unknown] 6
Thread-0;[unknown];[unknown];[unknown];[unknown];[unknown];[unknown];[unknown];[unknown];[unknown];[unknown];[unknown];[unknown];[unknown];[unknown];[unknown];[unknown];[unknown];[unknown];[unknown];[unknown] 6
Thread-0;[unknown];[unknown];[unknown];[unknown];[unknown];[unknown];[unknown];[unknown];[unknown];[unknown];[unknown];[unknown];[unknown];[unknown];[unknown];[unknown];[unknown];[unknown];[unknown];[unknown] 6
C2 CompilerThre;[unknown];[unknown];[unknown];[unknown];[unknown];[unknown];[unknown];[unknown];[unknown];[unknown];[unknown];[unknown];[unknown];[unknown] 6
C2 CompilerThre;[unknown];[unknown];[unknown];[unknown];[unknown];[unknown];[unknown];[unknown];[unknown];[unknown];[unknown];[unknown];[unknown] 7
C2 CompilerThre;[unknown];[unknown];[unknown];[unknown];[unknown];[unknown];[unknown];[unknown];[unknown];[unknown];[unknown];[unknown];[unknown];[unknown];[unknown];[unknown];[unknown] 7
C2 CompilerThre;[unknown];[unknown];[unknown];[unknown];[unknown];[unknown];[unknown];[unknown];[unknown];[unknown];[unknown];[unknown] 7
C2 CompilerThre;[unknown];[unknown];[unknown];[unknown];[unknown];[unknown];[unknown];[unknown];[unknown];[unknown] 7
C2 CompilerThre;[unknown];[unknown];[unknown];[unknown];[unknown];[unknown];[unknown];[unknown];[unknown];[unknown];[unknown];[unknown] 7
C2 CompilerThre;[unknown];[unknown];[unknown];[unknown];[unknown];[unknown];[unknown];[unknown];[unknown];[unknown] 7
C2 CompilerThre;[unknown];[unknown];[unknown];[unknown];[unknown];[unknown];[unknown];[unknown];[unknown];[unknown];[unknown];[unknown] 7
C2 CompilerThre;[unknown];[unknown];[unknown];[unknown];[unknown];[unknown];[unknown];[unknown];[unknown];[unknown];[unknown];[unknown];[unknown] 7
Thread-0;[unknown];[unknown];[unknown];[unknown];[unknown];[unknown];[unknown];[unknown];[unknown];[unknown];[unknown];[unknown];[unknown];[unknown];[unknown];[unknown];[unknown];[unknown];[unknown] 7
C2 CompilerThre;[unknown];[unknown];[unknown];[unknown];[unknown];[unknown];[unknown];[unknown];[unknown];[unknown];[unknown] 7
C2 CompilerThre;[unknown];[unknown];[unknown];[unknown];[unknown];[unknown];[unknown];[unknown];[unknown];[unknown];[unknown];[unknown] 7
C2 CompilerThre;[unknown];[unknown];[unknown];[unknown];[unknown];[unknown];[unknown];[unknown];[unknown];[unknown];[unknown] 7
C2 CompilerThre;[unknown];[unknown];[unknown];[unknown];[unknown];[unknown];[unknown];[unknown];[unknown];[unknown];[unknown];[unknown] 7
C2 CompilerThre;[unknown];[unknown];[unknown];[unknown];[unknown];[unknown];[unknown];[unknown];[unknown];[unknown];[unknown];[unknown];[unknown];[unknown] 7
C2 CompilerThre;[unknown];[unknown];[unknown];[unknown];[unknown];[unknown];[unknown];[unknown];[unknown];[unknown];[unknown];[unknown] 7
C2 CompilerThre;[unknown];[unknown];[unknown];[unknown];[unknown];[unknown];[unknown];[unknown];[unknown];[unknown];[unknown];[unknown] 7
C2 CompilerThre;[unknown];[unknown];[unknown];[unknown];[unknown];[unknown];[unknown];[unknown];[unknown];[unknown];[unknown];[unknown] 7
C2 CompilerThre;[unknown];[unknown];[unknown];[unknown];[unknown];[unknown];[unknown];[unknown];[unknown];[unknown];[unknown] 7
C2 CompilerThre;[unknown];[unknown];[unknown];[unknown];[unknown];[unknown];[unknown];[unknown];[unknown];[unknown];[unknown] 7
C2 CompilerThre;[unknown];[unknown];[unknown];[unknown];[unknown];[unknown];[unknown];[unknown];[unknown];[unknown];[unknown];[unknown] 7
Thread-0;[unknown];[unknown];[unknown];[unknown];[unknown];[unknown];[unknown];[unknown];[unknown];[unknown];[unknown];[unknown];[unknown];[unknown];[unknown];[unknown];[unknown] 7
C2 CompilerThre;[unknown];[unknown];[unknown];[unknown];[unknown];[unknown];[unknown];[unknown];[unknown];[unknown] 7
C2 CompilerThre;[unknown];[unknown];[unknown];[unknown];[unknown];[unknown];[unknown];[unknown];[unknown];[unknown] 7
Thread-0;[unknown];[unknown];[unknown];[unknown];[unknown];[unknown];[unknown];[unknown];[unknown];[unknown];[unknown];[unknown];[unknown];[unknown];[unknown];[unknown];[unknown];[unknown];[unknown] 7
C2 CompilerThre;[unknown];[unknown];[unknown];[unknown];[unknown];[unknown];[unknown];[unknown];[unknown];[unknown];[unknown];[unknown];[unknown];[unknown];[unknown] 8
C2 CompilerThre;[unknown];[unknown];[unknown];[unknown];[unknown];[unknown];[unknown];[unknown];[unknown];[unknown];[unknown];[unknown] 9
C2 CompilerThre;[unknown];[unknown];[unknown];[unknown];[unknown];[unknown];[unknown];[unknown];[unknown] 9
C2 CompilerThre;[unknown];[unknown];[unknown];[unknown];[unknown];[unknown];[unknown];[unknown];[unknown];[unknown];[unknown] 10
C2 CompilerThre;[unknown];[unknown];[unknown];[unknown];[unknown];[unknown];[unknown];[unknown];[unknown];[unknown];[unknown] 10
C2 CompilerThre;[unknown];[unknown];[unknown];[unknown];[unknown];[unknown];[unknown];[unknown];[unknown];[unknown];[unknown] 11
C2 CompilerThre;[unknown];[unknown];[unknown];[unknown];[unknown];[unknown];[unknown];[unknown];[unknown];[unknown];[unknown] 11
C1 CompilerThre;[unknown];[unknown];[unknown];[unknown];[unknown];[unknown];[unknown];[unknown];[unknown] 12
C1 CompilerThre;[unknown];[unknown];[unknown];[unknown];[unknown];[unknown];[unknown];[unknown];[unknown];[unknown];[unknown] 12
C1 CompilerThre;[unknown];[unknown];[unknown];[unknown];[unknown];[unknown];[unknown];[unknown];[unknown];[unknown];[unknown];[unknown];[unknown] 12
C2 CompilerThre;[unknown];[unknown];[unknown];[unknown];[unknown];[unknown];[unknown];[unknown];[unknown];[unknown];[unknown];[unknown] 13
C2 CompilerThre;[unknown];[unknown];[unknown];[unknown];[unknown];[unknown];[unknown];[unknown];[unknown] 17
C2 CompilerThre;[unknown];[unknown];[unknown];[unknown];[unknown];[unknown];[unknown];[unknown];[unknown] 17
C2 CompilerThre;[unknown];[unknown];[unknown];[unknown];[unknown];[unknown];[unknown];[unknown] 19
C2 CompilerThre;[unknown];[unknown];[unknown];[unknown];[unknown];[unknown];[unknown];[unknown];[unknown] 19
VM Thread;[unknown];[unknown];[unknown];[unknown];[unknown];[unknown];[unknown];[unknown];[unknown];[unknown];[unknown];[unknown];[unknown];[unknown] 22
C1 CompilerThre;[unknown];[unknown];[unknown];[unknown];[unknown];[unknown];[unknown];[unknown] 27
java;[unknown];[unknown];[unknown];[unknown];[unknown];[unknown];[unknown];[unknown];[unknown];[unknown];[unknown];[unknown] 28
C2 CompilerThre;[unknown];[unknown];[unknown];[unknown];[unknown];[unknown];[unknown];[unknown];[unknown];[unknown];[unknown] 28
java;[unknown];[unknown];[unknown];[unknown];[unknown];[unknown];[unknown];[unknown];[unknown];[unknown] 28
C2 CompilerThre;[unknown];[unknown];[unknown];[unknown];[unknown];[unknown];[unknown] 29
VM Periodic Tas;[unknown];[unknown];[unknown];[unknown];[unknown];[unknown] 30
VM Periodic Tas;[unknown];[unknown];[unknown];[unknown];[unknown];[unknown] 30
VM Periodic Tas;[unknown];[unknown];[unknown];[unknown];[unknown];[unknown] 30
VM Periodic Tas;[unknown];[unknown];[unknown];[unknown];[unknown];[unknown] 30
java;[unknown];[unknown];[unknown];[unknown];[unknown];[unknown];[unknown];[unknown];[unknown];[unknown] 31
java;[unknown];[unknown];[unknown];[unknown];[unknown];[unknown];[unknown];[unknown];[unknown];[unknown];[unknown];[unknown] 31
C2 CompilerThre;[unknown];[unknown];[unknown];[unknown];[unknown];[unknown];[unknown];[unknown];[unknown];[unknown];[unknown];[unknown];[unknown];[unknown];[unknown];[unknown] 36
Thread-1;[unknown];[unknown];[unknown];[unknown];[unknown];[unknown];[unknown];[unknown];[unknown];[unknown];[unknown];[unknown];[unknown];[unknown];[unknown] 41
C1 CompilerThre;[unknown];[unknown];[unknown];[unknown];[unknown];[unknown];[unknown];[unknown] 41
C2 CompilerThre;[unknown];[unknown];[unknown];[unknown];[unknown];[unknown];[unknown];[unknown] 41
Thread-0;[unknown];[unknown];[unknown];[unknown];[unknown];[unknown];[unknown];[unknown];[unknown];[unknown];[unknown];[unknown];[unknown];[unknown];[unknown] 41
C2 CompilerThre;[unknown];[unknown];[unknown];[unknown];[unknown];[unknown];[unknown];[unknown];[unknown];[unknown];[unknown];[unknown];[unknown] 49
Thread-1;[unknown];[unknown];[unknown];[unknown];[unknown];[unknown];[unknown];[unknown];[unknown];[unknown];[unknown];[unknown];[unknown];[unknown];[unknown];[unknown];[unknown];[unknown] 50
Thread-0;[unknown];[unknown];[unknown];[unknown];[unknown];[unknown];[unknown];[unknown];[unknown];[unknown];[unknown];[unknown];[unknown];[unknown];[unknown];[unknown];[unknown];[unknown];[unknown] 50
Thread-0;[unknown];[unknown];[unknown];[unknown];[unknown];[unknown];[unknown];[unknown];[unknown];[unknown];[unknown];[unknown];[unknown];[unknown];[unknown];[unknown] 54
Thread-1;[unknown];[unknown];[unknown];[unknown];[unknown];[unknown];[unknown];[unknown];[unknown];[unknown];[unknown];[unknown];[unknown];[unknown];[unknown];[unknown];[unknown];[unknown] 57
Thread-1;[unknown];[unknown];[unknown];[unknown];[unknown];[unknown];[unknown];[unknown];[unknown];[unknown];[unknown];[unknown];[unknown];[unknown];[unknown] 57
Thread-0;[unknown];[unknown];[unknown];[unknown];[unknown];[unknown];[unknown];[unknown];[unknown];[unknown];[unknown];[unknown];[unknown];[unknown];[unknown];[unknown];[unknown];[unknown] 57
VM Thread;[unknown];[unknown];[unknown];[unknown];[unknown];[unknown];[unknown];[unknown];[unknown];[unknown];[unknown];[unknown] 60
Thread-1;[unknown];[unknown];[unknown];[unknown];[unknown];[unknown];[unknown];[unknown];[unknown];[unknown];[unknown];[unknown];[unknown];[unknown];[unknown];[unknown];[unknown];[unknown] 61
Thread-0;[unknown];[unknown];[unknown];[unknown];[unknown];[unknown];[unknown];[unknown];[unknown];[unknown];[unknown];[unknown];[unknown];[unknown];[unknown];[unknown];[unknown];[unknown] 62
Thread-1;[unknown];[unknown];[unknown];[unknown];[unknown];[unknown];[unknown];[unknown];[unknown];[unknown];[unknown];[unknown];[unknown];[unknown];[unknown];[unknown];[unknown];[unknown] 65
Thread-0;[unknown];[unknown];[unknown];[unknown];[unknown];[unknown];[unknown];[unknown];[unknown];[unknown];[unknown];[unknown];[unknown];[unknown];[unknown];[unknown];[unknown];[unknown];[unknown] 65
Thread-0;[unknown];[unknown];[unknown];[unknown];[unknown];[unknown];[unknown];[unknown];[unknown];[unknown];[unknown];[unknown];[unknown];[unknown];[unknown];[unknown];[unknown] 69
Thread-0;[unknown];[unknown];[unknown];[unknown];[unknown];[unknown];[unknown];[unknown];[unknown];[unknown];[unknown];[unknown];[unknown];[unknown];[unknown];[unknown];[unknown] 71
Thread-1;[unknown];[unknown];[unknown];[unknown];[unknown];[unknown];[unknown];[unknown];[unknown];[unknown];[unknown];[unknown];[unknown];[unknown];[unknown];[unknown];[unknown] 78
Thread-1;[unknown];[unknown];[unknown];[unknown];[unknown];[unknown];[unknown];[unknown];[unknown];[unknown];[unknown];[unknown];[unknown];[unknown];[unknown];[unknown];[unknown] 79
C1 CompilerThre;[unknown];[unknown];[unknown];[unknown];[unknown];[unknown];[unknown];[unknown] 91
Thread-1;[unknown];[unknown];[unknown];[unknown];[unknown];[unknown];[unknown];[unknown];[unknown];[unknown];[unknown];[unknown];[unknown];[unknown];[unknown];[unknown];[unknown] 92
Thread-1;[unknown];[unknown];[unknown];[unknown];[unknown];[unknown];[unknown];[unknown];[unknown];[unknown];[unknown];[unknown];[unknown];[unknown];[unknown];[unknown];[unknown] 93
Thread-0;[unknown];[unknown];[unknown];[unknown];[unknown];[unknown];[unknown];[unknown];[unknown];[unknown];[unknown];[unknown];[unknown];[unknown];[unknown];[unknown];[unknown];[unknown] 94
Thread-0;[unknown];[unknown];[unknown];[unknown];[unknown];[unknown];[unknown];[unknown];[unknown];[unknown];[unknown];[unknown];[unknown];[unknown];[unknown];[unknown];[unknown];[unknown] 96
Thread-1;[unknown];[unknown];[unknown];[unknown];[unknown];[unknown];[unknown];[unknown];[unknown];[unknown];[unknown];[unknown];[unknown];[unknown];[unknown];[unknown];[unknown];[unknown];[unknown] 149
Thread-1;[unknown];[unknown];[unknown];[unknown];[unknown];[unknown];[unknown];[unknown];[unknown];[unknown];[unknown];[unknown];[unknown];[unknown];[unknown];[unknown];[unknown] 149
Thread-0;[unknown];[unknown];[unknown];[unknown];[unknown];[unknown];[unknown];[unknown];[unknown];[unknown];[unknown];[unknown];[unknown];[unknown];[unknown];[unknown];[unknown] 156
Thread-0;[unknown];[unknown];[unknown];[unknown];[unknown];[unknown];[unknown];[unknown];[unknown];[unknown];[unknown];[unknown];[unknown];[unknown];[unknown];[unknown];[unknown];[unknown];[unknown] 156
Thread-1;[unknown];[unknown];[unknown];[unknown];[unknown];[unknown];[unknown];[unknown];[unknown];[unknown];[unknown];[unknown];[unknown];[unknown];[unknown];[unknown];[unknown];[unknown];[unknown] 173
Thread-1;[unknown];[unknown];[unknown];[unknown];[unknown];[unknown];[unknown];[unknown];[unknown];[unknown];[unknown];[unknown];[unknown];[unknown];[unknown];[unknown];[unknown] 173
VM Thread;[unknown];[unknown];[unknown];[unknown];[unknown];[unknown];[unknown];[unknown] 240
VM Thread;[unknown];[unknown];[unknown];[unknown];[unknown];[unknown];[unknown];[unknown] 380
Thread-0;[unknown];[unknown];[unknown];[unknown];[unknown];[unknown];[unknown];[unknown];[unknown];[unknown];[unknown];[unknown];[unknown];[unknown];[unknown];[unknown];[unknown];[unknown];[unknown];[unknown] 381
Thread-0;[unknown];[unknown];[unknown];[unknown];[unknown];[unknown];[unknown];[unknown];[unknown];[unknown];[unknown];[unknown];[unknown];[unknown];[unknown];[unknown];[unknown];[unknown] 381
VM Thread;[unknown];[unknown];[unknown];[unknown];[unknown];[unknown];[unknown];[unknown];[unknown];[unknown];[unknown];[unknown];[unknown] 382
Thread-1;[unknown];[unknown];[unknown];[unknown];[unknown];[unknown];[unknown];[unknown];[unknown];[unknown];[unknown];[unknown];[unknown];[unknown];[unknown];[unknown];[unknown];[unknown] 382
Thread-1;[unknown];[unknown];[unknown];[unknown];[unknown];[unknown];[unknown];[unknown];[unknown];[unknown];[unknown];[unknown];[unknown];[unknown];[unknown];[unknown];[unknown];[unknown];[unknown];[unknown] 382
VM Thread;[unknown];[unknown];[unknown];[unknown];[unknown];[unknown] 388
java;[unknown];[unknown];[unknown];[unknown];[unknown];[unknown];[unknown] 485
java;[unknown];[unknown];[unknown];[unknown];[unknown];[unknown];[unknown] 493
java;[unknown];[unknown];[unknown];[unknown];[unknown];[unknown];[unknown] 593
java;[unknown];[unknown];[unknown];[unknown] 603
java;[unknown];[unknown];[unknown];[unknown];[unknown];[unknown];[unknown] 630
java;[unknown];[unknown];[unknown];[unknown];[unknown] 631
java;[unknown];[unknown];[unknown];[unknown];[unknown] 634
java;[unknown];[unknown];[unknown];[unknown] 639
VM Thread;[unknown];[unknown];[unknown];[unknown];[unknown];[unknown];[unknown];[unknown];[unknown];[unknown];[unknown];[unknown];[unknown] 859
VM Thread;[unknown];[unknown];[unknown];[unknown];[unknown];[unknown];[unknown];[unknown];[unknown];[unknown];[unknown] 1042
java;[unknown];[unknown];[unknown];[unknown] 1091
java;[unknown];[unknown];[unknown];[unknown] 1127
VM Thread;[unknown];[unknown];[unknown];[unknown];[unknown];[unknown];[unknown];[unknown];[unknown];[unknown];[unknown];[unknown] 1242
VM Thread;[unknown];[unknown];[unknown];[unknown];[unknown];[unknown];[unknown];[unknown];[unknown];[unknown];[unknown];[unknown];[unknown];[unknown] 1242
VM Thread;[unknown];[unknown];[unknown];[unknown];[unknown];[unknown];[unknown];[unknown];[unknown];[unknown];[unknown];[unknown] 1242
VM Thread;[unknown];[unknown];[unknown];[unknown];[unknown] 1248
VM Thread;[unknown];[unknown];[unknown];[unknown];[unknown];[unknown];[unknown] 1251
java;[unknown];[unknown];[unknown];[unknown];[unknown];[unknown];[unknown] 2765
java;[unknown];[unknown];[unknown];[unknown];[unknown];[unknown];[unknown] 2786
VM Periodic Tas;[unknown];[unknown];[unknown];[unknown];[unknown];[unknown];[unknown] 3029
