Start : 1598444106294
End : 1598444266385
(8500L, 248354286175226L, 'unpark')
(8500L, 248301002681556L, 'start')
(8501L, 248301004560232L, 'start')
(8501L, 248354286329976L, 'park_end')
(8440L, 248301000965230L, 'sleep_end')
(8500L, 248354286225761L, 'stop')
(8440L, 248301002265511L, 'create')
(8440L, 248301002561546L, 'create')
(8501L, 248301005329312L, 'park_begin')
tid: 8449 ::: thread start time -248298598380 ::: thread end time -248298598380
	mutex 139648446571560 ::: start 702518.15us ::: wait 11479.73us ::: hold 158412232.09us
	mutex 139648446100520 ::: start 2532858.92us ::: wait 6992.31us ::: hold 14119.67us
	mutex 139648556644704 ::: start 2532900.52us ::: wait 7.50us ::: hold 6.93us
	mutex 139648446571560 ::: start 2532927.26us ::: wait 11559.46us ::: hold 300675.11us
	mutex 139648446108200 ::: start 2534708.89us ::: wait 5280.71us ::: hold 6118.97us
	mutex 139648556644704 ::: start 2534744.96us ::: wait 10281.77us ::: hold 7180.83us
	mutex 139648447090728 ::: start 2534838.25us ::: wait 4352.85us ::: hold 6433.70us
	mutex 139648447090728 ::: start 2535222.01us ::: wait 8.31us ::: hold 11.54us
	mutex 139648446571560 ::: start 2535251.65us ::: wait 15.14us ::: hold 110.29us
	mutex 139648447090728 ::: start 2535356.59us ::: wait 10.26us ::: hold 12.51us
	mutex 139648446632232 ::: start 2535390.65us ::: wait 7.47us ::: hold 9.62us
	mutex 139648446108200 ::: start 2649933.16us ::: wait 6647.58us ::: hold 13344.41us
	mutex 139648556644704 ::: start 2649972.67us ::: wait 3909.48us ::: hold 3282.34us
	mutex 139648446100520 ::: start 2651380.69us ::: wait 5402.90us ::: hold 6651.91us
	mutex 139648446100520 ::: start 13179691.23us ::: wait 49.46us ::: hold 44.70us
	mutex 139648446108200 ::: start 42500158.36us ::: wait 50.97us ::: hold 47.35us
	mutex 139648446571560 ::: start 48796521.05us ::: wait 25.36us ::: hold 222.19us
	mutex 139648447099176 ::: start 55688222.66us ::: wait 11.03us ::: hold 17.06us
	mutex 139648446830632 ::: start 55703310.12us ::: wait 10.75us ::: hold 11.48us
	mutex 139648556644704 ::: start 55703518.23us ::: wait 7374.98us ::: hold 6336.35us
	mutex 139648446830632 ::: start 55704027.20us ::: wait 8.62us ::: hold 9.96us
	mutex 139648447099176 ::: start 55704067.47us ::: wait 8165.55us ::: hold 12494.03us
	---------------------------
	start time 2545026 ::: end time 2649933
	start time 2656783 ::: end time 13179691
	start time 13179740 ::: end time 42500158
	start time 42500209 ::: end time 48796521
	start time 48796546 ::: end time 55688222
	start time 55688233 ::: end time 55703310
	start time 55703320 ::: end time 55703518
	start time 55712233 ::: end time 55724727
tid: 8450 ::: thread start time -248298598380 ::: thread end time -248298598380
	mutex 139648446631464 ::: start 2535005.21us ::: wait 10.25us ::: hold 12.29us
	mutex 139648446612008 ::: start 2535047.01us ::: wait 7.68us ::: hold 0.00us
	---------------------------
	start time 2535015 ::: end time 2535047
	start time 2535054 ::: end time 2535054
tid: 8451 ::: thread start time -248298598380 ::: thread end time -248298598380
	mutex 139648446571560 ::: start 2535124.14us ::: wait 9.82us ::: hold 10.83us
	mutex 139648446632232 ::: start 2535153.11us ::: wait 7.31us ::: hold 273.83us
	mutex 139648446631464 ::: start 2535481.45us ::: wait 9.31us ::: hold 0.00us
	---------------------------
	start time 2535133 ::: end time 2535153
	start time 2535160 ::: end time 2535481
	start time 2535490 ::: end time 2535490
tid: 8456 ::: thread start time -248298598380 ::: thread end time -248298598380
	mutex 139648446830632 ::: start 2402863.03us ::: wait 489.91us ::: hold 157128170.05us
	mutex 139648446883368 ::: start 2406795.43us ::: wait 35.50us ::: hold 46.52us
	mutex 139648556644704 ::: start 2409505.83us ::: wait 48.01us ::: hold 31.52us
	mutex 139648556644704 ::: start 2409527.62us ::: wait 45.01us ::: hold 28.10us
	mutex 139648556644704 ::: start 2409558.08us ::: wait 45.98us ::: hold 52.58us
	mutex 139648556644704 ::: start 2409580.72us ::: wait 43.63us ::: hold 26.55us
	mutex 139648556644704 ::: start 2409600.63us ::: wait 43.33us ::: hold 26.63us
	mutex 139648556644704 ::: start 2409620.40us ::: wait 67.75us ::: hold 49.88us
	mutex 139648556644704 ::: start 2409642.15us ::: wait 45.41us ::: hold 27.47us
	mutex 139648556644704 ::: start 2409700.27us ::: wait 45.49us ::: hold 27.51us
	mutex 139648556644704 ::: start 2409727.72us ::: wait 45.93us ::: hold 28.58us
	mutex 139648556644704 ::: start 2409769.46us ::: wait 50.91us ::: hold 28.44us
	mutex 139648556644704 ::: start 2409980.12us ::: wait 10.31us ::: hold 7.59us
	mutex 139648556644704 ::: start 2410213.18us ::: wait 12.24us ::: hold 7.11us
	mutex 139648556644704 ::: start 2410255.19us ::: wait 32.14us ::: hold 20.41us
	mutex 139648556644704 ::: start 2410353.70us ::: wait 55.32us ::: hold 40.70us
	mutex 139648556644704 ::: start 2410402.97us ::: wait 47.19us ::: hold 28.97us
	mutex 139648556644704 ::: start 2410425.16us ::: wait 44.81us ::: hold 27.91us
	mutex 139648556644704 ::: start 2410459.54us ::: wait 268.27us ::: hold 153.22us
	mutex 139648556644704 ::: start 2410499.32us ::: wait 432.74us ::: hold 193.37us
	mutex 139648556644704 ::: start 2410629.94us ::: wait 194.14us ::: hold 100.10us
	mutex 139648556644704 ::: start 2410717.13us ::: wait 14.76us ::: hold 9.50us
	mutex 139648556644704 ::: start 2410741.43us ::: wait 31.63us ::: hold 10.53us
	mutex 139648556644704 ::: start 2410786.42us ::: wait 7.46us ::: hold 5.05us
	mutex 139648556644704 ::: start 2410877.26us ::: wait 19.18us ::: hold 77.87us
	mutex 139648556644704 ::: start 2410899.58us ::: wait 7.38us ::: hold 4.78us
	mutex 139648556644704 ::: start 2410921.43us ::: wait 50.14us ::: hold 31.55us
	mutex 139648556644704 ::: start 2410941.46us ::: wait 43.87us ::: hold 33.52us
	mutex 139648556644704 ::: start 2410975.39us ::: wait 39.32us ::: hold 23.29us
	mutex 139648556644704 ::: start 2411063.10us ::: wait 76.04us ::: hold 38.75us
	mutex 139648556644704 ::: start 2411085.24us ::: wait 37.30us ::: hold 22.61us
	mutex 139648556644704 ::: start 2411165.61us ::: wait 8.35us ::: hold 5.61us
	mutex 139648556644704 ::: start 2411230.46us ::: wait 43.62us ::: hold 26.15us
	mutex 139648556644704 ::: start 2411252.71us ::: wait 69.10us ::: hold 35.44us
	mutex 139648556644704 ::: start 2411272.53us ::: wait 28.81us ::: hold 17.92us
	mutex 139648556644704 ::: start 2411388.35us ::: wait 8.57us ::: hold 5.66us
	mutex 139648556644704 ::: start 2411425.05us ::: wait 16.37us ::: hold 10.70us
	mutex 139648556644704 ::: start 2411446.83us ::: wait 21.96us ::: hold 12.91us
	mutex 139648556644704 ::: start 2411466.54us ::: wait 14.37us ::: hold 9.83us
	mutex 139648556644704 ::: start 2411560.51us ::: wait 8.33us ::: hold 5.79us
	mutex 139648556644704 ::: start 2411707.49us ::: wait 72.29us ::: hold 49.37us
	mutex 139648556644704 ::: start 2411729.54us ::: wait 43.71us ::: hold 27.31us
	mutex 139648556644704 ::: start 2411765.06us ::: wait 43.77us ::: hold 26.75us
	mutex 139648556644704 ::: start 2411907.01us ::: wait 52.47us ::: hold 30.53us
	mutex 139648556644704 ::: start 2411955.53us ::: wait 105.53us ::: hold 80.83us
	mutex 139648556644704 ::: start 2412003.97us ::: wait 138.62us ::: hold 72.68us
	mutex 139648556644704 ::: start 2412042.39us ::: wait 103.29us ::: hold 54.26us
	mutex 139648556644704 ::: start 2412086.83us ::: wait 134.32us ::: hold 86.25us
	mutex 139648556644704 ::: start 2412127.86us ::: wait 194.38us ::: hold 94.38us
	mutex 139648556644704 ::: start 2412940.42us ::: wait 40.20us ::: hold 26.19us
	mutex 139648556644704 ::: start 2413380.18us ::: wait 43.39us ::: hold 27.91us
	mutex 139648556644704 ::: start 2413426.33us ::: wait 92.80us ::: hold 52.20us
	mutex 139648556644704 ::: start 2413551.13us ::: wait 8.70us ::: hold 5.88us
	mutex 139648556644704 ::: start 2414890.73us ::: wait 62.10us ::: hold 37.61us
	mutex 139648556644704 ::: start 2415060.20us ::: wait 9.54us ::: hold 6.19us
	mutex 139648446883368 ::: start 2443764.45us ::: wait 27.73us ::: hold 37.69us
	mutex 139648556644704 ::: start 2444017.42us ::: wait 23.82us ::: hold 16.32us
	mutex 139648556644704 ::: start 2444041.68us ::: wait 23.68us ::: hold 14.56us
	mutex 139648556644704 ::: start 2444416.34us ::: wait 22.73us ::: hold 13.26us
	mutex 139648556644704 ::: start 2444599.37us ::: wait 32.65us ::: hold 21.69us
	mutex 139648556644704 ::: start 2444993.12us ::: wait 11.66us ::: hold 8.30us
	mutex 139648556644704 ::: start 2445025.06us ::: wait 7.63us ::: hold 5.30us
	mutex 139648556644704 ::: start 2445135.33us ::: wait 28.40us ::: hold 17.66us
	mutex 139648556644704 ::: start 2445198.90us ::: wait 8.65us ::: hold 5.39us
	mutex 139648556644704 ::: start 2445352.37us ::: wait 40.62us ::: hold 21.91us
	mutex 139648556644704 ::: start 2445378.83us ::: wait 76.92us ::: hold 11.55us
	mutex 139648556644704 ::: start 2445421.89us ::: wait 8.07us ::: hold 5.34us
	mutex 139648556644704 ::: start 2445511.15us ::: wait 33.95us ::: hold 20.37us
	mutex 139648556644704 ::: start 2445534.70us ::: wait 14.91us ::: hold 10.02us
	mutex 139648556644704 ::: start 2445567.61us ::: wait 7.72us ::: hold 5.27us
	mutex 139648556644704 ::: start 2445600.88us ::: wait 24.57us ::: hold 15.07us
	mutex 139648556644704 ::: start 2445776.51us ::: wait 9.52us ::: hold 6.40us
	mutex 139648556644704 ::: start 2445929.95us ::: wait 50.86us ::: hold 29.65us
	mutex 139648556644704 ::: start 2446047.39us ::: wait 7.47us ::: hold 4.98us
	mutex 139648556644704 ::: start 2446376.73us ::: wait 35.13us ::: hold 23.01us
	mutex 139648556644704 ::: start 2446481.89us ::: wait 7.54us ::: hold 6.02us
	mutex 139648556644704 ::: start 2446691.98us ::: wait 8.02us ::: hold 5.70us
	mutex 139648556644704 ::: start 2447310.77us ::: wait 10.28us ::: hold 6.38us
	mutex 139648556644704 ::: start 2447557.26us ::: wait 9.16us ::: hold 6.06us
	mutex 139648556644704 ::: start 2448055.05us ::: wait 10.27us ::: hold 6.61us
	mutex 139648556644704 ::: start 20091915.20us ::: wait 12.48us ::: hold 15.20us
	mutex 139648556644704 ::: start 20091977.81us ::: wait 8.19us ::: hold 6.31us
	mutex 139648556644704 ::: start 20092187.10us ::: wait 10.52us ::: hold 7.31us
	mutex 139648556644704 ::: start 20092572.77us ::: wait 12.12us ::: hold 7.54us
	mutex 139648556644704 ::: start 20092650.49us ::: wait 16.42us ::: hold 11.89us
	mutex 139648556644704 ::: start 20092702.00us ::: wait 16.94us ::: hold 10.64us
	mutex 139648556644704 ::: start 20092784.25us ::: wait 8.43us ::: hold 5.86us
	mutex 139648556644704 ::: start 20093107.67us ::: wait 10.71us ::: hold 7.09us
	mutex 139648556644704 ::: start 20093385.05us ::: wait 10.61us ::: hold 7.91us
	mutex 139648556644704 ::: start 20093452.16us ::: wait 8.81us ::: hold 6.18us
	mutex 139648556644704 ::: start 20093478.62us ::: wait 16.61us ::: hold 11.49us
	mutex 139648556644704 ::: start 20093527.46us ::: wait 16.85us ::: hold 10.65us
	mutex 139648556644704 ::: start 20093863.36us ::: wait 16.54us ::: hold 22.75us
	mutex 139648556644704 ::: start 20094014.48us ::: wait 8.45us ::: hold 5.82us
	mutex 139648556644704 ::: start 20094164.50us ::: wait 29.38us ::: hold 11.54us
	mutex 139648556644704 ::: start 20094262.77us ::: wait 7.87us ::: hold 5.76us
	mutex 139648556644704 ::: start 20094333.99us ::: wait 17.52us ::: hold 11.23us
	mutex 139648556644704 ::: start 20094463.43us ::: wait 19.12us ::: hold 12.56us
	mutex 139648556644704 ::: start 20094563.23us ::: wait 9.33us ::: hold 6.65us
	mutex 139648556644704 ::: start 20094590.20us ::: wait 16.30us ::: hold 11.58us
	mutex 139648556644704 ::: start 20094805.57us ::: wait 30.86us ::: hold 17.35us
	mutex 139648556644704 ::: start 20094966.74us ::: wait 7.30us ::: hold 5.77us
	mutex 139648556644704 ::: start 20095076.68us ::: wait 7.45us ::: hold 4.94us
	mutex 139648556644704 ::: start 20095680.72us ::: wait 8.66us ::: hold 5.89us
	mutex 139648556644704 ::: start 20095834.98us ::: wait 16.12us ::: hold 10.96us
	mutex 139648556644704 ::: start 20096128.08us ::: wait 7.29us ::: hold 5.16us
	mutex 139648556644704 ::: start 20096190.70us ::: wait 8.29us ::: hold 5.61us
	mutex 139648556644704 ::: start 20096272.95us ::: wait 7.48us ::: hold 5.60us
	mutex 139648556644704 ::: start 20096477.70us ::: wait 9.76us ::: hold 6.67us
	mutex 139648556644704 ::: start 20096641.26us ::: wait 15.78us ::: hold 10.73us
	mutex 139648556644704 ::: start 20097005.35us ::: wait 14.50us ::: hold 9.92us
	mutex 139648556644704 ::: start 20097263.70us ::: wait 20.51us ::: hold 13.06us
	mutex 139648556644704 ::: start 20097505.64us ::: wait 7.29us ::: hold 5.09us
	mutex 139648556644704 ::: start 20097635.08us ::: wait 9.03us ::: hold 5.86us
	mutex 139648556644704 ::: start 20098020.49us ::: wait 9.68us ::: hold 6.59us
	mutex 139648556644704 ::: start 20098163.25us ::: wait 7.23us ::: hold 4.80us
	mutex 139648556644704 ::: start 20098424.18us ::: wait 11.00us ::: hold 6.55us
	mutex 139648556644704 ::: start 20099294.11us ::: wait 10.17us ::: hold 6.72us
	mutex 139648556644704 ::: start 20099344.51us ::: wait 32.87us ::: hold 20.31us
	mutex 139648556644704 ::: start 20099397.66us ::: wait 8.10us ::: hold 5.43us
	mutex 139648556644704 ::: start 20099518.07us ::: wait 10.04us ::: hold 7.18us
	mutex 139648556644704 ::: start 20099553.18us ::: wait 15.22us ::: hold 11.87us
	mutex 139648556644704 ::: start 20099676.63us ::: wait 17.25us ::: hold 10.52us
	mutex 139648556644704 ::: start 55702480.76us ::: wait 11.68us ::: hold 17.88us
	mutex 139648556644704 ::: start 55702951.66us ::: wait 12.07us ::: hold 8.41us
	mutex 139648556644704 ::: start 55702989.07us ::: wait 7.75us ::: hold 6.00us
	mutex 139648556644704 ::: start 55703210.87us ::: wait 9.94us ::: hold 7.47us
	mutex 139648446830632 ::: start 55703277.23us ::: wait 14.22us ::: hold 62.03us
	mutex 139648446571560 ::: start 55703362.87us ::: wait 7.03us ::: hold 9.23us
	mutex 139648446830632 ::: start 55703387.05us ::: wait 7.86us ::: hold 669.10us
	mutex 139648446883368 ::: start 55704073.86us ::: wait 7.95us ::: hold 10.07us
	mutex 139648556644704 ::: start 55704268.96us ::: wait 12.59us ::: hold 7.98us
	mutex 139648556644704 ::: start 55704504.45us ::: wait 11.72us ::: hold 7.49us
	mutex 139648556644704 ::: start 55704693.23us ::: wait 10.16us ::: hold 7.28us
	mutex 139648556644704 ::: start 55704841.24us ::: wait 9.61us ::: hold 6.09us
	mutex 139648556644704 ::: start 55704894.68us ::: wait 8.24us ::: hold 5.84us
	mutex 139648556644704 ::: start 55704988.10us ::: wait 8.88us ::: hold 6.11us
	mutex 139648556644704 ::: start 55705144.59us ::: wait 11.02us ::: hold 6.94us
	mutex 139648556644704 ::: start 55705286.75us ::: wait 9.64us ::: hold 6.75us
	mutex 139648556644704 ::: start 55705735.17us ::: wait 10.46us ::: hold 24.98us
	mutex 139648556644704 ::: start 55705843.96us ::: wait 9.54us ::: hold 6.94us
	mutex 139648556644704 ::: start 55706074.18us ::: wait 22.37us ::: hold 12.94us
	mutex 139648556644704 ::: start 55706325.58us ::: wait 7.39us ::: hold 6.02us
	mutex 139648556644704 ::: start 55706390.15us ::: wait 8.55us ::: hold 5.53us
	mutex 139648556644704 ::: start 55706718.87us ::: wait 8.36us ::: hold 5.86us
	mutex 139648556644704 ::: start 55707270.53us ::: wait 9.88us ::: hold 6.69us
	mutex 139648556644704 ::: start 55707491.94us ::: wait 88.94us ::: hold 15.90us
	mutex 139648556644704 ::: start 55707918.21us ::: wait 8.83us ::: hold 6.46us
	mutex 139648556644704 ::: start 55708091.27us ::: wait 8.05us ::: hold 5.83us
	mutex 139648556644704 ::: start 55708247.57us ::: wait 9.43us ::: hold 6.49us
	mutex 139648556644704 ::: start 55708334.80us ::: wait 8.21us ::: hold 6.28us
	mutex 139648556644704 ::: start 55709134.30us ::: wait 8.06us ::: hold 5.81us
	mutex 139648556644704 ::: start 55709420.75us ::: wait 9.13us ::: hold 7.29us
	mutex 139648556644704 ::: start 55709934.04us ::: wait 8.86us ::: hold 6.94us
	mutex 139648556644704 ::: start 55710197.47us ::: wait 7.76us ::: hold 6.43us
	mutex 139648556644704 ::: start 55710240.29us ::: wait 8.13us ::: hold 5.72us
	mutex 139648556644704 ::: start 55710350.58us ::: wait 9.47us ::: hold 5.98us
	mutex 139648556644704 ::: start 55711059.36us ::: wait 9.44us ::: hold 6.50us
	mutex 139648556644704 ::: start 55711086.25us ::: wait 7.45us ::: hold 5.46us
	mutex 139648556644704 ::: start 55711186.13us ::: wait 8.82us ::: hold 5.75us
	mutex 139648556644704 ::: start 55711353.69us ::: wait 10.71us ::: hold 6.26us
	mutex 139648556644704 ::: start 55711617.82us ::: wait 9.60us ::: hold 6.43us
	mutex 139648556644704 ::: start 55712031.92us ::: wait 8.78us ::: hold 6.86us
	mutex 139648556644704 ::: start 55712071.16us ::: wait 7.73us ::: hold 5.86us
	mutex 139648556644704 ::: start 55712650.25us ::: wait 9.55us ::: hold 6.38us
	mutex 139648556644704 ::: start 55714477.94us ::: wait 10.28us ::: hold 7.33us
	mutex 139648556644704 ::: start 55714720.81us ::: wait 8.97us ::: hold 6.71us
	mutex 139648556644704 ::: start 55714989.56us ::: wait 15.14us ::: hold 5.41us
	mutex 139648446830632 ::: start 149565791.07us ::: wait 1000.04us ::: hold 10.52us
	---------------------------
	start time 2406830 ::: end time 2409505
	start time 2409688 ::: end time 2409700
	start time 2409820 ::: end time 2409980
	start time 2409990 ::: end time 2410213
	start time 2410225 ::: end time 2410255
	start time 2410287 ::: end time 2410353
	start time 2411014 ::: end time 2411063
	start time 2411139 ::: end time 2411165
	start time 2411173 ::: end time 2411230
	start time 2411321 ::: end time 2411388
	start time 2411396 ::: end time 2411425
	start time 2411441 ::: end time 2411446
	start time 2411480 ::: end time 2411560
	start time 2411568 ::: end time 2411707
	start time 2411808 ::: end time 2411907
	start time 2412322 ::: end time 2412940
	start time 2412980 ::: end time 2413380
	start time 2413423 ::: end time 2413426
	start time 2413519 ::: end time 2413551
	start time 2413559 ::: end time 2414890
	start time 2414952 ::: end time 2415060
	start time 2415069 ::: end time 2443764
	start time 2443792 ::: end time 2444017
	start time 2444041 ::: end time 2444041
	start time 2444065 ::: end time 2444416
	start time 2444439 ::: end time 2444599
	start time 2444632 ::: end time 2444993
	start time 2445004 ::: end time 2445025
	start time 2445032 ::: end time 2445135
	start time 2445163 ::: end time 2445198
	start time 2445207 ::: end time 2445352
	start time 2445455 ::: end time 2445511
	start time 2445549 ::: end time 2445567
	start time 2445575 ::: end time 2445600
	start time 2445625 ::: end time 2445776
	start time 2445786 ::: end time 2445929
	start time 2445980 ::: end time 2446047
	start time 2446054 ::: end time 2446376
	start time 2446411 ::: end time 2446481
	start time 2446489 ::: end time 2446691
	start time 2446699 ::: end time 2447310
	start time 2447321 ::: end time 2447557
	start time 2447566 ::: end time 2448055
	start time 2448065 ::: end time 20091915
	start time 20091927 ::: end time 20091977
	start time 20091985 ::: end time 20092187
	start time 20092197 ::: end time 20092572
	start time 20092584 ::: end time 20092650
	start time 20092666 ::: end time 20092701
	start time 20092718 ::: end time 20092784
	start time 20092792 ::: end time 20093107
	start time 20093118 ::: end time 20093385
	start time 20093395 ::: end time 20093452
	start time 20093460 ::: end time 20093478
	start time 20093495 ::: end time 20093527
	start time 20093544 ::: end time 20093863
	start time 20093879 ::: end time 20094014
	start time 20094022 ::: end time 20094164
	start time 20094193 ::: end time 20094262
	start time 20094270 ::: end time 20094333
	start time 20094351 ::: end time 20094463
	start time 20094482 ::: end time 20094563
	start time 20094572 ::: end time 20094590
	start time 20094606 ::: end time 20094805
	start time 20094836 ::: end time 20094966
	start time 20094974 ::: end time 20095076
	start time 20095084 ::: end time 20095680
	start time 20095689 ::: end time 20095834
	start time 20095851 ::: end time 20096128
	start time 20096135 ::: end time 20096190
	start time 20096198 ::: end time 20096272
	start time 20096280 ::: end time 20096477
	start time 20096487 ::: end time 20096641
	start time 20096657 ::: end time 20097005
	start time 20097019 ::: end time 20097263
	start time 20097284 ::: end time 20097505
	start time 20097512 ::: end time 20097635
	start time 20097644 ::: end time 20098020
	start time 20098030 ::: end time 20098163
	start time 20098170 ::: end time 20098424
	start time 20098435 ::: end time 20099294
	start time 20099304 ::: end time 20099344
	start time 20099377 ::: end time 20099397
	start time 20099405 ::: end time 20099518
	start time 20099528 ::: end time 20099553
	start time 20099568 ::: end time 20099676
	start time 20099693 ::: end time 55702480
	start time 55702492 ::: end time 55702951
	start time 55702963 ::: end time 55702989
	start time 55702996 ::: end time 55703210
	start time 55703220 ::: end time 55703277
	start time 55703291 ::: end time 55703362
	start time 55703369 ::: end time 55703387
	start time 55703394 ::: end time 55704073
	start time 55704081 ::: end time 55704268
	start time 55704281 ::: end time 55704504
	start time 55704516 ::: end time 55704693
	start time 55704703 ::: end time 55704841
	start time 55704850 ::: end time 55704894
	start time 55704902 ::: end time 55704988
	start time 55704996 ::: end time 55705144
	start time 55705155 ::: end time 55705286
	start time 55705296 ::: end time 55705735
	start time 55705745 ::: end time 55705843
	start time 55705853 ::: end time 55706074
	start time 55706096 ::: end time 55706325
	start time 55706332 ::: end time 55706390
	start time 55706398 ::: end time 55706718
	start time 55706727 ::: end time 55707270
	start time 55707280 ::: end time 55707491
	start time 55707580 ::: end time 55707918
	start time 55707927 ::: end time 55708091
	start time 55708099 ::: end time 55708247
	start time 55708257 ::: end time 55708334
	start time 55708343 ::: end time 55709134
	start time 55709142 ::: end time 55709420
	start time 55709429 ::: end time 55709934
	start time 55709942 ::: end time 55710197
	start time 55710205 ::: end time 55710240
	start time 55710248 ::: end time 55710350
	start time 55710360 ::: end time 55711059
	start time 55711068 ::: end time 55711086
	start time 55711093 ::: end time 55711186
	start time 55711194 ::: end time 55711353
	start time 55711364 ::: end time 55711617
	start time 55711627 ::: end time 55712031
	start time 55712040 ::: end time 55712071
	start time 55712078 ::: end time 55712650
	start time 55712659 ::: end time 55714477
	start time 55714488 ::: end time 55714720
	start time 55714729 ::: end time 55714989
	start time 55715004 ::: end time 149565791
	start time 149566791 ::: end time 149566801
tid: 8457 ::: thread start time -248298598380 ::: thread end time -248298598380
	mutex 139648446883368 ::: start 2402808.13us ::: wait 446.20us ::: hold 157125223.46us
	mutex 139648446830632 ::: start 2403708.01us ::: wait 51.55us ::: hold 63.70us
	mutex 139648556644704 ::: start 2403785.16us ::: wait 142.23us ::: hold 59.62us
	mutex 139648556644704 ::: start 2403844.98us ::: wait 90.76us ::: hold 56.82us
	mutex 139648556644704 ::: start 2403890.41us ::: wait 92.47us ::: hold 58.60us
	mutex 139648556644704 ::: start 2404070.83us ::: wait 221.15us ::: hold 68.02us
	mutex 139648556644704 ::: start 2404232.77us ::: wait 1176.10us ::: hold 558.47us
	mutex 139648556644704 ::: start 2404293.29us ::: wait 247.76us ::: hold 123.89us
	mutex 139648556644704 ::: start 2407178.72us ::: wait 19.21us ::: hold 12.86us
	mutex 139648556644704 ::: start 2407556.10us ::: wait 11.22us ::: hold 8.16us
	mutex 139648556644704 ::: start 2407677.10us ::: wait 15.29us ::: hold 6.62us
	mutex 139648556644704 ::: start 2408264.66us ::: wait 9.88us ::: hold 6.99us
	mutex 139648556644704 ::: start 2408569.11us ::: wait 39.07us ::: hold 23.22us
	mutex 139648446830632 ::: start 2409439.98us ::: wait 36.09us ::: hold 39.97us
	mutex 139648556644704 ::: start 2428694.28us ::: wait 47.04us ::: hold 29.66us
	mutex 139648556644704 ::: start 2428846.19us ::: wait 43.22us ::: hold 28.59us
	mutex 139648556644704 ::: start 2429001.48us ::: wait 42.71us ::: hold 27.51us
	mutex 139648556644704 ::: start 2429229.15us ::: wait 10.47us ::: hold 7.96us
	mutex 139648556644704 ::: start 2429270.06us ::: wait 7.46us ::: hold 5.71us
	mutex 139648556644704 ::: start 2429299.53us ::: wait 7.56us ::: hold 6.19us
	mutex 139648556644704 ::: start 2429321.28us ::: wait 8.55us ::: hold 6.04us
	mutex 139648556644704 ::: start 2429344.03us ::: wait 7.24us ::: hold 5.84us
	mutex 139648556644704 ::: start 2429365.19us ::: wait 14.43us ::: hold 11.02us
	mutex 139648556644704 ::: start 2429386.32us ::: wait 7.21us ::: hold 6.33us
	mutex 139648556644704 ::: start 2429427.82us ::: wait 7.21us ::: hold 5.99us
	mutex 139648556644704 ::: start 2429449.03us ::: wait 7.24us ::: hold 5.86us
	mutex 139648556644704 ::: start 2429472.36us ::: wait 39.46us ::: hold 27.92us
	mutex 139648556644704 ::: start 2429495.78us ::: wait 29.85us ::: hold 22.65us
	mutex 139648556644704 ::: start 2429517.69us ::: wait 61.07us ::: hold 41.96us
	mutex 139648556644704 ::: start 2429625.04us ::: wait 21.85us ::: hold 14.42us
	mutex 139648556644704 ::: start 2429729.33us ::: wait 43.21us ::: hold 43.31us
	mutex 139648556644704 ::: start 2429932.38us ::: wait 36.35us ::: hold 21.05us
	mutex 139648556644704 ::: start 2430108.72us ::: wait 30.84us ::: hold 21.04us
	mutex 139648556644704 ::: start 2430241.68us ::: wait 32.85us ::: hold 20.11us
	mutex 139648556644704 ::: start 2430418.48us ::: wait 34.53us ::: hold 21.92us
	mutex 139648556644704 ::: start 2430455.55us ::: wait 22.50us ::: hold 17.32us
	mutex 139648556644704 ::: start 2430482.22us ::: wait 22.59us ::: hold 16.59us
	mutex 139648556644704 ::: start 2430615.67us ::: wait 31.14us ::: hold 19.87us
	mutex 139648556644704 ::: start 2430741.19us ::: wait 44.91us ::: hold 20.61us
	mutex 139648556644704 ::: start 2430944.96us ::: wait 43.45us ::: hold 26.63us
	mutex 139648556644704 ::: start 2431247.68us ::: wait 64.31us ::: hold 44.87us
	mutex 139648556644704 ::: start 2431341.55us ::: wait 8.84us ::: hold 5.92us
	mutex 139648556644704 ::: start 2431423.61us ::: wait 25.37us ::: hold 17.43us
	mutex 139648556644704 ::: start 2431525.57us ::: wait 28.26us ::: hold 17.72us
	mutex 139648556644704 ::: start 2431611.16us ::: wait 26.64us ::: hold 17.66us
	mutex 139648556644704 ::: start 2431676.69us ::: wait 24.69us ::: hold 16.31us
	mutex 139648556644704 ::: start 2431744.70us ::: wait 37.81us ::: hold 18.84us
	mutex 139648556644704 ::: start 2432052.29us ::: wait 33.75us ::: hold 30.41us
	mutex 139648556644704 ::: start 2432236.96us ::: wait 38.02us ::: hold 23.28us
	mutex 139648556644704 ::: start 2432482.29us ::: wait 25.04us ::: hold 17.64us
	mutex 139648556644704 ::: start 2432607.23us ::: wait 33.60us ::: hold 22.28us
	mutex 139648556644704 ::: start 2433151.72us ::: wait 30.04us ::: hold 18.86us
	mutex 139648556644704 ::: start 2433354.14us ::: wait 34.91us ::: hold 23.80us
	mutex 139648556644704 ::: start 2433637.22us ::: wait 36.46us ::: hold 19.41us
	mutex 139648556644704 ::: start 2433903.42us ::: wait 30.28us ::: hold 18.99us
	mutex 139648556644704 ::: start 2434522.28us ::: wait 35.92us ::: hold 21.95us
	mutex 139648556644704 ::: start 2437357.74us ::: wait 10.90us ::: hold 7.77us
	mutex 139648556644704 ::: start 2437570.40us ::: wait 9.93us ::: hold 12.98us
	mutex 139648556644704 ::: start 2437932.53us ::: wait 10.30us ::: hold 6.92us
	mutex 139648556644704 ::: start 2438243.78us ::: wait 10.66us ::: hold 6.45us
	mutex 139648556644704 ::: start 2438316.70us ::: wait 8.94us ::: hold 6.16us
	mutex 139648556644704 ::: start 2438378.90us ::: wait 8.64us ::: hold 5.74us
	mutex 139648556644704 ::: start 2438459.95us ::: wait 8.96us ::: hold 6.42us
	mutex 139648556644704 ::: start 2438517.07us ::: wait 8.21us ::: hold 6.15us
	mutex 139648556644704 ::: start 2438581.92us ::: wait 8.31us ::: hold 6.04us
	mutex 139648556644704 ::: start 2438655.13us ::: wait 8.73us ::: hold 6.09us
	mutex 139648556644704 ::: start 2438712.79us ::: wait 8.29us ::: hold 5.50us
	mutex 139648556644704 ::: start 2438774.85us ::: wait 8.39us ::: hold 6.35us
	mutex 139648556644704 ::: start 2438854.84us ::: wait 8.86us ::: hold 5.80us
	mutex 139648556644704 ::: start 2438915.88us ::: wait 8.59us ::: hold 6.04us
	mutex 139648556644704 ::: start 2439501.63us ::: wait 8.61us ::: hold 6.39us
	mutex 139648556644704 ::: start 2439773.06us ::: wait 8.44us ::: hold 6.87us
	mutex 139648556644704 ::: start 2440207.35us ::: wait 10.26us ::: hold 6.75us
	mutex 139648556644704 ::: start 2440423.07us ::: wait 11.04us ::: hold 6.77us
	mutex 139648556644704 ::: start 2441058.25us ::: wait 11.46us ::: hold 8.22us
	mutex 139648556644704 ::: start 20079027.75us ::: wait 20.20us ::: hold 15.02us
	mutex 139648556644704 ::: start 20080384.36us ::: wait 9.99us ::: hold 6.90us
	mutex 139648556644704 ::: start 20080462.18us ::: wait 8.49us ::: hold 6.18us
	mutex 139648556644704 ::: start 55691182.10us ::: wait 10.99us ::: hold 7.93us
	mutex 139648556644704 ::: start 55691259.41us ::: wait 8.65us ::: hold 6.32us
	mutex 139648446883368 ::: start 55703334.85us ::: wait 9.11us ::: hold 7434.01us
	---------------------------
	start time 2403759 ::: end time 2403785
	start time 2403982 ::: end time 2404070
	start time 2405408 ::: end time 2407178
	start time 2407197 ::: end time 2407556
	start time 2407567 ::: end time 2407677
	start time 2407692 ::: end time 2408264
	start time 2408274 ::: end time 2408569
	start time 2408608 ::: end time 2409439
	start time 2409476 ::: end time 2428694
	start time 2428741 ::: end time 2428846
	start time 2428889 ::: end time 2429001
	start time 2429044 ::: end time 2429229
	start time 2429239 ::: end time 2429270
	start time 2429277 ::: end time 2429299
	start time 2429307 ::: end time 2429321
	start time 2429329 ::: end time 2429344
	start time 2429351 ::: end time 2429365
	start time 2429379 ::: end time 2429386
	start time 2429393 ::: end time 2429427
	start time 2429435 ::: end time 2429449
	start time 2429456 ::: end time 2429472
	start time 2429578 ::: end time 2429625
	start time 2429646 ::: end time 2429729
	start time 2429772 ::: end time 2429932
	start time 2429968 ::: end time 2430108
	start time 2430139 ::: end time 2430241
	start time 2430274 ::: end time 2430418
	start time 2430453 ::: end time 2430455
	start time 2430478 ::: end time 2430482
	start time 2430504 ::: end time 2430615
	start time 2430646 ::: end time 2430741
	start time 2430786 ::: end time 2430944
	start time 2430988 ::: end time 2431247
	start time 2431311 ::: end time 2431341
	start time 2431350 ::: end time 2431423
	start time 2431448 ::: end time 2431525
	start time 2431553 ::: end time 2431611
	start time 2431637 ::: end time 2431676
	start time 2431701 ::: end time 2431744
	start time 2431782 ::: end time 2432052
	start time 2432086 ::: end time 2432236
	start time 2432274 ::: end time 2432482
	start time 2432507 ::: end time 2432607
	start time 2432640 ::: end time 2433151
	start time 2433181 ::: end time 2433354
	start time 2433389 ::: end time 2433637
	start time 2433673 ::: end time 2433903
	start time 2433933 ::: end time 2434522
	start time 2434558 ::: end time 2437357
	start time 2437368 ::: end time 2437570
	start time 2437580 ::: end time 2437932
	start time 2437942 ::: end time 2438243
	start time 2438254 ::: end time 2438316
	start time 2438325 ::: end time 2438378
	start time 2438387 ::: end time 2438459
	start time 2438468 ::: end time 2438517
	start time 2438525 ::: end time 2438581
	start time 2438590 ::: end time 2438655
	start time 2438663 ::: end time 2438712
	start time 2438721 ::: end time 2438774
	start time 2438783 ::: end time 2438854
	start time 2438863 ::: end time 2438915
	start time 2438924 ::: end time 2439501
	start time 2439510 ::: end time 2439773
	start time 2439781 ::: end time 2440207
	start time 2440217 ::: end time 2440423
	start time 2440434 ::: end time 2441058
	start time 2441069 ::: end time 20079027
	start time 20079047 ::: end time 20080384
	start time 20080394 ::: end time 20080462
	start time 20080470 ::: end time 55691182
	start time 55691193 ::: end time 55691259
	start time 55691268 ::: end time 55703334
	start time 55703343 ::: end time 55710777
tid: 8461 ::: thread start time -248298598380 ::: thread end time -248298598380
	mutex 139648446904360 ::: start 0.00us ::: wait 41509.68us ::: hold 159893904.25us
	mutex 139648446571560 ::: start 1396816.09us ::: wait 10.68us ::: hold 26.54us
	mutex 139648556644704 ::: start 2400234.54us ::: wait 382.90us ::: hold 373.47us
	mutex 139648556644704 ::: start 2400259.75us ::: wait 297.56us ::: hold 158.28us
	mutex 139648556644704 ::: start 2400274.79us ::: wait 236.57us ::: hold 178.91us
	mutex 139648556644704 ::: start 2400289.79us ::: wait 234.03us ::: hold 160.97us
	---------------------------
	start time 1396826 ::: end time 2400234
	start time 2400617 ::: end time 2400990
tid: 8500 ::: thread start time 2404300 ::: thread end time 55687844
	mutex 139648446023208 ::: start 2403982.76us ::: wait 10.08us ::: hold 9.76us
	mutex 139648447090728 ::: start 2404010.13us ::: wait 6.90us ::: hold 223.33us
	mutex 139648556644704 ::: start 2404948.93us ::: wait 9.89us ::: hold 7.63us
	mutex 139648556644704 ::: start 2405036.87us ::: wait 9.67us ::: hold 6.29us
	mutex 139648556644704 ::: start 2405064.03us ::: wait 5.87us ::: hold 5.12us
	mutex 139648556644704 ::: start 2405081.37us ::: wait 5.64us ::: hold 4.93us
	mutex 139648556644704 ::: start 2405098.69us ::: wait 5.52us ::: hold 5.07us
	mutex 139648556644704 ::: start 2405118.78us ::: wait 5.83us ::: hold 4.78us
	mutex 139648556547776 ::: start 2405445.98us ::: wait 10.45us ::: hold 34.77us
	mutex 139648571574536 ::: start 2405463.37us ::: wait 12.38us ::: hold 9.53us
	mutex 139648446830632 ::: start 2405838.38us ::: wait 13.24us ::: hold 13.62us
	mutex 139648446883368 ::: start 2408866.79us ::: wait 9.42us ::: hold 17.18us
	mutex 139648446883368 ::: start 2409379.13us ::: wait 9.93us ::: hold 16.48us
	mutex 139648446883368 ::: start 2412207.30us ::: wait 11.88us ::: hold 23.51us
	mutex 139648446883368 ::: start 2413917.78us ::: wait 12.33us ::: hold 17.16us
	mutex 139648446883368 ::: start 2415325.49us ::: wait 10.83us ::: hold 12.17us
	mutex 139648446883368 ::: start 2428233.99us ::: wait 15.93us ::: hold 55.02us
	mutex 139648446830632 ::: start 2436257.28us ::: wait 10.18us ::: hold 27.62us
	mutex 139648446830632 ::: start 2443670.60us ::: wait 11.05us ::: hold 23.11us
	mutex 139648556644704 ::: start 2449112.64us ::: wait 10.27us ::: hold 9.12us
	mutex 139648556644704 ::: start 2449141.91us ::: wait 5.62us ::: hold 4.29us
	mutex 139648556644704 ::: start 2449161.70us ::: wait 5.59us ::: hold 3.97us
	mutex 139648556644704 ::: start 2449208.09us ::: wait 12.82us ::: hold 8.82us
	mutex 139648446571560 ::: start 2532647.11us ::: wait 2594.14us ::: hold 4798.15us
	mutex 139648447090728 ::: start 2532702.72us ::: wait 1205.14us ::: hold 116358.80us
	mutex 139648446612008 ::: start 2534890.24us ::: wait 8.14us ::: hold 14.07us
	mutex 139648447090728 ::: start 2535194.49us ::: wait 14.29us ::: hold 50.88us
	mutex 139648446571560 ::: start 2535270.19us ::: wait 7.67us ::: hold 24.79us
	mutex 139648447090728 ::: start 2535311.04us ::: wait 7.38us ::: hold 83.94us
	mutex 139648556644704 ::: start 20077256.84us ::: wait 34.72us ::: hold 31.79us
	mutex 139648556644704 ::: start 20077314.53us ::: wait 12.50us ::: hold 8.49us
	mutex 139648556644704 ::: start 20077334.37us ::: wait 11.13us ::: hold 8.02us
	mutex 139648556644704 ::: start 20077385.97us ::: wait 20.86us ::: hold 9.67us
	mutex 139648446830632 ::: start 20078051.51us ::: wait 10.09us ::: hold 18.40us
	mutex 139648446830632 ::: start 20090690.72us ::: wait 15.96us ::: hold 33.91us
	mutex 139648556644704 ::: start 20101390.97us ::: wait 12.82us ::: hold 9.62us
	mutex 139648556644704 ::: start 20101423.47us ::: wait 5.46us ::: hold 9.23us
	mutex 139648556644704 ::: start 20101448.42us ::: wait 5.57us ::: hold 4.18us
	mutex 139648446571560 ::: start 20119737.25us ::: wait 5151.76us ::: hold 9617.52us
	mutex 139648447090728 ::: start 20119801.98us ::: wait 2472.98us ::: hold 225657.86us
	mutex 139648447100312 ::: start 55687800.40us ::: wait 11.02us ::: hold 17.53us
	mutex 139648446571560 ::: start 55687874.25us ::: wait 10.10us ::: hold 12.44us
	mutex 139648447090728 ::: start 55687912.67us ::: wait 7.44us ::: hold 6856.63us
	mutex 139648556644704 ::: start 55694840.38us ::: wait 4972.35us ::: hold 20.19us
	mutex 139648556644704 ::: start 55699852.42us ::: wait 8.77us ::: hold 4.93us
	---------------------------
	start time 2404300 ::: end time 2403982
	start time 2403992 ::: end time 2404010
	start time 2404017 ::: end time 2404948
	start time 2404958 ::: end time 2405036
	start time 2405046 ::: end time 2405064
	start time 2405069 ::: end time 2405081
	start time 2405087 ::: end time 2405098
	start time 2405104 ::: end time 2405118
	start time 2405124 ::: end time 2405445
	start time 2405456 ::: end time 2405463
	start time 2405475 ::: end time 2405838
	start time 2405851 ::: end time 2408866
	start time 2408876 ::: end time 2409379
	start time 2409389 ::: end time 2412207
	start time 2412219 ::: end time 2413917
	start time 2413930 ::: end time 2415325
	start time 2415336 ::: end time 2428233
	start time 2428249 ::: end time 2436257
	start time 2436267 ::: end time 2443670
	start time 2443681 ::: end time 2449112
	start time 2449122 ::: end time 2449141
	start time 2449147 ::: end time 2449161
	start time 2449167 ::: end time 2449208
	start time 2449220 ::: end time 2532647
	start time 2535241 ::: end time 2535270
	start time 2535277 ::: end time 2535311
	start time 2535318 ::: end time 20077256
	start time 20077291 ::: end time 20077314
	start time 20077327 ::: end time 20077334
	start time 20077345 ::: end time 20077385
	start time 20077406 ::: end time 20078051
	start time 20078061 ::: end time 20090690
	start time 20090706 ::: end time 20101390
	start time 20101403 ::: end time 20101423
	start time 20101428 ::: end time 20101448
	start time 20101453 ::: end time 20119737
	start time 20124889 ::: end time 55687800
	start time 55687811 ::: end time 55687874
	start time 55687884 ::: end time 55687912
	start time 55687920 ::: end time 55694840
	start time 55699812 ::: end time 55699852
	start time 55699861 ::: end time 55699866
tid: 8501 ::: thread start time 2406179 ::: thread end time -248298598380
	mutex 139648446023208 ::: start 2404378.26us ::: wait 8.44us ::: hold 9.67us
	mutex 139648447099176 ::: start 2404404.20us ::: wait 7.45us ::: hold 1724.64us
	mutex 139648556644704 ::: start 2406355.47us ::: wait 18.44us ::: hold 7.66us
	mutex 139648556644704 ::: start 2406495.86us ::: wait 10.18us ::: hold 7.38us
	mutex 139648556644704 ::: start 2406528.14us ::: wait 7.70us ::: hold 5.65us
	mutex 139648556644704 ::: start 2406549.90us ::: wait 7.87us ::: hold 5.77us
	mutex 139648556644704 ::: start 2406572.71us ::: wait 7.37us ::: hold 5.77us
	mutex 139648556644704 ::: start 2406603.92us ::: wait 7.94us ::: hold 5.99us
	mutex 139648556644704 ::: start 2406690.97us ::: wait 10.36us ::: hold 7.36us
	mutex 139648556644704 ::: start 2406819.42us ::: wait 9.74us ::: hold 7.39us
	mutex 139648447099176 ::: start 55688149.88us ::: wait 16.77us ::: hold 96.64us
	mutex 139648446830632 ::: start 55688701.79us ::: wait 9.20us ::: hold 18.15us
	mutex 139648446830632 ::: start 55701674.87us ::: wait 12.62us ::: hold 23.51us
	mutex 139648446571560 ::: start 55703173.29us ::: wait 12.04us ::: hold 17.78us
	mutex 139648447099176 ::: start 55703214.87us ::: wait 8.09us ::: hold 889.86us
	mutex 139648556644704 ::: start 55716836.08us ::: wait 14.27us ::: hold 10.78us
	mutex 139648556644704 ::: start 55716871.58us ::: wait 5.57us ::: hold 4.68us
	mutex 139648556644704 ::: start 55716892.50us ::: wait 5.46us ::: hold 3.84us
	mutex 139648556644704 ::: start 55716951.07us ::: wait 6.74us ::: hold 4.72us
	mutex 139648446571560 ::: start 55828864.12us ::: wait 14982.25us ::: hold 28334.79us
	mutex 139648447099176 ::: start 55828913.76us ::: wait 7012.00us ::: hold 643209.18us
	mutex 139648446883368 ::: start 109563737.96us ::: wait 28.94us ::: hold 24.31us
	park start time 248301005329 ::: park end time 248354286329
	---------------------------
	start time 2406179 ::: end time 2404378
	start time 2404386 ::: end time 2404404
	start time 2404411 ::: end time 2406355
	start time 2406373 ::: end time 2406495
	start time 2406506 ::: end time 2406528
	start time 2406535 ::: end time 2406549
	start time 2406557 ::: end time 2406572
	start time 2406580 ::: end time 2406603
	start time 2406611 ::: end time 2406690
	start time 2406701 ::: end time 2406819
	start time 2406829 ::: end time 2406949
	start time 55687949 ::: end time 55688149
	start time 55688166 ::: end time 55688701
	start time 55688710 ::: end time 55701674
	start time 55701687 ::: end time 55703173
	start time 55703185 ::: end time 55703214
	start time 55703222 ::: end time 55716836
	start time 55716850 ::: end time 55716871
	start time 55716877 ::: end time 55716892
	start time 55716897 ::: end time 55716951
	start time 55716957 ::: end time 55828864
	start time 55843846 ::: end time 109563737
	start time 109563766 ::: end time 109563791
tid: 8440 ::: thread start time -248298598380 ::: thread end time -248298598380
	mutex 139648556644704 ::: start 2403302.91us ::: wait 11.09us ::: hold 9.02us
	mutex 139648556644704 ::: start 2403329.64us ::: wait 5.53us ::: hold 5.18us
	mutex 139648556644704 ::: start 2403390.02us ::: wait 7.75us ::: hold 5.19us
	mutex 139648556644704 ::: start 2403461.17us ::: wait 36.16us ::: hold 5.56us
	mutex 139648556644704 ::: start 2403512.05us ::: wait 5.58us ::: hold 4.26us
	mutex 139648556644704 ::: start 2403545.29us ::: wait 5.97us ::: hold 4.14us
	mutex 139648446883368 ::: start 2403633.48us ::: wait 8.87us ::: hold 17.29us
	mutex 139648556644704 ::: start 2403728.55us ::: wait 18.33us ::: hold 36.87us
	mutex 139648556644704 ::: start 2403780.63us ::: wait 15.13us ::: hold 9.26us
	mutex 139648446023208 ::: start 2403951.29us ::: wait 19.31us ::: hold 1678.12us
	mutex 139648447090728 ::: start 2404043.77us ::: wait 7.61us ::: hold 8.62us
	mutex 139648447099176 ::: start 2405859.52us ::: wait 9.68us ::: hold 10.37us
	mutex 139648556644704 ::: start 2405952.96us ::: wait 10.78us ::: hold 16.02us
	mutex 139648556644704 ::: start 2405988.77us ::: wait 7.34us ::: hold 4.81us
	mutex 139648556644704 ::: start 2406014.96us ::: wait 7.39us ::: hold 4.74us
	mutex 139648556644704 ::: start 2406035.39us ::: wait 7.61us ::: hold 4.50us
	mutex 139648446022696 ::: start 2406113.24us ::: wait 10.54us ::: hold 0.00us
	---------------------------
	start time 2403314 ::: end time 2403329
	start time 2403335 ::: end time 2403390
	start time 2403397 ::: end time 2403461
	start time 2403497 ::: end time 2403512
	start time 2403517 ::: end time 2403545
	start time 2403551 ::: end time 2403633
	start time 2403642 ::: end time 2403728
	start time 2403746 ::: end time 2403780
	start time 2403795 ::: end time 2403951
	start time 2403970 ::: end time 2404043
	start time 2404051 ::: end time 2405859
	start time 2405869 ::: end time 2405952
	start time 2405963 ::: end time 2405988
	start time 2405996 ::: end time 2406014
	start time 2406022 ::: end time 2406035
	start time 2406042 ::: end time 2406113
	start time 2406123 ::: end time 2406123
tid: 8442 ::: thread start time -248298598380 ::: thread end time -248298598380
	mutex 139648446108200 ::: start 2532929.86us ::: wait 6463.97us ::: hold 10324.26us
	mutex 139648556644704 ::: start 2533788.71us ::: wait 11.13us ::: hold 12.17us
	mutex 139648556644704 ::: start 2533841.32us ::: wait 30.57us ::: hold 9.51us
	mutex 139648446100520 ::: start 2534485.61us ::: wait 57139.47us ::: hold 157133929.66us
	mutex 139648446571560 ::: start 2651156.85us ::: wait 5491.64us ::: hold 7228.81us
	mutex 139648446108200 ::: start 2651189.94us ::: wait 70348.66us ::: hold 8583.74us
	mutex 139648446108200 ::: start 2651442.58us ::: wait 4746.51us ::: hold 5554.08us
	mutex 139648446100520 ::: start 3579074.90us ::: wait 7712.42us ::: hold 8726.40us
	mutex 139648446571560 ::: start 48796566.67us ::: wait 15.69us ::: hold 21.91us
	mutex 139648446100520 ::: start 51015912.15us ::: wait 92.03us ::: hold 142.79us
	---------------------------
	start time 2539393 ::: end time 2651156
	start time 2721538 ::: end time 3579074
	start time 3586787 ::: end time 48796566
	start time 48796582 ::: end time 51015912
	start time 51016004 ::: end time 51016146
tid: 8443 ::: thread start time -248298598380 ::: thread end time -248298598380
	mutex 139648556644704 ::: start 2533827.96us ::: wait 9.25us ::: hold 7.63us
	mutex 139648556644704 ::: start 2533889.51us ::: wait 15.28us ::: hold 9.62us
	mutex 139648556644704 ::: start 2533951.83us ::: wait 8.08us ::: hold 6.24us
	mutex 139648446571560 ::: start 2534485.61us ::: wait 5261.91us ::: hold 6755.48us
	mutex 139648446100520 ::: start 2534518.86us ::: wait 70144.08us ::: hold 8530.74us
	mutex 139648446108200 ::: start 2534543.86us ::: wait 56925.52us ::: hold 157137957.71us
	mutex 139648446100520 ::: start 2534774.37us ::: wait 4423.29us ::: hold 5601.32us
	mutex 139648446100520 ::: start 2650007.24us ::: wait 5895.32us ::: hold 10463.05us
	mutex 139648446108200 ::: start 3000245.71us ::: wait 7462.59us ::: hold 7693.60us
	mutex 139648446108200 ::: start 13179769.36us ::: wait 83.13us ::: hold 112.51us
	mutex 139648446571560 ::: start 159245514.35us ::: wait 7.80us ::: hold 12.12us
	---------------------------
	start time 2533837 ::: end time 2533889
	start time 2533904 ::: end time 2533951
	start time 2533959 ::: end time 2534485
	start time 2604662 ::: end time 2650007
	start time 2655902 ::: end time 3000245
	start time 3007708 ::: end time 13179769
	start time 13179852 ::: end time 159245514
	start time 159245522 ::: end time 159245534
tid 8440 ::: ans 1240.68
tid 8442 ::: ans 8069432.63
tid 8443 ::: ans 56641552.31
tid 8449 ::: ans 9022589.76
tid 8450 ::: ans 10.52
tid 8451 ::: ans 94.63
tid 8456 ::: ans 47021929.04
tid 8457 ::: ans 9069728.76
tid 8461 ::: ans 1003781.24
tid 8500 ::: ans 9065059.98
tid 8501 ::: ans 17950456.07
stack info count: 375 
9
(8500L, 248354286175226L, 'unpark', 0L, 0L)
(8500L, 248301002681556L, 'start', 139647506197760L, 0L)
(8501L, 248301004560232L, 'start', 139648447096240L, 0L)
(8501L, 248354286329976L, 'park_end', 0L, 0L)
(8440L, 248301000965230L, 'sleep_end', 0L, 0L)
(8500L, 248354286225761L, 'stop', 139647506197760L, 0L)
(8440L, 248301002265511L, 'create', 0L, 139648571496336L)
(8440L, 248301002561546L, 'create', 0L, 139648571496336L)
(8501L, 248301005329312L, 'park_begin', 0L, 0L)
Finish : 1598444266850
