2020-08-21 02:38:14
Full thread dump OpenJDK 64-Bit Server VM (25.262-b10 mixed mode):

"Attach Listener" #8 daemon prio=9 os_prio=0 tid=0x00007f3c34001000 nid=0x425d waiting on condition [0x0000000000000000]
   java.lang.Thread.State: RUNNABLE

"Service Thread" #7 daemon prio=9 os_prio=0 tid=0x00007f3c60141800 nid=0x4259 runnable [0x0000000000000000]
   java.lang.Thread.State: RUNNABLE

"C1 CompilerThread1" #6 daemon prio=9 os_prio=0 tid=0x00007f3c6013e800 nid=0x4257 runnable [0x0000000000000000]
   java.lang.Thread.State: RUNNABLE

"C2 CompilerThread0" #5 daemon prio=9 os_prio=0 tid=0x00007f3c60131800 nid=0x4255 waiting on condition [0x0000000000000000]
   java.lang.Thread.State: RUNNABLE

"Signal Dispatcher" #4 daemon prio=9 os_prio=0 tid=0x00007f3c6012f800 nid=0x4254 runnable [0x0000000000000000]
   java.lang.Thread.State: RUNNABLE

"Finalizer" #3 daemon prio=8 os_prio=0 tid=0x00007f3c60101800 nid=0x4252 in Object.wait() [0x00007f3c4f462000]
   java.lang.Thread.State: WAITING (on object monitor)
	at java.lang.Object.wait(Native Method)
	- waiting on <0x00000000c6608ee0> (a java.lang.ref.ReferenceQueue$Lock)
	at java.lang.ref.ReferenceQueue.remove(ReferenceQueue.java:144)
	- locked <0x00000000c6608ee0> (a java.lang.ref.ReferenceQueue$Lock)
	at java.lang.ref.ReferenceQueue.remove(ReferenceQueue.java:165)
	at java.lang.ref.Finalizer$FinalizerThread.run(Finalizer.java:216)

"Reference Handler" #2 daemon prio=10 os_prio=0 tid=0x00007f3c600fc800 nid=0x4250 in Object.wait() [0x00007f3c4f563000]
   java.lang.Thread.State: WAITING (on object monitor)
	at java.lang.Object.wait(Native Method)
	- waiting on <0x00000000c6606c00> (a java.lang.ref.Reference$Lock)
	at java.lang.Object.wait(Object.java:502)
	at java.lang.ref.Reference.tryHandlePending(Reference.java:191)
	- locked <0x00000000c6606c00> (a java.lang.ref.Reference$Lock)
	at java.lang.ref.Reference$ReferenceHandler.run(Reference.java:153)

"main" #1 prio=5 os_prio=0 tid=0x00007f3c6004b800 nid=0x424b runnable [0x00007f3c66940000]
   java.lang.Thread.State: RUNNABLE
	at java.util.zip.ZipFile.read(Native Method)
	at java.util.zip.ZipFile.access$1400(ZipFile.java:60)
	at java.util.zip.ZipFile$ZipFileInputStream.read(ZipFile.java:734)
	- locked <0x00000000c6689e20> (a sun.net.www.protocol.jar.URLJarFile)
	at java.util.zip.ZipFile$ZipFileInflaterInputStream.fill(ZipFile.java:434)
	at java.util.zip.InflaterInputStream.read(InflaterInputStream.java:158)
	at java.io.FilterInputStream.read(FilterInputStream.java:133)
	at java.io.BufferedInputStream.fill(BufferedInputStream.java:246)
	at java.io.BufferedInputStream.read1(BufferedInputStream.java:286)
	at java.io.BufferedInputStream.read(BufferedInputStream.java:345)
	- locked <0x00000000c6923ee0> (a java.io.BufferedInputStream)
	at org.dacapo.harness.Benchmark.fileFromInputStream(Benchmark.java:622)
	at org.dacapo.harness.Benchmark.extractFileResource(Benchmark.java:592)
	at org.dacapo.harness.Benchmark.prepareJars(Benchmark.java:252)
	at org.dacapo.harness.Benchmark.initialize(Benchmark.java:236)
	at org.dacapo.harness.Benchmark.<init>(Benchmark.java:217)
	at org.dacapo.harness.H2.<init>(H2.java:39)
	at sun.reflect.NativeConstructorAccessorImpl.newInstance0(Native Method)
	at sun.reflect.NativeConstructorAccessorImpl.newInstance(NativeConstructorAccessorImpl.java:62)
	at sun.reflect.DelegatingConstructorAccessorImpl.newInstance(DelegatingConstructorAccessorImpl.java:45)
	at java.lang.reflect.Constructor.newInstance(Constructor.java:423)
	at org.dacapo.harness.TestHarness.runBenchmark(TestHarness.java:192)
	at org.dacapo.harness.TestHarness.main(TestHarness.java:152)
	at sun.reflect.NativeMethodAccessorImpl.invoke0(Native Method)
	at sun.reflect.NativeMethodAccessorImpl.invoke(NativeMethodAccessorImpl.java:62)
	at sun.reflect.DelegatingMethodAccessorImpl.invoke(DelegatingMethodAccessorImpl.java:43)
	at java.lang.reflect.Method.invoke(Method.java:498)
	at Harness.main(Unknown Source)

"VM Thread" os_prio=0 tid=0x00007f3c600f3000 nid=0x424e runnable 

"VM Periodic Task Thread" os_prio=0 tid=0x00007f3c60144800 nid=0x425a waiting on condition 

JNI global references: 5

