Start : 1598454886590
End : 1598455046683
(13031L, 259081302816955L, 'sleep_end')
(13031L, 259081304597527L, 'create')
(13092L, 259186859895782L, 'park_end')
(13092L, 259081306455301L, 'park_begin')
(13091L, 259186859870881L, 'stop')
(13092L, 259081305559154L, 'start')
(13091L, 259186859820274L, 'unpark')
(13091L, 259081304724186L, 'start')
(13031L, 259081304275563L, 'create')
tid: 13091 ::: thread start time 2387515 ::: thread end time 107942661
	mutex 140622464075304 ::: start 2387165.58us ::: wait 8.26us ::: hold 9.75us
	mutex 140622465176360 ::: start 2387191.45us ::: wait 7.60us ::: hold 259.71us
	mutex 140622563199328 ::: start 2388294.27us ::: wait 11.24us ::: hold 9.72us
	mutex 140622563199328 ::: start 2388420.68us ::: wait 11.91us ::: hold 8.11us
	mutex 140622563199328 ::: start 2388456.20us ::: wait 7.95us ::: hold 6.94us
	mutex 140622563199328 ::: start 2388479.54us ::: wait 7.19us ::: hold 6.79us
	mutex 140622563199328 ::: start 2388502.77us ::: wait 7.31us ::: hold 6.48us
	mutex 140622563199328 ::: start 2388529.42us ::: wait 7.63us ::: hold 6.65us
	mutex 140622465176360 ::: start 2388725.29us ::: wait 32.97us ::: hold 7.67us
	mutex 140622563102400 ::: start 2389144.20us ::: wait 11.17us ::: hold 35.81us
	mutex 140622578129160 ::: start 2389164.53us ::: wait 7.74us ::: hold 10.40us
	mutex 140622464882728 ::: start 2389460.94us ::: wait 10.17us ::: hold 12.78us
	mutex 140622465176360 ::: start 2389608.09us ::: wait 11.05us ::: hold 220.12us
	mutex 140622464882728 ::: start 2389850.81us ::: wait 7.28us ::: hold 9.82us
	mutex 140622464882728 ::: start 2390021.82us ::: wait 10.96us ::: hold 10.89us
	mutex 140622464935464 ::: start 2391974.35us ::: wait 8.72us ::: hold 16.17us
	mutex 140622464935464 ::: start 2392758.17us ::: wait 8.70us ::: hold 16.02us
	mutex 140622464935464 ::: start 2395619.36us ::: wait 9.01us ::: hold 17.08us
	mutex 140622464935464 ::: start 2397151.96us ::: wait 12.14us ::: hold 14.58us
	mutex 140622464882728 ::: start 2411462.53us ::: wait 14.97us ::: hold 23.89us
	mutex 140622464882728 ::: start 2418300.74us ::: wait 9.91us ::: hold 20.46us
	mutex 140622464882728 ::: start 2425046.56us ::: wait 10.95us ::: hold 21.88us
	mutex 140622563199328 ::: start 2430999.72us ::: wait 115.81us ::: hold 7.90us
	mutex 140622563199328 ::: start 2431149.96us ::: wait 7.87us ::: hold 6.18us
	mutex 140622563199328 ::: start 2431182.55us ::: wait 28.87us ::: hold 6.18us
	mutex 140622563199328 ::: start 2431271.47us ::: wait 13.87us ::: hold 10.06us
	mutex 140622464623656 ::: start 2514148.91us ::: wait 2488.72us ::: hold 4480.55us
	mutex 140622465176360 ::: start 2514204.14us ::: wait 1201.32us ::: hold 114566.94us
	mutex 140622464664104 ::: start 2516336.13us ::: wait 8.25us ::: hold 15.27us
	mutex 140622465176360 ::: start 2516662.21us ::: wait 24.97us ::: hold 8.58us
	mutex 140622465176360 ::: start 2516711.44us ::: wait 7.83us ::: hold 92.61us
	mutex 140622563199328 ::: start 20169976.57us ::: wait 28.32us ::: hold 23.34us
	mutex 140622563199328 ::: start 20170020.92us ::: wait 11.70us ::: hold 8.88us
	mutex 140622563199328 ::: start 20170040.12us ::: wait 12.43us ::: hold 7.57us
	mutex 140622563199328 ::: start 20170088.76us ::: wait 12.78us ::: hold 13.11us
	mutex 140622464935464 ::: start 20170643.11us ::: wait 10.34us ::: hold 16.00us
	mutex 140622464882728 ::: start 20182489.68us ::: wait 12.86us ::: hold 21.04us
	mutex 140622563199328 ::: start 20193991.84us ::: wait 9.94us ::: hold 7.87us
	mutex 140622563199328 ::: start 20194018.98us ::: wait 5.51us ::: hold 4.00us
	mutex 140622563199328 ::: start 20194037.91us ::: wait 5.55us ::: hold 4.11us
	mutex 140622464623656 ::: start 20212135.13us ::: wait 12563.53us ::: hold 22270.58us
	mutex 140622465176360 ::: start 20212173.31us ::: wait 5904.99us ::: hold 557954.02us
	mutex 140622465185928 ::: start 107942617.11us ::: wait 11.30us ::: hold 16.76us
	mutex 140622464623656 ::: start 107942695.66us ::: wait 8.96us ::: hold 13.35us
	mutex 140622465176360 ::: start 107942727.13us ::: wait 7.35us ::: hold 438.44us
	mutex 140622563199328 ::: start 107943220.72us ::: wait 8.46us ::: hold 5.70us
	mutex 140622563199328 ::: start 107943243.79us ::: wait 7.30us ::: hold 5.42us
	---------------------------
	start time 2387515 ::: end time 2387165
	start time 2387173 ::: end time 2387191
	start time 2387199 ::: end time 2388294
	start time 2388305 ::: end time 2388420
	start time 2388432 ::: end time 2388456
	start time 2388464 ::: end time 2388479
	start time 2388486 ::: end time 2388502
	start time 2388510 ::: end time 2388529
	start time 2388537 ::: end time 2388725
	start time 2388758 ::: end time 2389144
	start time 2389155 ::: end time 2389164
	start time 2389172 ::: end time 2389460
	start time 2389471 ::: end time 2389608
	start time 2389619 ::: end time 2389850
	start time 2389858 ::: end time 2390021
	start time 2390032 ::: end time 2391974
	start time 2391983 ::: end time 2392758
	start time 2392766 ::: end time 2395619
	start time 2395628 ::: end time 2397151
	start time 2397164 ::: end time 2411462
	start time 2411477 ::: end time 2418300
	start time 2418310 ::: end time 2425046
	start time 2425057 ::: end time 2430999
	start time 2431115 ::: end time 2431149
	start time 2431157 ::: end time 2431182
	start time 2431211 ::: end time 2431271
	start time 2431285 ::: end time 2514148
	start time 2516637 ::: end time 2516662
	start time 2516687 ::: end time 2516711
	start time 2516719 ::: end time 20169976
	start time 20170004 ::: end time 20170020
	start time 20170032 ::: end time 20170040
	start time 20170052 ::: end time 20170088
	start time 20170101 ::: end time 20170643
	start time 20170653 ::: end time 20182489
	start time 20182502 ::: end time 20193991
	start time 20194001 ::: end time 20194018
	start time 20194024 ::: end time 20194037
	start time 20194043 ::: end time 20212135
	start time 20224698 ::: end time 107942617
	start time 107942628 ::: end time 107942695
	start time 107942704 ::: end time 107942727
	start time 107942734 ::: end time 107943220
	start time 107943229 ::: end time 107943243
	start time 107943251 ::: end time 107943256
tid: 13092 ::: thread start time 2388350 ::: thread end time -259078917208
	mutex 140622464075304 ::: start 2387534.76us ::: wait 9.67us ::: hold 12.26us
	mutex 140622465184808 ::: start 2387565.63us ::: wait 8.10us ::: hold 592.54us
	mutex 140622563199328 ::: start 2388559.01us ::: wait 11.32us ::: hold 8.36us
	mutex 140622563199328 ::: start 2388693.81us ::: wait 11.05us ::: hold 7.57us
	mutex 140622465176360 ::: start 2388723.92us ::: wait 8.65us ::: hold 6.39us
	mutex 140622563199328 ::: start 2388760.29us ::: wait 9.11us ::: hold 6.37us
	mutex 140622563199328 ::: start 2388783.99us ::: wait 7.23us ::: hold 5.90us
	mutex 140622563199328 ::: start 2388805.98us ::: wait 7.37us ::: hold 6.23us
	mutex 140622563199328 ::: start 2388842.24us ::: wait 9.06us ::: hold 7.00us
	mutex 140622563199328 ::: start 2388955.62us ::: wait 10.41us ::: hold 8.26us
	mutex 140622563199328 ::: start 2389065.72us ::: wait 10.86us ::: hold 8.25us
	mutex 140622464882728 ::: start 2389154.37us ::: wait 8.65us ::: hold 22.28us
	mutex 140622465184808 ::: start 107942990.57us ::: wait 17.98us ::: hold 10.99us
	mutex 140622465184808 ::: start 107943036.17us ::: wait 93.37us ::: hold 8.21us
	mutex 140622464935464 ::: start 107943538.24us ::: wait 9.46us ::: hold 17.84us
	mutex 140622464935464 ::: start 107956276.44us ::: wait 14.55us ::: hold 23.05us
	mutex 140622563199328 ::: start 107970699.93us ::: wait 12.53us ::: hold 9.07us
	mutex 140622563199328 ::: start 107970731.37us ::: wait 5.58us ::: hold 4.36us
	mutex 140622563199328 ::: start 107970800.63us ::: wait 5.94us ::: hold 5.06us
	mutex 140622563199328 ::: start 107970850.64us ::: wait 6.40us ::: hold 5.21us
	mutex 140622464623656 ::: start 107988097.15us ::: wait 7320.38us ::: hold 13261.57us
	mutex 140622465184808 ::: start 107988160.50us ::: wait 3416.35us ::: hold 322646.42us
	mutex 140622464935464 ::: start 143814348.70us ::: wait 17.06us ::: hold 24.77us
	park start time 259081306455 ::: park end time 259186859895
	---------------------------
	start time 2388350 ::: end time 2387534
	start time 2387544 ::: end time 2387565
	start time 2387573 ::: end time 2388559
	start time 2388570 ::: end time 2388693
	start time 2388704 ::: end time 2388723
	start time 2388732 ::: end time 2388760
	start time 2388769 ::: end time 2388783
	start time 2388791 ::: end time 2388805
	start time 2388813 ::: end time 2388842
	start time 2388851 ::: end time 2388955
	start time 2388966 ::: end time 2389065
	start time 2389076 ::: end time 2389154
	start time 2389163 ::: end time 2389246
	start time 107942687 ::: end time 107942990
	start time 107943008 ::: end time 107943036
	start time 107943129 ::: end time 107943538
	start time 107943547 ::: end time 107956276
	start time 107956290 ::: end time 107970699
	start time 107970712 ::: end time 107970731
	start time 107970736 ::: end time 107970800
	start time 107970806 ::: end time 107970850
	start time 107970857 ::: end time 107988097
	start time 107995417 ::: end time 143814348
	start time 143814365 ::: end time 143814390
tid: 13031 ::: thread start time -259078917208 ::: thread end time -259078917208
	mutex 140622563199328 ::: start 2386394.37us ::: wait 11.25us ::: hold 9.90us
	mutex 140622563199328 ::: start 2386422.30us ::: wait 5.65us ::: hold 5.14us
	mutex 140622563199328 ::: start 2386484.27us ::: wait 7.09us ::: hold 5.13us
	mutex 140622563199328 ::: start 2386552.27us ::: wait 6.64us ::: hold 4.79us
	mutex 140622563199328 ::: start 2386570.89us ::: wait 5.46us ::: hold 4.18us
	mutex 140622563199328 ::: start 2386603.82us ::: wait 6.04us ::: hold 4.20us
	mutex 140622464882728 ::: start 2386767.96us ::: wait 9.78us ::: hold 18.85us
	mutex 140622563199328 ::: start 2386869.57us ::: wait 20.27us ::: hold 10.76us
	mutex 140622563199328 ::: start 2386895.62us ::: wait 24.90us ::: hold 9.65us
	mutex 140622464075304 ::: start 2387134.35us ::: wait 19.16us ::: hold 197.96us
	mutex 140622465176360 ::: start 2387223.40us ::: wait 7.53us ::: hold 8.50us
	mutex 140622465184808 ::: start 2387596.77us ::: wait 7.79us ::: hold 8.52us
	mutex 140622563199328 ::: start 2388165.63us ::: wait 18.05us ::: hold 6.66us
	mutex 140622563199328 ::: start 2388300.25us ::: wait 1350.16us ::: hold 7.14us
	mutex 140622563199328 ::: start 2389693.04us ::: wait 8.85us ::: hold 5.58us
	mutex 140622563199328 ::: start 2389716.84us ::: wait 7.64us ::: hold 5.07us
	mutex 140622464074792 ::: start 2389815.27us ::: wait 11.53us ::: hold 0.00us
	---------------------------
	start time 2386405 ::: end time 2386422
	start time 2386427 ::: end time 2386484
	start time 2386491 ::: end time 2386552
	start time 2386558 ::: end time 2386570
	start time 2386576 ::: end time 2386603
	start time 2386609 ::: end time 2386767
	start time 2386777 ::: end time 2386869
	start time 2386889 ::: end time 2386895
	start time 2386920 ::: end time 2387134
	start time 2387153 ::: end time 2387223
	start time 2387230 ::: end time 2387596
	start time 2387604 ::: end time 2388165
	start time 2388183 ::: end time 2388300
	start time 2389650 ::: end time 2389693
	start time 2389701 ::: end time 2389716
	start time 2389724 ::: end time 2389815
	start time 2389826 ::: end time 2389826
tid: 13033 ::: thread start time -259078917208 ::: thread end time -259078917208
	mutex 140622464160296 ::: start 2514422.95us ::: wait 6484.73us ::: hold 10296.38us
	mutex 140622563199328 ::: start 2515243.31us ::: wait 11.41us ::: hold 8.00us
	mutex 140622563199328 ::: start 2515299.83us ::: wait 14.98us ::: hold 9.10us
	mutex 140622563199328 ::: start 2515364.06us ::: wait 9.23us ::: hold 5.86us
	mutex 140622464152616 ::: start 2515903.49us ::: wait 46708.27us ::: hold 157119902.96us
	mutex 140622464160296 ::: start 2633619.55us ::: wait 4160.25us ::: hold 5051.47us
	mutex 140622464623656 ::: start 2749531.79us ::: wait 5087.94us ::: hold 6880.53us
	mutex 140622464160296 ::: start 2749565.58us ::: wait 76037.20us ::: hold 8558.98us
	mutex 140622464152616 ::: start 3328974.44us ::: wait 8452.37us ::: hold 9013.68us
	mutex 140622464160296 ::: start 7860651.66us ::: wait 27.91us ::: hold 6.10us
	mutex 140622464152616 ::: start 107743824.33us ::: wait 27.81us ::: hold 17.53us
	---------------------------
	start time 2520907 ::: end time 2633619
	start time 2637779 ::: end time 2749531
	start time 2825602 ::: end time 3328974
	start time 3337426 ::: end time 7860651
	LARGE: start time 7860679 ::: end time 107743824
	start time 107743852 ::: end time 107743869
tid: 13034 ::: thread start time -259078917208 ::: thread end time -259078917208
	mutex 140622563199328 ::: start 2515271.75us ::: wait 8.93us ::: hold 7.52us
	mutex 140622563199328 ::: start 2515316.21us ::: wait 7.42us ::: hold 4.97us
	mutex 140622464623656 ::: start 2515903.50us ::: wait 5691.27us ::: hold 7807.54us
	mutex 140622464152616 ::: start 2515949.78us ::: wait 94359.62us ::: hold 9987.95us
	mutex 140622464160296 ::: start 2515977.59us ::: wait 42218.54us ::: hold 157108022.04us
	mutex 140622464152616 ::: start 2516226.88us ::: wait 3786.45us ::: hold 4790.07us
	mutex 140622464152616 ::: start 2632154.54us ::: wait 5843.68us ::: hold 9704.84us
	mutex 140622464160296 ::: start 3792748.98us ::: wait 9331.86us ::: hold 8481.00us
	mutex 140622464160296 ::: start 7860643.14us ::: wait 9.18us ::: hold 8.35us
	mutex 140622464160296 ::: start 15077759.54us ::: wait 23.90us ::: hold 173.42us
	mutex 140622464623656 ::: start 125254272.14us ::: wait 22.68us ::: hold 45.05us
	---------------------------
	start time 2515280 ::: end time 2515316
	start time 2515323 ::: end time 2515903
	start time 2610309 ::: end time 2632154
	start time 2637998 ::: end time 3792748
	start time 3802080 ::: end time 7860643
	start time 7860652 ::: end time 15077759
	LARGE: start time 15077783 ::: end time 125254272
	start time 125254294 ::: end time 125254339
tid: 13040 ::: thread start time -259078917208 ::: thread end time -259078917208
	mutex 140622464623656 ::: start 697026.23us ::: wait 11651.03us ::: hold 158372706.49us
	mutex 140622464152616 ::: start 2514349.20us ::: wait 7437.87us ::: hold 14324.03us
	mutex 140622563199328 ::: start 2514391.65us ::: wait 7.55us ::: hold 7.13us
	mutex 140622464623656 ::: start 2514417.78us ::: wait 11679.64us ::: hold 306176.27us
	mutex 140622464160296 ::: start 2516158.33us ::: wait 4362.41us ::: hold 5947.60us
	mutex 140622563199328 ::: start 2516198.90us ::: wait 11037.77us ::: hold 7691.66us
	mutex 140622465176360 ::: start 2516283.08us ::: wait 8545.60us ::: hold 12347.61us
	mutex 140622465176360 ::: start 2516691.45us ::: wait 43.37us ::: hold 11.69us
	mutex 140622465176360 ::: start 2516779.57us ::: wait 9.42us ::: hold 12.74us
	mutex 140622464684328 ::: start 2516812.20us ::: wait 7.96us ::: hold 8.76us
	mutex 140622464160296 ::: start 2632078.68us ::: wait 6622.74us ::: hold 12160.08us
	mutex 140622563199328 ::: start 2632118.07us ::: wait 7551.57us ::: hold 6744.87us
	mutex 140622464160296 ::: start 3212715.38us ::: wait 119.68us ::: hold 158.80us
	mutex 140622464152616 ::: start 4142044.98us ::: wait 5569.88us ::: hold 6973.75us
	mutex 140622464152616 ::: start 41486253.89us ::: wait 52.22us ::: hold 62.48us
	mutex 140622464935464 ::: start 65190513.54us ::: wait 7.41us ::: hold 15.20us
	mutex 140622465184808 ::: start 107943016.25us ::: wait 26.66us ::: hold 7.65us
	mutex 140622465184808 ::: start 107943094.69us ::: wait 10.29us ::: hold 6.28us
	mutex 140622563199328 ::: start 107988407.39us ::: wait 3697.42us ::: hold 3150.89us
	mutex 140622465184808 ::: start 107988879.75us ::: wait 4111.93us ::: hold 5896.04us
	mutex 140622464623656 ::: start 125254183.97us ::: wait 24.97us ::: hold 279.30us
	---------------------------
	start time 2527236 ::: end time 2632078
	start time 2639669 ::: end time 3212715
	start time 3212835 ::: end time 4142044
	LARGE: start time 4147614 ::: end time 41486253
	LARGE: start time 41486306 ::: end time 65190513
	LARGE: start time 65190520 ::: end time 107943016
	start time 107943042 ::: end time 107943094
	start time 107943104 ::: end time 107988407
	LARGE: start time 107992991 ::: end time 125254183
	start time 125254208 ::: end time 125254488
tid: 13041 ::: thread start time -259078917208 ::: thread end time -259078917208
	mutex 140622464683560 ::: start 2516464.79us ::: wait 9.79us ::: hold 13.16us
	mutex 140622464664104 ::: start 2516507.46us ::: wait 7.66us ::: hold 0.00us
	---------------------------
	start time 2516474 ::: end time 2516507
	start time 2516515 ::: end time 2516515
tid: 13042 ::: thread start time -259078917208 ::: thread end time -259078917208
	mutex 140622464623656 ::: start 2516593.08us ::: wait 8.67us ::: hold 10.94us
	mutex 140622464684328 ::: start 2516620.93us ::: wait 7.36us ::: hold 226.28us
	mutex 140622464683560 ::: start 2516892.75us ::: wait 8.75us ::: hold 0.00us
	---------------------------
	start time 2516601 ::: end time 2516620
	start time 2516628 ::: end time 2516892
	start time 2516901 ::: end time 2516901
tid: 13047 ::: thread start time -259078917208 ::: thread end time -259078917208
	mutex 140622464882728 ::: start 2386007.93us ::: wait 436.85us ::: hold 156391871.16us
	mutex 140622464935464 ::: start 2386841.83us ::: wait 35.38us ::: hold 45.10us
	mutex 140622465176360 ::: start 2389680.19us ::: wait 9.59us ::: hold 10.27us
	mutex 140622563199328 ::: start 2392906.77us ::: wait 55.77us ::: hold 48.29us
	mutex 140622563199328 ::: start 2392945.93us ::: wait 44.15us ::: hold 27.86us
	mutex 140622563199328 ::: start 2392976.67us ::: wait 47.05us ::: hold 28.96us
	mutex 140622563199328 ::: start 2392999.67us ::: wait 43.56us ::: hold 27.83us
	mutex 140622563199328 ::: start 2393019.60us ::: wait 49.97us ::: hold 26.47us
	mutex 140622563199328 ::: start 2393039.48us ::: wait 44.73us ::: hold 25.73us
	mutex 140622563199328 ::: start 2393062.40us ::: wait 44.18us ::: hold 27.44us
	mutex 140622563199328 ::: start 2393120.58us ::: wait 46.45us ::: hold 28.34us
	mutex 140622563199328 ::: start 2393147.46us ::: wait 45.37us ::: hold 27.75us
	mutex 140622563199328 ::: start 2393170.85us ::: wait 78.14us ::: hold 51.87us
	mutex 140622563199328 ::: start 2393366.03us ::: wait 12.14us ::: hold 7.23us
	mutex 140622563199328 ::: start 2393596.69us ::: wait 19.86us ::: hold 11.56us
	mutex 140622563199328 ::: start 2393625.50us ::: wait 86.34us ::: hold 144.15us
	mutex 140622563199328 ::: start 2393716.73us ::: wait 60.69us ::: hold 33.10us
	mutex 140622563199328 ::: start 2393765.36us ::: wait 46.52us ::: hold 28.05us
	mutex 140622563199328 ::: start 2393787.03us ::: wait 44.43us ::: hold 27.87us
	mutex 140622563199328 ::: start 2393821.71us ::: wait 291.14us ::: hold 167.73us
	mutex 140622563199328 ::: start 2393861.99us ::: wait 346.02us ::: hold 188.70us
	mutex 140622563199328 ::: start 2394006.75us ::: wait 237.51us ::: hold 100.19us
	mutex 140622563199328 ::: start 2394090.49us ::: wait 7.71us ::: hold 5.08us
	mutex 140622563199328 ::: start 2394114.56us ::: wait 7.23us ::: hold 5.19us
	mutex 140622563199328 ::: start 2394140.71us ::: wait 7.32us ::: hold 5.12us
	mutex 140622563199328 ::: start 2394236.54us ::: wait 27.05us ::: hold 17.65us
	mutex 140622563199328 ::: start 2394259.90us ::: wait 7.33us ::: hold 4.88us
	mutex 140622563199328 ::: start 2394281.72us ::: wait 57.36us ::: hold 34.23us
	mutex 140622563199328 ::: start 2394301.57us ::: wait 43.80us ::: hold 26.33us
	mutex 140622563199328 ::: start 2394326.98us ::: wait 45.69us ::: hold 27.94us
	mutex 140622563199328 ::: start 2394413.55us ::: wait 81.14us ::: hold 45.33us
	mutex 140622563199328 ::: start 2394435.25us ::: wait 45.28us ::: hold 27.04us
	mutex 140622563199328 ::: start 2394517.80us ::: wait 8.46us ::: hold 5.23us
	mutex 140622563199328 ::: start 2394580.02us ::: wait 42.41us ::: hold 26.02us
	mutex 140622563199328 ::: start 2394602.35us ::: wait 80.35us ::: hold 39.63us
	mutex 140622563199328 ::: start 2394622.13us ::: wait 29.26us ::: hold 17.61us
	mutex 140622563199328 ::: start 2394739.54us ::: wait 9.60us ::: hold 5.95us
	mutex 140622563199328 ::: start 2394778.45us ::: wait 16.65us ::: hold 10.61us
	mutex 140622563199328 ::: start 2394800.39us ::: wait 23.10us ::: hold 12.67us
	mutex 140622563199328 ::: start 2394820.06us ::: wait 7.38us ::: hold 5.20us
	mutex 140622563199328 ::: start 2394914.67us ::: wait 22.42us ::: hold 6.64us
	mutex 140622563199328 ::: start 2395081.97us ::: wait 71.59us ::: hold 39.55us
	mutex 140622563199328 ::: start 2395104.07us ::: wait 43.60us ::: hold 26.32us
	mutex 140622563199328 ::: start 2395123.66us ::: wait 43.63us ::: hold 26.00us
	mutex 140622563199328 ::: start 2395264.07us ::: wait 50.89us ::: hold 29.73us
	mutex 140622563199328 ::: start 2395310.04us ::: wait 104.83us ::: hold 57.20us
	mutex 140622563199328 ::: start 2395349.94us ::: wait 133.47us ::: hold 69.04us
	mutex 140622563199328 ::: start 2395389.68us ::: wait 135.38us ::: hold 54.60us
	mutex 140622563199328 ::: start 2395433.29us ::: wait 137.78us ::: hold 65.25us
	mutex 140622563199328 ::: start 2395473.65us ::: wait 291.48us ::: hold 100.12us
	mutex 140622563199328 ::: start 2396352.86us ::: wait 30.31us ::: hold 20.64us
	mutex 140622563199328 ::: start 2396793.00us ::: wait 53.00us ::: hold 32.20us
	mutex 140622563199328 ::: start 2396838.16us ::: wait 106.57us ::: hold 55.74us
	mutex 140622563199328 ::: start 2396979.17us ::: wait 9.28us ::: hold 6.28us
	mutex 140622563199328 ::: start 2398133.54us ::: wait 58.08us ::: hold 38.08us
	mutex 140622563199328 ::: start 2398302.63us ::: wait 9.22us ::: hold 5.90us
	mutex 140622464935464 ::: start 2425127.87us ::: wait 17.72us ::: hold 21.91us
	mutex 140622563199328 ::: start 2425378.88us ::: wait 23.93us ::: hold 16.12us
	mutex 140622563199328 ::: start 2425402.27us ::: wait 22.05us ::: hold 14.67us
	mutex 140622563199328 ::: start 2425757.71us ::: wait 22.78us ::: hold 14.28us
	mutex 140622563199328 ::: start 2425944.82us ::: wait 29.30us ::: hold 20.98us
	mutex 140622563199328 ::: start 2426155.71us ::: wait 31.19us ::: hold 14.23us
	mutex 140622563199328 ::: start 2426451.26us ::: wait 21.19us ::: hold 13.45us
	mutex 140622563199328 ::: start 2426662.20us ::: wait 18.01us ::: hold 11.71us
	mutex 140622563199328 ::: start 2426703.39us ::: wait 7.82us ::: hold 5.29us
	mutex 140622563199328 ::: start 2426741.63us ::: wait 23.82us ::: hold 15.34us
	mutex 140622563199328 ::: start 2426882.39us ::: wait 56.37us ::: hold 26.94us
	mutex 140622563199328 ::: start 2426906.51us ::: wait 14.69us ::: hold 25.42us
	mutex 140622563199328 ::: start 2426961.41us ::: wait 8.27us ::: hold 5.48us
	mutex 140622563199328 ::: start 2426998.38us ::: wait 23.97us ::: hold 15.32us
	mutex 140622563199328 ::: start 2427105.93us ::: wait 8.62us ::: hold 5.53us
	mutex 140622563199328 ::: start 2427141.76us ::: wait 24.07us ::: hold 14.75us
	mutex 140622563199328 ::: start 2427358.89us ::: wait 25.51us ::: hold 15.82us
	mutex 140622563199328 ::: start 2427465.64us ::: wait 16.38us ::: hold 10.18us
	mutex 140622563199328 ::: start 2427584.94us ::: wait 115.05us ::: hold 61.60us
	mutex 140622563199328 ::: start 2427711.56us ::: wait 24.02us ::: hold 15.41us
	mutex 140622563199328 ::: start 2427854.87us ::: wait 15.85us ::: hold 10.26us
	mutex 140622563199328 ::: start 2428158.19us ::: wait 54.66us ::: hold 31.36us
	mutex 140622563199328 ::: start 2428258.18us ::: wait 16.15us ::: hold 10.43us
	mutex 140622563199328 ::: start 2428335.41us ::: wait 48.76us ::: hold 37.47us
	mutex 140622563199328 ::: start 2428823.44us ::: wait 7.46us ::: hold 5.20us
	mutex 140622563199328 ::: start 2428909.62us ::: wait 7.86us ::: hold 20.39us
	mutex 140622563199328 ::: start 2429096.29us ::: wait 18.16us ::: hold 11.15us
	mutex 140622563199328 ::: start 2429419.71us ::: wait 15.23us ::: hold 10.65us
	mutex 140622563199328 ::: start 2429462.09us ::: wait 16.49us ::: hold 10.37us
	mutex 140622563199328 ::: start 2429647.73us ::: wait 7.94us ::: hold 5.17us
	mutex 140622563199328 ::: start 2429686.94us ::: wait 15.76us ::: hold 10.62us
	mutex 140622563199328 ::: start 2429783.02us ::: wait 7.78us ::: hold 5.25us
	mutex 140622563199328 ::: start 2429806.99us ::: wait 7.59us ::: hold 4.93us
	mutex 140622563199328 ::: start 2430023.57us ::: wait 16.86us ::: hold 10.57us
	mutex 140622563199328 ::: start 2430655.12us ::: wait 10.33us ::: hold 6.93us
	mutex 140622563199328 ::: start 20183680.52us ::: wait 9.99us ::: hold 7.11us
	mutex 140622563199328 ::: start 20183867.60us ::: wait 12.09us ::: hold 7.12us
	mutex 140622563199328 ::: start 20184018.30us ::: wait 9.94us ::: hold 7.64us
	mutex 140622563199328 ::: start 20184072.43us ::: wait 18.74us ::: hold 12.45us
	mutex 140622563199328 ::: start 20184159.12us ::: wait 17.49us ::: hold 10.84us
	mutex 140622563199328 ::: start 20184394.65us ::: wait 11.49us ::: hold 6.32us
	mutex 140622563199328 ::: start 20184494.83us ::: wait 19.74us ::: hold 12.06us
	mutex 140622563199328 ::: start 20184552.52us ::: wait 16.38us ::: hold 10.78us
	mutex 140622563199328 ::: start 20184631.66us ::: wait 7.70us ::: hold 5.63us
	mutex 140622563199328 ::: start 20184987.97us ::: wait 10.71us ::: hold 7.61us
	mutex 140622563199328 ::: start 20185259.55us ::: wait 11.71us ::: hold 6.79us
	mutex 140622563199328 ::: start 20185289.73us ::: wait 31.71us ::: hold 17.39us
	mutex 140622563199328 ::: start 20185516.93us ::: wait 11.13us ::: hold 6.44us
	mutex 140622563199328 ::: start 20185619.41us ::: wait 7.55us ::: hold 5.34us
	mutex 140622563199328 ::: start 20185673.25us ::: wait 15.77us ::: hold 10.59us
	mutex 140622563199328 ::: start 20185808.44us ::: wait 7.96us ::: hold 5.79us
	mutex 140622563199328 ::: start 20185877.07us ::: wait 25.84us ::: hold 14.14us
	mutex 140622563199328 ::: start 20185934.08us ::: wait 7.46us ::: hold 5.67us
	mutex 140622563199328 ::: start 20185988.22us ::: wait 15.87us ::: hold 10.44us
	mutex 140622563199328 ::: start 20186098.81us ::: wait 7.89us ::: hold 5.60us
	mutex 140622563199328 ::: start 20186186.83us ::: wait 17.23us ::: hold 11.04us
	mutex 140622563199328 ::: start 20186418.31us ::: wait 18.81us ::: hold 10.82us
	mutex 140622563199328 ::: start 20186445.22us ::: wait 48.16us ::: hold 29.09us
	mutex 140622563199328 ::: start 20186671.84us ::: wait 9.23us ::: hold 6.73us
	mutex 140622563199328 ::: start 20186804.26us ::: wait 16.81us ::: hold 10.62us
	mutex 140622563199328 ::: start 20187176.05us ::: wait 14.73us ::: hold 9.98us
	mutex 140622563199328 ::: start 20187629.75us ::: wait 22.75us ::: hold 11.35us
	mutex 140622563199328 ::: start 20187779.97us ::: wait 8.55us ::: hold 5.22us
	mutex 140622563199328 ::: start 20188113.15us ::: wait 14.84us ::: hold 10.29us
	mutex 140622563199328 ::: start 20188528.04us ::: wait 18.33us ::: hold 11.32us
	mutex 140622563199328 ::: start 20188771.43us ::: wait 8.16us ::: hold 5.69us
	mutex 140622563199328 ::: start 20189018.93us ::: wait 19.17us ::: hold 13.54us
	mutex 140622563199328 ::: start 20189411.28us ::: wait 22.98us ::: hold 16.74us
	mutex 140622563199328 ::: start 20189789.45us ::: wait 14.54us ::: hold 9.62us
	mutex 140622563199328 ::: start 20189907.19us ::: wait 8.92us ::: hold 20.58us
	mutex 140622563199328 ::: start 20190131.77us ::: wait 17.74us ::: hold 12.58us
	mutex 140622563199328 ::: start 20190245.83us ::: wait 8.86us ::: hold 6.07us
	mutex 140622563199328 ::: start 20190419.32us ::: wait 7.31us ::: hold 4.71us
	mutex 140622563199328 ::: start 20190575.47us ::: wait 7.45us ::: hold 4.91us
	mutex 140622563199328 ::: start 20190645.27us ::: wait 8.02us ::: hold 5.89us
	mutex 140622563199328 ::: start 20191045.68us ::: wait 9.09us ::: hold 6.41us
	mutex 140622563199328 ::: start 20191175.00us ::: wait 7.28us ::: hold 4.98us
	mutex 140622563199328 ::: start 20191298.86us ::: wait 8.73us ::: hold 5.87us
	mutex 140622563199328 ::: start 20191329.09us ::: wait 7.31us ::: hold 5.03us
	mutex 140622563199328 ::: start 20191385.05us ::: wait 7.77us ::: hold 5.17us
	mutex 140622563199328 ::: start 20192373.26us ::: wait 8.13us ::: hold 5.04us
	mutex 140622563199328 ::: start 20192398.53us ::: wait 7.35us ::: hold 5.13us
	mutex 140622563199328 ::: start 20192580.02us ::: wait 49.29us ::: hold 26.31us
	mutex 140622563199328 ::: start 20192772.82us ::: wait 9.56us ::: hold 6.51us
	mutex 140622563199328 ::: start 20192826.62us ::: wait 18.05us ::: hold 11.96us
	mutex 140622563199328 ::: start 20192958.67us ::: wait 17.18us ::: hold 11.19us
	mutex 140622563199328 ::: start 107957148.04us ::: wait 11.03us ::: hold 8.99us
	mutex 140622563199328 ::: start 107957618.96us ::: wait 10.87us ::: hold 8.55us
	mutex 140622563199328 ::: start 107957699.69us ::: wait 9.85us ::: hold 6.63us
	mutex 140622563199328 ::: start 107958053.16us ::: wait 11.59us ::: hold 7.65us
	mutex 140622563199328 ::: start 107958276.68us ::: wait 12.23us ::: hold 7.87us
	mutex 140622563199328 ::: start 107958639.88us ::: wait 8.42us ::: hold 6.38us
	mutex 140622563199328 ::: start 107958679.48us ::: wait 7.65us ::: hold 5.35us
	mutex 140622563199328 ::: start 107958701.29us ::: wait 7.43us ::: hold 4.97us
	mutex 140622563199328 ::: start 107958790.80us ::: wait 8.63us ::: hold 5.83us
	mutex 140622563199328 ::: start 107958958.89us ::: wait 9.52us ::: hold 6.43us
	mutex 140622563199328 ::: start 107959595.60us ::: wait 9.14us ::: hold 6.80us
	mutex 140622563199328 ::: start 107959908.67us ::: wait 8.57us ::: hold 23.70us
	mutex 140622563199328 ::: start 107960100.39us ::: wait 9.30us ::: hold 7.32us
	mutex 140622563199328 ::: start 107960278.54us ::: wait 8.27us ::: hold 5.83us
	mutex 140622563199328 ::: start 107960616.64us ::: wait 8.30us ::: hold 6.12us
	mutex 140622563199328 ::: start 107961083.62us ::: wait 9.36us ::: hold 7.50us
	mutex 140622563199328 ::: start 107963802.31us ::: wait 7.30us ::: hold 5.88us
	mutex 140622563199328 ::: start 107964294.99us ::: wait 8.28us ::: hold 6.61us
	mutex 140622563199328 ::: start 107964548.59us ::: wait 7.59us ::: hold 5.53us
	mutex 140622563199328 ::: start 107964785.67us ::: wait 8.73us ::: hold 6.23us
	mutex 140622563199328 ::: start 107965343.98us ::: wait 9.35us ::: hold 6.47us
	mutex 140622563199328 ::: start 107965638.84us ::: wait 8.75us ::: hold 6.33us
	mutex 140622563199328 ::: start 107965941.20us ::: wait 8.25us ::: hold 6.42us
	mutex 140622563199328 ::: start 107966273.45us ::: wait 7.87us ::: hold 5.38us
	mutex 140622563199328 ::: start 107966430.45us ::: wait 9.87us ::: hold 7.52us
	mutex 140622563199328 ::: start 107967031.88us ::: wait 9.70us ::: hold 6.97us
	mutex 140622563199328 ::: start 107967427.21us ::: wait 10.35us ::: hold 6.87us
	mutex 140622563199328 ::: start 107968985.52us ::: wait 12.81us ::: hold 7.92us
	mutex 140622563199328 ::: start 107969459.90us ::: wait 7.67us ::: hold 5.97us
	---------------------------
	start time 2386877 ::: end time 2389680
	start time 2389689 ::: end time 2392906
	start time 2393106 ::: end time 2393120
	start time 2393248 ::: end time 2393366
	start time 2393378 ::: end time 2393596
	start time 2393616 ::: end time 2393625
	start time 2393711 ::: end time 2393716
	start time 2394267 ::: end time 2394281
	start time 2394372 ::: end time 2394413
	start time 2394494 ::: end time 2394517
	start time 2394526 ::: end time 2394580
	start time 2394682 ::: end time 2394739
	start time 2394749 ::: end time 2394778
	start time 2394795 ::: end time 2394800
	start time 2394827 ::: end time 2394914
	start time 2394937 ::: end time 2395081
	start time 2395167 ::: end time 2395264
	start time 2395765 ::: end time 2396352
	start time 2396383 ::: end time 2396793
	start time 2396944 ::: end time 2396979
	start time 2396988 ::: end time 2398133
	start time 2398191 ::: end time 2398302
	start time 2398311 ::: end time 2425127
	start time 2425145 ::: end time 2425378
	start time 2425424 ::: end time 2425757
	start time 2425780 ::: end time 2425944
	start time 2425974 ::: end time 2426155
	start time 2426186 ::: end time 2426451
	start time 2426472 ::: end time 2426662
	start time 2426680 ::: end time 2426703
	start time 2426711 ::: end time 2426741
	start time 2426765 ::: end time 2426882
	start time 2426938 ::: end time 2426961
	start time 2426969 ::: end time 2426998
	start time 2427022 ::: end time 2427105
	start time 2427114 ::: end time 2427141
	start time 2427165 ::: end time 2427358
	start time 2427384 ::: end time 2427465
	start time 2427482 ::: end time 2427584
	start time 2427699 ::: end time 2427711
	start time 2427735 ::: end time 2427854
	start time 2427870 ::: end time 2428158
	start time 2428212 ::: end time 2428258
	start time 2428274 ::: end time 2428335
	start time 2428384 ::: end time 2428823
	start time 2428830 ::: end time 2428909
	start time 2428917 ::: end time 2429096
	start time 2429114 ::: end time 2429419
	start time 2429434 ::: end time 2429462
	start time 2429478 ::: end time 2429647
	start time 2429655 ::: end time 2429686
	start time 2429702 ::: end time 2429783
	start time 2429790 ::: end time 2429806
	start time 2429814 ::: end time 2430023
	start time 2430040 ::: end time 2430655
	LARGE: start time 2430665 ::: end time 20183680
	start time 20183690 ::: end time 20183867
	start time 20183879 ::: end time 20184018
	start time 20184028 ::: end time 20184072
	start time 20184091 ::: end time 20184159
	start time 20184176 ::: end time 20184394
	start time 20184406 ::: end time 20184494
	start time 20184514 ::: end time 20184552
	start time 20184568 ::: end time 20184631
	start time 20184639 ::: end time 20184987
	start time 20184998 ::: end time 20185259
	start time 20185271 ::: end time 20185289
	start time 20185321 ::: end time 20185516
	start time 20185528 ::: end time 20185619
	start time 20185626 ::: end time 20185673
	start time 20185689 ::: end time 20185808
	start time 20185816 ::: end time 20185877
	start time 20185902 ::: end time 20185934
	start time 20185941 ::: end time 20185988
	start time 20186004 ::: end time 20186098
	start time 20186106 ::: end time 20186186
	start time 20186204 ::: end time 20186418
	start time 20186437 ::: end time 20186445
	start time 20186493 ::: end time 20186671
	start time 20186681 ::: end time 20186804
	start time 20186821 ::: end time 20187176
	start time 20187190 ::: end time 20187629
	start time 20187652 ::: end time 20187779
	start time 20187788 ::: end time 20188113
	start time 20188127 ::: end time 20188528
	start time 20188546 ::: end time 20188771
	start time 20188779 ::: end time 20189018
	start time 20189038 ::: end time 20189411
	start time 20189434 ::: end time 20189789
	start time 20189803 ::: end time 20189907
	start time 20189916 ::: end time 20190131
	start time 20190149 ::: end time 20190245
	start time 20190254 ::: end time 20190419
	start time 20190426 ::: end time 20190575
	start time 20190582 ::: end time 20190645
	start time 20190653 ::: end time 20191045
	start time 20191054 ::: end time 20191175
	start time 20191182 ::: end time 20191298
	start time 20191307 ::: end time 20191329
	start time 20191336 ::: end time 20191385
	start time 20191392 ::: end time 20192373
	start time 20192381 ::: end time 20192398
	start time 20192405 ::: end time 20192580
	start time 20192629 ::: end time 20192772
	start time 20192782 ::: end time 20192826
	start time 20192844 ::: end time 20192958
	LARGE: start time 20192975 ::: end time 107957148
	start time 107957159 ::: end time 107957618
	start time 107957629 ::: end time 107957699
	start time 107957709 ::: end time 107958053
	start time 107958064 ::: end time 107958276
	start time 107958288 ::: end time 107958639
	start time 107958648 ::: end time 107958679
	start time 107958687 ::: end time 107958701
	start time 107958708 ::: end time 107958790
	start time 107958799 ::: end time 107958958
	start time 107958968 ::: end time 107959595
	start time 107959604 ::: end time 107959908
	start time 107959917 ::: end time 107960100
	start time 107960109 ::: end time 107960278
	start time 107960286 ::: end time 107960616
	start time 107960624 ::: end time 107961083
	start time 107961092 ::: end time 107963802
	start time 107963809 ::: end time 107964294
	start time 107964303 ::: end time 107964548
	start time 107964556 ::: end time 107964785
	start time 107964794 ::: end time 107965343
	start time 107965353 ::: end time 107965638
	start time 107965647 ::: end time 107965941
	start time 107965949 ::: end time 107966273
	start time 107966281 ::: end time 107966430
	start time 107966440 ::: end time 107967031
	start time 107967041 ::: end time 107967427
	start time 107967437 ::: end time 107968985
	start time 107968998 ::: end time 107969459
	start time 107969467 ::: end time 107969473
tid: 13048 ::: thread start time -259078917208 ::: thread end time -259078917208
	mutex 140622464935464 ::: start 2386087.85us ::: wait 465.39us ::: hold 156402120.24us
	mutex 140622563199328 ::: start 2386948.68us ::: wait 109.03us ::: hold 63.56us
	mutex 140622563199328 ::: start 2386976.19us ::: wait 102.25us ::: hold 57.01us
	mutex 140622563199328 ::: start 2387020.24us ::: wait 101.88us ::: hold 106.06us
	mutex 140622563199328 ::: start 2387243.88us ::: wait 84.06us ::: hold 50.32us
	mutex 140622563199328 ::: start 2387395.94us ::: wait 1071.76us ::: hold 522.23us
	mutex 140622563199328 ::: start 2387445.02us ::: wait 532.56us ::: hold 191.12us
	mutex 140622563199328 ::: start 2389509.22us ::: wait 38.24us ::: hold 24.77us
	mutex 140622563199328 ::: start 2390137.89us ::: wait 19.17us ::: hold 12.69us
	mutex 140622563199328 ::: start 2390491.93us ::: wait 44.52us ::: hold 32.54us
	mutex 140622563199328 ::: start 2390601.36us ::: wait 10.41us ::: hold 7.11us
	mutex 140622563199328 ::: start 2391200.96us ::: wait 34.16us ::: hold 23.22us
	mutex 140622563199328 ::: start 2391308.95us ::: wait 9.82us ::: hold 6.14us
	mutex 140622563199328 ::: start 2391603.25us ::: wait 9.65us ::: hold 13.60us
	mutex 140622464882728 ::: start 2392038.62us ::: wait 35.24us ::: hold 46.43us
	mutex 140622464882728 ::: start 2392818.69us ::: wait 25.63us ::: hold 33.43us
	mutex 140622563199328 ::: start 2411956.89us ::: wait 42.80us ::: hold 31.82us
	mutex 140622563199328 ::: start 2412093.32us ::: wait 55.15us ::: hold 29.17us
	mutex 140622563199328 ::: start 2412250.44us ::: wait 42.23us ::: hold 28.75us
	mutex 140622563199328 ::: start 2412474.18us ::: wait 12.73us ::: hold 8.42us
	mutex 140622563199328 ::: start 2412515.08us ::: wait 7.47us ::: hold 5.99us
	mutex 140622563199328 ::: start 2412545.36us ::: wait 7.39us ::: hold 6.42us
	mutex 140622563199328 ::: start 2412567.07us ::: wait 7.48us ::: hold 5.82us
	mutex 140622563199328 ::: start 2412590.35us ::: wait 40.04us ::: hold 27.77us
	mutex 140622563199328 ::: start 2412613.23us ::: wait 30.84us ::: hold 21.97us
	mutex 140622563199328 ::: start 2412635.27us ::: wait 29.28us ::: hold 21.61us
	mutex 140622563199328 ::: start 2412978.86us ::: wait 29.31us ::: hold 37.29us
	mutex 140622563199328 ::: start 2413090.95us ::: wait 29.16us ::: hold 21.74us
	mutex 140622563199328 ::: start 2413248.37us ::: wait 29.23us ::: hold 21.82us
	mutex 140622563199328 ::: start 2413289.39us ::: wait 22.54us ::: hold 16.67us
	mutex 140622563199328 ::: start 2413314.64us ::: wait 22.43us ::: hold 16.09us
	mutex 140622563199328 ::: start 2413429.80us ::: wait 29.90us ::: hold 20.84us
	mutex 140622563199328 ::: start 2413467.24us ::: wait 17.12us ::: hold 12.32us
	mutex 140622563199328 ::: start 2413706.78us ::: wait 33.34us ::: hold 19.85us
	mutex 140622563199328 ::: start 2413780.74us ::: wait 33.34us ::: hold 43.59us
	mutex 140622563199328 ::: start 2413945.40us ::: wait 34.30us ::: hold 24.16us
	mutex 140622563199328 ::: start 2414031.76us ::: wait 33.65us ::: hold 22.40us
	mutex 140622563199328 ::: start 2414122.20us ::: wait 26.76us ::: hold 17.00us
	mutex 140622563199328 ::: start 2414217.87us ::: wait 36.14us ::: hold 17.23us
	mutex 140622563199328 ::: start 2414277.27us ::: wait 31.98us ::: hold 21.46us
	mutex 140622563199328 ::: start 2414356.95us ::: wait 26.66us ::: hold 17.57us
	mutex 140622563199328 ::: start 2414444.07us ::: wait 25.21us ::: hold 16.54us
	mutex 140622563199328 ::: start 2414599.99us ::: wait 30.57us ::: hold 18.20us
	mutex 140622563199328 ::: start 2414726.14us ::: wait 51.88us ::: hold 31.00us
	mutex 140622563199328 ::: start 2415292.73us ::: wait 83.21us ::: hold 35.40us
	mutex 140622563199328 ::: start 2415772.59us ::: wait 33.27us ::: hold 20.52us
	mutex 140622563199328 ::: start 2416289.12us ::: wait 48.92us ::: hold 21.29us
	mutex 140622563199328 ::: start 2419229.68us ::: wait 9.87us ::: hold 8.25us
	mutex 140622563199328 ::: start 2419353.49us ::: wait 9.46us ::: hold 7.47us
	mutex 140622563199328 ::: start 2419446.54us ::: wait 9.30us ::: hold 7.55us
	mutex 140622563199328 ::: start 2419551.23us ::: wait 9.36us ::: hold 7.05us
	mutex 140622563199328 ::: start 2419672.04us ::: wait 9.02us ::: hold 6.17us
	mutex 140622563199328 ::: start 2419864.37us ::: wait 10.28us ::: hold 6.73us
	mutex 140622563199328 ::: start 2419975.75us ::: wait 8.55us ::: hold 6.25us
	mutex 140622563199328 ::: start 2420159.29us ::: wait 8.24us ::: hold 6.76us
	mutex 140622563199328 ::: start 2420230.86us ::: wait 8.43us ::: hold 6.12us
	mutex 140622563199328 ::: start 2420319.88us ::: wait 8.37us ::: hold 6.36us
	mutex 140622563199328 ::: start 2420382.21us ::: wait 8.41us ::: hold 5.39us
	mutex 140622563199328 ::: start 2420508.34us ::: wait 9.41us ::: hold 6.25us
	mutex 140622563199328 ::: start 2420704.17us ::: wait 8.10us ::: hold 6.27us
	mutex 140622563199328 ::: start 2420887.92us ::: wait 9.56us ::: hold 5.98us
	mutex 140622563199328 ::: start 2421081.50us ::: wait 9.21us ::: hold 6.74us
	mutex 140622563199328 ::: start 2421268.55us ::: wait 8.20us ::: hold 5.99us
	mutex 140622563199328 ::: start 2421506.46us ::: wait 10.82us ::: hold 7.10us
	mutex 140622563199328 ::: start 2421964.53us ::: wait 9.70us ::: hold 7.18us
	mutex 140622563199328 ::: start 20172228.66us ::: wait 14.75us ::: hold 11.38us
	mutex 140622464935464 ::: start 65190270.85us ::: wait 8.97us ::: hold 281.89us
	---------------------------
	start time 2387122 ::: end time 2387243
	start time 2387327 ::: end time 2387395
	start time 2388467 ::: end time 2389509
	start time 2389547 ::: end time 2390137
	start time 2390157 ::: end time 2390491
	start time 2390536 ::: end time 2390601
	start time 2390611 ::: end time 2391200
	start time 2391235 ::: end time 2391308
	start time 2391318 ::: end time 2391603
	start time 2391612 ::: end time 2392038
	start time 2392073 ::: end time 2392818
	start time 2392844 ::: end time 2411956
	start time 2411999 ::: end time 2412093
	start time 2412148 ::: end time 2412250
	start time 2412292 ::: end time 2412474
	start time 2412486 ::: end time 2412515
	start time 2412522 ::: end time 2412545
	start time 2412552 ::: end time 2412567
	start time 2412574 ::: end time 2412590
	start time 2412664 ::: end time 2412978
	start time 2413008 ::: end time 2413090
	start time 2413120 ::: end time 2413248
	start time 2413277 ::: end time 2413289
	start time 2413311 ::: end time 2413314
	start time 2413337 ::: end time 2413429
	start time 2413459 ::: end time 2413467
	start time 2413484 ::: end time 2413706
	start time 2413740 ::: end time 2413780
	start time 2413814 ::: end time 2413945
	start time 2413979 ::: end time 2414031
	start time 2414065 ::: end time 2414122
	start time 2414148 ::: end time 2414217
	start time 2414254 ::: end time 2414277
	start time 2414309 ::: end time 2414356
	start time 2414383 ::: end time 2414444
	start time 2414469 ::: end time 2414599
	start time 2414630 ::: end time 2414726
	start time 2414778 ::: end time 2415292
	start time 2415375 ::: end time 2415772
	start time 2415805 ::: end time 2416289
	start time 2416338 ::: end time 2419229
	start time 2419239 ::: end time 2419353
	start time 2419362 ::: end time 2419446
	start time 2419455 ::: end time 2419551
	start time 2419560 ::: end time 2419672
	start time 2419681 ::: end time 2419864
	start time 2419874 ::: end time 2419975
	start time 2419984 ::: end time 2420159
	start time 2420167 ::: end time 2420230
	start time 2420239 ::: end time 2420319
	start time 2420328 ::: end time 2420382
	start time 2420390 ::: end time 2420508
	start time 2420517 ::: end time 2420704
	start time 2420712 ::: end time 2420887
	start time 2420897 ::: end time 2421081
	start time 2421090 ::: end time 2421268
	start time 2421276 ::: end time 2421506
	start time 2421517 ::: end time 2421964
	LARGE: start time 2421974 ::: end time 20172228
	LARGE: start time 20172243 ::: end time 65190270
	start time 65190279 ::: end time 65190561
tid: 13050 ::: thread start time -259078917208 ::: thread end time -259078917208
	mutex 140622464956456 ::: start 0.00us ::: wait 39797.07us ::: hold 159880218.13us
	mutex 140622464623656 ::: start 1379567.40us ::: wait 13.75us ::: hold 25.99us
	mutex 140622563199328 ::: start 2382943.66us ::: wait 430.80us ::: hold 374.88us
	mutex 140622563199328 ::: start 2382966.29us ::: wait 298.49us ::: hold 154.60us
	mutex 140622563199328 ::: start 2382981.99us ::: wait 236.27us ::: hold 140.79us
	mutex 140622563199328 ::: start 2382996.69us ::: wait 233.60us ::: hold 146.48us
	---------------------------
	start time 1379581 ::: end time 2382943
	start time 2383374 ::: end time 2383749
tid 13031 ::: ans 870.18
tid 13033 ::: ans 1632518.23
tid 13034 ::: ans 5235055.95
tid 13040 ::: ans 437481.65
tid 13041 ::: ans 32.88
tid 13042 ::: ans 172.47
tid 13047 ::: ans 23393.38
tid 13048 ::: ans 11241.34
tid 13050 ::: ans 1003737.40
tid 13091 ::: ans 98225643.65
tid 13092 ::: ans 35839837.09
stack info count: 367 
9
(13031L, 259081302816955L, 'sleep_end', 0L, 0L)
(13031L, 259081304597527L, 'create', 0L, 140622578050944L)
(13092L, 259186859895782L, 'park_end', 0L, 0L)
(13092L, 259081306455301L, 'park_begin', 0L, 0L)
(13091L, 259186859870881L, 'stop', 140621524249376L, 0L)
(13092L, 259081305559154L, 'start', 140622465181856L, 0L)
(13091L, 259186859820274L, 'unpark', 0L, 0L)
(13091L, 259081304724186L, 'start', 140621524249376L, 0L)
(13031L, 259081304275563L, 'create', 0L, 140622578050944L)
Finish : 1598455047152
