node-7;[unknown];[unknown];[unknown];[unknown];[unknown];[unknown];[unknown];[unknown];[unknown];[unknown];[unknown];[unknown];[unknown];[unknown];[unknown];[unknown];[unknown];[unknown];[unknown];[unknown];[unknown];[unknown];[unknown];[unknown];[unknown];[unknown];[unknown];[unknown];[unknown];[unknown];[unknown];[unknown] 1
node-7;[unknown];[unknown];[unknown];[unknown];[unknown];[unknown];[unknown];[unknown];[unknown];[unknown];[unknown];[unknown];[unknown];[unknown];[unknown];[unknown];[unknown];[unknown];[unknown] 1
node-7;[unknown];[unknown];[unknown];[unknown];[unknown];[unknown];[unknown];[unknown];[unknown];[unknown];[unknown];[unknown];[unknown];[unknown];[unknown];[unknown];[unknown];[unknown];[unknown];[unknown];[unknown];[unknown];[unknown];[unknown];[unknown] 1
node-7;[unknown];[unknown];[unknown];[unknown];[unknown];[unknown];[unknown];[unknown] 1
node-7;[unknown];[unknown];[unknown];[unknown];[unknown];[unknown];[unknown];[unknown];[unknown];[unknown];[unknown];[unknown];[unknown];[unknown];[unknown];[unknown];[unknown];[unknown];[unknown];[unknown];[unknown];[unknown];[unknown];[unknown];[unknown];[unknown];[unknown];[unknown];[unknown] 1
node-7;[unknown];[unknown];[unknown];[unknown];[unknown];[unknown];[unknown];[unknown];[unknown];[unknown];[unknown];[unknown];[unknown];[unknown];[unknown];[unknown];[unknown];[unknown];[unknown];[unknown];[unknown];[unknown];[unknown];[unknown];[unknown] 1
node-7;[unknown];[unknown];[unknown];[unknown];[unknown];[unknown];[unknown];[unknown];[unknown];[unknown];[unknown];[unknown];[unknown] 1
node-7;[unknown];[unknown];[unknown];[unknown];[unknown];[unknown];[unknown];[unknown];[unknown];[unknown];[unknown];[unknown];[unknown];[unknown];[unknown];[unknown];[unknown];[unknown];[unknown];[unknown];[unknown];[unknown];[unknown];[unknown];[unknown];[unknown];[unknown] 1
node-7;[unknown];[unknown];[unknown];[unknown];[unknown];[unknown];[unknown];[unknown];[unknown];[unknown];[unknown];[unknown];[unknown];[unknown];[unknown];[unknown];[unknown];[unknown];[unknown];[unknown];[unknown];[unknown];[unknown];[unknown];[unknown];[unknown];[unknown];[unknown];[unknown];[unknown] 1
node-7;[unknown];[unknown];[unknown];[unknown];[unknown];[unknown];[unknown];[unknown];[unknown];[unknown];[unknown];[unknown];[unknown];[unknown];[unknown];[unknown];[unknown];[unknown];[unknown];[unknown];[unknown];[unknown];[unknown] 1
node-7;[unknown];[unknown];[unknown];[unknown];[unknown];[unknown];[unknown];[unknown] 1
node-7;[unknown];[unknown];[unknown];[unknown];[unknown];[unknown];[unknown];[unknown];[unknown];[unknown];[unknown];[unknown];[unknown];[unknown];[unknown];[unknown];[unknown];[unknown];[unknown];[unknown];[unknown];[unknown];[unknown];[unknown];[unknown] 2
node-7;[unknown];[unknown];[unknown];[unknown];[unknown];[unknown];[unknown];[unknown];[unknown];[unknown];[unknown];[unknown];[unknown];[unknown];[unknown];[unknown];[unknown];[unknown];[unknown];[unknown];[unknown];[unknown];[unknown];[unknown];[unknown];[unknown];[unknown];[unknown];[unknown] 2
node-7;[unknown];[unknown];[unknown];[unknown];[unknown];[unknown];[unknown];[unknown];[unknown];[unknown];[unknown];[unknown];[unknown];[unknown];[unknown];[unknown];[unknown];[unknown];[unknown];[unknown];[unknown];[unknown];[unknown];[unknown];[unknown];[unknown];[unknown];[unknown];[unknown];[unknown];[unknown];[unknown];[unknown];[unknown];[unknown];[unknown];[unknown];[unknown];[unknown];[unknown];[unknown];[unknown];[unknown];[unknown];[unknown] 2
node-7;[unknown];[unknown];[unknown];[unknown];[unknown];[unknown];[unknown];[unknown];[unknown];[unknown];[unknown];[unknown];[unknown];[unknown];[unknown];[unknown];[unknown];[unknown];[unknown];[unknown];[unknown];[unknown];[unknown];[unknown];[unknown];[unknown];[unknown];[unknown];[unknown] 2
node-7;[unknown];[unknown];[unknown];[unknown];[unknown];[unknown];[unknown];[unknown];[unknown];[unknown];[unknown];[unknown];[unknown];[unknown];[unknown];[unknown];[unknown];[unknown];[unknown];[unknown];[unknown];[unknown];[unknown];[unknown];[unknown];[unknown];[unknown] 2
node-7;[unknown];[unknown];[unknown];[unknown];[unknown];[unknown];[unknown];[unknown];[unknown];[unknown];[unknown];[unknown];[unknown];[unknown];[unknown];[unknown];[unknown];[unknown];[unknown];[unknown];[unknown];[unknown];[unknown];[unknown];[unknown];[unknown] 26
node-7;[unknown];[unknown];[unknown];[unknown];[unknown];[unknown];[unknown];[unknown];[unknown];[unknown];[unknown];[unknown];[unknown];[unknown];[unknown];[unknown];[unknown];[unknown];[unknown];[unknown];[unknown];[unknown];[unknown];[unknown];[unknown];[unknown];[unknown];[unknown];[unknown];[unknown];[unknown] 27
node-7;[unknown];[unknown];[unknown];[unknown];[unknown];[unknown];[unknown];[unknown];[unknown];[unknown];[unknown];[unknown];[unknown];[unknown];[unknown];[unknown];[unknown];[unknown];[unknown];[unknown];[unknown];[unknown];[unknown];[unknown];[unknown];[unknown];[unknown];[unknown];[unknown];[unknown] 34
node-7;[unknown];[unknown];[unknown];[unknown];[unknown];[unknown];[unknown];[unknown];[unknown];[unknown];[unknown];[unknown];[unknown];[unknown];[unknown];[unknown];[unknown];[unknown];[unknown];[unknown];[unknown];[unknown];[unknown];[unknown];[unknown];[unknown];[unknown];[unknown];[unknown] 37
node-7;[unknown];[unknown];[unknown];[unknown];[unknown];[unknown];[unknown];[unknown];[unknown];[unknown];[unknown];[unknown];[unknown];[unknown];[unknown];[unknown];[unknown];[unknown];[unknown];[unknown];[unknown];[unknown];[unknown];[unknown];[unknown];[unknown];[unknown];[unknown];[unknown];[unknown] 81
node-7;[unknown];[unknown];[unknown];[unknown];[unknown];[unknown];[unknown];[unknown];[unknown];[unknown];[unknown];[unknown];[unknown];[unknown];[unknown];[unknown];[unknown];[unknown];[unknown];[unknown];[unknown];[unknown];[unknown];[unknown] 1331
node-7;[unknown];[unknown];[unknown];[unknown];[unknown];[unknown];[unknown];[unknown];[unknown];[unknown];[unknown];[unknown];[unknown];[unknown];[unknown];[unknown];[unknown];[unknown];[unknown];[unknown];[unknown];[unknown];[unknown];[unknown];[unknown];[unknown];[unknown];[unknown];[unknown] 1366
node-7;[unknown];[unknown];[unknown];[unknown];[unknown];[unknown];[unknown];[unknown];[unknown];[unknown];[unknown];[unknown];[unknown];[unknown];[unknown];[unknown];[unknown];[unknown];[unknown];[unknown];[unknown];[unknown];[unknown];[unknown] 2546
node-7;[unknown];[unknown];[unknown];[unknown];[unknown];[unknown];[unknown];[unknown];[unknown];[unknown];[unknown];[unknown];[unknown];[unknown];[unknown];[unknown];[unknown];[unknown];[unknown];[unknown];[unknown];[unknown];[unknown];[unknown];[unknown];[unknown];[unknown];[unknown];[unknown] 2589
