node-1;[unknown];[unknown];[unknown];[unknown];[unknown];[unknown];[unknown];[unknown] 1
node-1;[unknown];[unknown];[unknown];[unknown];[unknown];[unknown];[unknown];[unknown];[unknown];[unknown];[unknown];[unknown];[unknown];[unknown];[unknown];[unknown];[unknown];[unknown];[unknown];[unknown];[unknown];[unknown];[unknown];[unknown];[unknown];[unknown];[unknown];[unknown];[unknown];[unknown] 1
node-1;[unknown];[unknown];[unknown];[unknown];[unknown];[unknown];[unknown];[unknown] 1
node-1;[unknown];[unknown];[unknown];[unknown];[unknown];[unknown];[unknown];[unknown];[unknown];[unknown];[unknown];[unknown];[unknown];[unknown];[unknown];[unknown];[unknown];[unknown];[unknown];[unknown];[unknown];[unknown];[unknown];[unknown];[unknown];[unknown];[unknown] 1
node-1;[unknown];[unknown];[unknown];[unknown];[unknown];[unknown];[unknown];[unknown];[unknown];[unknown];[unknown];[unknown];[unknown];[unknown];[unknown];[unknown];[unknown];[unknown];[unknown];[unknown];[unknown];[unknown];[unknown];[unknown];[unknown];[unknown];[unknown];[unknown];[unknown] 1
node-1;[unknown];[unknown];[unknown];[unknown];[unknown];[unknown];[unknown];[unknown];[unknown];[unknown];[unknown];[unknown];[unknown] 1
node-1;[unknown];[unknown];[unknown];[unknown];[unknown];[unknown];[unknown];[unknown];[unknown];[unknown];[unknown];[unknown];[unknown];[unknown];[unknown];[unknown];[unknown];[unknown];[unknown];[unknown];[unknown];[unknown];[unknown];[unknown];[unknown];[unknown];[unknown] 1
node-1;[unknown];[unknown];[unknown];[unknown];[unknown];[unknown];[unknown];[unknown];[unknown];[unknown];[unknown];[unknown];[unknown];[unknown];[unknown];[unknown];[unknown];[unknown];[unknown] 1
node-1;[unknown];[unknown];[unknown];[unknown];[unknown];[unknown];[unknown];[unknown];[unknown];[unknown];[unknown];[unknown];[unknown];[unknown];[unknown];[unknown];[unknown];[unknown];[unknown];[unknown];[unknown];[unknown] 2
node-1;[unknown];[unknown];[unknown];[unknown];[unknown];[unknown];[unknown];[unknown];[unknown];[unknown];[unknown];[unknown];[unknown];[unknown];[unknown];[unknown];[unknown];[unknown];[unknown];[unknown];[unknown];[unknown];[unknown];[unknown];[unknown] 2
node-1;[unknown];[unknown];[unknown];[unknown];[unknown];[unknown];[unknown];[unknown];[unknown];[unknown];[unknown];[unknown];[unknown];[unknown];[unknown];[unknown];[unknown];[unknown];[unknown];[unknown];[unknown];[unknown];[unknown];[unknown];[unknown];[unknown];[unknown];[unknown];[unknown];[unknown] 2
node-1;[unknown];[unknown];[unknown];[unknown];[unknown];[unknown];[unknown];[unknown];[unknown];[unknown];[unknown];[unknown];[unknown];[unknown];[unknown];[unknown];[unknown];[unknown];[unknown];[unknown];[unknown];[unknown];[unknown] 2
node-1;[unknown];[unknown];[unknown];[unknown];[unknown];[unknown];[unknown];[unknown];[unknown];[unknown];[unknown];[unknown];[unknown];[unknown];[unknown];[unknown];[unknown];[unknown];[unknown];[unknown];[unknown];[unknown];[unknown];[unknown];[unknown];[unknown];[unknown] 3
node-1;[unknown];[unknown];[unknown];[unknown];[unknown];[unknown];[unknown];[unknown];[unknown];[unknown];[unknown];[unknown];[unknown];[unknown];[unknown];[unknown];[unknown];[unknown];[unknown];[unknown];[unknown];[unknown];[unknown];[unknown];[unknown] 3
node-1;[unknown];[unknown];[unknown];[unknown];[unknown];[unknown];[unknown];[unknown];[unknown];[unknown];[unknown];[unknown];[unknown];[unknown];[unknown];[unknown];[unknown];[unknown];[unknown];[unknown];[unknown];[unknown];[unknown];[unknown];[unknown];[unknown];[unknown];[unknown];[unknown];[unknown];[unknown] 5
node-1;[unknown];[unknown];[unknown];[unknown];[unknown];[unknown];[unknown];[unknown];[unknown];[unknown];[unknown];[unknown];[unknown];[unknown];[unknown];[unknown];[unknown];[unknown];[unknown];[unknown];[unknown];[unknown];[unknown];[unknown];[unknown];[unknown] 5
node-1;[unknown];[unknown];[unknown];[unknown];[unknown];[unknown];[unknown];[unknown];[unknown];[unknown];[unknown];[unknown];[unknown];[unknown];[unknown];[unknown];[unknown];[unknown];[unknown];[unknown];[unknown];[unknown];[unknown];[unknown];[unknown];[unknown] 6
node-1;[unknown];[unknown];[unknown];[unknown];[unknown];[unknown];[unknown];[unknown];[unknown];[unknown];[unknown];[unknown];[unknown];[unknown];[unknown];[unknown];[unknown];[unknown];[unknown];[unknown];[unknown];[unknown];[unknown];[unknown];[unknown];[unknown];[unknown];[unknown];[unknown];[unknown];[unknown] 6
node-1;[unknown];[unknown];[unknown];[unknown];[unknown];[unknown];[unknown];[unknown];[unknown];[unknown];[unknown];[unknown];[unknown];[unknown];[unknown];[unknown];[unknown];[unknown];[unknown];[unknown];[unknown];[unknown];[unknown];[unknown];[unknown];[unknown];[unknown];[unknown];[unknown];[unknown];[unknown];[unknown];[unknown];[unknown];[unknown];[unknown];[unknown];[unknown];[unknown];[unknown];[unknown];[unknown];[unknown];[unknown];[unknown] 8
node-1;[unknown];[unknown];[unknown];[unknown];[unknown];[unknown];[unknown];[unknown];[unknown];[unknown];[unknown];[unknown];[unknown];[unknown];[unknown];[unknown];[unknown];[unknown];[unknown];[unknown];[unknown];[unknown];[unknown];[unknown];[unknown];[unknown];[unknown];[unknown];[unknown];[unknown] 35
node-1;[unknown];[unknown];[unknown];[unknown];[unknown];[unknown];[unknown];[unknown];[unknown];[unknown];[unknown];[unknown];[unknown];[unknown];[unknown];[unknown];[unknown];[unknown];[unknown];[unknown];[unknown];[unknown];[unknown];[unknown];[unknown];[unknown];[unknown];[unknown];[unknown] 36
node-1;[unknown];[unknown];[unknown];[unknown];[unknown];[unknown];[unknown];[unknown];[unknown];[unknown];[unknown];[unknown];[unknown];[unknown];[unknown];[unknown];[unknown];[unknown];[unknown];[unknown];[unknown];[unknown];[unknown];[unknown];[unknown];[unknown];[unknown];[unknown];[unknown];[unknown] 78
node-1;[unknown];[unknown];[unknown];[unknown];[unknown];[unknown];[unknown];[unknown];[unknown];[unknown];[unknown];[unknown];[unknown];[unknown];[unknown];[unknown];[unknown];[unknown];[unknown];[unknown];[unknown];[unknown];[unknown];[unknown];[unknown];[unknown];[unknown];[unknown];[unknown];[unknown] 131
node-1;[unknown];[unknown];[unknown];[unknown];[unknown];[unknown];[unknown];[unknown];[unknown];[unknown];[unknown];[unknown];[unknown];[unknown];[unknown];[unknown];[unknown];[unknown];[unknown];[unknown];[unknown];[unknown];[unknown];[unknown];[unknown];[unknown];[unknown];[unknown];[unknown] 147
node-1;[unknown];[unknown];[unknown];[unknown];[unknown];[unknown];[unknown];[unknown];[unknown];[unknown];[unknown];[unknown];[unknown];[unknown];[unknown];[unknown];[unknown];[unknown];[unknown];[unknown];[unknown];[unknown];[unknown];[unknown] 1120
node-1;[unknown];[unknown];[unknown];[unknown];[unknown];[unknown];[unknown];[unknown];[unknown];[unknown];[unknown];[unknown];[unknown];[unknown];[unknown];[unknown];[unknown];[unknown];[unknown];[unknown];[unknown];[unknown];[unknown];[unknown];[unknown];[unknown];[unknown];[unknown];[unknown] 1157
node-1;[unknown];[unknown];[unknown];[unknown];[unknown];[unknown];[unknown];[unknown];[unknown];[unknown];[unknown];[unknown];[unknown];[unknown];[unknown];[unknown];[unknown];[unknown];[unknown];[unknown];[unknown];[unknown];[unknown];[unknown] 2420
node-1;[unknown];[unknown];[unknown];[unknown];[unknown];[unknown];[unknown];[unknown];[unknown];[unknown];[unknown];[unknown];[unknown];[unknown];[unknown];[unknown];[unknown];[unknown];[unknown];[unknown];[unknown];[unknown];[unknown];[unknown];[unknown];[unknown];[unknown];[unknown];[unknown] 2454
