2020-08-26 12:15:04
Full thread dump OpenJDK 64-Bit Server VM (25.262-b10 mixed mode):

"Attach Listener" #8 daemon prio=9 os_prio=0 tid=0x00007f023c001000 nid=0x2111 waiting on condition [0x0000000000000000]
   java.lang.Thread.State: RUNNABLE

"Service Thread" #7 daemon prio=9 os_prio=0 tid=0x00007f0270120800 nid=0x210c runnable [0x0000000000000000]
   java.lang.Thread.State: RUNNABLE

"C1 CompilerThread1" #6 daemon prio=9 os_prio=0 tid=0x00007f027011d800 nid=0x2109 waiting on condition [0x0000000000000000]
   java.lang.Thread.State: RUNNABLE

"C2 CompilerThread0" #5 daemon prio=9 os_prio=0 tid=0x00007f0270110000 nid=0x2108 waiting on condition [0x0000000000000000]
   java.lang.Thread.State: RUNNABLE

"Signal Dispatcher" #4 daemon prio=9 os_prio=0 tid=0x00007f027010e000 nid=0x2107 runnable [0x0000000000000000]
   java.lang.Thread.State: RUNNABLE

"Finalizer" #3 daemon prio=8 os_prio=0 tid=0x00007f02700e0000 nid=0x2103 in Object.wait() [0x00007f025d8bf000]
   java.lang.Thread.State: WAITING (on object monitor)
	at java.lang.Object.wait(Native Method)
	- waiting on <0x00000000ecd08ee0> (a java.lang.ref.ReferenceQueue$Lock)
	at java.lang.ref.ReferenceQueue.remove(ReferenceQueue.java:144)
	- locked <0x00000000ecd08ee0> (a java.lang.ref.ReferenceQueue$Lock)
	at java.lang.ref.ReferenceQueue.remove(ReferenceQueue.java:165)
	at java.lang.ref.Finalizer$FinalizerThread.run(Finalizer.java:216)

"Reference Handler" #2 daemon prio=10 os_prio=0 tid=0x00007f02700db000 nid=0x2102 in Object.wait() [0x00007f025d9c0000]
   java.lang.Thread.State: WAITING (on object monitor)
	at java.lang.Object.wait(Native Method)
	- waiting on <0x00000000ecd06c00> (a java.lang.ref.Reference$Lock)
	at java.lang.Object.wait(Object.java:502)
	at java.lang.ref.Reference.tryHandlePending(Reference.java:191)
	- locked <0x00000000ecd06c00> (a java.lang.ref.Reference$Lock)
	at java.lang.ref.Reference$ReferenceHandler.run(Reference.java:153)

"main" #1 prio=5 os_prio=0 tid=0x00007f027004b800 nid=0x20f8 waiting on condition [0x00007f02777f5000]
   java.lang.Thread.State: TIMED_WAITING (sleeping)
	at java.lang.Thread.sleep(Native Method)
	at ThreadsWithLock2.main(ThreadsWithLock2.java:12)

"VM Thread" os_prio=0 tid=0x00007f02700d1800 nid=0x2101 runnable 

"GC task thread#0 (ParallelGC)" os_prio=0 tid=0x00007f027005e000 nid=0x20fa runnable 

"GC task thread#1 (ParallelGC)" os_prio=0 tid=0x00007f0270060000 nid=0x20fb runnable 

"VM Periodic Task Thread" os_prio=0 tid=0x00007f0270122800 nid=0x210d waiting on condition 

JNI global references: 5

