2020-07-17 02:18:52
Full thread dump OpenJDK 64-Bit Server VM (25.252-b09 mixed mode):

"Attach Listener" #8 daemon prio=9 os_prio=0 tid=0x00007f1bb0001000 nid=0x618c waiting on condition [0x0000000000000000]
   java.lang.Thread.State: RUNNABLE

"Service Thread" #7 daemon prio=9 os_prio=0 tid=0x00007f1bd813f800 nid=0x6180 runnable [0x0000000000000000]
   java.lang.Thread.State: RUNNABLE

"C1 CompilerThread1" #6 daemon prio=9 os_prio=0 tid=0x00007f1bd813c800 nid=0x617e waiting on condition [0x0000000000000000]
   java.lang.Thread.State: RUNNABLE

"C2 CompilerThread0" #5 daemon prio=9 os_prio=0 tid=0x00007f1bd8130800 nid=0x617a waiting on condition [0x0000000000000000]
   java.lang.Thread.State: RUNNABLE

"Signal Dispatcher" #4 daemon prio=9 os_prio=0 tid=0x00007f1bd812e800 nid=0x6178 runnable [0x0000000000000000]
   java.lang.Thread.State: RUNNABLE

"Finalizer" #3 daemon prio=8 os_prio=0 tid=0x00007f1bd8101000 nid=0x6171 in Object.wait() [0x00007f1bde02f000]
   java.lang.Thread.State: WAITING (on object monitor)
	at java.lang.Object.wait(Native Method)
	- waiting on <0x00000000c6608ee0> (a java.lang.ref.ReferenceQueue$Lock)
	at java.lang.ref.ReferenceQueue.remove(ReferenceQueue.java:144)
	- locked <0x00000000c6608ee0> (a java.lang.ref.ReferenceQueue$Lock)
	at java.lang.ref.ReferenceQueue.remove(ReferenceQueue.java:165)
	at java.lang.ref.Finalizer$FinalizerThread.run(Finalizer.java:216)

"Reference Handler" #2 daemon prio=10 os_prio=0 tid=0x00007f1bd80fc800 nid=0x616f in Object.wait() [0x00007f1bde130000]
   java.lang.Thread.State: WAITING (on object monitor)
	at java.lang.Object.wait(Native Method)
	- waiting on <0x00000000c6606c00> (a java.lang.ref.Reference$Lock)
	at java.lang.Object.wait(Object.java:502)
	at java.lang.ref.Reference.tryHandlePending(Reference.java:191)
	- locked <0x00000000c6606c00> (a java.lang.ref.Reference$Lock)
	at java.lang.ref.Reference$ReferenceHandler.run(Reference.java:153)

"main" #1 prio=5 os_prio=0 tid=0x00007f1bd804b800 nid=0x6167 runnable [0x00007f1be245b000]
   java.lang.Thread.State: RUNNABLE
	at java.io.FileOutputStream.open0(Native Method)
	at java.io.FileOutputStream.open(FileOutputStream.java:270)
	at java.io.FileOutputStream.<init>(FileOutputStream.java:213)
	at java.io.FileOutputStream.<init>(FileOutputStream.java:162)
	at org.dacapo.harness.Benchmark.fileFromInputStream(Benchmark.java:618)
	at org.dacapo.harness.Benchmark.unpackZipStream(Benchmark.java:611)
	at org.dacapo.harness.Benchmark.unpackZipFileResource(Benchmark.java:582)
	at org.dacapo.harness.Benchmark.prepare(Benchmark.java:262)
	at org.dacapo.harness.Benchmark.initialize(Benchmark.java:238)
	at org.dacapo.harness.Benchmark.<init>(Benchmark.java:217)
	at org.dacapo.harness.Benchmark.<init>(Benchmark.java:209)
	at org.dacapo.harness.Avrora.<init>(Avrora.java:26)
	at sun.reflect.NativeConstructorAccessorImpl.newInstance0(Native Method)
	at sun.reflect.NativeConstructorAccessorImpl.newInstance(NativeConstructorAccessorImpl.java:62)
	at sun.reflect.DelegatingConstructorAccessorImpl.newInstance(DelegatingConstructorAccessorImpl.java:45)
	at java.lang.reflect.Constructor.newInstance(Constructor.java:423)
	at org.dacapo.harness.TestHarness.runBenchmark(TestHarness.java:192)
	at org.dacapo.harness.TestHarness.main(TestHarness.java:152)
	at sun.reflect.NativeMethodAccessorImpl.invoke0(Native Method)
	at sun.reflect.NativeMethodAccessorImpl.invoke(NativeMethodAccessorImpl.java:62)
	at sun.reflect.DelegatingMethodAccessorImpl.invoke(DelegatingMethodAccessorImpl.java:43)
	at java.lang.reflect.Method.invoke(Method.java:498)
	at Harness.main(Unknown Source)

"VM Thread" os_prio=0 tid=0x00007f1bd80f2800 nid=0x616e runnable 

"VM Periodic Task Thread" os_prio=0 tid=0x00007f1bd8142800 nid=0x6183 waiting on condition 

JNI global references: 5

