Start : 1598456671901
End : 1598456831971
(13934L, 260971218652242L, 'unpark')
(13874L, 260866568943400L, 'sleep_end')
(13934L, 260866570486562L, 'start')
(13874L, 260866570172278L, 'create')
(13935L, 261017112275123L, 'stop')
(13889L, 261017113444524L, 'stop')
(13874L, 260866571164823L, 'create')
(13935L, 260866571460225L, 'start')
(13935L, 260971218766874L, 'park_end')
(13935L, 260942266744760L, 'park_begin')
(13934L, 260971218707152L, 'stop')
tid: 13889 ::: thread start time -260864203737 ::: thread end time 152909706
	mutex 140664858851680 ::: start 152909742.79us ::: wait 9.19us ::: hold 6.51us
	mutex 140664858851680 ::: start 152909776.49us ::: wait 12.15us ::: hold 10.13us
	---------------------------
	start time 152909751 ::: end time 152909776
	start time 152909788 ::: end time 152909798
tid: 13890 ::: thread start time -260864203737 ::: thread end time -260864203737
	mutex 140664743467048 ::: start 2364553.26us ::: wait 425.72us ::: hold 149903134.55us
	mutex 140664743519784 ::: start 2366301.63us ::: wait 27.13us ::: hold 37.61us
	mutex 140664743519784 ::: start 2375434.68us ::: wait 21.44us ::: hold 28.67us
	mutex 140664858851680 ::: start 2375493.25us ::: wait 77.67us ::: hold 67.13us
	mutex 140664858851680 ::: start 2375517.01us ::: wait 50.95us ::: hold 34.79us
	mutex 140664858851680 ::: start 2375556.36us ::: wait 66.23us ::: hold 36.30us
	mutex 140664858851680 ::: start 2375580.30us ::: wait 50.52us ::: hold 32.30us
	mutex 140664858851680 ::: start 2375600.45us ::: wait 51.25us ::: hold 32.70us
	mutex 140664858851680 ::: start 2375622.57us ::: wait 51.28us ::: hold 31.40us
	mutex 140664858851680 ::: start 2375645.28us ::: wait 51.10us ::: hold 33.69us
	mutex 140664858851680 ::: start 2375706.55us ::: wait 55.18us ::: hold 34.84us
	mutex 140664858851680 ::: start 2375734.77us ::: wait 67.79us ::: hold 34.24us
	mutex 140664858851680 ::: start 2375758.43us ::: wait 51.66us ::: hold 32.15us
	mutex 140664858851680 ::: start 2376018.57us ::: wait 62.20us ::: hold 38.68us
	mutex 140664858851680 ::: start 2376060.26us ::: wait 59.27us ::: hold 35.44us
	mutex 140664858851680 ::: start 2376083.33us ::: wait 51.57us ::: hold 50.35us
	mutex 140664858851680 ::: start 2376152.64us ::: wait 209.11us ::: hold 120.39us
	mutex 140664858851680 ::: start 2376253.63us ::: wait 56.22us ::: hold 35.19us
	mutex 140664858851680 ::: start 2376275.66us ::: wait 50.68us ::: hold 31.26us
	mutex 140664858851680 ::: start 2376298.72us ::: wait 54.13us ::: hold 33.04us
	mutex 140664858851680 ::: start 2376349.47us ::: wait 91.68us ::: hold 53.73us
	mutex 140664858851680 ::: start 2376371.14us ::: wait 52.36us ::: hold 32.51us
	mutex 140664858851680 ::: start 2376457.76us ::: wait 78.24us ::: hold 44.63us
	mutex 140664858851680 ::: start 2376482.01us ::: wait 29.30us ::: hold 18.89us
	mutex 140664858851680 ::: start 2376563.13us ::: wait 69.07us ::: hold 44.76us
	mutex 140664858851680 ::: start 2376619.69us ::: wait 100.33us ::: hold 58.12us
	mutex 140664858851680 ::: start 2376650.84us ::: wait 87.30us ::: hold 49.46us
	mutex 140664858851680 ::: start 2376671.03us ::: wait 50.98us ::: hold 31.29us
	mutex 140664858851680 ::: start 2376690.83us ::: wait 51.04us ::: hold 30.80us
	mutex 140664858851680 ::: start 2376774.87us ::: wait 9.07us ::: hold 5.90us
	mutex 140664858851680 ::: start 2376811.93us ::: wait 58.97us ::: hold 35.79us
	mutex 140664858851680 ::: start 2376861.07us ::: wait 146.70us ::: hold 68.99us
	mutex 140664858851680 ::: start 2376900.28us ::: wait 147.21us ::: hold 73.36us
	mutex 140664858851680 ::: start 2376920.16us ::: wait 138.53us ::: hold 66.74us
	mutex 140664858851680 ::: start 2376963.82us ::: wait 144.50us ::: hold 73.50us
	mutex 140664858851680 ::: start 2377005.00us ::: wait 214.00us ::: hold 120.88us
	mutex 140664858851680 ::: start 2385965.17us ::: wait 12.32us ::: hold 8.22us
	mutex 140664858851680 ::: start 2386194.25us ::: wait 18.29us ::: hold 11.75us
	mutex 140664858851680 ::: start 2386220.98us ::: wait 69.80us ::: hold 44.14us
	mutex 140664858851680 ::: start 2386429.99us ::: wait 280.95us ::: hold 157.14us
	mutex 140664858851680 ::: start 2386489.13us ::: wait 375.33us ::: hold 199.39us
	mutex 140664858851680 ::: start 2386702.90us ::: wait 7.66us ::: hold 5.19us
	mutex 140664858851680 ::: start 2386727.62us ::: wait 34.55us ::: hold 20.90us
	mutex 140664858851680 ::: start 2386755.02us ::: wait 24.00us ::: hold 14.89us
	mutex 140664858851680 ::: start 2386850.30us ::: wait 38.66us ::: hold 23.10us
	mutex 140664858851680 ::: start 2386874.33us ::: wait 7.17us ::: hold 5.00us
	mutex 140664858851680 ::: start 2387138.03us ::: wait 8.72us ::: hold 5.72us
	mutex 140664858851680 ::: start 2387204.56us ::: wait 49.78us ::: hold 28.80us
	mutex 140664858851680 ::: start 2387363.17us ::: wait 9.28us ::: hold 5.54us
	mutex 140664858851680 ::: start 2387419.12us ::: wait 17.39us ::: hold 11.79us
	mutex 140664858851680 ::: start 2387443.33us ::: wait 22.09us ::: hold 13.11us
	mutex 140664858851680 ::: start 2387463.68us ::: wait 7.28us ::: hold 4.94us
	mutex 140664858851680 ::: start 2387559.43us ::: wait 9.64us ::: hold 6.32us
	mutex 140664858851680 ::: start 2388772.58us ::: wait 38.18us ::: hold 25.88us
	mutex 140664858851680 ::: start 2389210.26us ::: wait 42.88us ::: hold 28.44us
	mutex 140664858851680 ::: start 2389378.71us ::: wait 8.78us ::: hold 22.26us
	mutex 140664858851680 ::: start 2420769.14us ::: wait 16.65us ::: hold 11.17us
	mutex 140664858851680 ::: start 2420792.61us ::: wait 15.07us ::: hold 10.26us
	mutex 140664858851680 ::: start 2421165.50us ::: wait 23.13us ::: hold 13.50us
	mutex 140664858851680 ::: start 2421347.74us ::: wait 21.97us ::: hold 14.09us
	mutex 140664858851680 ::: start 2421598.18us ::: wait 24.20us ::: hold 23.78us
	mutex 140664858851680 ::: start 2421859.06us ::: wait 13.23us ::: hold 7.42us
	mutex 140664858851680 ::: start 2421989.94us ::: wait 43.90us ::: hold 26.51us
	mutex 140664858851680 ::: start 2422055.02us ::: wait 8.48us ::: hold 5.80us
	mutex 140664858851680 ::: start 2422094.22us ::: wait 7.53us ::: hold 5.34us
	mutex 140664858851680 ::: start 2422133.65us ::: wait 39.48us ::: hold 22.13us
	mutex 140664858851680 ::: start 2422281.44us ::: wait 43.35us ::: hold 26.99us
	mutex 140664858851680 ::: start 2422305.53us ::: wait 7.28us ::: hold 5.39us
	mutex 140664858851680 ::: start 2422343.93us ::: wait 7.59us ::: hold 5.26us
	mutex 140664858851680 ::: start 2422379.58us ::: wait 31.06us ::: hold 43.90us
	mutex 140664858851680 ::: start 2422506.64us ::: wait 8.83us ::: hold 6.36us
	mutex 140664858851680 ::: start 2422543.94us ::: wait 31.00us ::: hold 20.66us
	mutex 140664858851680 ::: start 2422763.43us ::: wait 17.58us ::: hold 11.19us
	mutex 140664858851680 ::: start 2422871.78us ::: wait 17.13us ::: hold 11.12us
	mutex 140664858851680 ::: start 2422994.57us ::: wait 99.55us ::: hold 50.18us
	mutex 140664858851680 ::: start 2423114.62us ::: wait 23.91us ::: hold 15.54us
	mutex 140664858851680 ::: start 2423258.41us ::: wait 30.03us ::: hold 12.44us
	mutex 140664858851680 ::: start 2423492.07us ::: wait 54.83us ::: hold 32.98us
	mutex 140664858851680 ::: start 2423587.95us ::: wait 7.76us ::: hold 5.51us
	mutex 140664858851680 ::: start 2423673.95us ::: wait 57.26us ::: hold 38.35us
	mutex 140664858851680 ::: start 2424158.86us ::: wait 7.45us ::: hold 5.22us
	mutex 140664858851680 ::: start 2424242.69us ::: wait 7.75us ::: hold 5.89us
	mutex 140664858851680 ::: start 2424426.66us ::: wait 9.86us ::: hold 6.34us
	mutex 140664858851680 ::: start 2424760.95us ::: wait 8.51us ::: hold 6.25us
	mutex 140664858851680 ::: start 2424804.93us ::: wait 7.44us ::: hold 5.40us
	mutex 140664858851680 ::: start 2424995.18us ::: wait 9.01us ::: hold 6.04us
	mutex 140664858851680 ::: start 2425036.32us ::: wait 15.26us ::: hold 10.33us
	mutex 140664858851680 ::: start 2425130.17us ::: wait 25.56us ::: hold 30.36us
	mutex 140664858851680 ::: start 2425167.15us ::: wait 7.43us ::: hold 5.08us
	mutex 140664858851680 ::: start 40251687.27us ::: wait 9.85us ::: hold 7.24us
	mutex 140664858851680 ::: start 40251900.65us ::: wait 11.73us ::: hold 7.82us
	mutex 140664858851680 ::: start 40252043.35us ::: wait 10.10us ::: hold 6.91us
	mutex 140664858851680 ::: start 40252097.97us ::: wait 8.17us ::: hold 7.20us
	mutex 140664858851680 ::: start 40252184.76us ::: wait 8.07us ::: hold 5.30us
	mutex 140664858851680 ::: start 40252454.93us ::: wait 10.31us ::: hold 6.88us
	mutex 140664858851680 ::: start 40252549.33us ::: wait 27.92us ::: hold 18.05us
	mutex 140664858851680 ::: start 40252610.31us ::: wait 24.11us ::: hold 15.81us
	mutex 140664858851680 ::: start 40252680.68us ::: wait 7.96us ::: hold 6.08us
	mutex 140664858851680 ::: start 40253035.23us ::: wait 11.87us ::: hold 8.03us
	mutex 140664858851680 ::: start 40253323.48us ::: wait 11.06us ::: hold 7.50us
	mutex 140664858851680 ::: start 40253353.78us ::: wait 24.20us ::: hold 16.05us
	mutex 140664858851680 ::: start 40253632.87us ::: wait 9.64us ::: hold 6.26us
	mutex 140664858851680 ::: start 40253726.80us ::: wait 7.54us ::: hold 5.39us
	mutex 140664858851680 ::: start 40253782.61us ::: wait 24.52us ::: hold 16.10us
	mutex 140664858851680 ::: start 40253919.37us ::: wait 7.97us ::: hold 5.66us
	mutex 140664858851680 ::: start 40253989.00us ::: wait 39.14us ::: hold 25.53us
	mutex 140664858851680 ::: start 40254030.17us ::: wait 7.21us ::: hold 5.12us
	mutex 140664858851680 ::: start 40254081.00us ::: wait 25.88us ::: hold 16.08us
	mutex 140664858851680 ::: start 40254191.97us ::: wait 15.74us ::: hold 10.40us
	mutex 140664858851680 ::: start 40254285.18us ::: wait 33.70us ::: hold 19.31us
	mutex 140664858851680 ::: start 40254539.95us ::: wait 10.05us ::: hold 6.69us
	mutex 140664858851680 ::: start 40254568.63us ::: wait 40.79us ::: hold 26.12us
	mutex 140664858851680 ::: start 40254790.39us ::: wait 10.99us ::: hold 7.07us
	mutex 140664858851680 ::: start 40254927.52us ::: wait 7.46us ::: hold 5.18us
	mutex 140664858851680 ::: start 40255284.81us ::: wait 16.50us ::: hold 11.36us
	mutex 140664858851680 ::: start 40255757.62us ::: wait 7.34us ::: hold 5.50us
	mutex 140664858851680 ::: start 40255900.89us ::: wait 7.25us ::: hold 5.53us
	mutex 140664858851680 ::: start 40256225.42us ::: wait 7.17us ::: hold 5.04us
	mutex 140664858851680 ::: start 40256617.72us ::: wait 15.22us ::: hold 11.51us
	mutex 140664858851680 ::: start 40256662.18us ::: wait 7.99us ::: hold 5.64us
	mutex 140664858851680 ::: start 40256897.10us ::: wait 8.58us ::: hold 6.37us
	mutex 140664858851680 ::: start 40257097.91us ::: wait 7.88us ::: hold 5.53us
	mutex 140664858851680 ::: start 40257523.89us ::: wait 7.25us ::: hold 5.35us
	mutex 140664858851680 ::: start 40257680.38us ::: wait 9.67us ::: hold 6.30us
	mutex 140664858851680 ::: start 40257900.85us ::: wait 7.17us ::: hold 5.20us
	mutex 140664858851680 ::: start 40258018.87us ::: wait 10.20us ::: hold 6.15us
	mutex 140664858851680 ::: start 40258236.43us ::: wait 8.10us ::: hold 6.29us
	mutex 140664858851680 ::: start 40258352.02us ::: wait 8.85us ::: hold 6.30us
	mutex 140664858851680 ::: start 40258562.94us ::: wait 21.70us ::: hold 14.31us
	mutex 140664858851680 ::: start 40258725.37us ::: wait 7.52us ::: hold 5.55us
	mutex 140664858851680 ::: start 40258789.70us ::: wait 8.03us ::: hold 5.44us
	mutex 140664858851680 ::: start 40259171.20us ::: wait 10.51us ::: hold 6.85us
	mutex 140664858851680 ::: start 40259325.83us ::: wait 7.12us ::: hold 5.11us
	mutex 140664858851680 ::: start 40262489.82us ::: wait 13.26us ::: hold 8.66us
	mutex 140664858851680 ::: start 40262528.14us ::: wait 7.36us ::: hold 5.47us
	mutex 140664858851680 ::: start 40262587.25us ::: wait 8.02us ::: hold 5.43us
	mutex 140664858851680 ::: start 40263575.73us ::: wait 7.45us ::: hold 5.64us
	mutex 140664858851680 ::: start 40263616.77us ::: wait 8.63us ::: hold 5.35us
	mutex 140664858851680 ::: start 40263643.28us ::: wait 7.52us ::: hold 5.52us
	mutex 140664858851680 ::: start 40263838.56us ::: wait 52.56us ::: hold 31.15us
	mutex 140664858851680 ::: start 40264047.87us ::: wait 28.51us ::: hold 18.32us
	mutex 140664858851680 ::: start 40264176.75us ::: wait 26.25us ::: hold 15.22us
	mutex 140664858851680 ::: start 40504164.86us ::: wait 12.71us ::: hold 7.96us
	mutex 140664858851680 ::: start 40504350.77us ::: wait 11.87us ::: hold 7.50us
	mutex 140664858851680 ::: start 40504459.07us ::: wait 10.44us ::: hold 7.29us
	mutex 140664858851680 ::: start 40504503.38us ::: wait 8.29us ::: hold 6.39us
	mutex 140664858851680 ::: start 40504736.51us ::: wait 11.45us ::: hold 7.27us
	mutex 140664858851680 ::: start 40505053.15us ::: wait 20.71us ::: hold 13.04us
	mutex 140664858851680 ::: start 40505328.17us ::: wait 14.55us ::: hold 10.61us
	mutex 140664858851680 ::: start 40505445.77us ::: wait 18.85us ::: hold 11.49us
	mutex 140664858851680 ::: start 40505472.51us ::: wait 14.63us ::: hold 9.73us
	mutex 140664858851680 ::: start 40505730.31us ::: wait 9.56us ::: hold 6.29us
	mutex 140664858851680 ::: start 40505944.50us ::: wait 7.72us ::: hold 5.59us
	mutex 140664858851680 ::: start 40506748.09us ::: wait 14.75us ::: hold 9.97us
	mutex 140664858851680 ::: start 40506853.06us ::: wait 14.51us ::: hold 9.44us
	mutex 140664858851680 ::: start 40507550.85us ::: wait 7.84us ::: hold 6.12us
	mutex 140664858851680 ::: start 40507689.29us ::: wait 8.51us ::: hold 6.61us
	mutex 140664858851680 ::: start 40507831.42us ::: wait 14.80us ::: hold 9.89us
	mutex 140664858851680 ::: start 40507866.90us ::: wait 14.77us ::: hold 9.96us
	mutex 140664858851680 ::: start 40508194.47us ::: wait 14.71us ::: hold 9.47us
	mutex 140664858851680 ::: start 40508364.55us ::: wait 17.81us ::: hold 11.19us
	mutex 140664858851680 ::: start 40508764.71us ::: wait 19.10us ::: hold 11.25us
	mutex 140664858851680 ::: start 40508992.00us ::: wait 7.67us ::: hold 5.95us
	mutex 140664858851680 ::: start 40509342.14us ::: wait 9.93us ::: hold 6.12us
	mutex 140664858851680 ::: start 40511793.49us ::: wait 12.57us ::: hold 7.75us
	mutex 140664858851680 ::: start 40512013.88us ::: wait 13.04us ::: hold 7.33us
	mutex 140664858851680 ::: start 40512067.74us ::: wait 7.98us ::: hold 6.12us
	mutex 140664858851680 ::: start 40512276.49us ::: wait 10.42us ::: hold 7.16us
	mutex 140664858851680 ::: start 40512577.39us ::: wait 11.46us ::: hold 14.69us
	mutex 140664858851680 ::: start 40512845.17us ::: wait 8.40us ::: hold 5.81us
	mutex 140664858851680 ::: start 40513293.83us ::: wait 7.59us ::: hold 6.19us
	mutex 140664858851680 ::: start 40513513.82us ::: wait 9.37us ::: hold 5.75us
	mutex 140664858851680 ::: start 40513716.82us ::: wait 7.33us ::: hold 5.37us
	mutex 140664858851680 ::: start 40513874.34us ::: wait 7.90us ::: hold 5.93us
	mutex 140664858851680 ::: start 40514478.09us ::: wait 9.87us ::: hold 6.29us
	mutex 140664858851680 ::: start 40515406.40us ::: wait 7.92us ::: hold 5.96us
	mutex 140664858851680 ::: start 40517085.56us ::: wait 10.32us ::: hold 6.16us
	---------------------------
	start time 2366328 ::: end time 2375434
	start time 2375456 ::: end time 2375493
	start time 2375696 ::: end time 2375706
	start time 2375810 ::: end time 2376018
	start time 2376134 ::: end time 2376152
	start time 2376441 ::: end time 2376457
	start time 2376536 ::: end time 2376563
	start time 2376741 ::: end time 2376774
	start time 2376783 ::: end time 2376811
	start time 2377218 ::: end time 2385965
	start time 2385977 ::: end time 2386194
	start time 2386212 ::: end time 2386220
	start time 2386290 ::: end time 2386429
	start time 2386888 ::: end time 2387138
	start time 2387146 ::: end time 2387204
	start time 2387254 ::: end time 2387363
	start time 2387372 ::: end time 2387419
	start time 2387436 ::: end time 2387443
	start time 2387470 ::: end time 2387559
	start time 2387569 ::: end time 2388772
	start time 2388810 ::: end time 2389210
	start time 2389253 ::: end time 2389378
	start time 2389387 ::: end time 2420769
	start time 2420785 ::: end time 2420792
	start time 2420807 ::: end time 2421165
	start time 2421188 ::: end time 2421347
	start time 2421369 ::: end time 2421598
	start time 2421622 ::: end time 2421859
	start time 2421872 ::: end time 2421989
	start time 2422033 ::: end time 2422055
	start time 2422063 ::: end time 2422094
	start time 2422101 ::: end time 2422133
	start time 2422173 ::: end time 2422281
	start time 2422324 ::: end time 2422343
	start time 2422351 ::: end time 2422379
	start time 2422410 ::: end time 2422506
	start time 2422515 ::: end time 2422543
	start time 2422574 ::: end time 2422763
	start time 2422781 ::: end time 2422871
	start time 2422888 ::: end time 2422994
	start time 2423094 ::: end time 2423114
	start time 2423138 ::: end time 2423258
	start time 2423288 ::: end time 2423492
	start time 2423546 ::: end time 2423587
	start time 2423595 ::: end time 2423673
	start time 2423731 ::: end time 2424158
	start time 2424166 ::: end time 2424242
	start time 2424250 ::: end time 2424426
	start time 2424436 ::: end time 2424760
	start time 2424769 ::: end time 2424804
	start time 2424812 ::: end time 2424995
	start time 2425004 ::: end time 2425036
	start time 2425051 ::: end time 2425130
	start time 2425155 ::: end time 2425167
	LARGE: start time 2425174 ::: end time 40251687
	start time 40251697 ::: end time 40251900
	start time 40251912 ::: end time 40252043
	start time 40252053 ::: end time 40252097
	start time 40252106 ::: end time 40252184
	start time 40252192 ::: end time 40252454
	start time 40252465 ::: end time 40252549
	start time 40252577 ::: end time 40252610
	start time 40252634 ::: end time 40252680
	start time 40252688 ::: end time 40253035
	start time 40253047 ::: end time 40253323
	start time 40253334 ::: end time 40253353
	start time 40253377 ::: end time 40253632
	start time 40253642 ::: end time 40253726
	start time 40253734 ::: end time 40253782
	start time 40253807 ::: end time 40253919
	start time 40253927 ::: end time 40253989
	start time 40254028 ::: end time 40254030
	start time 40254037 ::: end time 40254080
	start time 40254106 ::: end time 40254191
	start time 40254207 ::: end time 40254285
	start time 40254318 ::: end time 40254539
	start time 40254549 ::: end time 40254568
	start time 40254609 ::: end time 40254790
	start time 40254801 ::: end time 40254927
	start time 40254934 ::: end time 40255284
	start time 40255301 ::: end time 40255757
	start time 40255764 ::: end time 40255900
	start time 40255908 ::: end time 40256225
	start time 40256232 ::: end time 40256617
	start time 40256632 ::: end time 40256662
	start time 40256670 ::: end time 40256897
	start time 40256905 ::: end time 40257097
	start time 40257105 ::: end time 40257523
	start time 40257531 ::: end time 40257680
	start time 40257690 ::: end time 40257900
	start time 40257908 ::: end time 40258018
	start time 40258029 ::: end time 40258236
	start time 40258244 ::: end time 40258352
	start time 40258360 ::: end time 40258562
	start time 40258584 ::: end time 40258725
	start time 40258732 ::: end time 40258789
	start time 40258797 ::: end time 40259171
	start time 40259181 ::: end time 40259325
	start time 40259332 ::: end time 40262489
	start time 40262503 ::: end time 40262528
	start time 40262535 ::: end time 40262587
	start time 40262595 ::: end time 40263575
	start time 40263583 ::: end time 40263616
	start time 40263625 ::: end time 40263643
	start time 40263650 ::: end time 40263838
	start time 40263891 ::: end time 40264047
	start time 40264076 ::: end time 40264176
	start time 40264202 ::: end time 40504164
	start time 40504177 ::: end time 40504350
	start time 40504362 ::: end time 40504459
	start time 40504469 ::: end time 40504503
	start time 40504511 ::: end time 40504736
	start time 40504747 ::: end time 40505053
	start time 40505073 ::: end time 40505328
	start time 40505342 ::: end time 40505445
	start time 40505464 ::: end time 40505472
	start time 40505487 ::: end time 40505730
	start time 40505739 ::: end time 40505944
	start time 40505952 ::: end time 40506748
	start time 40506762 ::: end time 40506853
	start time 40506867 ::: end time 40507550
	start time 40507558 ::: end time 40507689
	start time 40507697 ::: end time 40507831
	start time 40507846 ::: end time 40507866
	start time 40507881 ::: end time 40508194
	start time 40508209 ::: end time 40508364
	start time 40508382 ::: end time 40508764
	start time 40508783 ::: end time 40508991
	start time 40508999 ::: end time 40509342
	start time 40509352 ::: end time 40511793
	start time 40511806 ::: end time 40512013
	start time 40512026 ::: end time 40512067
	start time 40512075 ::: end time 40512276
	start time 40512286 ::: end time 40512577
	start time 40512588 ::: end time 40512845
	start time 40512853 ::: end time 40513293
	start time 40513301 ::: end time 40513513
	start time 40513523 ::: end time 40513716
	start time 40513724 ::: end time 40513874
	start time 40513882 ::: end time 40514478
	start time 40514487 ::: end time 40515406
	start time 40515414 ::: end time 40517085
	start time 40517095 ::: end time 40517102
tid: 13891 ::: thread start time -260864203737 ::: thread end time -260864203737
	mutex 140664743519784 ::: start 2364996.38us ::: wait 365.12us ::: hold 149926040.87us
	mutex 140664858851680 ::: start 2366420.10us ::: wait 116.08us ::: hold 79.03us
	mutex 140664858851680 ::: start 2366469.70us ::: wait 87.54us ::: hold 53.91us
	mutex 140664858851680 ::: start 2366516.12us ::: wait 92.60us ::: hold 57.24us
	mutex 140664858851680 ::: start 2366673.62us ::: wait 17.90us ::: hold 13.79us
	mutex 140664858851680 ::: start 2366847.52us ::: wait 723.14us ::: hold 353.79us
	mutex 140664858851680 ::: start 2366908.34us ::: wait 199.47us ::: hold 103.80us
	mutex 140664858851680 ::: start 2377289.26us ::: wait 11.33us ::: hold 6.58us
	mutex 140664858851680 ::: start 2377716.39us ::: wait 10.46us ::: hold 6.90us
	mutex 140664858851680 ::: start 2378042.45us ::: wait 10.82us ::: hold 7.46us
	mutex 140664858851680 ::: start 2378153.36us ::: wait 10.68us ::: hold 7.01us
	mutex 140664858851680 ::: start 2378611.60us ::: wait 10.16us ::: hold 6.72us
	mutex 140664743467048 ::: start 2389701.70us ::: wait 39.04us ::: hold 54.31us
	mutex 140664858851680 ::: start 2389897.43us ::: wait 39.95us ::: hold 24.46us
	mutex 140664858851680 ::: start 2397780.59us ::: wait 35.24us ::: hold 24.51us
	mutex 140664858851680 ::: start 2397933.76us ::: wait 32.31us ::: hold 21.81us
	mutex 140664858851680 ::: start 2398029.72us ::: wait 40.90us ::: hold 26.58us
	mutex 140664858851680 ::: start 2398334.95us ::: wait 29.77us ::: hold 14.65us
	mutex 140664858851680 ::: start 2398540.19us ::: wait 21.60us ::: hold 14.40us
	mutex 140664858851680 ::: start 2398659.96us ::: wait 20.15us ::: hold 13.54us
	mutex 140664858851680 ::: start 2398767.18us ::: wait 20.48us ::: hold 13.57us
	mutex 140664858851680 ::: start 2398931.81us ::: wait 21.67us ::: hold 13.85us
	mutex 140664858851680 ::: start 2399127.57us ::: wait 9.91us ::: hold 6.81us
	mutex 140664858851680 ::: start 2399360.41us ::: wait 11.56us ::: hold 7.72us
	mutex 140664858851680 ::: start 2399467.66us ::: wait 28.54us ::: hold 18.25us
	mutex 140664858851680 ::: start 2399565.50us ::: wait 19.68us ::: hold 12.05us
	mutex 140664858851680 ::: start 2399649.78us ::: wait 17.89us ::: hold 11.43us
	mutex 140664858851680 ::: start 2399738.59us ::: wait 20.22us ::: hold 12.40us
	mutex 140664858851680 ::: start 2399824.59us ::: wait 19.12us ::: hold 12.00us
	mutex 140664858851680 ::: start 2399986.73us ::: wait 29.15us ::: hold 26.32us
	mutex 140664858851680 ::: start 2400239.44us ::: wait 32.07us ::: hold 22.56us
	mutex 140664858851680 ::: start 2400430.74us ::: wait 34.06us ::: hold 22.72us
	mutex 140664858851680 ::: start 2400557.01us ::: wait 16.54us ::: hold 12.26us
	mutex 140664858851680 ::: start 2400685.18us ::: wait 16.49us ::: hold 11.65us
	mutex 140664858851680 ::: start 2400858.20us ::: wait 28.45us ::: hold 18.89us
	mutex 140664858851680 ::: start 2401058.53us ::: wait 27.75us ::: hold 19.47us
	mutex 140664858851680 ::: start 2401329.30us ::: wait 22.51us ::: hold 13.91us
	mutex 140664858851680 ::: start 2401887.32us ::: wait 37.01us ::: hold 14.15us
	mutex 140664858851680 ::: start 2410218.70us ::: wait 9.96us ::: hold 7.99us
	mutex 140664858851680 ::: start 2410379.46us ::: wait 48.81us ::: hold 8.78us
	mutex 140664858851680 ::: start 2410446.57us ::: wait 7.80us ::: hold 5.54us
	mutex 140664858851680 ::: start 2410468.57us ::: wait 7.22us ::: hold 5.71us
	mutex 140664858851680 ::: start 2410596.84us ::: wait 10.65us ::: hold 7.05us
	mutex 140664858851680 ::: start 2410716.68us ::: wait 10.19us ::: hold 7.43us
	mutex 140664858851680 ::: start 2410743.51us ::: wait 7.36us ::: hold 5.88us
	mutex 140664858851680 ::: start 2410766.82us ::: wait 7.46us ::: hold 5.48us
	mutex 140664858851680 ::: start 2410903.81us ::: wait 10.07us ::: hold 7.48us
	mutex 140664858851680 ::: start 2411239.22us ::: wait 22.02us ::: hold 12.90us
	mutex 140664858851680 ::: start 2411369.30us ::: wait 9.01us ::: hold 6.16us
	mutex 140664858851680 ::: start 2411461.90us ::: wait 9.19us ::: hold 6.95us
	mutex 140664858851680 ::: start 2411595.94us ::: wait 8.74us ::: hold 6.07us
	mutex 140664858851680 ::: start 2412732.14us ::: wait 9.54us ::: hold 7.25us
	mutex 140664858851680 ::: start 2413228.83us ::: wait 11.77us ::: hold 7.68us
	mutex 140664743467048 ::: start 2420445.02us ::: wait 29.11us ::: hold 39.52us
	mutex 140664858851680 ::: start 40234919.93us ::: wait 10.20us ::: hold 6.90us
	mutex 140664858851680 ::: start 40235126.50us ::: wait 11.29us ::: hold 6.67us
	---------------------------
	start time 2366608 ::: end time 2366673
	start time 2366691 ::: end time 2366847
	start time 2367570 ::: end time 2377289
	start time 2377300 ::: end time 2377716
	start time 2377726 ::: end time 2378042
	start time 2378053 ::: end time 2378153
	start time 2378164 ::: end time 2378611
	start time 2378621 ::: end time 2389701
	start time 2389740 ::: end time 2389897
	start time 2389937 ::: end time 2397780
	start time 2397815 ::: end time 2397933
	start time 2397966 ::: end time 2398029
	start time 2398070 ::: end time 2398334
	start time 2398364 ::: end time 2398540
	start time 2398561 ::: end time 2398659
	start time 2398680 ::: end time 2398767
	start time 2398787 ::: end time 2398931
	start time 2398953 ::: end time 2399127
	start time 2399137 ::: end time 2399360
	start time 2399371 ::: end time 2399467
	start time 2399496 ::: end time 2399565
	start time 2399585 ::: end time 2399649
	start time 2399667 ::: end time 2399738
	start time 2399758 ::: end time 2399824
	start time 2399843 ::: end time 2399986
	start time 2400015 ::: end time 2400239
	start time 2400271 ::: end time 2400430
	start time 2400464 ::: end time 2400557
	start time 2400573 ::: end time 2400685
	start time 2400701 ::: end time 2400858
	start time 2400886 ::: end time 2401058
	start time 2401086 ::: end time 2401329
	start time 2401351 ::: end time 2401887
	start time 2401924 ::: end time 2410218
	start time 2410228 ::: end time 2410379
	start time 2410428 ::: end time 2410446
	start time 2410454 ::: end time 2410468
	start time 2410475 ::: end time 2410596
	start time 2410607 ::: end time 2410716
	start time 2410726 ::: end time 2410743
	start time 2410750 ::: end time 2410766
	start time 2410774 ::: end time 2410903
	start time 2410913 ::: end time 2411239
	start time 2411261 ::: end time 2411369
	start time 2411378 ::: end time 2411461
	start time 2411471 ::: end time 2411595
	start time 2411604 ::: end time 2412732
	start time 2412741 ::: end time 2413228
	start time 2413240 ::: end time 2420445
	LARGE: start time 2420474 ::: end time 40234919
	start time 40234930 ::: end time 40235126
	start time 40235137 ::: end time 40235144
tid: 13893 ::: thread start time -260864203737 ::: thread end time -260864203737
	mutex 140664743540776 ::: start 0.00us ::: wait 36488.69us ::: hold 152773833.80us
	mutex 140664743207976 ::: start 1357488.50us ::: wait 14.82us ::: hold 21.93us
	mutex 140664858851680 ::: start 2361053.88us ::: wait 353.46us ::: hold 336.50us
	mutex 140664858851680 ::: start 2361076.81us ::: wait 222.50us ::: hold 164.29us
	mutex 140664858851680 ::: start 2361092.10us ::: wait 219.81us ::: hold 193.64us
	mutex 140664858851680 ::: start 2361108.02us ::: wait 216.34us ::: hold 144.63us
	mutex 140664742659112 ::: start 152909534.82us ::: wait 8.49us ::: hold 13.53us
	---------------------------
	start time 1357503 ::: end time 2361053
	LARGE: start time 2361407 ::: end time 152909534
	start time 152909543 ::: end time 152909556
tid: 13934 ::: thread start time 2366748 ::: thread end time 107014969
	mutex 140664742659624 ::: start 2366544.69us ::: wait 7.57us ::: hold 8.74us
	mutex 140664743727656 ::: start 2366568.41us ::: wait 6.81us ::: hold 118.24us
	mutex 140664858851680 ::: start 2367442.85us ::: wait 12.62us ::: hold 9.26us
	mutex 140664858851680 ::: start 2367558.22us ::: wait 9.29us ::: hold 7.58us
	mutex 140664858851680 ::: start 2367590.42us ::: wait 7.80us ::: hold 16.68us
	mutex 140664858851680 ::: start 2367623.80us ::: wait 7.30us ::: hold 9.87us
	mutex 140664858851680 ::: start 2367650.41us ::: wait 8.46us ::: hold 6.66us
	mutex 140664858851680 ::: start 2367685.93us ::: wait 9.43us ::: hold 7.85us
	mutex 140664743727656 ::: start 2367910.61us ::: wait 16.42us ::: hold 227.08us
	mutex 140664743727656 ::: start 2368229.62us ::: wait 14.61us ::: hold 55.68us
	mutex 140664743207976 ::: start 2368310.00us ::: wait 8.53us ::: hold 5.27us
	mutex 140664743727656 ::: start 2368332.11us ::: wait 7.23us ::: hold 92.86us
	mutex 140664743207976 ::: start 2368544.19us ::: wait 11.50us ::: hold 15.33us
	mutex 140664743727656 ::: start 2368580.52us ::: wait 7.92us ::: hold 258.19us
	mutex 140664743726632 ::: start 2368929.91us ::: wait 10.06us ::: hold 523.90us
	mutex 140664743736104 ::: start 2369665.09us ::: wait 57.02us ::: hold 7.86us
	mutex 140664743467048 ::: start 2379016.44us ::: wait 13.47us ::: hold 16.99us
	mutex 140664743519784 ::: start 2391821.01us ::: wait 13.39us ::: hold 16.35us
	mutex 140664858851680 ::: start 2429706.29us ::: wait 14.60us ::: hold 11.31us
	mutex 140664858851680 ::: start 2429743.01us ::: wait 7.31us ::: hold 5.14us
	mutex 140664858851680 ::: start 2429768.01us ::: wait 7.41us ::: hold 5.03us
	mutex 140664858851680 ::: start 2429824.53us ::: wait 8.20us ::: hold 5.16us
	mutex 140664743727656 ::: start 2503600.64us ::: wait 18.45us ::: hold 121.67us
	mutex 140664743207976 ::: start 2503688.54us ::: wait 16.18us ::: hold 26.34us
	mutex 140664743727656 ::: start 2503718.37us ::: wait 16.74us ::: hold 3134.53us
	mutex 140664743727656 ::: start 2517614.90us ::: wait 65.16us ::: hold 429.29us
	mutex 140664743736104 ::: start 2517699.46us ::: wait 7.65us ::: hold 23.73us
	mutex 140664743727656 ::: start 2517739.00us ::: wait 66.28us ::: hold 3901.09us
	mutex 140664743727656 ::: start 2629599.68us ::: wait 1199.26us ::: hold 2917.44us
	mutex 140664743727656 ::: start 2629640.43us ::: wait 1112.44us ::: hold 48277.25us
	mutex 140664743727656 ::: start 2755221.97us ::: wait 703.84us ::: hold 86048.75us
	mutex 140664743207976 ::: start 2879965.48us ::: wait 2955.08us ::: hold 4144.16us
	mutex 140664743727656 ::: start 2880021.67us ::: wait 1218.14us ::: hold 242932.35us
	mutex 140664743736104 ::: start 3130517.99us ::: wait 464.74us ::: hold 663.48us
	mutex 140664743207976 ::: start 4249679.39us ::: wait 48.13us ::: hold 106.47us
	mutex 140664743207976 ::: start 4498578.15us ::: wait 372.05us ::: hold 476.52us
	mutex 140664743727656 ::: start 4871622.64us ::: wait 9.02us ::: hold 54.22us
	mutex 140664743207976 ::: start 4871698.06us ::: wait 8.35us ::: hold 15.24us
	mutex 140664743727656 ::: start 4871729.82us ::: wait 7.22us ::: hold 605.34us
	mutex 140664743727656 ::: start 14924593.00us ::: wait 24.73us ::: hold 184.91us
	mutex 140664743207976 ::: start 14924677.76us ::: wait 26.82us ::: hold 70.08us
	mutex 140664743727656 ::: start 14924722.69us ::: wait 22.66us ::: hold 1960.72us
	mutex 140664743727656 ::: start 16164584.83us ::: wait 18.83us ::: hold 118.06us
	mutex 140664743207976 ::: start 16164662.25us ::: wait 16.27us ::: hold 35.27us
	mutex 140664743727656 ::: start 16164699.08us ::: wait 15.04us ::: hold 1384.12us
	mutex 140664743727656 ::: start 16288601.80us ::: wait 10.52us ::: hold 60.07us
	mutex 140664743207976 ::: start 16288684.23us ::: wait 8.25us ::: hold 18.33us
	mutex 140664743727656 ::: start 16288719.01us ::: wait 7.42us ::: hold 599.63us
	mutex 140664743726632 ::: start 21250196.48us ::: wait 12.49us ::: hold 828.14us
	mutex 140664743727656 ::: start 23735495.74us ::: wait 16.64us ::: hold 14.01us
	mutex 140664743727656 ::: start 23735541.57us ::: wait 7.48us ::: hold 831.75us
	mutex 140664743735080 ::: start 38993885.42us ::: wait 7.34us ::: hold 15.34us
	mutex 140664858851680 ::: start 40479183.12us ::: wait 19.54us ::: hold 16.36us
	mutex 140664858851680 ::: start 40479246.31us ::: wait 7.84us ::: hold 5.73us
	mutex 140664858851680 ::: start 40479271.81us ::: wait 7.41us ::: hold 5.36us
	mutex 140664858851680 ::: start 40479336.80us ::: wait 8.20us ::: hold 5.43us
	mutex 140664743727656 ::: start 40495939.14us ::: wait 17.44us ::: hold 51.20us
	mutex 140664743207976 ::: start 40496018.53us ::: wait 15.51us ::: hold 21.94us
	mutex 140664743727656 ::: start 40496042.82us ::: wait 8.21us ::: hold 677.11us
	mutex 140664743519784 ::: start 40501615.87us ::: wait 16.07us ::: hold 24.75us
	mutex 140664743519784 ::: start 40511204.28us ::: wait 12.94us ::: hold 22.58us
	mutex 140664743727656 ::: start 40622111.76us ::: wait 1618.02us ::: hold 3791.54us
	mutex 140664743727656 ::: start 40622161.16us ::: wait 1628.03us ::: hold 64411.57us
	mutex 140664743727656 ::: start 40738622.39us ::: wait 777.27us ::: hold 105092.43us
	mutex 140664743207976 ::: start 40971583.82us ::: wait 519.50us ::: hold 665.34us
	mutex 140664743207976 ::: start 41203759.44us ::: wait 6598.31us ::: hold 10799.65us
	mutex 140664743727656 ::: start 41203812.98us ::: wait 2949.89us ::: hold 376115.02us
	mutex 140664743736104 ::: start 41204538.19us ::: wait 409.81us ::: hold 624.87us
	mutex 140664743727656 ::: start 43530600.36us ::: wait 8.46us ::: hold 58.42us
	mutex 140664743207976 ::: start 43530678.48us ::: wait 8.23us ::: hold 13.94us
	mutex 140664743727656 ::: start 43530708.68us ::: wait 7.94us ::: hold 791.76us
	mutex 140664743735080 ::: start 46449584.24us ::: wait 16.95us ::: hold 23.27us
	mutex 140664743727656 ::: start 53128601.17us ::: wait 17.50us ::: hold 117.07us
	mutex 140664743207976 ::: start 53128677.83us ::: wait 16.20us ::: hold 35.04us
	mutex 140664743727656 ::: start 53128709.89us ::: wait 15.86us ::: hold 1595.99us
	mutex 140664743727656 ::: start 62685585.80us ::: wait 56.93us ::: hold 390.03us
	mutex 140664743207976 ::: start 62685665.76us ::: wait 49.09us ::: hold 101.02us
	mutex 140664743727656 ::: start 62685702.14us ::: wait 54.29us ::: hold 4233.67us
	mutex 140664743727656 ::: start 70953584.86us ::: wait 8.64us ::: hold 62.81us
	mutex 140664743207976 ::: start 70953667.26us ::: wait 7.90us ::: hold 23.33us
	mutex 140664743727656 ::: start 70953706.59us ::: wait 8.22us ::: hold 602.06us
	mutex 140664743727656 ::: start 76139592.04us ::: wait 9.76us ::: hold 66.87us
	mutex 140664743727656 ::: start 76139719.35us ::: wait 8.23us ::: hold 800.87us
	mutex 140664858851680 ::: start 107014689.97us ::: wait 15.70us ::: hold 19.32us
	mutex 140664858851680 ::: start 107014748.75us ::: wait 6.12us ::: hold 6.86us
	mutex 140664858851680 ::: start 107014770.30us ::: wait 5.52us ::: hold 6.51us
	mutex 140664858851680 ::: start 107014811.79us ::: wait 6.15us ::: hold 6.23us
	mutex 140664743737224 ::: start 107014918.50us ::: wait 8.06us ::: hold 27.35us
	mutex 140664743207976 ::: start 107015003.00us ::: wait 9.49us ::: hold 17.16us
	mutex 140664743727656 ::: start 107015038.68us ::: wait 7.08us ::: hold 1681.28us
	mutex 140664858851680 ::: start 107016766.86us ::: wait 8.66us ::: hold 9.16us
	mutex 140664858851680 ::: start 107016793.18us ::: wait 7.45us ::: hold 7.51us
	---------------------------
	start time 2366748 ::: end time 2366544
	start time 2366552 ::: end time 2366568
	start time 2366575 ::: end time 2367442
	start time 2367455 ::: end time 2367558
	start time 2367567 ::: end time 2367590
	start time 2367598 ::: end time 2367623
	start time 2367631 ::: end time 2367650
	start time 2367658 ::: end time 2367685
	start time 2367695 ::: end time 2367910
	start time 2367927 ::: end time 2368229
	start time 2368244 ::: end time 2368310
	start time 2368318 ::: end time 2368332
	start time 2368339 ::: end time 2368544
	start time 2368555 ::: end time 2368580
	start time 2368588 ::: end time 2368929
	start time 2368939 ::: end time 2369665
	start time 2369722 ::: end time 2379016
	start time 2379029 ::: end time 2391821
	start time 2391834 ::: end time 2429706
	start time 2429720 ::: end time 2429743
	start time 2429750 ::: end time 2429768
	start time 2429775 ::: end time 2429824
	start time 2429832 ::: end time 2503600
	start time 2503619 ::: end time 2503688
	start time 2503704 ::: end time 2503718
	start time 2503735 ::: end time 2517614
	start time 2517680 ::: end time 2517699
	start time 2517707 ::: end time 2517739
	start time 2517805 ::: end time 2629599
	start time 2630798 ::: end time 2755221
	start time 2755925 ::: end time 2879965
	start time 2882920 ::: end time 3130517
	start time 3130982 ::: end time 4249679
	start time 4249727 ::: end time 4498578
	start time 4498950 ::: end time 4871622
	start time 4871631 ::: end time 4871698
	start time 4871706 ::: end time 4871729
	start time 4871737 ::: end time 14924592
	start time 14924617 ::: end time 14924677
	start time 14924704 ::: end time 14924722
	start time 14924745 ::: end time 16164584
	start time 16164603 ::: end time 16164662
	start time 16164678 ::: end time 16164699
	start time 16164714 ::: end time 16288601
	start time 16288612 ::: end time 16288684
	start time 16288692 ::: end time 16288719
	start time 16288726 ::: end time 21250196
	start time 21250208 ::: end time 23735495
	start time 23735512 ::: end time 23735541
	start time 23735549 ::: end time 38993885
	start time 38993892 ::: end time 40479183
	start time 40479202 ::: end time 40479246
	start time 40479254 ::: end time 40479271
	start time 40479279 ::: end time 40479336
	start time 40479344 ::: end time 40495939
	start time 40495956 ::: end time 40496018
	start time 40496034 ::: end time 40496042
	start time 40496051 ::: end time 40501615
	start time 40501631 ::: end time 40511204
	start time 40511217 ::: end time 40622111
	start time 40623789 ::: end time 40738622
	start time 40739399 ::: end time 40971583
	start time 40972103 ::: end time 41203759
	start time 41210357 ::: end time 43530600
	start time 43530608 ::: end time 43530678
	start time 43530686 ::: end time 43530708
	start time 43530716 ::: end time 46449584
	start time 46449601 ::: end time 53128601
	start time 53128618 ::: end time 53128677
	start time 53128694 ::: end time 53128709
	start time 53128725 ::: end time 62685585
	start time 62685642 ::: end time 62685665
	start time 62685756 ::: end time 70953584
	start time 70953593 ::: end time 70953667
	start time 70953675 ::: end time 70953706
	start time 70953714 ::: end time 76139592
	start time 76139601 ::: end time 76139719
	start time 76139727 ::: end time 107014689
	start time 107014705 ::: end time 107014748
	start time 107014754 ::: end time 107014770
	start time 107014775 ::: end time 107014811
	start time 107014817 ::: end time 107014918
	start time 107014926 ::: end time 107015002
	start time 107015012 ::: end time 107015038
	start time 107015045 ::: end time 107016766
	start time 107016775 ::: end time 107016793
	start time 107016800 ::: end time 107016808
tid: 13935 ::: thread start time 2367722 ::: thread end time 152908537
	mutex 140664742659624 ::: start 2367500.67us ::: wait 9.60us ::: hold 9.04us
	mutex 140664743736104 ::: start 2367527.16us ::: wait 7.80us ::: hold 130.70us
	mutex 140664743207976 ::: start 2367822.10us ::: wait 12.44us ::: hold 15.50us
	mutex 140664743736104 ::: start 2367858.92us ::: wait 7.33us ::: hold 264.94us
	mutex 140664743207976 ::: start 2368151.43us ::: wait 9.03us ::: hold 10.39us
	mutex 140664743736104 ::: start 2368179.68us ::: wait 7.57us ::: hold 288.94us
	mutex 140664743736104 ::: start 2368632.30us ::: wait 15.26us ::: hold 38.03us
	mutex 140664743207976 ::: start 2368695.71us ::: wait 10.20us ::: hold 5.66us
	mutex 140664743736104 ::: start 2368721.11us ::: wait 7.58us ::: hold 92.58us
	mutex 140664858754752 ::: start 2368951.74us ::: wait 9.77us ::: hold 34.81us
	mutex 140664873781512 ::: start 2368969.26us ::: wait 8.81us ::: hold 10.89us
	mutex 140664743726632 ::: start 2369095.56us ::: wait 20.44us ::: hold 11.49us
	mutex 140664743467048 ::: start 2369314.98us ::: wait 10.87us ::: hold 12.15us
	mutex 140664743736104 ::: start 2369661.34us ::: wait 12.16us ::: hold 7.09us
	mutex 140664743519784 ::: start 2402945.62us ::: wait 9.66us ::: hold 16.25us
	mutex 140664743519784 ::: start 2414298.61us ::: wait 9.44us ::: hold 16.10us
	mutex 140664858851680 ::: start 2426807.25us ::: wait 9.82us ::: hold 8.34us
	mutex 140664858851680 ::: start 2426837.92us ::: wait 7.46us ::: hold 5.41us
	mutex 140664858851680 ::: start 2426863.05us ::: wait 7.38us ::: hold 5.27us
	mutex 140664858851680 ::: start 2426925.51us ::: wait 16.96us ::: hold 11.99us
	mutex 140664743207976 ::: start 2502591.19us ::: wait 2901.34us ::: hold 3859.61us
	mutex 140664743736104 ::: start 2502651.37us ::: wait 1186.40us ::: hold 273013.62us
	mutex 140664743248424 ::: start 2505782.29us ::: wait 8.48us ::: hold 10.00us
	mutex 140664743736104 ::: start 2517452.20us ::: wait 1693.96us ::: hold 3956.22us
	mutex 140664743207976 ::: start 2517765.86us ::: wait 545.94us ::: hold 656.44us
	mutex 140664743736104 ::: start 2517797.21us ::: wait 1381.87us ::: hold 61895.04us
	mutex 140664743727656 ::: start 2517905.57us ::: wait 8.44us ::: hold 10.04us
	mutex 140664743727656 ::: start 2756215.88us ::: wait 501.57us ::: hold 762.00us
	mutex 140664743736104 ::: start 3129508.92us ::: wait 1364.94us ::: hold 90707.38us
	mutex 140664743736104 ::: start 4623602.11us ::: wait 17.51us ::: hold 132.26us
	mutex 140664743207976 ::: start 4623684.34us ::: wait 14.85us ::: hold 24.77us
	mutex 140664743736104 ::: start 4623714.09us ::: wait 16.09us ::: hold 1422.46us
	mutex 140664743736104 ::: start 5864589.68us ::: wait 9.38us ::: hold 65.79us
	mutex 140664743207976 ::: start 5864676.00us ::: wait 8.06us ::: hold 17.10us
	mutex 140664743736104 ::: start 5864709.12us ::: wait 8.49us ::: hold 632.91us
	mutex 140664743736104 ::: start 9092596.47us ::: wait 8.99us ::: hold 57.67us
	mutex 140664743207976 ::: start 9092674.52us ::: wait 8.57us ::: hold 17.07us
	mutex 140664743736104 ::: start 9092708.64us ::: wait 7.42us ::: hold 597.72us
	mutex 140664743736104 ::: start 14181228.56us ::: wait 61.73us ::: hold 55.29us
	mutex 140664743207976 ::: start 14181356.14us ::: wait 7.57us ::: hold 12.38us
	mutex 140664743736104 ::: start 14181385.03us ::: wait 23.86us ::: hold 631.57us
	mutex 140664743726632 ::: start 21251003.47us ::: wait 8.73us ::: hold 12.72us
	mutex 140664743736104 ::: start 32535609.10us ::: wait 9.95us ::: hold 70.84us
	mutex 140664743207976 ::: start 32535701.85us ::: wait 8.83us ::: hold 17.20us
	mutex 140664743736104 ::: start 32535736.51us ::: wait 7.51us ::: hold 615.14us
	mutex 140664743207976 ::: start 32659547.26us ::: wait 9.48us ::: hold 14.80us
	mutex 140664743736104 ::: start 32659584.92us ::: wait 8.26us ::: hold 683.80us
	mutex 140664743727656 ::: start 32660286.22us ::: wait 7.57us ::: hold 18.80us
	mutex 140664743207976 ::: start 32660320.64us ::: wait 8.49us ::: hold 9.02us
	mutex 140664743735080 ::: start 38993144.77us ::: wait 11.66us ::: hold 770.61us
	mutex 140664858851680 ::: start 40228865.64us ::: wait 37.95us ::: hold 29.50us
	mutex 140664858851680 ::: start 40228930.81us ::: wait 15.57us ::: hold 10.94us
	mutex 140664858851680 ::: start 40228955.66us ::: wait 14.79us ::: hold 10.35us
	mutex 140664858851680 ::: start 40229022.07us ::: wait 16.13us ::: hold 11.37us
	mutex 140664743519784 ::: start 40229828.13us ::: wait 9.49us ::: hold 14.26us
	mutex 140664743207976 ::: start 40239542.37us ::: wait 10.55us ::: hold 14.74us
	mutex 140664743736104 ::: start 40239576.22us ::: wait 7.33us ::: hold 983.58us
	mutex 140664743727656 ::: start 40240581.54us ::: wait 8.70us ::: hold 10.33us
	mutex 140664743519784 ::: start 40249568.66us ::: wait 15.03us ::: hold 19.79us
	mutex 140664858851680 ::: start 40267300.29us ::: wait 11.05us ::: hold 9.71us
	mutex 140664858851680 ::: start 40267333.78us ::: wait 7.41us ::: hold 5.46us
	mutex 140664858851680 ::: start 40267359.13us ::: wait 7.49us ::: hold 5.42us
	mutex 140664743736104 ::: start 40369610.31us ::: wait 9.42us ::: hold 60.93us
	mutex 140664743207976 ::: start 40369697.88us ::: wait 8.41us ::: hold 56.57us
	mutex 140664743736104 ::: start 40369785.44us ::: wait 9.50us ::: hold 718.30us
	mutex 140664743207976 ::: start 40495840.05us ::: wait 3239.44us ::: hold 4511.09us
	mutex 140664743736104 ::: start 40495874.26us ::: wait 1570.40us ::: hold 314094.02us
	mutex 140664743727656 ::: start 40739414.99us ::: wait 558.62us ::: hold 852.55us
	mutex 140664743736104 ::: start 41203785.79us ::: wait 555.11us ::: hold 94475.78us
	mutex 140664743736104 ::: start 41320065.31us ::: wait 1369.18us ::: hold 3143.76us
	mutex 140664743207976 ::: start 41320143.73us ::: wait 411.80us ::: hold 455.05us
	mutex 140664743736104 ::: start 41320168.39us ::: wait 1320.30us ::: hold 53134.81us
	mutex 140664743735080 ::: start 46448804.75us ::: wait 46.64us ::: hold 1599.86us
	mutex 140664743736104 ::: start 47501645.89us ::: wait 20.33us ::: hold 124.00us
	mutex 140664743207976 ::: start 47501735.52us ::: wait 16.46us ::: hold 30.80us
	mutex 140664743736104 ::: start 47501769.18us ::: wait 15.80us ::: hold 1582.76us
	mutex 140664743736104 ::: start 53010600.19us ::: wait 38.00us ::: hold 260.74us
	mutex 140664743207976 ::: start 53010687.71us ::: wait 77.75us ::: hold 73.84us
	mutex 140664743736104 ::: start 53010718.64us ::: wait 38.14us ::: hold 3364.07us
	mutex 140664743736104 ::: start 53599587.22us ::: wait 18.47us ::: hold 120.30us
	mutex 140664743207976 ::: start 53599674.43us ::: wait 16.19us ::: hold 42.20us
	mutex 140664743736104 ::: start 53599713.55us ::: wait 14.59us ::: hold 1191.13us
	mutex 140664743736104 ::: start 58956654.55us ::: wait 42.31us ::: hold 10.07us
	mutex 140664743207976 ::: start 58956716.04us ::: wait 7.11us ::: hold 12.64us
	mutex 140664743736104 ::: start 58956744.80us ::: wait 8.45us ::: hold 698.13us
	mutex 140664858851680 ::: start 78062116.95us ::: wait 12.79us ::: hold 9.22us
	mutex 140664858851680 ::: start 78062307.42us ::: wait 10.54us ::: hold 7.34us
	mutex 140664858851680 ::: start 78062344.04us ::: wait 7.60us ::: hold 6.17us
	mutex 140664858851680 ::: start 78062366.57us ::: wait 7.36us ::: hold 5.82us
	mutex 140664858851680 ::: start 78062543.30us ::: wait 13.43us ::: hold 8.32us
	mutex 140664858851680 ::: start 78062588.02us ::: wait 8.82us ::: hold 6.22us
	mutex 140664858851680 ::: start 78062710.12us ::: wait 9.69us ::: hold 7.48us
	mutex 140664858851680 ::: start 78062825.21us ::: wait 11.25us ::: hold 7.54us
	mutex 140664743467048 ::: start 78062918.92us ::: wait 9.02us ::: hold 16.31us
	mutex 140664743736104 ::: start 107016485.49us ::: wait 14.96us ::: hold 13.73us
	mutex 140664743736104 ::: start 107016531.18us ::: wait 7.63us ::: hold 129.75us
	mutex 140664743207976 ::: start 107049586.14us ::: wait 6246.84us ::: hold 11220.86us
	mutex 140664743736104 ::: start 107049630.27us ::: wait 3031.39us ::: hold 272158.88us
	mutex 140664743467048 ::: start 122309238.65us ::: wait 25.79us ::: hold 25.02us
	mutex 140664858851680 ::: start 152908376.80us ::: wait 24.30us ::: hold 14.49us
	mutex 140664858851680 ::: start 152908440.28us ::: wait 6.41us ::: hold 4.39us
	mutex 140664858851680 ::: start 152908459.70us ::: wait 5.55us ::: hold 4.12us
	mutex 140664858851680 ::: start 152908496.84us ::: wait 6.11us ::: hold 4.21us
	mutex 140664743207976 ::: start 152908567.94us ::: wait 6.98us ::: hold 21.95us
	mutex 140664743736104 ::: start 152908605.52us ::: wait 7.58us ::: hold 159.93us
	mutex 140664742659112 ::: start 152908814.43us ::: wait 7.62us ::: hold 14.95us
	mutex 140664858851680 ::: start 152908852.48us ::: wait 7.60us ::: hold 6.27us
	mutex 140664858851680 ::: start 152908875.61us ::: wait 6.87us ::: hold 5.36us
	park start time 260942266744 ::: park end time 260971218766
	---------------------------
	start time 2367722 ::: end time 2367500
	start time 2367510 ::: end time 2367527
	start time 2367534 ::: end time 2367822
	start time 2367834 ::: end time 2367858
	start time 2367866 ::: end time 2368151
	start time 2368160 ::: end time 2368179
	start time 2368187 ::: end time 2368632
	start time 2368647 ::: end time 2368695
	start time 2368705 ::: end time 2368721
	start time 2368728 ::: end time 2368951
	start time 2368961 ::: end time 2368969
	start time 2368978 ::: end time 2369095
	start time 2369115 ::: end time 2369314
	start time 2369325 ::: end time 2369661
	start time 2369673 ::: end time 2402945
	start time 2402955 ::: end time 2414298
	start time 2414308 ::: end time 2426807
	start time 2426817 ::: end time 2426837
	start time 2426845 ::: end time 2426863
	start time 2426870 ::: end time 2426925
	start time 2426942 ::: end time 2502591
	start time 2505492 ::: end time 2505782
	start time 2505790 ::: end time 2517452
	start time 2519179 ::: end time 2756215
	start time 2756717 ::: end time 3129508
	start time 3130873 ::: end time 4623602
	start time 4623619 ::: end time 4623684
	start time 4623699 ::: end time 4623714
	start time 4623730 ::: end time 5864589
	start time 5864599 ::: end time 5864676
	start time 5864684 ::: end time 5864709
	start time 5864717 ::: end time 9092596
	start time 9092605 ::: end time 9092674
	start time 9092683 ::: end time 9092708
	start time 9092716 ::: end time 14181228
	start time 14181290 ::: end time 14181356
	start time 14181363 ::: end time 14181385
	start time 14181408 ::: end time 21251003
	start time 21251012 ::: end time 32535609
	start time 32535619 ::: end time 32535701
	start time 32535710 ::: end time 32535736
	start time 32535744 ::: end time 32659547
	start time 32659556 ::: end time 32659584
	start time 32659593 ::: end time 32660286
	start time 32660293 ::: end time 32660320
	start time 32660329 ::: end time 38993144
	start time 38993156 ::: end time 40228865
	start time 40228903 ::: end time 40228930
	start time 40228946 ::: end time 40228955
	start time 40228970 ::: end time 40229022
	start time 40229038 ::: end time 40229828
	start time 40229837 ::: end time 40239542
	start time 40239552 ::: end time 40239576
	start time 40239583 ::: end time 40240581
	start time 40240590 ::: end time 40249568
	start time 40249583 ::: end time 40267300
	start time 40267311 ::: end time 40267333
	start time 40267341 ::: end time 40267359
	start time 40267366 ::: end time 40369610
	start time 40369619 ::: end time 40369697
	start time 40369706 ::: end time 40369785
	start time 40369794 ::: end time 40495840
	start time 40499079 ::: end time 40739414
	start time 40739973 ::: end time 41203785
	start time 41204340 ::: end time 41320065
	start time 41321488 ::: end time 46448804
	start time 46448851 ::: end time 47501645
	start time 47501666 ::: end time 47501735
	start time 47501751 ::: end time 47501769
	start time 47501784 ::: end time 53010600
	start time 53010638 ::: end time 53010687
	start time 53010765 ::: end time 53599587
	start time 53599605 ::: end time 53599674
	start time 53599690 ::: end time 53599713
	start time 53599728 ::: end time 58956654
	start time 58956696 ::: end time 58956716
	start time 58956723 ::: end time 58956744
	start time 58956753 ::: end time 78062116
	start time 78062129 ::: end time 78062307
	start time 78062317 ::: end time 78062344
	start time 78062351 ::: end time 78062366
	start time 78062373 ::: end time 78062543
	start time 78062556 ::: end time 78062588
	start time 78062596 ::: end time 78062710
	start time 78062719 ::: end time 78062825
	start time 78062836 ::: end time 78062918
	start time 78062927 ::: end time 78063006
	start time 107015029 ::: end time 107016485
	start time 107016500 ::: end time 107016531
	start time 107016538 ::: end time 107049586
	start time 107055832 ::: end time 122309238
	start time 122309264 ::: end time 152908376
	start time 152908401 ::: end time 152908440
	start time 152908446 ::: end time 152908459
	start time 152908465 ::: end time 152908496
	start time 152908502 ::: end time 152908567
	start time 152908574 ::: end time 152908605
	start time 152908613 ::: end time 152908814
	start time 152908822 ::: end time 152908852
	start time 152908860 ::: end time 152908875
	start time 152908882 ::: end time 152908887
tid: 13872 ::: thread start time -260864203737 ::: thread end time -260864203737
	mutex 140664873781512 ::: start 152910426.04us ::: wait 10.68us ::: hold 14.91us
	---------------------------
	start time 152910436 ::: end time 152910451
tid: 13874 ::: thread start time -260864203737 ::: thread end time -260864203737
	mutex 140664858851680 ::: start 2365872.49us ::: wait 12.01us ::: hold 9.68us
	mutex 140664858851680 ::: start 2365900.93us ::: wait 5.43us ::: hold 5.36us
	mutex 140664858851680 ::: start 2365962.35us ::: wait 7.56us ::: hold 5.09us
	mutex 140664858851680 ::: start 2366029.69us ::: wait 6.10us ::: hold 4.44us
	mutex 140664858851680 ::: start 2366047.63us ::: wait 5.55us ::: hold 4.20us
	mutex 140664858851680 ::: start 2366070.29us ::: wait 5.58us ::: hold 4.02us
	mutex 140664743467048 ::: start 2366190.36us ::: wait 12.86us ::: hold 27.47us
	mutex 140664858851680 ::: start 2366301.13us ::: wait 19.02us ::: hold 11.39us
	mutex 140664858851680 ::: start 2366326.41us ::: wait 324.66us ::: hold 12.67us
	mutex 140664742659624 ::: start 2366512.15us ::: wait 19.99us ::: hold 121.21us
	mutex 140664743727656 ::: start 2366598.84us ::: wait 14.26us ::: hold 16.37us
	mutex 140664743736104 ::: start 2367557.81us ::: wait 8.86us ::: hold 8.65us
	mutex 140664858851680 ::: start 2367650.79us ::: wait 296.77us ::: hold 6.73us
	mutex 140664858851680 ::: start 2367966.96us ::: wait 26.58us ::: hold 5.36us
	mutex 140664858851680 ::: start 2368017.05us ::: wait 7.60us ::: hold 9.24us
	mutex 140664858851680 ::: start 2368043.56us ::: wait 8.02us ::: hold 4.82us
	mutex 140664742659112 ::: start 2368133.83us ::: wait 9.16us ::: hold 150540720.72us
	mutex 140664858851680 ::: start 152908899.30us ::: wait 9.20us ::: hold 6.31us
	mutex 140664858851680 ::: start 152909098.57us ::: wait 10.05us ::: hold 6.42us
	mutex 140664858851680 ::: start 152909130.17us ::: wait 5.79us ::: hold 4.17us
	mutex 140664858851680 ::: start 152909146.52us ::: wait 5.57us ::: hold 4.79us
	mutex 140664858851680 ::: start 152909164.58us ::: wait 5.49us ::: hold 4.20us
	mutex 140664858851680 ::: start 152909195.21us ::: wait 5.61us ::: hold 3.65us
	mutex 140664858851680 ::: start 152909259.63us ::: wait 13.27us ::: hold 8.57us
	mutex 140664858851680 ::: start 152909280.70us ::: wait 10.98us ::: hold 7.76us
	mutex 140664858851680 ::: start 152909330.48us ::: wait 5.59us ::: hold 4.93us
	mutex 140664858851680 ::: start 152909351.28us ::: wait 5.83us ::: hold 4.11us
	mutex 140664858851680 ::: start 152909372.48us ::: wait 5.63us ::: hold 4.33us
	mutex 140664858851680 ::: start 152909410.95us ::: wait 7.82us ::: hold 6.59us
	mutex 140664743540776 ::: start 152909476.02us ::: wait 7.95us ::: hold 15.60us
	mutex 140664742659112 ::: start 152909507.42us ::: wait 7.36us ::: hold 102.07us
	mutex 140664858754752 ::: start 152909636.17us ::: wait 6.48us ::: hold 28.11us
	mutex 140664873781512 ::: start 152909647.83us ::: wait 5.75us ::: hold 11.47us
	mutex 140664743207976 ::: start 152909705.95us ::: wait 9.12us ::: hold 11.22us
	mutex 140664742659112 ::: start 152909735.57us ::: wait 7.38us ::: hold 129.27us
	mutex 140664858851680 ::: start 152909885.76us ::: wait 8.17us ::: hold 5.74us
	mutex 140664858851680 ::: start 152909908.07us ::: wait 6.91us ::: hold 4.62us
	mutex 140664858851680 ::: start 152909929.09us ::: wait 5.64us ::: hold 3.85us
	mutex 140664858851680 ::: start 152909944.68us ::: wait 5.58us ::: hold 3.52us
	mutex 140664873781512 ::: start 152910040.90us ::: wait 7.49us ::: hold 5.04us
	---------------------------
	start time 2365884 ::: end time 2365900
	start time 2365906 ::: end time 2365962
	start time 2365969 ::: end time 2366029
	start time 2366035 ::: end time 2366047
	start time 2366053 ::: end time 2366070
	start time 2366075 ::: end time 2366190
	start time 2366203 ::: end time 2366301
	start time 2366320 ::: end time 2366326
	start time 2366651 ::: end time 2367557
	start time 2367566 ::: end time 2367650
	start time 2367947 ::: end time 2367966
	start time 2367993 ::: end time 2368017
	start time 2368024 ::: end time 2368043
	LARGE: start time 2368051 ::: end time 152908899
	start time 152908908 ::: end time 152909098
	start time 152909108 ::: end time 152909130
	start time 152909135 ::: end time 152909146
	start time 152909152 ::: end time 152909164
	start time 152909170 ::: end time 152909195
	start time 152909200 ::: end time 152909259
	start time 152909272 ::: end time 152909280
	start time 152909291 ::: end time 152909330
	start time 152909336 ::: end time 152909351
	start time 152909357 ::: end time 152909372
	start time 152909378 ::: end time 152909410
	start time 152909418 ::: end time 152909476
	start time 152909483 ::: end time 152909507
	start time 152909514 ::: end time 152909636
	start time 152909642 ::: end time 152909647
	start time 152909653 ::: end time 152909705
	start time 152909715 ::: end time 152909735
	start time 152909742 ::: end time 152909885
	start time 152909893 ::: end time 152909908
	start time 152909914 ::: end time 152909929
	start time 152909934 ::: end time 152909944
	start time 152909950 ::: end time 152910040
	start time 152910048 ::: end time 152910053
tid: 13875 ::: thread start time -260864203737 ::: thread end time -260864203737
	mutex 140664742744616 ::: start 2503851.45us ::: wait 5511.49us ::: hold 7797.47us
	mutex 140664858851680 ::: start 2504721.36us ::: wait 13.71us ::: hold 9.40us
	mutex 140664858851680 ::: start 2504784.72us ::: wait 16.04us ::: hold 9.89us
	mutex 140664742736936 ::: start 2505337.20us ::: wait 50062.97us ::: hold 150007388.25us
	mutex 140664742736936 ::: start 2631199.61us ::: wait 6260.93us ::: hold 10829.40us
	mutex 140664743207976 ::: start 2631276.83us ::: wait 4830.26us ::: hold 6238.35us
	mutex 140664742744616 ::: start 2631306.41us ::: wait 67369.82us ::: hold 8646.57us
	mutex 140664742744616 ::: start 2756111.15us ::: wait 3877.22us ::: hold 4636.20us
	mutex 140664742744616 ::: start 3004914.86us ::: wait 661.50us ::: hold 168.86us
	mutex 140664742736936 ::: start 5864900.40us ::: wait 458.42us ::: hold 152.28us
	mutex 140664742736936 ::: start 7602360.51us ::: wait 124.57us ::: hold 23.55us
	mutex 140664743207976 ::: start 14553208.23us ::: wait 104.44us ::: hold 159.68us
	mutex 140664858851680 ::: start 78090047.91us ::: wait 10.18us ::: hold 7.44us
	---------------------------
	start time 2509362 ::: end time 2631199
	start time 2698676 ::: end time 2756111
	start time 2759988 ::: end time 3004914
	start time 3005576 ::: end time 5864900
	start time 5865358 ::: end time 7602360
	start time 7602485 ::: end time 14553208
	LARGE: start time 14553312 ::: end time 78090047
	start time 78090058 ::: end time 78090065
tid: 13876 ::: thread start time -260864203737 ::: thread end time -260864203737
	mutex 140664858851680 ::: start 2504833.36us ::: wait 11.21us ::: hold 7.46us
	mutex 140664858851680 ::: start 2504878.71us ::: wait 7.33us ::: hold 4.94us
	mutex 140664743207976 ::: start 2505337.19us ::: wait 5203.41us ::: hold 6787.96us
	mutex 140664742736936 ::: start 2505371.63us ::: wait 65309.62us ::: hold 8349.16us
	mutex 140664742744616 ::: start 2505411.35us ::: wait 44189.62us ::: hold 150008646.15us
	mutex 140664742736936 ::: start 2505647.18us ::: wait 3952.02us ::: hold 4787.95us
	mutex 140664742736936 ::: start 2629805.29us ::: wait 5494.47us ::: hold 8407.73us
	mutex 140664742744616 ::: start 3004914.86us ::: wait 706.21us ::: hold 180.14us
	mutex 140664742744616 ::: start 3379896.19us ::: wait 6733.12us ::: hold 10044.99us
	mutex 140664742744616 ::: start 5740858.82us ::: wait 46.14us ::: hold 16.61us
	mutex 140664742736936 ::: start 5864900.51us ::: wait 822.48us ::: hold 186.26us
	mutex 140664743207976 ::: start 12445746.21us ::: wait 82.38us ::: hold 105.24us
	mutex 140664742736936 ::: start 38371724.33us ::: wait 10.03us ::: hold 6.14us
	---------------------------
	start time 2504844 ::: end time 2504878
	start time 2504886 ::: end time 2505337
	start time 2570681 ::: end time 2629805
	start time 2635299 ::: end time 3004914
	start time 3005621 ::: end time 3379896
	start time 3386629 ::: end time 5740858
	start time 5740904 ::: end time 5864900
	start time 5865722 ::: end time 12445746
	LARGE: start time 12445828 ::: end time 38371724
	start time 38371734 ::: end time 38371740
tid: 13883 ::: thread start time -260864203737 ::: thread end time -260864203737
	mutex 140664743207976 ::: start 662604.30us ::: wait 10149.69us ::: hold 151308049.04us
	mutex 140664858851680 ::: start 2367957.97us ::: wait 28.37us ::: hold 16.63us
	mutex 140664858851680 ::: start 2367998.89us ::: wait 25.02us ::: hold 12.98us
	mutex 140664743727656 ::: start 2368041.45us ::: wait 1683.22us ::: hold 2426.46us
	mutex 140664743736104 ::: start 2368072.16us ::: wait 6091.28us ::: hold 8642.43us
	mutex 140664743727656 ::: start 2368262.85us ::: wait 2561.53us ::: hold 2351.60us
	mutex 140664743207976 ::: start 2368296.78us ::: wait 1953.26us ::: hold 10592.78us
	mutex 140664743736104 ::: start 2368659.19us ::: wait 2862.62us ::: hold 2475.73us
	mutex 140664743736104 ::: start 2368772.29us ::: wait 1671.17us ::: hold 2387.17us
	mutex 140664743727656 ::: start 2368801.83us ::: wait 4675.44us ::: hold 6394.22us
	mutex 140664742736936 ::: start 2503793.35us ::: wait 5839.21us ::: hold 11452.25us
	mutex 140664858851680 ::: start 2503827.77us ::: wait 7.29us ::: hold 6.17us
	mutex 140664743207976 ::: start 2503853.24us ::: wait 10539.12us ::: hold 289356.49us
	mutex 140664742744616 ::: start 2505586.54us ::: wait 4679.22us ::: hold 6156.17us
	mutex 140664858851680 ::: start 2505621.08us ::: wait 9685.31us ::: hold 7001.67us
	mutex 140664743268648 ::: start 2517883.70us ::: wait 8.45us ::: hold 9.65us
	mutex 140664742744616 ::: start 2629737.53us ::: wait 6114.87us ::: hold 11580.50us
	mutex 140664858851680 ::: start 2629776.53us ::: wait 7157.87us ::: hold 6055.09us
	mutex 140664742736936 ::: start 2756058.26us ::: wait 4315.34us ::: hold 5674.44us
	mutex 140664742736936 ::: start 4498744.65us ::: wait 287.88us ::: hold 311.97us
	mutex 140664742744616 ::: start 5616009.32us ::: wait 256.94us ::: hold 306.83us
	mutex 140664743207976 ::: start 12445683.75us ::: wait 186.79us ::: hold 1633.67us
	mutex 140664743207976 ::: start 32660261.14us ::: wait 7.87us ::: hold 161.53us
	mutex 140664858851680 ::: start 107049804.95us ::: wait 3333.10us ::: hold 2649.99us
	mutex 140664742659112 ::: start 152909808.05us ::: wait 8.49us ::: hold 9.38us
	---------------------------
	start time 2367986 ::: end time 2367998
	start time 2368023 ::: end time 2368041
	start time 2374163 ::: end time 2503793
	start time 2515306 ::: end time 2517883
	start time 2517892 ::: end time 2629737
	start time 2636934 ::: end time 2756058
	start time 2760373 ::: end time 4498744
	start time 4499032 ::: end time 5616009
	start time 5616266 ::: end time 12445683
	LARGE: start time 12445870 ::: end time 32660261
	LARGE: start time 32660269 ::: end time 107049804
	LARGE: start time 107053138 ::: end time 152909808
	start time 152909816 ::: end time 152909825
tid: 13884 ::: thread start time -260864203737 ::: thread end time -260864203737
	mutex 140664743267880 ::: start 2516528.83us ::: wait 12.77us ::: hold 20.87us
	mutex 140664743248424 ::: start 2516583.21us ::: wait 7.53us ::: hold 0.00us
	---------------------------
	start time 2516541 ::: end time 2516583
	start time 2516590 ::: end time 2516590
tid: 13885 ::: thread start time -260864203737 ::: thread end time -260864203737
	mutex 140664743207976 ::: start 2516724.12us ::: wait 8.72us ::: hold 14.14us
	mutex 140664743268648 ::: start 2516756.67us ::: wait 8.49us ::: hold 1164.35us
	mutex 140664743267880 ::: start 2517989.70us ::: wait 9.06us ::: hold 0.00us
	---------------------------
	start time 2516732 ::: end time 2516756
	start time 2516765 ::: end time 2517989
	start time 2517998 ::: end time 2517998
tid 13872 ::: ans 14.91
tid 13874 ::: ans 1652.13
tid 13875 ::: ans 2679998.04
tid 13876 ::: ans 1976797.59
tid 13883 ::: ans 2027528.86
tid 13884 ::: ans 8.32
tid 13885 ::: ans 288.84
tid 13889 ::: ans 17.32
tid 13890 ::: ans 100758.23
tid 13891 ::: ans 10975.84
tid 13893 ::: ans 1003557.33
tid 13934 ::: ans 63400830.98
tid 13935 ::: ans 80338103.63
stack info count: 526 
11
(13934L, 260971218652242L, 'unpark', 0L, 0L)
(13874L, 260866568943400L, 'sleep_end', 0L, 0L)
(13934L, 260866570486562L, 'start', 140663802833696L, 0L)
(13874L, 260866570172278L, 'create', 0L, 140664873703296L)
(13935L, 261017112275123L, 'stop', 140664743733152L, 0L)
(13889L, 261017113444524L, 'stop', 140664743454928L, 0L)
(13874L, 260866571164823L, 'create', 0L, 140664873703296L)
(13935L, 260866571460225L, 'start', 140664743733152L, 0L)
(13935L, 260971218766874L, 'park_end', 0L, 0L)
(13935L, 260942266744760L, 'park_begin', 0L, 0L)
(13934L, 260971218707152L, 'stop', 140663802833696L, 0L)
Finish : 1598456832207
